<?xml version="1.0" encoding="UTF-8"?>
<testsuites name="KAG Admin - Inventories" time="382.403" tests="12" failures="2" errors="0">
   <testsuite name="KAG Admin - Inventories" tests="12" failures="2" errors="0" time="382.403" skipped="0" timestamp="21-10-2025T21:42:37" hostname="DC1ADOBLD01$ - DC1ADOBLD01.thekag.com" id="Test Suites/FIM/Regression/UI/Kenan/Admin Access/KAG Admin - Inventories">
      <properties>
         <property name="deviceName" value=""/>
         <property name="devicePlatform"/>
         <property name="logFolder" value="D:\\ADOagent\\vsts-agent-win-x64-2.217.2\\_work\\892\\s\\Reports\\20251021_195215\\FIM\\Regression\\UI\\Kenan\\Admin Access\\KAG Admin - Inventories\\20251021_195329"/>
         <property name="logFiles" value="D:\\ADOagent\\vsts-agent-win-x64-2.217.2\\_work\\892\\s\\Reports\\20251021_195215\\FIM\\Regression\\UI\\Kenan\\Admin Access\\KAG Admin - Inventories\\20251021_195329\\execution0.log"/>
         <property name="attachments" value=""/>
         <property name="hostName" value="DC1ADOBLD01$ - DC1ADOBLD01.thekag.com"/>
         <property name="os" value="Windows Server 2019 64bit"/>
         <property name="katalonVersion" value="9.7.5.223"/>
         <property name="browser" value="Chrome 141.0.0.0"/>
         <property name="hostAddress" value="10.2.20.71"/>
         <property name="sessionId" value="3026aef67eb30b6c7cde89ce6e701719"/>
         <property name="seleniumVersion" value="3.141.59"/>
         <property name="proxyInformation" value="ProxyInformation { proxyOption=NO_PROXY, proxyServerType=HTTP, username=, password=********, proxyServerAddress=, proxyServerPort=0, executionList=&quot;&quot;, isApplyToDesiredCapabilities=true }"/>
         <property name="platform" value="Windows Server 2019"/>
      </properties>
      <testcase name="Test Cases/FIM/UI/Kenan/Admin/Sites Page/Inventories/Add Inventory" time="39.789" classname="Test Cases/FIM/UI/Kenan/Admin/Sites Page/Inventories/Add Inventory" status="PASSED">
         <system-out><![CDATA[21-10-2025T21:42:38 - [TEST_CASE][PASSED] - Test Cases/FIM/UI/Kenan/Admin/Sites Page/Inventories/Add Inventory: Test Cases/FIM/UI/Kenan/Admin/Sites Page/Inventories/Add Inventory

21-10-2025T21:42:38 - [TEST_STEP][PASSED] - Start listener action : beforeTestCase: null

21-10-2025T21:42:38 - [TEST_STEP][PASSED] - addDefaultPackages(): null

21-10-2025T21:42:38 - [TEST_STEP][PASSED] - openBrowser(""): Browser is opened with url: ''

21-10-2025T21:42:38 - [MESSAGE][INFO] - Starting 'Chrome' driver

21-10-2025T21:42:38 - [MESSAGE][INFO] - User set preference: ['args', '[--no-sandbox, --disable-gpu, --disable-dev-shm-usage]']

21-10-2025T21:42:38 - [MESSAGE][INFO] - Action delay is set to 0 milliseconds

21-10-2025T21:42:40 - [MESSAGE][PASSED] - Browser is opened with url: ''

21-10-2025T21:42:40 - [TEST_STEP][PASSED] - navigateToUrl(TURK104SitesURL): Navigate to 'https://kag-inventory-management-portal.qa.thekag.com/site/TURK104?cg=-1&r=-1&i=i' successfully

21-10-2025T21:42:48 - [MESSAGE][PASSED] - Navigate to 'https://kag-inventory-management-portal.qa.thekag.com/site/TURK104?cg=-1&r=-1&i=i' successfully

21-10-2025T21:42:48 - [TEST_STEP][PASSED] - maximizeWindow(): Current window maximized

21-10-2025T21:42:49 - [MESSAGE][PASSED] - Current window maximized

21-10-2025T21:42:49 - [TEST_STEP][PASSED] - setText(findTestObject("FIM/Username_txt"), "Chris.Sheldon+DES_QA@Thekag.com"): Text 'Chris.Sheldon+DES_QA@Thekag.com' is set on object 'Object Repository/FIM/Username_txt'

21-10-2025T21:42:49 - [MESSAGE][PASSED] - Text 'Chris.Sheldon+DES_QA@Thekag.com' is set on object 'Object Repository/FIM/Username_txt'

21-10-2025T21:42:49 - [TEST_STEP][PASSED] - setText(findTestObject("FIM/Password_txt"), "QATest!2"): Text 'QATest!2' is set on object 'Object Repository/FIM/Password_txt'

21-10-2025T21:42:49 - [MESSAGE][PASSED] - Text 'QATest!2' is set on object 'Object Repository/FIM/Password_txt'

21-10-2025T21:42:49 - [TEST_STEP][PASSED] - click(findTestObject("FIM/Login_btn")): Object: 'Object Repository/FIM/Login_btn' is clicked on

21-10-2025T21:42:49 - [MESSAGE][PASSED] - Object: 'Object Repository/FIM/Login_btn' is clicked on

21-10-2025T21:42:49 - [TEST_STEP][PASSED] - if (verifyElementVisible(findTestObject("FIM/Server_Notification_Close_btn"), OPTIONAL) == true): Web element with id: 'Object Repository/FIM/Server_Notification_Close_btn' located by '/html/body/div/div[1]/button' not found (Root cause: com.kms.katalon.core.exception.StepFailedException: Web element with id: 'Object Repository/FIM/Server_Notification_Close_btn' located by '/html/body/div/div[1]/button' not found
	at com.kms.katalon.core.webui.keyword.internal.WebUIKeywordMain.stepFailed(WebUIKeywordMain.groovy:117)
	at com.kms.katalon.core.webui.keyword.builtin.VerifyElementVisibleKeyword$_verifyElementVisible_closure1.doCall(VerifyElementVisibleKeyword.groovy:89)
	at com.kms.katalon.core.webui.keyword.builtin.VerifyElementVisibleKeyword$_verifyElementVisible_closure1.call(VerifyElementVisibleKeyword.groovy)
	at com.kms.katalon.core.webui.keyword.internal.WebUIKeywordMain.runKeyword(WebUIKeywordMain.groovy:35)
	at com.kms.katalon.core.webui.keyword.builtin.VerifyElementVisibleKeyword.verifyElementVisible(VerifyElementVisibleKeyword.groovy:97)
	at com.kms.katalon.core.webui.keyword.builtin.VerifyElementVisibleKeyword.execute(VerifyElementVisibleKeyword.groovy:67)
	at com.kms.katalon.core.keyword.internal.KeywordExecutor.executeKeywordForPlatform(KeywordExecutor.groovy:74)
	at com.kms.katalon.core.webui.keyword.WebUiBuiltInKeywords.verifyElementVisible(WebUiBuiltInKeywords.groovy:401)
	at com.kms.katalon.core.webui.keyword.WebUiBuiltInKeywords$verifyElementVisible$4.call(Unknown Source)
	at Add Inventory.run(Add Inventory:32)
	at com.kms.katalon.core.main.ScriptEngine.run(ScriptEngine.java:194)
	at com.kms.katalon.core.main.ScriptEngine.runScriptAsRawText(ScriptEngine.java:119)
	at com.kms.katalon.core.main.TestCaseExecutor.runScript(TestCaseExecutor.java:448)
	at com.kms.katalon.core.main.TestCaseExecutor.doExecute(TestCaseExecutor.java:439)
	at com.kms.katalon.core.main.TestCaseExecutor.processExecutionPhase(TestCaseExecutor.java:418)
	at com.kms.katalon.core.main.TestCaseExecutor.accessMainPhase(TestCaseExecutor.java:410)
	at com.kms.katalon.core.main.TestCaseExecutor.execute(TestCaseExecutor.java:285)
	at com.kms.katalon.core.common.CommonExecutor.accessTestCaseMainPhase(CommonExecutor.java:65)
	at com.kms.katalon.core.main.TestSuiteExecutor.accessTestSuiteMainPhase(TestSuiteExecutor.java:150)
	at com.kms.katalon.core.main.TestSuiteExecutor.execute(TestSuiteExecutor.java:106)
	at com.kms.katalon.core.main.TestCaseMain.startTestSuite(TestCaseMain.java:180)
	at com.kms.katalon.core.main.TestCaseMain$startTestSuite$0.call(Unknown Source)
	at TempTestSuite1761090809753.run(TempTestSuite1761090809753.groovy:35)
	at java.base/jdk.internal.reflect.NativeMethodAccessorImpl.invoke0(Native Method)
	at java.base/jdk.internal.reflect.NativeMethodAccessorImpl.invoke(NativeMethodAccessorImpl.java:77)
	at java.base/jdk.internal.reflect.DelegatingMethodAccessorImpl.invoke(DelegatingMethodAccessorImpl.java:43)
)

21-10-2025T21:43:05 - [MESSAGE][INFO] - Unable to find the element located by 'By.xpath: /html/body/div/div[1]/button'. Please recheck the objects properties to make sure the desired element is located. 

21-10-2025T21:43:05 - [MESSAGE][WARNING] - [SELF-HEALING] Failed to find element with id 'Object Repository/FIM/Server_Notification_Close_btn'. Try using Self-healing.

21-10-2025T21:43:06 - [MESSAGE][INFO] - [SELF-HEALING] No working XPath is found.

21-10-2025T21:43:08 - [MESSAGE][INFO] - Unable to find the element located by 'By.xpath: '. Please recheck the objects properties to make sure the desired element is located. 

21-10-2025T21:43:08 - [MESSAGE][WARNING] - [SELF-HEALING] Cannot find elements when the selector is null

21-10-2025T21:43:08 - [MESSAGE][WARNING] - Web element with id: 'Object Repository/FIM/Server_Notification_Close_btn' located by '/html/body/div/div[1]/button' not found (Root cause: com.kms.katalon.core.exception.StepFailedException: Web element with id: 'Object Repository/FIM/Server_Notification_Close_btn' located by '/html/body/div/div[1]/button' not found
	at com.kms.katalon.core.webui.keyword.internal.WebUIKeywordMain.stepFailed(WebUIKeywordMain.groovy:117)
	at com.kms.katalon.core.webui.keyword.builtin.VerifyElementVisibleKeyword$_verifyElementVisible_closure1.doCall(VerifyElementVisibleKeyword.groovy:89)
	at com.kms.katalon.core.webui.keyword.builtin.VerifyElementVisibleKeyword$_verifyElementVisible_closure1.call(VerifyElementVisibleKeyword.groovy)
	at com.kms.katalon.core.webui.keyword.internal.WebUIKeywordMain.runKeyword(WebUIKeywordMain.groovy:35)
	at com.kms.katalon.core.webui.keyword.builtin.VerifyElementVisibleKeyword.verifyElementVisible(VerifyElementVisibleKeyword.groovy:97)
	at com.kms.katalon.core.webui.keyword.builtin.VerifyElementVisibleKeyword.execute(VerifyElementVisibleKeyword.groovy:67)
	at com.kms.katalon.core.keyword.internal.KeywordExecutor.executeKeywordForPlatform(KeywordExecutor.groovy:74)
	at com.kms.katalon.core.webui.keyword.WebUiBuiltInKeywords.verifyElementVisible(WebUiBuiltInKeywords.groovy:401)
	at com.kms.katalon.core.webui.keyword.WebUiBuiltInKeywords$verifyElementVisible$4.call(Unknown Source)
	at Add Inventory.run(Add Inventory:32)
	at com.kms.katalon.core.main.ScriptEngine.run(ScriptEngine.java:194)
	at com.kms.katalon.core.main.ScriptEngine.runScriptAsRawText(ScriptEngine.java:119)
	at com.kms.katalon.core.main.TestCaseExecutor.runScript(TestCaseExecutor.java:448)
	at com.kms.katalon.core.main.TestCaseExecutor.doExecute(TestCaseExecutor.java:439)
	at com.kms.katalon.core.main.TestCaseExecutor.processExecutionPhase(TestCaseExecutor.java:418)
	at com.kms.katalon.core.main.TestCaseExecutor.accessMainPhase(TestCaseExecutor.java:410)
	at com.kms.katalon.core.main.TestCaseExecutor.execute(TestCaseExecutor.java:285)
	at com.kms.katalon.core.common.CommonExecutor.accessTestCaseMainPhase(CommonExecutor.java:65)
	at com.kms.katalon.core.main.TestSuiteExecutor.accessTestSuiteMainPhase(TestSuiteExecutor.java:150)
	at com.kms.katalon.core.main.TestSuiteExecutor.execute(TestSuiteExecutor.java:106)
	at com.kms.katalon.core.main.TestCaseMain.startTestSuite(TestCaseMain.java:180)
	at com.kms.katalon.core.main.TestCaseMain$startTestSuite$0.call(Unknown Source)
	at TempTestSuite1761090809753.run(TempTestSuite1761090809753.groovy:35)
	at java.base/jdk.internal.reflect.NativeMethodAccessorImpl.invoke0(Native Method)
	at java.base/jdk.internal.reflect.NativeMethodAccessorImpl.invoke(NativeMethodAccessorImpl.java:77)
	at java.base/jdk.internal.reflect.DelegatingMethodAccessorImpl.invoke(DelegatingMethodAccessorImpl.java:43)
)

21-10-2025T21:43:08 - [TEST_STEP][PASSED] - delay(1): Delayed 1 second(s)

21-10-2025T21:43:09 - [MESSAGE][PASSED] - Delayed 1 second(s)

21-10-2025T21:43:09 - [TEST_STEP][PASSED] - waitForElementClickable(findTestObject("FIM/Sites Page/Inventories/Create/Add Inventories_btn"), 300): Object 'Object Repository/FIM/Sites Page/Inventories/Create/Add Inventories_btn' is clickable

21-10-2025T21:43:09 - [MESSAGE][PASSED] - Object 'Object Repository/FIM/Sites Page/Inventories/Create/Add Inventories_btn' is clickable

21-10-2025T21:43:09 - [TEST_STEP][PASSED] - click(findTestObject("FIM/Sites Page/Inventories/Create/Add Inventories_btn")): Object: 'Object Repository/FIM/Sites Page/Inventories/Create/Add Inventories_btn' is clicked on

21-10-2025T21:43:10 - [MESSAGE][PASSED] - Object: 'Object Repository/FIM/Sites Page/Inventories/Create/Add Inventories_btn' is clicked on

21-10-2025T21:43:10 - [TEST_STEP][PASSED] - delay(2): Delayed 2 second(s)

21-10-2025T21:43:12 - [MESSAGE][PASSED] - Delayed 2 second(s)

21-10-2025T21:43:12 - [TEST_STEP][PASSED] - sendKeys(findTestObject("FIM/Sites Page/Inventories/Create/Tank_1_txt"), "8000"): Keys '8000' sent to object: 'Object Repository/FIM/Sites Page/Inventories/Create/Tank_1_txt'

21-10-2025T21:43:12 - [MESSAGE][PASSED] - Keys '8000' sent to object: 'Object Repository/FIM/Sites Page/Inventories/Create/Tank_1_txt'

21-10-2025T21:43:12 - [TEST_STEP][PASSED] - delay(2): Delayed 2 second(s)

21-10-2025T21:43:14 - [MESSAGE][PASSED] - Delayed 2 second(s)

21-10-2025T21:43:14 - [TEST_STEP][PASSED] - sendKeys(findTestObject("FIM/Sites Page/Inventories/Create/Tank_2_txt"), "0"): Keys '0' sent to object: 'Object Repository/FIM/Sites Page/Inventories/Create/Tank_2_txt'

21-10-2025T21:43:14 - [MESSAGE][PASSED] - Keys '0' sent to object: 'Object Repository/FIM/Sites Page/Inventories/Create/Tank_2_txt'

21-10-2025T21:43:14 - [TEST_STEP][PASSED] - delay(2): Delayed 2 second(s)

21-10-2025T21:43:16 - [MESSAGE][PASSED] - Delayed 2 second(s)

21-10-2025T21:43:16 - [TEST_STEP][PASSED] - click(findTestObject("FIM/Sites Page/Inventories/Create/Save Inventories_btn")): Object: 'Object Repository/FIM/Sites Page/Inventories/Create/Save Inventories_btn' is clicked on

21-10-2025T21:43:17 - [MESSAGE][PASSED] - Object: 'Object Repository/FIM/Sites Page/Inventories/Create/Save Inventories_btn' is clicked on

21-10-2025T21:43:17 - [TEST_STEP][PASSED] - verifyElementPresent(findTestObject("FIM/Sites Page/Inventories/Create/Inventory Created Success Message"), 10): Object 'Object Repository/FIM/Sites Page/Inventories/Create/Inventory Created Success Message' is present

21-10-2025T21:43:17 - [MESSAGE][PASSED] - Object 'Object Repository/FIM/Sites Page/Inventories/Create/Inventory Created Success Message' is present

21-10-2025T21:43:17 - [TEST_STEP][PASSED] - verifyElementVisible(findTestObject("FIM/Sites Page/Inventories/Create/Inventory Created Success Message")): Object 'Object Repository/FIM/Sites Page/Inventories/Create/Inventory Created Success Message' is visible

21-10-2025T21:43:17 - [MESSAGE][PASSED] - Object 'Object Repository/FIM/Sites Page/Inventories/Create/Inventory Created Success Message' is visible

21-10-2025T21:43:17 - [TEST_STEP][PASSED] - verifyElementText(findTestObject("FIM/Sites Page/Inventories/Create/Inventory Created Success Message"), "Inventory created successfully"): Actual text and expected text of test object 'Object Repository/FIM/Sites Page/Inventories/Create/Inventory Created Success Message' are matched.

21-10-2025T21:43:17 - [MESSAGE][PASSED] - Actual text and expected text of test object 'Object Repository/FIM/Sites Page/Inventories/Create/Inventory Created Success Message' are matched.

21-10-2025T21:43:17 - [TEST_STEP][PASSED] - Start listener action : retryOnDisconnect: null

21-10-2025T21:43:17 - [TEST_STEP][PASSED] - tcId = testCaseContext.getTestCaseId(): null

21-10-2025T21:43:17 - [TEST_STEP][PASSED] - currentRetry = retryCounts.getOrDefault(tcId, 0): null

21-10-2025T21:43:17 - [TEST_STEP][PASSED] - if (testCaseContext.getTestCaseStatus() == "FAILED" && currentRetry < MAX_RETRIES): null]]></system-out>
         <system-err><![CDATA[]]></system-err>
      </testcase>
      <testcase name="Test Cases/FIM/UI/Kenan/Admin/Sites Page/Inventories/Can Not Add Inventory for Out Of Service Tank" time="30.231" classname="Test Cases/FIM/UI/Kenan/Admin/Sites Page/Inventories/Can Not Add Inventory for Out Of Service Tank" status="PASSED">
         <system-out><![CDATA[21-10-2025T21:43:17 - [TEST_CASE][PASSED] - Test Cases/FIM/UI/Kenan/Admin/Sites Page/Inventories/Can Not Add Inventory for Out Of Service Tank: Test Cases/FIM/UI/Kenan/Admin/Sites Page/Inventories/Can Not Add Inventory for Out Of Service Tank

21-10-2025T21:43:17 - [TEST_STEP][PASSED] - Start listener action : beforeTestCase: null

21-10-2025T21:43:17 - [TEST_STEP][PASSED] - addDefaultPackages(): null

21-10-2025T21:43:17 - [TEST_STEP][PASSED] - openBrowser(""): Browser is opened with url: ''

21-10-2025T21:43:17 - [MESSAGE][WARNING] - A browser is already opened. Closing browser and opening a new one

21-10-2025T21:43:18 - [MESSAGE][INFO] - Starting 'Chrome' driver

21-10-2025T21:43:18 - [MESSAGE][INFO] - User set preference: ['args', '[--no-sandbox, --disable-gpu, --disable-dev-shm-usage]']

21-10-2025T21:43:18 - [MESSAGE][INFO] - Action delay is set to 0 milliseconds

21-10-2025T21:43:18 - [MESSAGE][PASSED] - Browser is opened with url: ''

21-10-2025T21:43:18 - [TEST_STEP][PASSED] - navigateToUrl(TURK104SitesURL): Navigate to 'https://kag-inventory-management-portal.qa.thekag.com/site/TURK104?cg=-1&r=-1&i=i' successfully

21-10-2025T21:43:19 - [MESSAGE][PASSED] - Navigate to 'https://kag-inventory-management-portal.qa.thekag.com/site/TURK104?cg=-1&r=-1&i=i' successfully

21-10-2025T21:43:19 - [TEST_STEP][PASSED] - maximizeWindow(): Current window maximized

21-10-2025T21:43:19 - [MESSAGE][PASSED] - Current window maximized

21-10-2025T21:43:19 - [TEST_STEP][PASSED] - setText(findTestObject("FIM/Username_txt"), "Chris.Sheldon+DES_QA@Thekag.com"): Text 'Chris.Sheldon+DES_QA@Thekag.com' is set on object 'Object Repository/FIM/Username_txt'

21-10-2025T21:43:19 - [MESSAGE][PASSED] - Text 'Chris.Sheldon+DES_QA@Thekag.com' is set on object 'Object Repository/FIM/Username_txt'

21-10-2025T21:43:19 - [TEST_STEP][PASSED] - setText(findTestObject("FIM/Password_txt"), "QATest!2"): Text 'QATest!2' is set on object 'Object Repository/FIM/Password_txt'

21-10-2025T21:43:20 - [MESSAGE][PASSED] - Text 'QATest!2' is set on object 'Object Repository/FIM/Password_txt'

21-10-2025T21:43:20 - [TEST_STEP][PASSED] - click(findTestObject("FIM/Login_btn")): Object: 'Object Repository/FIM/Login_btn' is clicked on

21-10-2025T21:43:20 - [MESSAGE][PASSED] - Object: 'Object Repository/FIM/Login_btn' is clicked on

21-10-2025T21:43:20 - [TEST_STEP][PASSED] - if (verifyElementVisible(findTestObject("FIM/Server_Notification_Close_btn"), OPTIONAL) == true): Web element with id: 'Object Repository/FIM/Server_Notification_Close_btn' located by '/html/body/div/div[1]/button' not found (Root cause: com.kms.katalon.core.exception.StepFailedException: Web element with id: 'Object Repository/FIM/Server_Notification_Close_btn' located by '/html/body/div/div[1]/button' not found
	at com.kms.katalon.core.webui.keyword.internal.WebUIKeywordMain.stepFailed(WebUIKeywordMain.groovy:117)
	at com.kms.katalon.core.webui.keyword.builtin.VerifyElementVisibleKeyword$_verifyElementVisible_closure1.doCall(VerifyElementVisibleKeyword.groovy:89)
	at com.kms.katalon.core.webui.keyword.builtin.VerifyElementVisibleKeyword$_verifyElementVisible_closure1.call(VerifyElementVisibleKeyword.groovy)
	at com.kms.katalon.core.webui.keyword.internal.WebUIKeywordMain.runKeyword(WebUIKeywordMain.groovy:35)
	at com.kms.katalon.core.webui.keyword.builtin.VerifyElementVisibleKeyword.verifyElementVisible(VerifyElementVisibleKeyword.groovy:97)
	at com.kms.katalon.core.webui.keyword.builtin.VerifyElementVisibleKeyword.execute(VerifyElementVisibleKeyword.groovy:67)
	at com.kms.katalon.core.keyword.internal.KeywordExecutor.executeKeywordForPlatform(KeywordExecutor.groovy:74)
	at com.kms.katalon.core.webui.keyword.WebUiBuiltInKeywords.verifyElementVisible(WebUiBuiltInKeywords.groovy:401)
	at com.kms.katalon.core.webui.keyword.WebUiBuiltInKeywords$verifyElementVisible$4.call(Unknown Source)
	at Can Not Add Inventory for Out Of Service Tank.run(Can Not Add Inventory for Out Of Service Tank:32)
	at com.kms.katalon.core.main.ScriptEngine.run(ScriptEngine.java:194)
	at com.kms.katalon.core.main.ScriptEngine.runScriptAsRawText(ScriptEngine.java:119)
	at com.kms.katalon.core.main.TestCaseExecutor.runScript(TestCaseExecutor.java:448)
	at com.kms.katalon.core.main.TestCaseExecutor.doExecute(TestCaseExecutor.java:439)
	at com.kms.katalon.core.main.TestCaseExecutor.processExecutionPhase(TestCaseExecutor.java:418)
	at com.kms.katalon.core.main.TestCaseExecutor.accessMainPhase(TestCaseExecutor.java:410)
	at com.kms.katalon.core.main.TestCaseExecutor.execute(TestCaseExecutor.java:285)
	at com.kms.katalon.core.common.CommonExecutor.accessTestCaseMainPhase(CommonExecutor.java:65)
	at com.kms.katalon.core.main.TestSuiteExecutor.accessTestSuiteMainPhase(TestSuiteExecutor.java:150)
	at com.kms.katalon.core.main.TestSuiteExecutor.execute(TestSuiteExecutor.java:106)
	at com.kms.katalon.core.main.TestCaseMain.startTestSuite(TestCaseMain.java:180)
	at com.kms.katalon.core.main.TestCaseMain$startTestSuite$0.call(Unknown Source)
	at TempTestSuite1761090809753.run(TempTestSuite1761090809753.groovy:35)
	at java.base/jdk.internal.reflect.NativeMethodAccessorImpl.invoke0(Native Method)
	at java.base/jdk.internal.reflect.NativeMethodAccessorImpl.invoke(NativeMethodAccessorImpl.java:77)
	at java.base/jdk.internal.reflect.DelegatingMethodAccessorImpl.invoke(DelegatingMethodAccessorImpl.java:43)
)

21-10-2025T21:43:36 - [MESSAGE][INFO] - Unable to find the element located by 'By.xpath: /html/body/div/div[1]/button'. Please recheck the objects properties to make sure the desired element is located. 

21-10-2025T21:43:36 - [MESSAGE][WARNING] - [SELF-HEALING] Failed to find element with id 'Object Repository/FIM/Server_Notification_Close_btn'. Try using Self-healing.

21-10-2025T21:43:37 - [MESSAGE][INFO] - [SELF-HEALING] No working XPath is found.

21-10-2025T21:43:39 - [MESSAGE][INFO] - Unable to find the element located by 'By.xpath: '. Please recheck the objects properties to make sure the desired element is located. 

21-10-2025T21:43:39 - [MESSAGE][WARNING] - [SELF-HEALING] Cannot find elements when the selector is null

21-10-2025T21:43:39 - [MESSAGE][WARNING] - Web element with id: 'Object Repository/FIM/Server_Notification_Close_btn' located by '/html/body/div/div[1]/button' not found (Root cause: com.kms.katalon.core.exception.StepFailedException: Web element with id: 'Object Repository/FIM/Server_Notification_Close_btn' located by '/html/body/div/div[1]/button' not found
	at com.kms.katalon.core.webui.keyword.internal.WebUIKeywordMain.stepFailed(WebUIKeywordMain.groovy:117)
	at com.kms.katalon.core.webui.keyword.builtin.VerifyElementVisibleKeyword$_verifyElementVisible_closure1.doCall(VerifyElementVisibleKeyword.groovy:89)
	at com.kms.katalon.core.webui.keyword.builtin.VerifyElementVisibleKeyword$_verifyElementVisible_closure1.call(VerifyElementVisibleKeyword.groovy)
	at com.kms.katalon.core.webui.keyword.internal.WebUIKeywordMain.runKeyword(WebUIKeywordMain.groovy:35)
	at com.kms.katalon.core.webui.keyword.builtin.VerifyElementVisibleKeyword.verifyElementVisible(VerifyElementVisibleKeyword.groovy:97)
	at com.kms.katalon.core.webui.keyword.builtin.VerifyElementVisibleKeyword.execute(VerifyElementVisibleKeyword.groovy:67)
	at com.kms.katalon.core.keyword.internal.KeywordExecutor.executeKeywordForPlatform(KeywordExecutor.groovy:74)
	at com.kms.katalon.core.webui.keyword.WebUiBuiltInKeywords.verifyElementVisible(WebUiBuiltInKeywords.groovy:401)
	at com.kms.katalon.core.webui.keyword.WebUiBuiltInKeywords$verifyElementVisible$4.call(Unknown Source)
	at Can Not Add Inventory for Out Of Service Tank.run(Can Not Add Inventory for Out Of Service Tank:32)
	at com.kms.katalon.core.main.ScriptEngine.run(ScriptEngine.java:194)
	at com.kms.katalon.core.main.ScriptEngine.runScriptAsRawText(ScriptEngine.java:119)
	at com.kms.katalon.core.main.TestCaseExecutor.runScript(TestCaseExecutor.java:448)
	at com.kms.katalon.core.main.TestCaseExecutor.doExecute(TestCaseExecutor.java:439)
	at com.kms.katalon.core.main.TestCaseExecutor.processExecutionPhase(TestCaseExecutor.java:418)
	at com.kms.katalon.core.main.TestCaseExecutor.accessMainPhase(TestCaseExecutor.java:410)
	at com.kms.katalon.core.main.TestCaseExecutor.execute(TestCaseExecutor.java:285)
	at com.kms.katalon.core.common.CommonExecutor.accessTestCaseMainPhase(CommonExecutor.java:65)
	at com.kms.katalon.core.main.TestSuiteExecutor.accessTestSuiteMainPhase(TestSuiteExecutor.java:150)
	at com.kms.katalon.core.main.TestSuiteExecutor.execute(TestSuiteExecutor.java:106)
	at com.kms.katalon.core.main.TestCaseMain.startTestSuite(TestCaseMain.java:180)
	at com.kms.katalon.core.main.TestCaseMain$startTestSuite$0.call(Unknown Source)
	at TempTestSuite1761090809753.run(TempTestSuite1761090809753.groovy:35)
	at java.base/jdk.internal.reflect.NativeMethodAccessorImpl.invoke0(Native Method)
	at java.base/jdk.internal.reflect.NativeMethodAccessorImpl.invoke(NativeMethodAccessorImpl.java:77)
	at java.base/jdk.internal.reflect.DelegatingMethodAccessorImpl.invoke(DelegatingMethodAccessorImpl.java:43)
)

21-10-2025T21:43:39 - [TEST_STEP][PASSED] - delay(1): Delayed 1 second(s)

21-10-2025T21:43:40 - [MESSAGE][PASSED] - Delayed 1 second(s)

21-10-2025T21:43:40 - [TEST_STEP][PASSED] - waitForElementClickable(findTestObject("FIM/Sites Page/Inventories/Edit/Threshold/Tank Edit Button (Kenan)"), 300): Object 'Object Repository/FIM/Sites Page/Inventories/Edit/Threshold/Tank Edit Button (Kenan)' is clickable

21-10-2025T21:43:40 - [MESSAGE][PASSED] - Object 'Object Repository/FIM/Sites Page/Inventories/Edit/Threshold/Tank Edit Button (Kenan)' is clickable

21-10-2025T21:43:40 - [TEST_STEP][PASSED] - click(findTestObject("FIM/Sites Page/Inventories/Edit/Threshold/Tank Edit Button (Kenan)")): Object: 'Object Repository/FIM/Sites Page/Inventories/Edit/Threshold/Tank Edit Button (Kenan)' is clicked on

21-10-2025T21:43:40 - [MESSAGE][PASSED] - Object: 'Object Repository/FIM/Sites Page/Inventories/Edit/Threshold/Tank Edit Button (Kenan)' is clicked on

21-10-2025T21:43:40 - [TEST_STEP][PASSED] - delay(2): Delayed 2 second(s)

21-10-2025T21:43:42 - [MESSAGE][PASSED] - Delayed 2 second(s)

21-10-2025T21:43:42 - [TEST_STEP][PASSED] - verifyElementPresent(findTestObject("FIM/Sites Page/Inventories/Edit/Out of Service_toggle_btn"), 10): Object 'Object Repository/FIM/Sites Page/Inventories/Edit/Out of Service_toggle_btn' is present

21-10-2025T21:43:43 - [MESSAGE][PASSED] - Object 'Object Repository/FIM/Sites Page/Inventories/Edit/Out of Service_toggle_btn' is present

21-10-2025T21:43:43 - [TEST_STEP][PASSED] - verifyElementVisible(findTestObject("FIM/Sites Page/Inventories/Edit/Out of Service_toggle_btn"), STOP_ON_FAILURE): Object 'Object Repository/FIM/Sites Page/Inventories/Edit/Out of Service_toggle_btn' is visible

21-10-2025T21:43:43 - [MESSAGE][PASSED] - Object 'Object Repository/FIM/Sites Page/Inventories/Edit/Out of Service_toggle_btn' is visible

21-10-2025T21:43:43 - [TEST_STEP][PASSED] - click(findTestObject("FIM/Sites Page/Inventories/Edit/Out of Service_toggle_btn")): Object: 'Object Repository/FIM/Sites Page/Inventories/Edit/Out of Service_toggle_btn' is clicked on

21-10-2025T21:43:43 - [MESSAGE][PASSED] - Object: 'Object Repository/FIM/Sites Page/Inventories/Edit/Out of Service_toggle_btn' is clicked on

21-10-2025T21:43:43 - [TEST_STEP][PASSED] - click(findTestObject("FIM/Sites Page/Inventories/Edit/Sales/Edit Save_btn")): Object: 'Object Repository/FIM/Sites Page/Inventories/Edit/Sales/Edit Save_btn' is clicked on

21-10-2025T21:43:43 - [MESSAGE][PASSED] - Object: 'Object Repository/FIM/Sites Page/Inventories/Edit/Sales/Edit Save_btn' is clicked on

21-10-2025T21:43:43 - [TEST_STEP][PASSED] - delay(2): Delayed 2 second(s)

21-10-2025T21:43:45 - [MESSAGE][PASSED] - Delayed 2 second(s)

21-10-2025T21:43:45 - [TEST_STEP][PASSED] - click(findTestObject("FIM/Sites Page/Inventories/Create/Add Inventories_btn")): Object: 'Object Repository/FIM/Sites Page/Inventories/Create/Add Inventories_btn' is clicked on

21-10-2025T21:43:45 - [MESSAGE][PASSED] - Object: 'Object Repository/FIM/Sites Page/Inventories/Create/Add Inventories_btn' is clicked on

21-10-2025T21:43:45 - [TEST_STEP][PASSED] - verifyElementNotClickable(findTestObject("FIM/Sites Page/Inventories/Create/Tank_1_txt"), STOP_ON_FAILURE): Object 'Object Repository/FIM/Sites Page/Inventories/Create/Tank_1_txt' is NOT clickable

21-10-2025T21:43:45 - [MESSAGE][PASSED] - Object 'Object Repository/FIM/Sites Page/Inventories/Create/Tank_1_txt' is NOT clickable

21-10-2025T21:43:45 - [TEST_STEP][PASSED] - click(findTestObject("FIM/Sites Page/Inventories/Create/Add Inventories_btn")): Object: 'Object Repository/FIM/Sites Page/Inventories/Create/Add Inventories_btn' is clicked on

21-10-2025T21:43:45 - [MESSAGE][PASSED] - Object: 'Object Repository/FIM/Sites Page/Inventories/Create/Add Inventories_btn' is clicked on

21-10-2025T21:43:45 - [TEST_STEP][PASSED] - click(findTestObject("FIM/Sites Page/Inventories/Edit/Threshold/Tank Edit Button (Kenan)")): Object: 'Object Repository/FIM/Sites Page/Inventories/Edit/Threshold/Tank Edit Button (Kenan)' is clicked on

21-10-2025T21:43:45 - [MESSAGE][PASSED] - Object: 'Object Repository/FIM/Sites Page/Inventories/Edit/Threshold/Tank Edit Button (Kenan)' is clicked on

21-10-2025T21:43:45 - [TEST_STEP][PASSED] - delay(2): Delayed 2 second(s)

21-10-2025T21:43:47 - [MESSAGE][PASSED] - Delayed 2 second(s)

21-10-2025T21:43:47 - [TEST_STEP][PASSED] - click(findTestObject("FIM/Sites Page/Inventories/Edit/Out of Service_toggle_btn")): Object: 'Object Repository/FIM/Sites Page/Inventories/Edit/Out of Service_toggle_btn' is clicked on

21-10-2025T21:43:47 - [MESSAGE][PASSED] - Object: 'Object Repository/FIM/Sites Page/Inventories/Edit/Out of Service_toggle_btn' is clicked on

21-10-2025T21:43:48 - [TEST_STEP][PASSED] - click(findTestObject("FIM/Sites Page/Inventories/Edit/Sales/Edit Save_btn")): Object: 'Object Repository/FIM/Sites Page/Inventories/Edit/Sales/Edit Save_btn' is clicked on

21-10-2025T21:43:48 - [MESSAGE][PASSED] - Object: 'Object Repository/FIM/Sites Page/Inventories/Edit/Sales/Edit Save_btn' is clicked on

21-10-2025T21:43:48 - [TEST_STEP][PASSED] - Start listener action : retryOnDisconnect: null

21-10-2025T21:43:48 - [TEST_STEP][PASSED] - tcId = testCaseContext.getTestCaseId(): null

21-10-2025T21:43:48 - [TEST_STEP][PASSED] - currentRetry = retryCounts.getOrDefault(tcId, 0): null

21-10-2025T21:43:48 - [TEST_STEP][PASSED] - if (testCaseContext.getTestCaseStatus() == "FAILED" && currentRetry < MAX_RETRIES): null]]></system-out>
         <system-err><![CDATA[]]></system-err>
      </testcase>
      <testcase name="Test Cases/FIM/UI/Kenan/Admin/Sites Page/Inventories/Can Not Create Inventory Over Physical Size" time="27.283" classname="Test Cases/FIM/UI/Kenan/Admin/Sites Page/Inventories/Can Not Create Inventory Over Physical Size" status="PASSED">
         <system-out><![CDATA[21-10-2025T21:43:48 - [TEST_CASE][PASSED] - Test Cases/FIM/UI/Kenan/Admin/Sites Page/Inventories/Can Not Create Inventory Over Physical Size: Test Cases/FIM/UI/Kenan/Admin/Sites Page/Inventories/Can Not Create Inventory Over Physical Size

21-10-2025T21:43:48 - [TEST_STEP][PASSED] - Start listener action : beforeTestCase: null

21-10-2025T21:43:48 - [TEST_STEP][PASSED] - addDefaultPackages(): null

21-10-2025T21:43:48 - [TEST_STEP][PASSED] - openBrowser(""): Browser is opened with url: ''

21-10-2025T21:43:48 - [MESSAGE][WARNING] - A browser is already opened. Closing browser and opening a new one

21-10-2025T21:43:48 - [MESSAGE][INFO] - Starting 'Chrome' driver

21-10-2025T21:43:48 - [MESSAGE][INFO] - User set preference: ['args', '[--no-sandbox, --disable-gpu, --disable-dev-shm-usage]']

21-10-2025T21:43:48 - [MESSAGE][INFO] - Action delay is set to 0 milliseconds

21-10-2025T21:43:49 - [MESSAGE][PASSED] - Browser is opened with url: ''

21-10-2025T21:43:49 - [TEST_STEP][PASSED] - navigateToUrl(TURK104SitesURL): Navigate to 'https://kag-inventory-management-portal.qa.thekag.com/site/TURK104?cg=-1&r=-1&i=i' successfully

21-10-2025T21:43:49 - [MESSAGE][PASSED] - Navigate to 'https://kag-inventory-management-portal.qa.thekag.com/site/TURK104?cg=-1&r=-1&i=i' successfully

21-10-2025T21:43:49 - [TEST_STEP][PASSED] - maximizeWindow(): Current window maximized

21-10-2025T21:43:49 - [MESSAGE][PASSED] - Current window maximized

21-10-2025T21:43:49 - [TEST_STEP][PASSED] - setText(findTestObject("FIM/Username_txt"), "Chris.Sheldon+DES_QA@Thekag.com"): Text 'Chris.Sheldon+DES_QA@Thekag.com' is set on object 'Object Repository/FIM/Username_txt'

21-10-2025T21:43:50 - [MESSAGE][PASSED] - Text 'Chris.Sheldon+DES_QA@Thekag.com' is set on object 'Object Repository/FIM/Username_txt'

21-10-2025T21:43:50 - [TEST_STEP][PASSED] - setText(findTestObject("FIM/Password_txt"), "QATest!2"): Text 'QATest!2' is set on object 'Object Repository/FIM/Password_txt'

21-10-2025T21:43:50 - [MESSAGE][PASSED] - Text 'QATest!2' is set on object 'Object Repository/FIM/Password_txt'

21-10-2025T21:43:50 - [TEST_STEP][PASSED] - click(findTestObject("FIM/Login_btn")): Object: 'Object Repository/FIM/Login_btn' is clicked on

21-10-2025T21:43:50 - [MESSAGE][PASSED] - Object: 'Object Repository/FIM/Login_btn' is clicked on

21-10-2025T21:43:50 - [TEST_STEP][PASSED] - if (verifyElementVisible(findTestObject("FIM/Server_Notification_Close_btn"), OPTIONAL) == true): Web element with id: 'Object Repository/FIM/Server_Notification_Close_btn' located by '/html/body/div/div[1]/button' not found (Root cause: com.kms.katalon.core.exception.StepFailedException: Web element with id: 'Object Repository/FIM/Server_Notification_Close_btn' located by '/html/body/div/div[1]/button' not found
	at com.kms.katalon.core.webui.keyword.internal.WebUIKeywordMain.stepFailed(WebUIKeywordMain.groovy:117)
	at com.kms.katalon.core.webui.keyword.builtin.VerifyElementVisibleKeyword$_verifyElementVisible_closure1.doCall(VerifyElementVisibleKeyword.groovy:89)
	at com.kms.katalon.core.webui.keyword.builtin.VerifyElementVisibleKeyword$_verifyElementVisible_closure1.call(VerifyElementVisibleKeyword.groovy)
	at com.kms.katalon.core.webui.keyword.internal.WebUIKeywordMain.runKeyword(WebUIKeywordMain.groovy:35)
	at com.kms.katalon.core.webui.keyword.builtin.VerifyElementVisibleKeyword.verifyElementVisible(VerifyElementVisibleKeyword.groovy:97)
	at com.kms.katalon.core.webui.keyword.builtin.VerifyElementVisibleKeyword.execute(VerifyElementVisibleKeyword.groovy:67)
	at com.kms.katalon.core.keyword.internal.KeywordExecutor.executeKeywordForPlatform(KeywordExecutor.groovy:74)
	at com.kms.katalon.core.webui.keyword.WebUiBuiltInKeywords.verifyElementVisible(WebUiBuiltInKeywords.groovy:401)
	at com.kms.katalon.core.webui.keyword.WebUiBuiltInKeywords$verifyElementVisible$4.call(Unknown Source)
	at Can Not Create Inventory Over Physical Size.run(Can Not Create Inventory Over Physical Size:32)
	at com.kms.katalon.core.main.ScriptEngine.run(ScriptEngine.java:194)
	at com.kms.katalon.core.main.ScriptEngine.runScriptAsRawText(ScriptEngine.java:119)
	at com.kms.katalon.core.main.TestCaseExecutor.runScript(TestCaseExecutor.java:448)
	at com.kms.katalon.core.main.TestCaseExecutor.doExecute(TestCaseExecutor.java:439)
	at com.kms.katalon.core.main.TestCaseExecutor.processExecutionPhase(TestCaseExecutor.java:418)
	at com.kms.katalon.core.main.TestCaseExecutor.accessMainPhase(TestCaseExecutor.java:410)
	at com.kms.katalon.core.main.TestCaseExecutor.execute(TestCaseExecutor.java:285)
	at com.kms.katalon.core.common.CommonExecutor.accessTestCaseMainPhase(CommonExecutor.java:65)
	at com.kms.katalon.core.main.TestSuiteExecutor.accessTestSuiteMainPhase(TestSuiteExecutor.java:150)
	at com.kms.katalon.core.main.TestSuiteExecutor.execute(TestSuiteExecutor.java:106)
	at com.kms.katalon.core.main.TestCaseMain.startTestSuite(TestCaseMain.java:180)
	at com.kms.katalon.core.main.TestCaseMain$startTestSuite$0.call(Unknown Source)
	at TempTestSuite1761090809753.run(TempTestSuite1761090809753.groovy:35)
	at java.base/jdk.internal.reflect.NativeMethodAccessorImpl.invoke0(Native Method)
	at java.base/jdk.internal.reflect.NativeMethodAccessorImpl.invoke(NativeMethodAccessorImpl.java:77)
	at java.base/jdk.internal.reflect.DelegatingMethodAccessorImpl.invoke(DelegatingMethodAccessorImpl.java:43)
)

21-10-2025T21:44:06 - [MESSAGE][INFO] - Unable to find the element located by 'By.xpath: /html/body/div/div[1]/button'. Please recheck the objects properties to make sure the desired element is located. 

21-10-2025T21:44:06 - [MESSAGE][WARNING] - [SELF-HEALING] Failed to find element with id 'Object Repository/FIM/Server_Notification_Close_btn'. Try using Self-healing.

21-10-2025T21:44:07 - [MESSAGE][INFO] - [SELF-HEALING] No working XPath is found.

21-10-2025T21:44:09 - [MESSAGE][INFO] - Unable to find the element located by 'By.xpath: '. Please recheck the objects properties to make sure the desired element is located. 

21-10-2025T21:44:09 - [MESSAGE][WARNING] - [SELF-HEALING] Cannot find elements when the selector is null

21-10-2025T21:44:09 - [MESSAGE][WARNING] - Web element with id: 'Object Repository/FIM/Server_Notification_Close_btn' located by '/html/body/div/div[1]/button' not found (Root cause: com.kms.katalon.core.exception.StepFailedException: Web element with id: 'Object Repository/FIM/Server_Notification_Close_btn' located by '/html/body/div/div[1]/button' not found
	at com.kms.katalon.core.webui.keyword.internal.WebUIKeywordMain.stepFailed(WebUIKeywordMain.groovy:117)
	at com.kms.katalon.core.webui.keyword.builtin.VerifyElementVisibleKeyword$_verifyElementVisible_closure1.doCall(VerifyElementVisibleKeyword.groovy:89)
	at com.kms.katalon.core.webui.keyword.builtin.VerifyElementVisibleKeyword$_verifyElementVisible_closure1.call(VerifyElementVisibleKeyword.groovy)
	at com.kms.katalon.core.webui.keyword.internal.WebUIKeywordMain.runKeyword(WebUIKeywordMain.groovy:35)
	at com.kms.katalon.core.webui.keyword.builtin.VerifyElementVisibleKeyword.verifyElementVisible(VerifyElementVisibleKeyword.groovy:97)
	at com.kms.katalon.core.webui.keyword.builtin.VerifyElementVisibleKeyword.execute(VerifyElementVisibleKeyword.groovy:67)
	at com.kms.katalon.core.keyword.internal.KeywordExecutor.executeKeywordForPlatform(KeywordExecutor.groovy:74)
	at com.kms.katalon.core.webui.keyword.WebUiBuiltInKeywords.verifyElementVisible(WebUiBuiltInKeywords.groovy:401)
	at com.kms.katalon.core.webui.keyword.WebUiBuiltInKeywords$verifyElementVisible$4.call(Unknown Source)
	at Can Not Create Inventory Over Physical Size.run(Can Not Create Inventory Over Physical Size:32)
	at com.kms.katalon.core.main.ScriptEngine.run(ScriptEngine.java:194)
	at com.kms.katalon.core.main.ScriptEngine.runScriptAsRawText(ScriptEngine.java:119)
	at com.kms.katalon.core.main.TestCaseExecutor.runScript(TestCaseExecutor.java:448)
	at com.kms.katalon.core.main.TestCaseExecutor.doExecute(TestCaseExecutor.java:439)
	at com.kms.katalon.core.main.TestCaseExecutor.processExecutionPhase(TestCaseExecutor.java:418)
	at com.kms.katalon.core.main.TestCaseExecutor.accessMainPhase(TestCaseExecutor.java:410)
	at com.kms.katalon.core.main.TestCaseExecutor.execute(TestCaseExecutor.java:285)
	at com.kms.katalon.core.common.CommonExecutor.accessTestCaseMainPhase(CommonExecutor.java:65)
	at com.kms.katalon.core.main.TestSuiteExecutor.accessTestSuiteMainPhase(TestSuiteExecutor.java:150)
	at com.kms.katalon.core.main.TestSuiteExecutor.execute(TestSuiteExecutor.java:106)
	at com.kms.katalon.core.main.TestCaseMain.startTestSuite(TestCaseMain.java:180)
	at com.kms.katalon.core.main.TestCaseMain$startTestSuite$0.call(Unknown Source)
	at TempTestSuite1761090809753.run(TempTestSuite1761090809753.groovy:35)
	at java.base/jdk.internal.reflect.NativeMethodAccessorImpl.invoke0(Native Method)
	at java.base/jdk.internal.reflect.NativeMethodAccessorImpl.invoke(NativeMethodAccessorImpl.java:77)
	at java.base/jdk.internal.reflect.DelegatingMethodAccessorImpl.invoke(DelegatingMethodAccessorImpl.java:43)
)

21-10-2025T21:44:09 - [TEST_STEP][PASSED] - delay(1): Delayed 1 second(s)

21-10-2025T21:44:10 - [MESSAGE][PASSED] - Delayed 1 second(s)

21-10-2025T21:44:10 - [TEST_STEP][PASSED] - waitForElementClickable(findTestObject("FIM/Sites Page/Inventories/Create/Add Inventories_btn"), 300): Object 'Object Repository/FIM/Sites Page/Inventories/Create/Add Inventories_btn' is clickable

21-10-2025T21:44:10 - [MESSAGE][PASSED] - Object 'Object Repository/FIM/Sites Page/Inventories/Create/Add Inventories_btn' is clickable

21-10-2025T21:44:10 - [TEST_STEP][PASSED] - click(findTestObject("FIM/Sites Page/Inventories/Create/Add Inventories_btn")): Object: 'Object Repository/FIM/Sites Page/Inventories/Create/Add Inventories_btn' is clicked on

21-10-2025T21:44:10 - [MESSAGE][PASSED] - Object: 'Object Repository/FIM/Sites Page/Inventories/Create/Add Inventories_btn' is clicked on

21-10-2025T21:44:10 - [TEST_STEP][PASSED] - click(findTestObject("FIM/Sites Page/Inventories/Create/Inventories Date_txt")): Object: 'Object Repository/FIM/Sites Page/Inventories/Create/Inventories Date_txt' is clicked on

21-10-2025T21:44:10 - [MESSAGE][PASSED] - Object: 'Object Repository/FIM/Sites Page/Inventories/Create/Inventories Date_txt' is clicked on

21-10-2025T21:44:10 - [TEST_STEP][PASSED] - sendKeys(findTestObject("FIM/Sites Page/Inventories/Create/Inventories Date_txt"), "09/08/22"): Keys '09/08/22' sent to object: 'Object Repository/FIM/Sites Page/Inventories/Create/Inventories Date_txt'

21-10-2025T21:44:10 - [MESSAGE][PASSED] - Keys '09/08/22' sent to object: 'Object Repository/FIM/Sites Page/Inventories/Create/Inventories Date_txt'

21-10-2025T21:44:10 - [TEST_STEP][PASSED] - delay(2): Delayed 2 second(s)

21-10-2025T21:44:12 - [MESSAGE][PASSED] - Delayed 2 second(s)

21-10-2025T21:44:12 - [TEST_STEP][PASSED] - click(findTestObject("FIM/Sites Page/Inventories/Create/Inventories Time_txt")): Object: 'Object Repository/FIM/Sites Page/Inventories/Create/Inventories Time_txt' is clicked on

21-10-2025T21:44:12 - [MESSAGE][PASSED] - Object: 'Object Repository/FIM/Sites Page/Inventories/Create/Inventories Time_txt' is clicked on

21-10-2025T21:44:12 - [TEST_STEP][PASSED] - sendKeys(findTestObject("FIM/Sites Page/Inventories/Create/Inventories Time_txt"), "12:15"): Keys '12:15' sent to object: 'Object Repository/FIM/Sites Page/Inventories/Create/Inventories Time_txt'

21-10-2025T21:44:12 - [MESSAGE][PASSED] - Keys '12:15' sent to object: 'Object Repository/FIM/Sites Page/Inventories/Create/Inventories Time_txt'

21-10-2025T21:44:12 - [TEST_STEP][PASSED] - delay(2): Delayed 2 second(s)

21-10-2025T21:44:14 - [MESSAGE][PASSED] - Delayed 2 second(s)

21-10-2025T21:44:14 - [TEST_STEP][PASSED] - sendKeys(findTestObject("FIM/Sites Page/Inventories/Create/Tank_1_txt"), "12200"): Keys '12200' sent to object: 'Object Repository/FIM/Sites Page/Inventories/Create/Tank_1_txt'

21-10-2025T21:44:15 - [MESSAGE][PASSED] - Keys '12200' sent to object: 'Object Repository/FIM/Sites Page/Inventories/Create/Tank_1_txt'

21-10-2025T21:44:15 - [TEST_STEP][PASSED] - verifyElementNotClickable(findTestObject("FIM/Sites Page/Inventories/Create/Save Inventories_btn")): Object 'Object Repository/FIM/Sites Page/Inventories/Create/Save Inventories_btn' is NOT clickable

21-10-2025T21:44:15 - [MESSAGE][PASSED] - Object 'Object Repository/FIM/Sites Page/Inventories/Create/Save Inventories_btn' is NOT clickable

21-10-2025T21:44:15 - [TEST_STEP][PASSED] - Start listener action : retryOnDisconnect: null

21-10-2025T21:44:15 - [TEST_STEP][PASSED] - tcId = testCaseContext.getTestCaseId(): null

21-10-2025T21:44:15 - [TEST_STEP][PASSED] - currentRetry = retryCounts.getOrDefault(tcId, 0): null

21-10-2025T21:44:15 - [TEST_STEP][PASSED] - if (testCaseContext.getTestCaseStatus() == "FAILED" && currentRetry < MAX_RETRIES): null]]></system-out>
         <system-err><![CDATA[]]></system-err>
      </testcase>
      <testcase name="Test Cases/FIM/UI/Kenan/Admin/Sites Page/Inventories/Can Not Create Inventory with Negative Gallons" time="25.268" classname="Test Cases/FIM/UI/Kenan/Admin/Sites Page/Inventories/Can Not Create Inventory with Negative Gallons" status="PASSED">
         <system-out><![CDATA[21-10-2025T21:44:15 - [TEST_CASE][PASSED] - Test Cases/FIM/UI/Kenan/Admin/Sites Page/Inventories/Can Not Create Inventory with Negative Gallons: Test Cases/FIM/UI/Kenan/Admin/Sites Page/Inventories/Can Not Create Inventory with Negative Gallons

21-10-2025T21:44:15 - [TEST_STEP][PASSED] - Start listener action : beforeTestCase: null

21-10-2025T21:44:15 - [TEST_STEP][PASSED] - addDefaultPackages(): null

21-10-2025T21:44:15 - [TEST_STEP][PASSED] - openBrowser(""): Browser is opened with url: ''

21-10-2025T21:44:15 - [MESSAGE][WARNING] - A browser is already opened. Closing browser and opening a new one

21-10-2025T21:44:15 - [MESSAGE][INFO] - Starting 'Chrome' driver

21-10-2025T21:44:15 - [MESSAGE][INFO] - User set preference: ['args', '[--no-sandbox, --disable-gpu, --disable-dev-shm-usage]']

21-10-2025T21:44:15 - [MESSAGE][INFO] - Action delay is set to 0 milliseconds

21-10-2025T21:44:16 - [MESSAGE][PASSED] - Browser is opened with url: ''

21-10-2025T21:44:16 - [TEST_STEP][PASSED] - navigateToUrl(TURK104SitesURL): Navigate to 'https://kag-inventory-management-portal.qa.thekag.com/site/TURK104?cg=-1&r=-1&i=i' successfully

21-10-2025T21:44:16 - [MESSAGE][PASSED] - Navigate to 'https://kag-inventory-management-portal.qa.thekag.com/site/TURK104?cg=-1&r=-1&i=i' successfully

21-10-2025T21:44:16 - [TEST_STEP][PASSED] - maximizeWindow(): Current window maximized

21-10-2025T21:44:16 - [MESSAGE][PASSED] - Current window maximized

21-10-2025T21:44:16 - [TEST_STEP][PASSED] - setText(findTestObject("FIM/Username_txt"), "Chris.Sheldon+DES_QA@Thekag.com"): Text 'Chris.Sheldon+DES_QA@Thekag.com' is set on object 'Object Repository/FIM/Username_txt'

21-10-2025T21:44:17 - [MESSAGE][PASSED] - Text 'Chris.Sheldon+DES_QA@Thekag.com' is set on object 'Object Repository/FIM/Username_txt'

21-10-2025T21:44:17 - [TEST_STEP][PASSED] - setText(findTestObject("FIM/Password_txt"), "QATest!2"): Text 'QATest!2' is set on object 'Object Repository/FIM/Password_txt'

21-10-2025T21:44:17 - [MESSAGE][PASSED] - Text 'QATest!2' is set on object 'Object Repository/FIM/Password_txt'

21-10-2025T21:44:17 - [TEST_STEP][PASSED] - click(findTestObject("FIM/Login_btn")): Object: 'Object Repository/FIM/Login_btn' is clicked on

21-10-2025T21:44:17 - [MESSAGE][PASSED] - Object: 'Object Repository/FIM/Login_btn' is clicked on

21-10-2025T21:44:17 - [TEST_STEP][PASSED] - if (verifyElementVisible(findTestObject("FIM/Server_Notification_Close_btn"), OPTIONAL) == true): Web element with id: 'Object Repository/FIM/Server_Notification_Close_btn' located by '/html/body/div/div[1]/button' not found (Root cause: com.kms.katalon.core.exception.StepFailedException: Web element with id: 'Object Repository/FIM/Server_Notification_Close_btn' located by '/html/body/div/div[1]/button' not found
	at com.kms.katalon.core.webui.keyword.internal.WebUIKeywordMain.stepFailed(WebUIKeywordMain.groovy:117)
	at com.kms.katalon.core.webui.keyword.builtin.VerifyElementVisibleKeyword$_verifyElementVisible_closure1.doCall(VerifyElementVisibleKeyword.groovy:89)
	at com.kms.katalon.core.webui.keyword.builtin.VerifyElementVisibleKeyword$_verifyElementVisible_closure1.call(VerifyElementVisibleKeyword.groovy)
	at com.kms.katalon.core.webui.keyword.internal.WebUIKeywordMain.runKeyword(WebUIKeywordMain.groovy:35)
	at com.kms.katalon.core.webui.keyword.builtin.VerifyElementVisibleKeyword.verifyElementVisible(VerifyElementVisibleKeyword.groovy:97)
	at com.kms.katalon.core.webui.keyword.builtin.VerifyElementVisibleKeyword.execute(VerifyElementVisibleKeyword.groovy:67)
	at com.kms.katalon.core.keyword.internal.KeywordExecutor.executeKeywordForPlatform(KeywordExecutor.groovy:74)
	at com.kms.katalon.core.webui.keyword.WebUiBuiltInKeywords.verifyElementVisible(WebUiBuiltInKeywords.groovy:401)
	at com.kms.katalon.core.webui.keyword.WebUiBuiltInKeywords$verifyElementVisible$4.call(Unknown Source)
	at Can Not Create Inventory with Negative Gallons.run(Can Not Create Inventory with Negative Gallons:32)
	at com.kms.katalon.core.main.ScriptEngine.run(ScriptEngine.java:194)
	at com.kms.katalon.core.main.ScriptEngine.runScriptAsRawText(ScriptEngine.java:119)
	at com.kms.katalon.core.main.TestCaseExecutor.runScript(TestCaseExecutor.java:448)
	at com.kms.katalon.core.main.TestCaseExecutor.doExecute(TestCaseExecutor.java:439)
	at com.kms.katalon.core.main.TestCaseExecutor.processExecutionPhase(TestCaseExecutor.java:418)
	at com.kms.katalon.core.main.TestCaseExecutor.accessMainPhase(TestCaseExecutor.java:410)
	at com.kms.katalon.core.main.TestCaseExecutor.execute(TestCaseExecutor.java:285)
	at com.kms.katalon.core.common.CommonExecutor.accessTestCaseMainPhase(CommonExecutor.java:65)
	at com.kms.katalon.core.main.TestSuiteExecutor.accessTestSuiteMainPhase(TestSuiteExecutor.java:150)
	at com.kms.katalon.core.main.TestSuiteExecutor.execute(TestSuiteExecutor.java:106)
	at com.kms.katalon.core.main.TestCaseMain.startTestSuite(TestCaseMain.java:180)
	at com.kms.katalon.core.main.TestCaseMain$startTestSuite$0.call(Unknown Source)
	at TempTestSuite1761090809753.run(TempTestSuite1761090809753.groovy:35)
	at java.base/jdk.internal.reflect.NativeMethodAccessorImpl.invoke0(Native Method)
	at java.base/jdk.internal.reflect.NativeMethodAccessorImpl.invoke(NativeMethodAccessorImpl.java:77)
	at java.base/jdk.internal.reflect.DelegatingMethodAccessorImpl.invoke(DelegatingMethodAccessorImpl.java:43)
)

21-10-2025T21:44:33 - [MESSAGE][INFO] - Unable to find the element located by 'By.xpath: /html/body/div/div[1]/button'. Please recheck the objects properties to make sure the desired element is located. 

21-10-2025T21:44:33 - [MESSAGE][WARNING] - [SELF-HEALING] Failed to find element with id 'Object Repository/FIM/Server_Notification_Close_btn'. Try using Self-healing.

21-10-2025T21:44:34 - [MESSAGE][INFO] - [SELF-HEALING] No working XPath is found.

21-10-2025T21:44:36 - [MESSAGE][INFO] - Unable to find the element located by 'By.xpath: '. Please recheck the objects properties to make sure the desired element is located. 

21-10-2025T21:44:36 - [MESSAGE][WARNING] - [SELF-HEALING] Cannot find elements when the selector is null

21-10-2025T21:44:37 - [MESSAGE][WARNING] - Web element with id: 'Object Repository/FIM/Server_Notification_Close_btn' located by '/html/body/div/div[1]/button' not found (Root cause: com.kms.katalon.core.exception.StepFailedException: Web element with id: 'Object Repository/FIM/Server_Notification_Close_btn' located by '/html/body/div/div[1]/button' not found
	at com.kms.katalon.core.webui.keyword.internal.WebUIKeywordMain.stepFailed(WebUIKeywordMain.groovy:117)
	at com.kms.katalon.core.webui.keyword.builtin.VerifyElementVisibleKeyword$_verifyElementVisible_closure1.doCall(VerifyElementVisibleKeyword.groovy:89)
	at com.kms.katalon.core.webui.keyword.builtin.VerifyElementVisibleKeyword$_verifyElementVisible_closure1.call(VerifyElementVisibleKeyword.groovy)
	at com.kms.katalon.core.webui.keyword.internal.WebUIKeywordMain.runKeyword(WebUIKeywordMain.groovy:35)
	at com.kms.katalon.core.webui.keyword.builtin.VerifyElementVisibleKeyword.verifyElementVisible(VerifyElementVisibleKeyword.groovy:97)
	at com.kms.katalon.core.webui.keyword.builtin.VerifyElementVisibleKeyword.execute(VerifyElementVisibleKeyword.groovy:67)
	at com.kms.katalon.core.keyword.internal.KeywordExecutor.executeKeywordForPlatform(KeywordExecutor.groovy:74)
	at com.kms.katalon.core.webui.keyword.WebUiBuiltInKeywords.verifyElementVisible(WebUiBuiltInKeywords.groovy:401)
	at com.kms.katalon.core.webui.keyword.WebUiBuiltInKeywords$verifyElementVisible$4.call(Unknown Source)
	at Can Not Create Inventory with Negative Gallons.run(Can Not Create Inventory with Negative Gallons:32)
	at com.kms.katalon.core.main.ScriptEngine.run(ScriptEngine.java:194)
	at com.kms.katalon.core.main.ScriptEngine.runScriptAsRawText(ScriptEngine.java:119)
	at com.kms.katalon.core.main.TestCaseExecutor.runScript(TestCaseExecutor.java:448)
	at com.kms.katalon.core.main.TestCaseExecutor.doExecute(TestCaseExecutor.java:439)
	at com.kms.katalon.core.main.TestCaseExecutor.processExecutionPhase(TestCaseExecutor.java:418)
	at com.kms.katalon.core.main.TestCaseExecutor.accessMainPhase(TestCaseExecutor.java:410)
	at com.kms.katalon.core.main.TestCaseExecutor.execute(TestCaseExecutor.java:285)
	at com.kms.katalon.core.common.CommonExecutor.accessTestCaseMainPhase(CommonExecutor.java:65)
	at com.kms.katalon.core.main.TestSuiteExecutor.accessTestSuiteMainPhase(TestSuiteExecutor.java:150)
	at com.kms.katalon.core.main.TestSuiteExecutor.execute(TestSuiteExecutor.java:106)
	at com.kms.katalon.core.main.TestCaseMain.startTestSuite(TestCaseMain.java:180)
	at com.kms.katalon.core.main.TestCaseMain$startTestSuite$0.call(Unknown Source)
	at TempTestSuite1761090809753.run(TempTestSuite1761090809753.groovy:35)
	at java.base/jdk.internal.reflect.NativeMethodAccessorImpl.invoke0(Native Method)
	at java.base/jdk.internal.reflect.NativeMethodAccessorImpl.invoke(NativeMethodAccessorImpl.java:77)
	at java.base/jdk.internal.reflect.DelegatingMethodAccessorImpl.invoke(DelegatingMethodAccessorImpl.java:43)
)

21-10-2025T21:44:37 - [TEST_STEP][PASSED] - delay(1): Delayed 1 second(s)

21-10-2025T21:44:38 - [MESSAGE][PASSED] - Delayed 1 second(s)

21-10-2025T21:44:38 - [TEST_STEP][PASSED] - waitForElementVisible(findTestObject("FIM/Sites Page/Inventories/Create/Add Inventories_btn"), 300): Object 'Object Repository/FIM/Sites Page/Inventories/Create/Add Inventories_btn' is visible

21-10-2025T21:44:38 - [MESSAGE][PASSED] - Object 'Object Repository/FIM/Sites Page/Inventories/Create/Add Inventories_btn' is visible

21-10-2025T21:44:38 - [TEST_STEP][PASSED] - click(findTestObject("FIM/Sites Page/Inventories/Create/Add Inventories_btn")): Object: 'Object Repository/FIM/Sites Page/Inventories/Create/Add Inventories_btn' is clicked on

21-10-2025T21:44:38 - [MESSAGE][PASSED] - Object: 'Object Repository/FIM/Sites Page/Inventories/Create/Add Inventories_btn' is clicked on

21-10-2025T21:44:38 - [TEST_STEP][PASSED] - sendKeys(findTestObject("FIM/Sites Page/Inventories/Create/Tank_1_txt"), "-2300"): Keys '-2300' sent to object: 'Object Repository/FIM/Sites Page/Inventories/Create/Tank_1_txt'

21-10-2025T21:44:38 - [MESSAGE][PASSED] - Keys '-2300' sent to object: 'Object Repository/FIM/Sites Page/Inventories/Create/Tank_1_txt'

21-10-2025T21:44:38 - [TEST_STEP][PASSED] - delay(2): Delayed 2 second(s)

21-10-2025T21:44:40 - [MESSAGE][PASSED] - Delayed 2 second(s)

21-10-2025T21:44:40 - [TEST_STEP][PASSED] - verifyElementNotClickable(findTestObject("FIM/Sites Page/Inventories/Create/Save Inventories_btn")): Object 'Object Repository/FIM/Sites Page/Inventories/Create/Save Inventories_btn' is NOT clickable

21-10-2025T21:44:40 - [MESSAGE][PASSED] - Object 'Object Repository/FIM/Sites Page/Inventories/Create/Save Inventories_btn' is NOT clickable

21-10-2025T21:44:40 - [TEST_STEP][PASSED] - Start listener action : retryOnDisconnect: null

21-10-2025T21:44:40 - [TEST_STEP][PASSED] - tcId = testCaseContext.getTestCaseId(): null

21-10-2025T21:44:40 - [TEST_STEP][PASSED] - currentRetry = retryCounts.getOrDefault(tcId, 0): null

21-10-2025T21:44:40 - [TEST_STEP][PASSED] - if (testCaseContext.getTestCaseStatus() == "FAILED" && currentRetry < MAX_RETRIES): null]]></system-out>
         <system-err><![CDATA[]]></system-err>
      </testcase>
      <testcase name="Test Cases/FIM/UI/Kenan/Admin/Sites Page/Inventories/Can Not Save Inventory With Blank Values for Tanks" time="24.705" classname="Test Cases/FIM/UI/Kenan/Admin/Sites Page/Inventories/Can Not Save Inventory With Blank Values for Tanks" status="PASSED">
         <system-out><![CDATA[21-10-2025T21:44:40 - [TEST_CASE][PASSED] - Test Cases/FIM/UI/Kenan/Admin/Sites Page/Inventories/Can Not Save Inventory With Blank Values for Tanks: Test Cases/FIM/UI/Kenan/Admin/Sites Page/Inventories/Can Not Save Inventory With Blank Values for Tanks

21-10-2025T21:44:40 - [TEST_STEP][PASSED] - Start listener action : beforeTestCase: null

21-10-2025T21:44:40 - [TEST_STEP][PASSED] - addDefaultPackages(): null

21-10-2025T21:44:40 - [TEST_STEP][PASSED] - openBrowser(""): Browser is opened with url: ''

21-10-2025T21:44:40 - [MESSAGE][WARNING] - A browser is already opened. Closing browser and opening a new one

21-10-2025T21:44:40 - [MESSAGE][INFO] - Starting 'Chrome' driver

21-10-2025T21:44:40 - [MESSAGE][INFO] - User set preference: ['args', '[--no-sandbox, --disable-gpu, --disable-dev-shm-usage]']

21-10-2025T21:44:40 - [MESSAGE][INFO] - Action delay is set to 0 milliseconds

21-10-2025T21:44:41 - [MESSAGE][PASSED] - Browser is opened with url: ''

21-10-2025T21:44:41 - [TEST_STEP][PASSED] - navigateToUrl(TURK104SitesURL): Navigate to 'https://kag-inventory-management-portal.qa.thekag.com/site/TURK104?cg=-1&r=-1&i=i' successfully

21-10-2025T21:44:42 - [MESSAGE][PASSED] - Navigate to 'https://kag-inventory-management-portal.qa.thekag.com/site/TURK104?cg=-1&r=-1&i=i' successfully

21-10-2025T21:44:42 - [TEST_STEP][PASSED] - maximizeWindow(): Current window maximized

21-10-2025T21:44:42 - [MESSAGE][PASSED] - Current window maximized

21-10-2025T21:44:42 - [TEST_STEP][PASSED] - setText(findTestObject("FIM/Username_txt"), "Chris.Sheldon+DES_QA@Thekag.com"): Text 'Chris.Sheldon+DES_QA@Thekag.com' is set on object 'Object Repository/FIM/Username_txt'

21-10-2025T21:44:42 - [MESSAGE][PASSED] - Text 'Chris.Sheldon+DES_QA@Thekag.com' is set on object 'Object Repository/FIM/Username_txt'

21-10-2025T21:44:42 - [TEST_STEP][PASSED] - setText(findTestObject("FIM/Password_txt"), "QATest!2"): Text 'QATest!2' is set on object 'Object Repository/FIM/Password_txt'

21-10-2025T21:44:42 - [MESSAGE][PASSED] - Text 'QATest!2' is set on object 'Object Repository/FIM/Password_txt'

21-10-2025T21:44:42 - [TEST_STEP][PASSED] - click(findTestObject("FIM/Login_btn")): Object: 'Object Repository/FIM/Login_btn' is clicked on

21-10-2025T21:44:42 - [MESSAGE][PASSED] - Object: 'Object Repository/FIM/Login_btn' is clicked on

21-10-2025T21:44:42 - [TEST_STEP][PASSED] - if (verifyElementVisible(findTestObject("FIM/Server_Notification_Close_btn"), OPTIONAL) == true): Web element with id: 'Object Repository/FIM/Server_Notification_Close_btn' located by '/html/body/div/div[1]/button' not found (Root cause: com.kms.katalon.core.exception.StepFailedException: Web element with id: 'Object Repository/FIM/Server_Notification_Close_btn' located by '/html/body/div/div[1]/button' not found
	at com.kms.katalon.core.webui.keyword.internal.WebUIKeywordMain.stepFailed(WebUIKeywordMain.groovy:117)
	at com.kms.katalon.core.webui.keyword.builtin.VerifyElementVisibleKeyword$_verifyElementVisible_closure1.doCall(VerifyElementVisibleKeyword.groovy:89)
	at com.kms.katalon.core.webui.keyword.builtin.VerifyElementVisibleKeyword$_verifyElementVisible_closure1.call(VerifyElementVisibleKeyword.groovy)
	at com.kms.katalon.core.webui.keyword.internal.WebUIKeywordMain.runKeyword(WebUIKeywordMain.groovy:35)
	at com.kms.katalon.core.webui.keyword.builtin.VerifyElementVisibleKeyword.verifyElementVisible(VerifyElementVisibleKeyword.groovy:97)
	at com.kms.katalon.core.webui.keyword.builtin.VerifyElementVisibleKeyword.execute(VerifyElementVisibleKeyword.groovy:67)
	at com.kms.katalon.core.keyword.internal.KeywordExecutor.executeKeywordForPlatform(KeywordExecutor.groovy:74)
	at com.kms.katalon.core.webui.keyword.WebUiBuiltInKeywords.verifyElementVisible(WebUiBuiltInKeywords.groovy:401)
	at com.kms.katalon.core.webui.keyword.WebUiBuiltInKeywords$verifyElementVisible$4.call(Unknown Source)
	at Can Not Save Inventory With Blank Values for Tanks.run(Can Not Save Inventory With Blank Values for Tanks:32)
	at com.kms.katalon.core.main.ScriptEngine.run(ScriptEngine.java:194)
	at com.kms.katalon.core.main.ScriptEngine.runScriptAsRawText(ScriptEngine.java:119)
	at com.kms.katalon.core.main.TestCaseExecutor.runScript(TestCaseExecutor.java:448)
	at com.kms.katalon.core.main.TestCaseExecutor.doExecute(TestCaseExecutor.java:439)
	at com.kms.katalon.core.main.TestCaseExecutor.processExecutionPhase(TestCaseExecutor.java:418)
	at com.kms.katalon.core.main.TestCaseExecutor.accessMainPhase(TestCaseExecutor.java:410)
	at com.kms.katalon.core.main.TestCaseExecutor.execute(TestCaseExecutor.java:285)
	at com.kms.katalon.core.common.CommonExecutor.accessTestCaseMainPhase(CommonExecutor.java:65)
	at com.kms.katalon.core.main.TestSuiteExecutor.accessTestSuiteMainPhase(TestSuiteExecutor.java:150)
	at com.kms.katalon.core.main.TestSuiteExecutor.execute(TestSuiteExecutor.java:106)
	at com.kms.katalon.core.main.TestCaseMain.startTestSuite(TestCaseMain.java:180)
	at com.kms.katalon.core.main.TestCaseMain$startTestSuite$0.call(Unknown Source)
	at TempTestSuite1761090809753.run(TempTestSuite1761090809753.groovy:35)
	at java.base/jdk.internal.reflect.NativeMethodAccessorImpl.invoke0(Native Method)
	at java.base/jdk.internal.reflect.NativeMethodAccessorImpl.invoke(NativeMethodAccessorImpl.java:77)
	at java.base/jdk.internal.reflect.DelegatingMethodAccessorImpl.invoke(DelegatingMethodAccessorImpl.java:43)
)

21-10-2025T21:44:58 - [MESSAGE][INFO] - Unable to find the element located by 'By.xpath: /html/body/div/div[1]/button'. Please recheck the objects properties to make sure the desired element is located. 

21-10-2025T21:44:58 - [MESSAGE][WARNING] - [SELF-HEALING] Failed to find element with id 'Object Repository/FIM/Server_Notification_Close_btn'. Try using Self-healing.

21-10-2025T21:44:59 - [MESSAGE][INFO] - [SELF-HEALING] No working XPath is found.

21-10-2025T21:45:01 - [MESSAGE][INFO] - Unable to find the element located by 'By.xpath: '. Please recheck the objects properties to make sure the desired element is located. 

21-10-2025T21:45:01 - [MESSAGE][WARNING] - [SELF-HEALING] Cannot find elements when the selector is null

21-10-2025T21:45:01 - [MESSAGE][WARNING] - Web element with id: 'Object Repository/FIM/Server_Notification_Close_btn' located by '/html/body/div/div[1]/button' not found (Root cause: com.kms.katalon.core.exception.StepFailedException: Web element with id: 'Object Repository/FIM/Server_Notification_Close_btn' located by '/html/body/div/div[1]/button' not found
	at com.kms.katalon.core.webui.keyword.internal.WebUIKeywordMain.stepFailed(WebUIKeywordMain.groovy:117)
	at com.kms.katalon.core.webui.keyword.builtin.VerifyElementVisibleKeyword$_verifyElementVisible_closure1.doCall(VerifyElementVisibleKeyword.groovy:89)
	at com.kms.katalon.core.webui.keyword.builtin.VerifyElementVisibleKeyword$_verifyElementVisible_closure1.call(VerifyElementVisibleKeyword.groovy)
	at com.kms.katalon.core.webui.keyword.internal.WebUIKeywordMain.runKeyword(WebUIKeywordMain.groovy:35)
	at com.kms.katalon.core.webui.keyword.builtin.VerifyElementVisibleKeyword.verifyElementVisible(VerifyElementVisibleKeyword.groovy:97)
	at com.kms.katalon.core.webui.keyword.builtin.VerifyElementVisibleKeyword.execute(VerifyElementVisibleKeyword.groovy:67)
	at com.kms.katalon.core.keyword.internal.KeywordExecutor.executeKeywordForPlatform(KeywordExecutor.groovy:74)
	at com.kms.katalon.core.webui.keyword.WebUiBuiltInKeywords.verifyElementVisible(WebUiBuiltInKeywords.groovy:401)
	at com.kms.katalon.core.webui.keyword.WebUiBuiltInKeywords$verifyElementVisible$4.call(Unknown Source)
	at Can Not Save Inventory With Blank Values for Tanks.run(Can Not Save Inventory With Blank Values for Tanks:32)
	at com.kms.katalon.core.main.ScriptEngine.run(ScriptEngine.java:194)
	at com.kms.katalon.core.main.ScriptEngine.runScriptAsRawText(ScriptEngine.java:119)
	at com.kms.katalon.core.main.TestCaseExecutor.runScript(TestCaseExecutor.java:448)
	at com.kms.katalon.core.main.TestCaseExecutor.doExecute(TestCaseExecutor.java:439)
	at com.kms.katalon.core.main.TestCaseExecutor.processExecutionPhase(TestCaseExecutor.java:418)
	at com.kms.katalon.core.main.TestCaseExecutor.accessMainPhase(TestCaseExecutor.java:410)
	at com.kms.katalon.core.main.TestCaseExecutor.execute(TestCaseExecutor.java:285)
	at com.kms.katalon.core.common.CommonExecutor.accessTestCaseMainPhase(CommonExecutor.java:65)
	at com.kms.katalon.core.main.TestSuiteExecutor.accessTestSuiteMainPhase(TestSuiteExecutor.java:150)
	at com.kms.katalon.core.main.TestSuiteExecutor.execute(TestSuiteExecutor.java:106)
	at com.kms.katalon.core.main.TestCaseMain.startTestSuite(TestCaseMain.java:180)
	at com.kms.katalon.core.main.TestCaseMain$startTestSuite$0.call(Unknown Source)
	at TempTestSuite1761090809753.run(TempTestSuite1761090809753.groovy:35)
	at java.base/jdk.internal.reflect.NativeMethodAccessorImpl.invoke0(Native Method)
	at java.base/jdk.internal.reflect.NativeMethodAccessorImpl.invoke(NativeMethodAccessorImpl.java:77)
	at java.base/jdk.internal.reflect.DelegatingMethodAccessorImpl.invoke(DelegatingMethodAccessorImpl.java:43)
)

21-10-2025T21:45:01 - [TEST_STEP][PASSED] - delay(1): Delayed 1 second(s)

21-10-2025T21:45:02 - [MESSAGE][PASSED] - Delayed 1 second(s)

21-10-2025T21:45:02 - [TEST_STEP][PASSED] - waitForElementClickable(findTestObject("FIM/Sites Page/Inventories/Create/Add Inventories_btn"), 300): Object 'Object Repository/FIM/Sites Page/Inventories/Create/Add Inventories_btn' is clickable

21-10-2025T21:45:02 - [MESSAGE][PASSED] - Object 'Object Repository/FIM/Sites Page/Inventories/Create/Add Inventories_btn' is clickable

21-10-2025T21:45:02 - [TEST_STEP][PASSED] - click(findTestObject("FIM/Sites Page/Inventories/Create/Add Inventories_btn")): Object: 'Object Repository/FIM/Sites Page/Inventories/Create/Add Inventories_btn' is clicked on

21-10-2025T21:45:03 - [MESSAGE][PASSED] - Object: 'Object Repository/FIM/Sites Page/Inventories/Create/Add Inventories_btn' is clicked on

21-10-2025T21:45:03 - [TEST_STEP][PASSED] - click(findTestObject("FIM/Sites Page/Inventories/Create/Save Inventories_btn")): Object: 'Object Repository/FIM/Sites Page/Inventories/Create/Save Inventories_btn' is clicked on

21-10-2025T21:45:03 - [MESSAGE][PASSED] - Object: 'Object Repository/FIM/Sites Page/Inventories/Create/Save Inventories_btn' is clicked on

21-10-2025T21:45:03 - [TEST_STEP][PASSED] - verifyElementPresent(findTestObject("FIM/Sites Page/Inventories/Create/Inventories Can Not Be Blank error message"), 10): Object 'Object Repository/FIM/Sites Page/Inventories/Create/Inventories Can Not Be Blank error message' is present

21-10-2025T21:45:03 - [MESSAGE][PASSED] - Object 'Object Repository/FIM/Sites Page/Inventories/Create/Inventories Can Not Be Blank error message' is present

21-10-2025T21:45:03 - [TEST_STEP][PASSED] - delay(1): Delayed 1 second(s)

21-10-2025T21:45:04 - [MESSAGE][PASSED] - Delayed 1 second(s)

21-10-2025T21:45:04 - [TEST_STEP][PASSED] - verifyElementVisible(findTestObject("FIM/Sites Page/Inventories/Create/Inventories Can Not Be Blank error message")): Object 'Object Repository/FIM/Sites Page/Inventories/Create/Inventories Can Not Be Blank error message' is visible

21-10-2025T21:45:04 - [MESSAGE][PASSED] - Object 'Object Repository/FIM/Sites Page/Inventories/Create/Inventories Can Not Be Blank error message' is visible

21-10-2025T21:45:04 - [TEST_STEP][PASSED] - delay(1): Delayed 1 second(s)

21-10-2025T21:45:05 - [MESSAGE][PASSED] - Delayed 1 second(s)

21-10-2025T21:45:05 - [TEST_STEP][PASSED] - verifyElementText(findTestObject("FIM/Sites Page/Inventories/Create/Inventories Can Not Be Blank error message"), "Inventory cannot be blank. Please enter a value to save."): Actual text and expected text of test object 'Object Repository/FIM/Sites Page/Inventories/Create/Inventories Can Not Be Blank error message' are matched.

21-10-2025T21:45:05 - [MESSAGE][PASSED] - Actual text and expected text of test object 'Object Repository/FIM/Sites Page/Inventories/Create/Inventories Can Not Be Blank error message' are matched.

21-10-2025T21:45:05 - [TEST_STEP][PASSED] - Start listener action : retryOnDisconnect: null

21-10-2025T21:45:05 - [TEST_STEP][PASSED] - tcId = testCaseContext.getTestCaseId(): null

21-10-2025T21:45:05 - [TEST_STEP][PASSED] - currentRetry = retryCounts.getOrDefault(tcId, 0): null

21-10-2025T21:45:05 - [TEST_STEP][PASSED] - if (testCaseContext.getTestCaseStatus() == "FAILED" && currentRetry < MAX_RETRIES): null]]></system-out>
         <system-err><![CDATA[]]></system-err>
      </testcase>
      <testcase name="Test Cases/FIM/UI/Kenan/Admin/Sites Page/Inventories/Create Inventory Greater Than Safe Fill" time="29.62" classname="Test Cases/FIM/UI/Kenan/Admin/Sites Page/Inventories/Create Inventory Greater Than Safe Fill" status="PASSED">
         <system-out><![CDATA[21-10-2025T21:45:05 - [TEST_CASE][PASSED] - Test Cases/FIM/UI/Kenan/Admin/Sites Page/Inventories/Create Inventory Greater Than Safe Fill: Test Cases/FIM/UI/Kenan/Admin/Sites Page/Inventories/Create Inventory Greater Than Safe Fill

21-10-2025T21:45:05 - [TEST_STEP][PASSED] - Start listener action : beforeTestCase: null

21-10-2025T21:45:05 - [TEST_STEP][PASSED] - addDefaultPackages(): null

21-10-2025T21:45:05 - [TEST_STEP][PASSED] - openBrowser(""): Browser is opened with url: ''

21-10-2025T21:45:05 - [MESSAGE][WARNING] - A browser is already opened. Closing browser and opening a new one

21-10-2025T21:45:05 - [MESSAGE][INFO] - Starting 'Chrome' driver

21-10-2025T21:45:05 - [MESSAGE][INFO] - User set preference: ['args', '[--no-sandbox, --disable-gpu, --disable-dev-shm-usage]']

21-10-2025T21:45:05 - [MESSAGE][INFO] - Action delay is set to 0 milliseconds

21-10-2025T21:45:06 - [MESSAGE][PASSED] - Browser is opened with url: ''

21-10-2025T21:45:06 - [TEST_STEP][PASSED] - navigateToUrl(TURK104SitesURL): Navigate to 'https://kag-inventory-management-portal.qa.thekag.com/site/TURK104?cg=-1&r=-1&i=i' successfully

21-10-2025T21:45:06 - [MESSAGE][PASSED] - Navigate to 'https://kag-inventory-management-portal.qa.thekag.com/site/TURK104?cg=-1&r=-1&i=i' successfully

21-10-2025T21:45:06 - [TEST_STEP][PASSED] - maximizeWindow(): Current window maximized

21-10-2025T21:45:07 - [MESSAGE][PASSED] - Current window maximized

21-10-2025T21:45:07 - [TEST_STEP][PASSED] - setText(findTestObject("FIM/Username_txt"), "Chris.Sheldon+DES_QA@Thekag.com"): Text 'Chris.Sheldon+DES_QA@Thekag.com' is set on object 'Object Repository/FIM/Username_txt'

21-10-2025T21:45:07 - [MESSAGE][PASSED] - Text 'Chris.Sheldon+DES_QA@Thekag.com' is set on object 'Object Repository/FIM/Username_txt'

21-10-2025T21:45:07 - [TEST_STEP][PASSED] - setText(findTestObject("FIM/Password_txt"), "QATest!2"): Text 'QATest!2' is set on object 'Object Repository/FIM/Password_txt'

21-10-2025T21:45:07 - [MESSAGE][PASSED] - Text 'QATest!2' is set on object 'Object Repository/FIM/Password_txt'

21-10-2025T21:45:07 - [TEST_STEP][PASSED] - click(findTestObject("FIM/Login_btn")): Object: 'Object Repository/FIM/Login_btn' is clicked on

21-10-2025T21:45:07 - [MESSAGE][PASSED] - Object: 'Object Repository/FIM/Login_btn' is clicked on

21-10-2025T21:45:07 - [TEST_STEP][PASSED] - if (verifyElementVisible(findTestObject("FIM/Server_Notification_Close_btn"), OPTIONAL) == true): Web element with id: 'Object Repository/FIM/Server_Notification_Close_btn' located by '/html/body/div/div[1]/button' not found (Root cause: com.kms.katalon.core.exception.StepFailedException: Web element with id: 'Object Repository/FIM/Server_Notification_Close_btn' located by '/html/body/div/div[1]/button' not found
	at com.kms.katalon.core.webui.keyword.internal.WebUIKeywordMain.stepFailed(WebUIKeywordMain.groovy:117)
	at com.kms.katalon.core.webui.keyword.builtin.VerifyElementVisibleKeyword$_verifyElementVisible_closure1.doCall(VerifyElementVisibleKeyword.groovy:89)
	at com.kms.katalon.core.webui.keyword.builtin.VerifyElementVisibleKeyword$_verifyElementVisible_closure1.call(VerifyElementVisibleKeyword.groovy)
	at com.kms.katalon.core.webui.keyword.internal.WebUIKeywordMain.runKeyword(WebUIKeywordMain.groovy:35)
	at com.kms.katalon.core.webui.keyword.builtin.VerifyElementVisibleKeyword.verifyElementVisible(VerifyElementVisibleKeyword.groovy:97)
	at com.kms.katalon.core.webui.keyword.builtin.VerifyElementVisibleKeyword.execute(VerifyElementVisibleKeyword.groovy:67)
	at com.kms.katalon.core.keyword.internal.KeywordExecutor.executeKeywordForPlatform(KeywordExecutor.groovy:74)
	at com.kms.katalon.core.webui.keyword.WebUiBuiltInKeywords.verifyElementVisible(WebUiBuiltInKeywords.groovy:401)
	at com.kms.katalon.core.webui.keyword.WebUiBuiltInKeywords$verifyElementVisible$4.call(Unknown Source)
	at Create Inventory Greater Than Safe Fill.run(Create Inventory Greater Than Safe Fill:32)
	at com.kms.katalon.core.main.ScriptEngine.run(ScriptEngine.java:194)
	at com.kms.katalon.core.main.ScriptEngine.runScriptAsRawText(ScriptEngine.java:119)
	at com.kms.katalon.core.main.TestCaseExecutor.runScript(TestCaseExecutor.java:448)
	at com.kms.katalon.core.main.TestCaseExecutor.doExecute(TestCaseExecutor.java:439)
	at com.kms.katalon.core.main.TestCaseExecutor.processExecutionPhase(TestCaseExecutor.java:418)
	at com.kms.katalon.core.main.TestCaseExecutor.accessMainPhase(TestCaseExecutor.java:410)
	at com.kms.katalon.core.main.TestCaseExecutor.execute(TestCaseExecutor.java:285)
	at com.kms.katalon.core.common.CommonExecutor.accessTestCaseMainPhase(CommonExecutor.java:65)
	at com.kms.katalon.core.main.TestSuiteExecutor.accessTestSuiteMainPhase(TestSuiteExecutor.java:150)
	at com.kms.katalon.core.main.TestSuiteExecutor.execute(TestSuiteExecutor.java:106)
	at com.kms.katalon.core.main.TestCaseMain.startTestSuite(TestCaseMain.java:180)
	at com.kms.katalon.core.main.TestCaseMain$startTestSuite$0.call(Unknown Source)
	at TempTestSuite1761090809753.run(TempTestSuite1761090809753.groovy:35)
	at java.base/jdk.internal.reflect.NativeMethodAccessorImpl.invoke0(Native Method)
	at java.base/jdk.internal.reflect.NativeMethodAccessorImpl.invoke(NativeMethodAccessorImpl.java:77)
	at java.base/jdk.internal.reflect.DelegatingMethodAccessorImpl.invoke(DelegatingMethodAccessorImpl.java:43)
)

21-10-2025T21:45:23 - [MESSAGE][INFO] - Unable to find the element located by 'By.xpath: /html/body/div/div[1]/button'. Please recheck the objects properties to make sure the desired element is located. 

21-10-2025T21:45:23 - [MESSAGE][WARNING] - [SELF-HEALING] Failed to find element with id 'Object Repository/FIM/Server_Notification_Close_btn'. Try using Self-healing.

21-10-2025T21:45:24 - [MESSAGE][INFO] - [SELF-HEALING] No working XPath is found.

21-10-2025T21:45:26 - [MESSAGE][INFO] - Unable to find the element located by 'By.xpath: '. Please recheck the objects properties to make sure the desired element is located. 

21-10-2025T21:45:26 - [MESSAGE][WARNING] - [SELF-HEALING] Cannot find elements when the selector is null

21-10-2025T21:45:26 - [MESSAGE][WARNING] - Web element with id: 'Object Repository/FIM/Server_Notification_Close_btn' located by '/html/body/div/div[1]/button' not found (Root cause: com.kms.katalon.core.exception.StepFailedException: Web element with id: 'Object Repository/FIM/Server_Notification_Close_btn' located by '/html/body/div/div[1]/button' not found
	at com.kms.katalon.core.webui.keyword.internal.WebUIKeywordMain.stepFailed(WebUIKeywordMain.groovy:117)
	at com.kms.katalon.core.webui.keyword.builtin.VerifyElementVisibleKeyword$_verifyElementVisible_closure1.doCall(VerifyElementVisibleKeyword.groovy:89)
	at com.kms.katalon.core.webui.keyword.builtin.VerifyElementVisibleKeyword$_verifyElementVisible_closure1.call(VerifyElementVisibleKeyword.groovy)
	at com.kms.katalon.core.webui.keyword.internal.WebUIKeywordMain.runKeyword(WebUIKeywordMain.groovy:35)
	at com.kms.katalon.core.webui.keyword.builtin.VerifyElementVisibleKeyword.verifyElementVisible(VerifyElementVisibleKeyword.groovy:97)
	at com.kms.katalon.core.webui.keyword.builtin.VerifyElementVisibleKeyword.execute(VerifyElementVisibleKeyword.groovy:67)
	at com.kms.katalon.core.keyword.internal.KeywordExecutor.executeKeywordForPlatform(KeywordExecutor.groovy:74)
	at com.kms.katalon.core.webui.keyword.WebUiBuiltInKeywords.verifyElementVisible(WebUiBuiltInKeywords.groovy:401)
	at com.kms.katalon.core.webui.keyword.WebUiBuiltInKeywords$verifyElementVisible$4.call(Unknown Source)
	at Create Inventory Greater Than Safe Fill.run(Create Inventory Greater Than Safe Fill:32)
	at com.kms.katalon.core.main.ScriptEngine.run(ScriptEngine.java:194)
	at com.kms.katalon.core.main.ScriptEngine.runScriptAsRawText(ScriptEngine.java:119)
	at com.kms.katalon.core.main.TestCaseExecutor.runScript(TestCaseExecutor.java:448)
	at com.kms.katalon.core.main.TestCaseExecutor.doExecute(TestCaseExecutor.java:439)
	at com.kms.katalon.core.main.TestCaseExecutor.processExecutionPhase(TestCaseExecutor.java:418)
	at com.kms.katalon.core.main.TestCaseExecutor.accessMainPhase(TestCaseExecutor.java:410)
	at com.kms.katalon.core.main.TestCaseExecutor.execute(TestCaseExecutor.java:285)
	at com.kms.katalon.core.common.CommonExecutor.accessTestCaseMainPhase(CommonExecutor.java:65)
	at com.kms.katalon.core.main.TestSuiteExecutor.accessTestSuiteMainPhase(TestSuiteExecutor.java:150)
	at com.kms.katalon.core.main.TestSuiteExecutor.execute(TestSuiteExecutor.java:106)
	at com.kms.katalon.core.main.TestCaseMain.startTestSuite(TestCaseMain.java:180)
	at com.kms.katalon.core.main.TestCaseMain$startTestSuite$0.call(Unknown Source)
	at TempTestSuite1761090809753.run(TempTestSuite1761090809753.groovy:35)
	at java.base/jdk.internal.reflect.NativeMethodAccessorImpl.invoke0(Native Method)
	at java.base/jdk.internal.reflect.NativeMethodAccessorImpl.invoke(NativeMethodAccessorImpl.java:77)
	at java.base/jdk.internal.reflect.DelegatingMethodAccessorImpl.invoke(DelegatingMethodAccessorImpl.java:43)
)

21-10-2025T21:45:26 - [TEST_STEP][PASSED] - delay(1): Delayed 1 second(s)

21-10-2025T21:45:27 - [MESSAGE][PASSED] - Delayed 1 second(s)

21-10-2025T21:45:27 - [TEST_STEP][PASSED] - waitForElementClickable(findTestObject("FIM/Sites Page/Inventories/Create/Add Inventories_btn"), 300): Object 'Object Repository/FIM/Sites Page/Inventories/Create/Add Inventories_btn' is clickable

21-10-2025T21:45:27 - [MESSAGE][PASSED] - Object 'Object Repository/FIM/Sites Page/Inventories/Create/Add Inventories_btn' is clickable

21-10-2025T21:45:27 - [TEST_STEP][PASSED] - click(findTestObject("FIM/Sites Page/Inventories/Create/Add Inventories_btn")): Object: 'Object Repository/FIM/Sites Page/Inventories/Create/Add Inventories_btn' is clicked on

21-10-2025T21:45:27 - [MESSAGE][PASSED] - Object: 'Object Repository/FIM/Sites Page/Inventories/Create/Add Inventories_btn' is clicked on

21-10-2025T21:45:27 - [TEST_STEP][PASSED] - click(findTestObject("FIM/Sites Page/Inventories/Create/Inventories Date_txt")): Object: 'Object Repository/FIM/Sites Page/Inventories/Create/Inventories Date_txt' is clicked on

21-10-2025T21:45:27 - [MESSAGE][PASSED] - Object: 'Object Repository/FIM/Sites Page/Inventories/Create/Inventories Date_txt' is clicked on

21-10-2025T21:45:27 - [TEST_STEP][PASSED] - sendKeys(findTestObject("FIM/Sites Page/Inventories/Create/Inventories Date_txt"), "09/08/22"): Keys '09/08/22' sent to object: 'Object Repository/FIM/Sites Page/Inventories/Create/Inventories Date_txt'

21-10-2025T21:45:27 - [MESSAGE][PASSED] - Keys '09/08/22' sent to object: 'Object Repository/FIM/Sites Page/Inventories/Create/Inventories Date_txt'

21-10-2025T21:45:27 - [TEST_STEP][PASSED] - delay(2): Delayed 2 second(s)

21-10-2025T21:45:29 - [MESSAGE][PASSED] - Delayed 2 second(s)

21-10-2025T21:45:29 - [TEST_STEP][PASSED] - click(findTestObject("FIM/Sites Page/Inventories/Create/Inventories Time_txt")): Object: 'Object Repository/FIM/Sites Page/Inventories/Create/Inventories Time_txt' is clicked on

21-10-2025T21:45:30 - [MESSAGE][PASSED] - Object: 'Object Repository/FIM/Sites Page/Inventories/Create/Inventories Time_txt' is clicked on

21-10-2025T21:45:30 - [TEST_STEP][PASSED] - sendKeys(findTestObject("FIM/Sites Page/Inventories/Create/Inventories Time_txt"), "12:15"): Keys '12:15' sent to object: 'Object Repository/FIM/Sites Page/Inventories/Create/Inventories Time_txt'

21-10-2025T21:45:30 - [MESSAGE][PASSED] - Keys '12:15' sent to object: 'Object Repository/FIM/Sites Page/Inventories/Create/Inventories Time_txt'

21-10-2025T21:45:30 - [TEST_STEP][PASSED] - delay(2): Delayed 2 second(s)

21-10-2025T21:45:32 - [MESSAGE][PASSED] - Delayed 2 second(s)

21-10-2025T21:45:32 - [TEST_STEP][PASSED] - sendKeys(findTestObject("FIM/Sites Page/Inventories/Create/Tank_1_txt"), "9100"): Keys '9100' sent to object: 'Object Repository/FIM/Sites Page/Inventories/Create/Tank_1_txt'

21-10-2025T21:45:32 - [MESSAGE][PASSED] - Keys '9100' sent to object: 'Object Repository/FIM/Sites Page/Inventories/Create/Tank_1_txt'

21-10-2025T21:45:32 - [TEST_STEP][PASSED] - delay(2): Delayed 2 second(s)

21-10-2025T21:45:34 - [MESSAGE][PASSED] - Delayed 2 second(s)

21-10-2025T21:45:34 - [TEST_STEP][PASSED] - sendKeys(findTestObject("FIM/Sites Page/Inventories/Create/Tank_2_txt"), "9100"): Keys '9100' sent to object: 'Object Repository/FIM/Sites Page/Inventories/Create/Tank_2_txt'

21-10-2025T21:45:34 - [MESSAGE][PASSED] - Keys '9100' sent to object: 'Object Repository/FIM/Sites Page/Inventories/Create/Tank_2_txt'

21-10-2025T21:45:34 - [TEST_STEP][PASSED] - verifyElementClickable(findTestObject("FIM/Sites Page/Inventories/Create/Save Inventories_btn")): Object 'Object Repository/FIM/Sites Page/Inventories/Create/Save Inventories_btn' is clickable

21-10-2025T21:45:34 - [MESSAGE][PASSED] - Object 'Object Repository/FIM/Sites Page/Inventories/Create/Save Inventories_btn' is clickable

21-10-2025T21:45:34 - [TEST_STEP][PASSED] - click(findTestObject("FIM/Sites Page/Inventories/Create/Save Inventories_btn")): Object: 'Object Repository/FIM/Sites Page/Inventories/Create/Save Inventories_btn' is clicked on

21-10-2025T21:45:35 - [MESSAGE][PASSED] - Object: 'Object Repository/FIM/Sites Page/Inventories/Create/Save Inventories_btn' is clicked on

21-10-2025T21:45:35 - [TEST_STEP][PASSED] - Start listener action : retryOnDisconnect: null

21-10-2025T21:45:35 - [TEST_STEP][PASSED] - tcId = testCaseContext.getTestCaseId(): null

21-10-2025T21:45:35 - [TEST_STEP][PASSED] - currentRetry = retryCounts.getOrDefault(tcId, 0): null

21-10-2025T21:45:35 - [TEST_STEP][PASSED] - if (testCaseContext.getTestCaseStatus() == "FAILED" && currentRetry < MAX_RETRIES): null]]></system-out>
         <system-err><![CDATA[]]></system-err>
      </testcase>
      <testcase name="Test Cases/FIM/UI/Kenan/Admin/Sites Page/Inventories/Edit Inventory" time="45.923" classname="Test Cases/FIM/UI/Kenan/Admin/Sites Page/Inventories/Edit Inventory" status="FAILED">
         <failure type="FAILED" message="Test Cases/FIM/UI/Kenan/Admin/Sites Page/Inventories/Edit Inventory FAILED.&#xa;Reason:&#xa;com.kms.katalon.core.exception.StepFailedException: Unable to verify object 'Object Repository/FIM/Sites Page/Inventories/Create/Inventory Created Success Message' is present&#xa;	at com.kms.katalon.core.webui.keyword.internal.WebUIKeywordMain.stepFailed(WebUIKeywordMain.groovy:117)&#xa;	at com.kms.katalon.core.webui.keyword.internal.WebUIKeywordMain.runKeyword(WebUIKeywordMain.groovy:43)&#xa;	at com.kms.katalon.core.webui.keyword.builtin.VerifyElementPresentKeyword.verifyElementPresent(VerifyElementPresentKeyword.groovy:92)&#xa;	at com.kms.katalon.core.webui.keyword.builtin.VerifyElementPresentKeyword.execute(VerifyElementPresentKeyword.groovy:68)&#xa;	at com.kms.katalon.core.keyword.internal.KeywordExecutor.executeKeywordForPlatform(KeywordExecutor.groovy:74)&#xa;	at com.kms.katalon.core.webui.keyword.WebUiBuiltInKeywords.verifyElementPresent(WebUiBuiltInKeywords.groovy:1503)&#xa;	at com.kms.katalon.core.webui.keyword.WebUiBuiltInKeywords$verifyElementPresent$7.call(Unknown Source)&#xa;	at Edit Inventory.run(Edit Inventory:66)&#xa;	at com.kms.katalon.core.main.ScriptEngine.run(ScriptEngine.java:194)&#xa;	at com.kms.katalon.core.main.ScriptEngine.runScriptAsRawText(ScriptEngine.java:119)&#xa;	at com.kms.katalon.core.main.TestCaseExecutor.runScript(TestCaseExecutor.java:448)&#xa;	at com.kms.katalon.core.main.TestCaseExecutor.doExecute(TestCaseExecutor.java:439)&#xa;	at com.kms.katalon.core.main.TestCaseExecutor.processExecutionPhase(TestCaseExecutor.java:418)&#xa;	at com.kms.katalon.core.main.TestCaseExecutor.accessMainPhase(TestCaseExecutor.java:410)&#xa;	at com.kms.katalon.core.main.TestCaseExecutor.execute(TestCaseExecutor.java:285)&#xa;	at com.kms.katalon.core.common.CommonExecutor.accessTestCaseMainPhase(CommonExecutor.java:65)&#xa;	at com.kms.katalon.core.main.TestSuiteExecutor.accessTestSuiteMainPhase(TestSuiteExecutor.java:150)&#xa;	at com.kms.katalon.core.main.TestSuiteExecutor.execute(TestSuiteExecutor.java:106)&#xa;	at com.kms.katalon.core.main.TestCaseMain.startTestSuite(TestCaseMain.java:180)&#xa;	at com.kms.katalon.core.main.TestCaseMain$startTestSuite$0.call(Unknown Source)&#xa;	at TempTestSuite1761090809753.run(TempTestSuite1761090809753.groovy:35)&#xa;	at java.base/jdk.internal.reflect.NativeMethodAccessorImpl.invoke0(Native Method)&#xa;	at java.base/jdk.internal.reflect.NativeMethodAccessorImpl.invoke(NativeMethodAccessorImpl.java:77)&#xa;	at java.base/jdk.internal.reflect.DelegatingMethodAccessorImpl.invoke(DelegatingMethodAccessorImpl.java:43)&#xa;Caused by: com.kms.katalon.core.exception.StepFailedException: com.kms.katalon.core.webui.exception.WebElementNotFoundException: Web element with id: 'Object Repository/FIM/Sites Page/Inventories/Create/Inventory Created Success Message' located by '/html/body/div[2]/div/div/div/div/div' not found&#xa;	at com.kms.katalon.core.webui.keyword.internal.WebUIKeywordMain.stepFailed(WebUIKeywordMain.groovy:117)&#xa;	at com.kms.katalon.core.webui.keyword.builtin.VerifyElementPresentKeyword$_verifyElementPresent_closure1.doCall(VerifyElementPresentKeyword.groovy:85)&#xa;	at com.kms.katalon.core.webui.keyword.builtin.VerifyElementPresentKeyword$_verifyElementPresent_closure1.call(VerifyElementPresentKeyword.groovy)&#xa;	at com.kms.katalon.core.webui.keyword.internal.WebUIKeywordMain.runKeyword(WebUIKeywordMain.groovy:35)&#xa;	... 22 more&#xa;"/>
         <system-out><![CDATA[21-10-2025T21:45:35 - [TEST_CASE][FAILED] - Test Cases/FIM/UI/Kenan/Admin/Sites Page/Inventories/Edit Inventory: Test Cases/FIM/UI/Kenan/Admin/Sites Page/Inventories/Edit Inventory FAILED.
Reason:
com.kms.katalon.core.exception.StepFailedException: Unable to verify object 'Object Repository/FIM/Sites Page/Inventories/Create/Inventory Created Success Message' is present
	at com.kms.katalon.core.webui.keyword.internal.WebUIKeywordMain.stepFailed(WebUIKeywordMain.groovy:117)
	at com.kms.katalon.core.webui.keyword.internal.WebUIKeywordMain.runKeyword(WebUIKeywordMain.groovy:43)
	at com.kms.katalon.core.webui.keyword.builtin.VerifyElementPresentKeyword.verifyElementPresent(VerifyElementPresentKeyword.groovy:92)
	at com.kms.katalon.core.webui.keyword.builtin.VerifyElementPresentKeyword.execute(VerifyElementPresentKeyword.groovy:68)
	at com.kms.katalon.core.keyword.internal.KeywordExecutor.executeKeywordForPlatform(KeywordExecutor.groovy:74)
	at com.kms.katalon.core.webui.keyword.WebUiBuiltInKeywords.verifyElementPresent(WebUiBuiltInKeywords.groovy:1503)
	at com.kms.katalon.core.webui.keyword.WebUiBuiltInKeywords$verifyElementPresent$7.call(Unknown Source)
	at Edit Inventory.run(Edit Inventory:66)
	at com.kms.katalon.core.main.ScriptEngine.run(ScriptEngine.java:194)
	at com.kms.katalon.core.main.ScriptEngine.runScriptAsRawText(ScriptEngine.java:119)
	at com.kms.katalon.core.main.TestCaseExecutor.runScript(TestCaseExecutor.java:448)
	at com.kms.katalon.core.main.TestCaseExecutor.doExecute(TestCaseExecutor.java:439)
	at com.kms.katalon.core.main.TestCaseExecutor.processExecutionPhase(TestCaseExecutor.java:418)
	at com.kms.katalon.core.main.TestCaseExecutor.accessMainPhase(TestCaseExecutor.java:410)
	at com.kms.katalon.core.main.TestCaseExecutor.execute(TestCaseExecutor.java:285)
	at com.kms.katalon.core.common.CommonExecutor.accessTestCaseMainPhase(CommonExecutor.java:65)
	at com.kms.katalon.core.main.TestSuiteExecutor.accessTestSuiteMainPhase(TestSuiteExecutor.java:150)
	at com.kms.katalon.core.main.TestSuiteExecutor.execute(TestSuiteExecutor.java:106)
	at com.kms.katalon.core.main.TestCaseMain.startTestSuite(TestCaseMain.java:180)
	at com.kms.katalon.core.main.TestCaseMain$startTestSuite$0.call(Unknown Source)
	at TempTestSuite1761090809753.run(TempTestSuite1761090809753.groovy:35)
	at java.base/jdk.internal.reflect.NativeMethodAccessorImpl.invoke0(Native Method)
	at java.base/jdk.internal.reflect.NativeMethodAccessorImpl.invoke(NativeMethodAccessorImpl.java:77)
	at java.base/jdk.internal.reflect.DelegatingMethodAccessorImpl.invoke(DelegatingMethodAccessorImpl.java:43)
Caused by: com.kms.katalon.core.exception.StepFailedException: com.kms.katalon.core.webui.exception.WebElementNotFoundException: Web element with id: 'Object Repository/FIM/Sites Page/Inventories/Create/Inventory Created Success Message' located by '/html/body/div[2]/div/div/div/div/div' not found
	at com.kms.katalon.core.webui.keyword.internal.WebUIKeywordMain.stepFailed(WebUIKeywordMain.groovy:117)
	at com.kms.katalon.core.webui.keyword.builtin.VerifyElementPresentKeyword$_verifyElementPresent_closure1.doCall(VerifyElementPresentKeyword.groovy:85)
	at com.kms.katalon.core.webui.keyword.builtin.VerifyElementPresentKeyword$_verifyElementPresent_closure1.call(VerifyElementPresentKeyword.groovy)
	at com.kms.katalon.core.webui.keyword.internal.WebUIKeywordMain.runKeyword(WebUIKeywordMain.groovy:35)
	... 22 more


21-10-2025T21:45:35 - [TEST_STEP][PASSED] - Start listener action : beforeTestCase: null

21-10-2025T21:45:35 - [TEST_STEP][PASSED] - addDefaultPackages(): null

21-10-2025T21:45:35 - [TEST_STEP][PASSED] - openBrowser(""): Browser is opened with url: ''

21-10-2025T21:45:35 - [MESSAGE][WARNING] - A browser is already opened. Closing browser and opening a new one

21-10-2025T21:45:35 - [MESSAGE][INFO] - Starting 'Chrome' driver

21-10-2025T21:45:35 - [MESSAGE][INFO] - User set preference: ['args', '[--no-sandbox, --disable-gpu, --disable-dev-shm-usage]']

21-10-2025T21:45:35 - [MESSAGE][INFO] - Action delay is set to 0 milliseconds

21-10-2025T21:45:36 - [MESSAGE][PASSED] - Browser is opened with url: ''

21-10-2025T21:45:36 - [TEST_STEP][PASSED] - navigateToUrl(TURK104SitesURL): Navigate to 'https://kag-inventory-management-portal.qa.thekag.com/site/TURK104?cg=-1&r=-1&i=i' successfully

21-10-2025T21:45:36 - [MESSAGE][PASSED] - Navigate to 'https://kag-inventory-management-portal.qa.thekag.com/site/TURK104?cg=-1&r=-1&i=i' successfully

21-10-2025T21:45:36 - [TEST_STEP][PASSED] - maximizeWindow(): Current window maximized

21-10-2025T21:45:37 - [MESSAGE][PASSED] - Current window maximized

21-10-2025T21:45:37 - [TEST_STEP][PASSED] - setText(findTestObject("FIM/Username_txt"), "Chris.Sheldon+DES_QA@Thekag.com"): Text 'Chris.Sheldon+DES_QA@Thekag.com' is set on object 'Object Repository/FIM/Username_txt'

21-10-2025T21:45:37 - [MESSAGE][PASSED] - Text 'Chris.Sheldon+DES_QA@Thekag.com' is set on object 'Object Repository/FIM/Username_txt'

21-10-2025T21:45:37 - [TEST_STEP][PASSED] - setText(findTestObject("FIM/Password_txt"), "QATest!2"): Text 'QATest!2' is set on object 'Object Repository/FIM/Password_txt'

21-10-2025T21:45:37 - [MESSAGE][PASSED] - Text 'QATest!2' is set on object 'Object Repository/FIM/Password_txt'

21-10-2025T21:45:37 - [TEST_STEP][PASSED] - click(findTestObject("FIM/Login_btn")): Object: 'Object Repository/FIM/Login_btn' is clicked on

21-10-2025T21:45:37 - [MESSAGE][PASSED] - Object: 'Object Repository/FIM/Login_btn' is clicked on

21-10-2025T21:45:37 - [TEST_STEP][PASSED] - if (verifyElementVisible(findTestObject("FIM/Server_Notification_Close_btn"), OPTIONAL) == true): Web element with id: 'Object Repository/FIM/Server_Notification_Close_btn' located by '/html/body/div/div[1]/button' not found (Root cause: com.kms.katalon.core.exception.StepFailedException: Web element with id: 'Object Repository/FIM/Server_Notification_Close_btn' located by '/html/body/div/div[1]/button' not found
	at com.kms.katalon.core.webui.keyword.internal.WebUIKeywordMain.stepFailed(WebUIKeywordMain.groovy:117)
	at com.kms.katalon.core.webui.keyword.builtin.VerifyElementVisibleKeyword$_verifyElementVisible_closure1.doCall(VerifyElementVisibleKeyword.groovy:89)
	at com.kms.katalon.core.webui.keyword.builtin.VerifyElementVisibleKeyword$_verifyElementVisible_closure1.call(VerifyElementVisibleKeyword.groovy)
	at com.kms.katalon.core.webui.keyword.internal.WebUIKeywordMain.runKeyword(WebUIKeywordMain.groovy:35)
	at com.kms.katalon.core.webui.keyword.builtin.VerifyElementVisibleKeyword.verifyElementVisible(VerifyElementVisibleKeyword.groovy:97)
	at com.kms.katalon.core.webui.keyword.builtin.VerifyElementVisibleKeyword.execute(VerifyElementVisibleKeyword.groovy:67)
	at com.kms.katalon.core.keyword.internal.KeywordExecutor.executeKeywordForPlatform(KeywordExecutor.groovy:74)
	at com.kms.katalon.core.webui.keyword.WebUiBuiltInKeywords.verifyElementVisible(WebUiBuiltInKeywords.groovy:401)
	at com.kms.katalon.core.webui.keyword.WebUiBuiltInKeywords$verifyElementVisible$4.call(Unknown Source)
	at Edit Inventory.run(Edit Inventory:32)
	at com.kms.katalon.core.main.ScriptEngine.run(ScriptEngine.java:194)
	at com.kms.katalon.core.main.ScriptEngine.runScriptAsRawText(ScriptEngine.java:119)
	at com.kms.katalon.core.main.TestCaseExecutor.runScript(TestCaseExecutor.java:448)
	at com.kms.katalon.core.main.TestCaseExecutor.doExecute(TestCaseExecutor.java:439)
	at com.kms.katalon.core.main.TestCaseExecutor.processExecutionPhase(TestCaseExecutor.java:418)
	at com.kms.katalon.core.main.TestCaseExecutor.accessMainPhase(TestCaseExecutor.java:410)
	at com.kms.katalon.core.main.TestCaseExecutor.execute(TestCaseExecutor.java:285)
	at com.kms.katalon.core.common.CommonExecutor.accessTestCaseMainPhase(CommonExecutor.java:65)
	at com.kms.katalon.core.main.TestSuiteExecutor.accessTestSuiteMainPhase(TestSuiteExecutor.java:150)
	at com.kms.katalon.core.main.TestSuiteExecutor.execute(TestSuiteExecutor.java:106)
	at com.kms.katalon.core.main.TestCaseMain.startTestSuite(TestCaseMain.java:180)
	at com.kms.katalon.core.main.TestCaseMain$startTestSuite$0.call(Unknown Source)
	at TempTestSuite1761090809753.run(TempTestSuite1761090809753.groovy:35)
	at java.base/jdk.internal.reflect.NativeMethodAccessorImpl.invoke0(Native Method)
	at java.base/jdk.internal.reflect.NativeMethodAccessorImpl.invoke(NativeMethodAccessorImpl.java:77)
	at java.base/jdk.internal.reflect.DelegatingMethodAccessorImpl.invoke(DelegatingMethodAccessorImpl.java:43)
)

21-10-2025T21:45:53 - [MESSAGE][INFO] - Unable to find the element located by 'By.xpath: /html/body/div/div[1]/button'. Please recheck the objects properties to make sure the desired element is located. 

21-10-2025T21:45:53 - [MESSAGE][WARNING] - [SELF-HEALING] Failed to find element with id 'Object Repository/FIM/Server_Notification_Close_btn'. Try using Self-healing.

21-10-2025T21:45:54 - [MESSAGE][INFO] - [SELF-HEALING] No working XPath is found.

21-10-2025T21:45:56 - [MESSAGE][INFO] - Unable to find the element located by 'By.xpath: '. Please recheck the objects properties to make sure the desired element is located. 

21-10-2025T21:45:56 - [MESSAGE][WARNING] - [SELF-HEALING] Cannot find elements when the selector is null

21-10-2025T21:45:56 - [MESSAGE][WARNING] - Web element with id: 'Object Repository/FIM/Server_Notification_Close_btn' located by '/html/body/div/div[1]/button' not found (Root cause: com.kms.katalon.core.exception.StepFailedException: Web element with id: 'Object Repository/FIM/Server_Notification_Close_btn' located by '/html/body/div/div[1]/button' not found
	at com.kms.katalon.core.webui.keyword.internal.WebUIKeywordMain.stepFailed(WebUIKeywordMain.groovy:117)
	at com.kms.katalon.core.webui.keyword.builtin.VerifyElementVisibleKeyword$_verifyElementVisible_closure1.doCall(VerifyElementVisibleKeyword.groovy:89)
	at com.kms.katalon.core.webui.keyword.builtin.VerifyElementVisibleKeyword$_verifyElementVisible_closure1.call(VerifyElementVisibleKeyword.groovy)
	at com.kms.katalon.core.webui.keyword.internal.WebUIKeywordMain.runKeyword(WebUIKeywordMain.groovy:35)
	at com.kms.katalon.core.webui.keyword.builtin.VerifyElementVisibleKeyword.verifyElementVisible(VerifyElementVisibleKeyword.groovy:97)
	at com.kms.katalon.core.webui.keyword.builtin.VerifyElementVisibleKeyword.execute(VerifyElementVisibleKeyword.groovy:67)
	at com.kms.katalon.core.keyword.internal.KeywordExecutor.executeKeywordForPlatform(KeywordExecutor.groovy:74)
	at com.kms.katalon.core.webui.keyword.WebUiBuiltInKeywords.verifyElementVisible(WebUiBuiltInKeywords.groovy:401)
	at com.kms.katalon.core.webui.keyword.WebUiBuiltInKeywords$verifyElementVisible$4.call(Unknown Source)
	at Edit Inventory.run(Edit Inventory:32)
	at com.kms.katalon.core.main.ScriptEngine.run(ScriptEngine.java:194)
	at com.kms.katalon.core.main.ScriptEngine.runScriptAsRawText(ScriptEngine.java:119)
	at com.kms.katalon.core.main.TestCaseExecutor.runScript(TestCaseExecutor.java:448)
	at com.kms.katalon.core.main.TestCaseExecutor.doExecute(TestCaseExecutor.java:439)
	at com.kms.katalon.core.main.TestCaseExecutor.processExecutionPhase(TestCaseExecutor.java:418)
	at com.kms.katalon.core.main.TestCaseExecutor.accessMainPhase(TestCaseExecutor.java:410)
	at com.kms.katalon.core.main.TestCaseExecutor.execute(TestCaseExecutor.java:285)
	at com.kms.katalon.core.common.CommonExecutor.accessTestCaseMainPhase(CommonExecutor.java:65)
	at com.kms.katalon.core.main.TestSuiteExecutor.accessTestSuiteMainPhase(TestSuiteExecutor.java:150)
	at com.kms.katalon.core.main.TestSuiteExecutor.execute(TestSuiteExecutor.java:106)
	at com.kms.katalon.core.main.TestCaseMain.startTestSuite(TestCaseMain.java:180)
	at com.kms.katalon.core.main.TestCaseMain$startTestSuite$0.call(Unknown Source)
	at TempTestSuite1761090809753.run(TempTestSuite1761090809753.groovy:35)
	at java.base/jdk.internal.reflect.NativeMethodAccessorImpl.invoke0(Native Method)
	at java.base/jdk.internal.reflect.NativeMethodAccessorImpl.invoke(NativeMethodAccessorImpl.java:77)
	at java.base/jdk.internal.reflect.DelegatingMethodAccessorImpl.invoke(DelegatingMethodAccessorImpl.java:43)
)

21-10-2025T21:45:56 - [TEST_STEP][PASSED] - delay(1): Delayed 1 second(s)

21-10-2025T21:45:57 - [MESSAGE][PASSED] - Delayed 1 second(s)

21-10-2025T21:45:57 - [TEST_STEP][PASSED] - waitForElementClickable(findTestObject("FIM/Sites Page/Inventories/Edit/Inventory History/Inventory History_btn"), 300): Object 'Object Repository/FIM/Sites Page/Inventories/Edit/Inventory History/Inventory History_btn' is clickable

21-10-2025T21:45:57 - [MESSAGE][PASSED] - Object 'Object Repository/FIM/Sites Page/Inventories/Edit/Inventory History/Inventory History_btn' is clickable

21-10-2025T21:45:57 - [TEST_STEP][PASSED] - click(findTestObject("FIM/Sites Page/Inventories/Edit/Inventory History/Inventory History_btn"), STOP_ON_FAILURE): Object: 'Object Repository/FIM/Sites Page/Inventories/Edit/Inventory History/Inventory History_btn' is clicked on

21-10-2025T21:45:57 - [MESSAGE][PASSED] - Object: 'Object Repository/FIM/Sites Page/Inventories/Edit/Inventory History/Inventory History_btn' is clicked on

21-10-2025T21:45:57 - [TEST_STEP][PASSED] - click(findTestObject("FIM/Sites Page/Inventories/Edit/Inventory History/1st Edit Inventory_btn")): Object: 'Object Repository/FIM/Sites Page/Inventories/Edit/Inventory History/1st Edit Inventory_btn' is clicked on

21-10-2025T21:45:57 - [MESSAGE][PASSED] - Object: 'Object Repository/FIM/Sites Page/Inventories/Edit/Inventory History/1st Edit Inventory_btn' is clicked on

21-10-2025T21:45:57 - [TEST_STEP][PASSED] - delay(2): Delayed 2 second(s)

21-10-2025T21:45:59 - [MESSAGE][PASSED] - Delayed 2 second(s)

21-10-2025T21:45:59 - [TEST_STEP][PASSED] - clearText(findTestObject("FIM/Sites Page/Inventories/Edit/Inventory History/Edit Turk101_Inventory_10UNL_txt")): Text of object 'Object Repository/FIM/Sites Page/Inventories/Edit/Inventory History/Edit Turk101_Inventory_10UNL_txt' is cleared

21-10-2025T21:45:59 - [MESSAGE][PASSED] - Text of object 'Object Repository/FIM/Sites Page/Inventories/Edit/Inventory History/Edit Turk101_Inventory_10UNL_txt' is cleared

21-10-2025T21:45:59 - [TEST_STEP][PASSED] - sendKeys(findTestObject("FIM/Sites Page/Inventories/Edit/Inventory History/Edit Turk101_Inventory_10UNL_txt"), "7956"): Keys '7956' sent to object: 'Object Repository/FIM/Sites Page/Inventories/Edit/Inventory History/Edit Turk101_Inventory_10UNL_txt'

21-10-2025T21:46:00 - [MESSAGE][PASSED] - Keys '7956' sent to object: 'Object Repository/FIM/Sites Page/Inventories/Edit/Inventory History/Edit Turk101_Inventory_10UNL_txt'

21-10-2025T21:46:00 - [TEST_STEP][PASSED] - delay(2): Delayed 2 second(s)

21-10-2025T21:46:02 - [MESSAGE][PASSED] - Delayed 2 second(s)

21-10-2025T21:46:02 - [TEST_STEP][PASSED] - clearText(findTestObject("FIM/Sites Page/Inventories/Edit/Inventory History/Edit Turk101_Inventory_30PRM_txt")): Text of object 'Object Repository/FIM/Sites Page/Inventories/Edit/Inventory History/Edit Turk101_Inventory_30PRM_txt' is cleared

21-10-2025T21:46:02 - [MESSAGE][PASSED] - Text of object 'Object Repository/FIM/Sites Page/Inventories/Edit/Inventory History/Edit Turk101_Inventory_30PRM_txt' is cleared

21-10-2025T21:46:02 - [TEST_STEP][PASSED] - sendKeys(findTestObject("FIM/Sites Page/Inventories/Edit/Inventory History/Edit Turk101_Inventory_30PRM_txt"), "8302"): Keys '8302' sent to object: 'Object Repository/FIM/Sites Page/Inventories/Edit/Inventory History/Edit Turk101_Inventory_30PRM_txt'

21-10-2025T21:46:02 - [MESSAGE][PASSED] - Keys '8302' sent to object: 'Object Repository/FIM/Sites Page/Inventories/Edit/Inventory History/Edit Turk101_Inventory_30PRM_txt'

21-10-2025T21:46:02 - [TEST_STEP][PASSED] - click(findTestObject("FIM/Sites Page/Inventories/Edit/Inventory History/Inventory Update_btn")): Object: 'Object Repository/FIM/Sites Page/Inventories/Edit/Inventory History/Inventory Update_btn' is clicked on

21-10-2025T21:46:02 - [MESSAGE][PASSED] - Object: 'Object Repository/FIM/Sites Page/Inventories/Edit/Inventory History/Inventory Update_btn' is clicked on

21-10-2025T21:46:02 - [TEST_STEP][PASSED] - delay(1): Delayed 1 second(s)

21-10-2025T21:46:03 - [MESSAGE][PASSED] - Delayed 1 second(s)

21-10-2025T21:46:03 - [TEST_STEP][PASSED] - click(findTestObject("FIM/Sites Page/Inventories/Edit/Inventory History/Inventory History Exit_btn")): Object: 'Object Repository/FIM/Sites Page/Inventories/Edit/Inventory History/Inventory History Exit_btn' is clicked on

21-10-2025T21:46:08 - [MESSAGE][PASSED] - Object: 'Object Repository/FIM/Sites Page/Inventories/Edit/Inventory History/Inventory History Exit_btn' is clicked on

21-10-2025T21:46:08 - [TEST_STEP][PASSED] - delay(1): Delayed 1 second(s)

21-10-2025T21:46:09 - [MESSAGE][PASSED] - Delayed 1 second(s)

21-10-2025T21:46:09 - [TEST_STEP][FAILED] - verifyElementPresent(findTestObject("FIM/Sites Page/Inventories/Create/Inventory Created Success Message"), 10): Unable to verify object 'Object Repository/FIM/Sites Page/Inventories/Create/Inventory Created Success Message' is present (Root cause: com.kms.katalon.core.exception.StepFailedException: Unable to verify object 'Object Repository/FIM/Sites Page/Inventories/Create/Inventory Created Success Message' is present
	at com.kms.katalon.core.webui.keyword.internal.WebUIKeywordMain.stepFailed(WebUIKeywordMain.groovy:117)
	at com.kms.katalon.core.webui.keyword.internal.WebUIKeywordMain.runKeyword(WebUIKeywordMain.groovy:43)
	at com.kms.katalon.core.webui.keyword.builtin.VerifyElementPresentKeyword.verifyElementPresent(VerifyElementPresentKeyword.groovy:92)
	at com.kms.katalon.core.webui.keyword.builtin.VerifyElementPresentKeyword.execute(VerifyElementPresentKeyword.groovy:68)
	at com.kms.katalon.core.keyword.internal.KeywordExecutor.executeKeywordForPlatform(KeywordExecutor.groovy:74)
	at com.kms.katalon.core.webui.keyword.WebUiBuiltInKeywords.verifyElementPresent(WebUiBuiltInKeywords.groovy:1503)
	at com.kms.katalon.core.webui.keyword.WebUiBuiltInKeywords$verifyElementPresent$7.call(Unknown Source)
	at Edit Inventory.run(Edit Inventory:66)
	at com.kms.katalon.core.main.ScriptEngine.run(ScriptEngine.java:194)
	at com.kms.katalon.core.main.ScriptEngine.runScriptAsRawText(ScriptEngine.java:119)
	at com.kms.katalon.core.main.TestCaseExecutor.runScript(TestCaseExecutor.java:448)
	at com.kms.katalon.core.main.TestCaseExecutor.doExecute(TestCaseExecutor.java:439)
	at com.kms.katalon.core.main.TestCaseExecutor.processExecutionPhase(TestCaseExecutor.java:418)
	at com.kms.katalon.core.main.TestCaseExecutor.accessMainPhase(TestCaseExecutor.java:410)
	at com.kms.katalon.core.main.TestCaseExecutor.execute(TestCaseExecutor.java:285)
	at com.kms.katalon.core.common.CommonExecutor.accessTestCaseMainPhase(CommonExecutor.java:65)
	at com.kms.katalon.core.main.TestSuiteExecutor.accessTestSuiteMainPhase(TestSuiteExecutor.java:150)
	at com.kms.katalon.core.main.TestSuiteExecutor.execute(TestSuiteExecutor.java:106)
	at com.kms.katalon.core.main.TestCaseMain.startTestSuite(TestCaseMain.java:180)
	at com.kms.katalon.core.main.TestCaseMain$startTestSuite$0.call(Unknown Source)
	at TempTestSuite1761090809753.run(TempTestSuite1761090809753.groovy:35)
	at java.base/jdk.internal.reflect.NativeMethodAccessorImpl.invoke0(Native Method)
	at java.base/jdk.internal.reflect.NativeMethodAccessorImpl.invoke(NativeMethodAccessorImpl.java:77)
	at java.base/jdk.internal.reflect.DelegatingMethodAccessorImpl.invoke(DelegatingMethodAccessorImpl.java:43)
Caused by: com.kms.katalon.core.exception.StepFailedException: com.kms.katalon.core.webui.exception.WebElementNotFoundException: Web element with id: 'Object Repository/FIM/Sites Page/Inventories/Create/Inventory Created Success Message' located by '/html/body/div[2]/div/div/div/div/div' not found
	at com.kms.katalon.core.webui.keyword.internal.WebUIKeywordMain.stepFailed(WebUIKeywordMain.groovy:117)
	at com.kms.katalon.core.webui.keyword.builtin.VerifyElementPresentKeyword$_verifyElementPresent_closure1.doCall(VerifyElementPresentKeyword.groovy:85)
	at com.kms.katalon.core.webui.keyword.builtin.VerifyElementPresentKeyword$_verifyElementPresent_closure1.call(VerifyElementPresentKeyword.groovy)
	at com.kms.katalon.core.webui.keyword.internal.WebUIKeywordMain.runKeyword(WebUIKeywordMain.groovy:35)
	... 22 more
)

21-10-2025T21:46:20 - [MESSAGE][INFO] - Unable to find the element located by 'By.xpath: /html/body/div[2]/div/div/div/div/div'. Please recheck the objects properties to make sure the desired element is located. 

21-10-2025T21:46:20 - [MESSAGE][FAILED] - com.kms.katalon.core.webui.exception.WebElementNotFoundException: Web element with id: 'Object Repository/FIM/Sites Page/Inventories/Create/Inventory Created Success Message' located by '/html/body/div[2]/div/div/div/div/div' not found (Root cause: com.kms.katalon.core.exception.StepFailedException: com.kms.katalon.core.webui.exception.WebElementNotFoundException: Web element with id: 'Object Repository/FIM/Sites Page/Inventories/Create/Inventory Created Success Message' located by '/html/body/div[2]/div/div/div/div/div' not found
	at com.kms.katalon.core.webui.keyword.internal.WebUIKeywordMain.stepFailed(WebUIKeywordMain.groovy:117)
	at com.kms.katalon.core.webui.keyword.builtin.VerifyElementPresentKeyword$_verifyElementPresent_closure1.doCall(VerifyElementPresentKeyword.groovy:85)
	at com.kms.katalon.core.webui.keyword.builtin.VerifyElementPresentKeyword$_verifyElementPresent_closure1.call(VerifyElementPresentKeyword.groovy)
	at com.kms.katalon.core.webui.keyword.internal.WebUIKeywordMain.runKeyword(WebUIKeywordMain.groovy:35)
	at com.kms.katalon.core.webui.keyword.builtin.VerifyElementPresentKeyword.verifyElementPresent(VerifyElementPresentKeyword.groovy:92)
	at com.kms.katalon.core.webui.keyword.builtin.VerifyElementPresentKeyword.execute(VerifyElementPresentKeyword.groovy:68)
	at com.kms.katalon.core.keyword.internal.KeywordExecutor.executeKeywordForPlatform(KeywordExecutor.groovy:74)
	at com.kms.katalon.core.webui.keyword.WebUiBuiltInKeywords.verifyElementPresent(WebUiBuiltInKeywords.groovy:1503)
	at com.kms.katalon.core.webui.keyword.WebUiBuiltInKeywords$verifyElementPresent$7.call(Unknown Source)
	at Edit Inventory.run(Edit Inventory:66)
	at com.kms.katalon.core.main.ScriptEngine.run(ScriptEngine.java:194)
	at com.kms.katalon.core.main.ScriptEngine.runScriptAsRawText(ScriptEngine.java:119)
	at com.kms.katalon.core.main.TestCaseExecutor.runScript(TestCaseExecutor.java:448)
	at com.kms.katalon.core.main.TestCaseExecutor.doExecute(TestCaseExecutor.java:439)
	at com.kms.katalon.core.main.TestCaseExecutor.processExecutionPhase(TestCaseExecutor.java:418)
	at com.kms.katalon.core.main.TestCaseExecutor.accessMainPhase(TestCaseExecutor.java:410)
	at com.kms.katalon.core.main.TestCaseExecutor.execute(TestCaseExecutor.java:285)
	at com.kms.katalon.core.common.CommonExecutor.accessTestCaseMainPhase(CommonExecutor.java:65)
	at com.kms.katalon.core.main.TestSuiteExecutor.accessTestSuiteMainPhase(TestSuiteExecutor.java:150)
	at com.kms.katalon.core.main.TestSuiteExecutor.execute(TestSuiteExecutor.java:106)
	at com.kms.katalon.core.main.TestCaseMain.startTestSuite(TestCaseMain.java:180)
	at com.kms.katalon.core.main.TestCaseMain$startTestSuite$0.call(Unknown Source)
	at TempTestSuite1761090809753.run(TempTestSuite1761090809753.groovy:35)
	at java.base/jdk.internal.reflect.NativeMethodAccessorImpl.invoke0(Native Method)
	at java.base/jdk.internal.reflect.NativeMethodAccessorImpl.invoke(NativeMethodAccessorImpl.java:77)
	at java.base/jdk.internal.reflect.DelegatingMethodAccessorImpl.invoke(DelegatingMethodAccessorImpl.java:43)
)

21-10-2025T21:46:20 - [MESSAGE][FAILED] - Unable to verify object 'Object Repository/FIM/Sites Page/Inventories/Create/Inventory Created Success Message' is present (Root cause: com.kms.katalon.core.exception.StepFailedException: Unable to verify object 'Object Repository/FIM/Sites Page/Inventories/Create/Inventory Created Success Message' is present
	at com.kms.katalon.core.webui.keyword.internal.WebUIKeywordMain.stepFailed(WebUIKeywordMain.groovy:117)
	at com.kms.katalon.core.webui.keyword.internal.WebUIKeywordMain.runKeyword(WebUIKeywordMain.groovy:43)
	at com.kms.katalon.core.webui.keyword.builtin.VerifyElementPresentKeyword.verifyElementPresent(VerifyElementPresentKeyword.groovy:92)
	at com.kms.katalon.core.webui.keyword.builtin.VerifyElementPresentKeyword.execute(VerifyElementPresentKeyword.groovy:68)
	at com.kms.katalon.core.keyword.internal.KeywordExecutor.executeKeywordForPlatform(KeywordExecutor.groovy:74)
	at com.kms.katalon.core.webui.keyword.WebUiBuiltInKeywords.verifyElementPresent(WebUiBuiltInKeywords.groovy:1503)
	at com.kms.katalon.core.webui.keyword.WebUiBuiltInKeywords$verifyElementPresent$7.call(Unknown Source)
	at Edit Inventory.run(Edit Inventory:66)
	at com.kms.katalon.core.main.ScriptEngine.run(ScriptEngine.java:194)
	at com.kms.katalon.core.main.ScriptEngine.runScriptAsRawText(ScriptEngine.java:119)
	at com.kms.katalon.core.main.TestCaseExecutor.runScript(TestCaseExecutor.java:448)
	at com.kms.katalon.core.main.TestCaseExecutor.doExecute(TestCaseExecutor.java:439)
	at com.kms.katalon.core.main.TestCaseExecutor.processExecutionPhase(TestCaseExecutor.java:418)
	at com.kms.katalon.core.main.TestCaseExecutor.accessMainPhase(TestCaseExecutor.java:410)
	at com.kms.katalon.core.main.TestCaseExecutor.execute(TestCaseExecutor.java:285)
	at com.kms.katalon.core.common.CommonExecutor.accessTestCaseMainPhase(CommonExecutor.java:65)
	at com.kms.katalon.core.main.TestSuiteExecutor.accessTestSuiteMainPhase(TestSuiteExecutor.java:150)
	at com.kms.katalon.core.main.TestSuiteExecutor.execute(TestSuiteExecutor.java:106)
	at com.kms.katalon.core.main.TestCaseMain.startTestSuite(TestCaseMain.java:180)
	at com.kms.katalon.core.main.TestCaseMain$startTestSuite$0.call(Unknown Source)
	at TempTestSuite1761090809753.run(TempTestSuite1761090809753.groovy:35)
	at java.base/jdk.internal.reflect.NativeMethodAccessorImpl.invoke0(Native Method)
	at java.base/jdk.internal.reflect.NativeMethodAccessorImpl.invoke(NativeMethodAccessorImpl.java:77)
	at java.base/jdk.internal.reflect.DelegatingMethodAccessorImpl.invoke(DelegatingMethodAccessorImpl.java:43)
Caused by: com.kms.katalon.core.exception.StepFailedException: com.kms.katalon.core.webui.exception.WebElementNotFoundException: Web element with id: 'Object Repository/FIM/Sites Page/Inventories/Create/Inventory Created Success Message' located by '/html/body/div[2]/div/div/div/div/div' not found
	at com.kms.katalon.core.webui.keyword.internal.WebUIKeywordMain.stepFailed(WebUIKeywordMain.groovy:117)
	at com.kms.katalon.core.webui.keyword.builtin.VerifyElementPresentKeyword$_verifyElementPresent_closure1.doCall(VerifyElementPresentKeyword.groovy:85)
	at com.kms.katalon.core.webui.keyword.builtin.VerifyElementPresentKeyword$_verifyElementPresent_closure1.call(VerifyElementPresentKeyword.groovy)
	at com.kms.katalon.core.webui.keyword.internal.WebUIKeywordMain.runKeyword(WebUIKeywordMain.groovy:35)
	... 22 more
)

21-10-2025T21:46:20 - [TEST_STEP][PASSED] - Start listener action : retryOnDisconnect: Current window's url is: 'https://kag-inventory-management-portal.qa.thekag.com/site/TURK104?cg=-1&r=-1&i=i'

21-10-2025T21:46:20 - [TEST_STEP][PASSED] - tcId = testCaseContext.getTestCaseId(): null

21-10-2025T21:46:20 - [TEST_STEP][PASSED] - currentRetry = retryCounts.getOrDefault(tcId, 0): null

21-10-2025T21:46:20 - [TEST_STEP][PASSED] - if (testCaseContext.getTestCaseStatus() == "FAILED" && currentRetry < MAX_RETRIES): Current window's url is: 'https://kag-inventory-management-portal.qa.thekag.com/site/TURK104?cg=-1&r=-1&i=i'

21-10-2025T21:46:20 - [TEST_STEP][PASSED] - try: Current window's url is: 'https://kag-inventory-management-portal.qa.thekag.com/site/TURK104?cg=-1&r=-1&i=i'

21-10-2025T21:46:20 - [TEST_STEP][PASSED] - comment(Checking for WebDriver disconnect for test case: $tcId): Checking for WebDriver disconnect for test case: Test Cases/FIM/UI/Kenan/Admin/Sites Page/Inventories/Edit Inventory

21-10-2025T21:46:20 - [MESSAGE][INFO] - Checking for WebDriver disconnect for test case: Test Cases/FIM/UI/Kenan/Admin/Sites Page/Inventories/Edit Inventory

21-10-2025T21:46:20 - [TEST_STEP][PASSED] - getUrl(): Current window's url is: 'https://kag-inventory-management-portal.qa.thekag.com/site/TURK104?cg=-1&r=-1&i=i'

21-10-2025T21:46:20 - [MESSAGE][PASSED] - Current window's url is: 'https://kag-inventory-management-portal.qa.thekag.com/site/TURK104?cg=-1&r=-1&i=i']]></system-out>
         <system-err><![CDATA[21-10-2025T21:45:35 - [TEST_CASE][FAILED] - Test Cases/FIM/UI/Kenan/Admin/Sites Page/Inventories/Edit Inventory: Test Cases/FIM/UI/Kenan/Admin/Sites Page/Inventories/Edit Inventory FAILED.
Reason:
com.kms.katalon.core.exception.StepFailedException: Unable to verify object 'Object Repository/FIM/Sites Page/Inventories/Create/Inventory Created Success Message' is present
	at com.kms.katalon.core.webui.keyword.internal.WebUIKeywordMain.stepFailed(WebUIKeywordMain.groovy:117)
	at com.kms.katalon.core.webui.keyword.internal.WebUIKeywordMain.runKeyword(WebUIKeywordMain.groovy:43)
	at com.kms.katalon.core.webui.keyword.builtin.VerifyElementPresentKeyword.verifyElementPresent(VerifyElementPresentKeyword.groovy:92)
	at com.kms.katalon.core.webui.keyword.builtin.VerifyElementPresentKeyword.execute(VerifyElementPresentKeyword.groovy:68)
	at com.kms.katalon.core.keyword.internal.KeywordExecutor.executeKeywordForPlatform(KeywordExecutor.groovy:74)
	at com.kms.katalon.core.webui.keyword.WebUiBuiltInKeywords.verifyElementPresent(WebUiBuiltInKeywords.groovy:1503)
	at com.kms.katalon.core.webui.keyword.WebUiBuiltInKeywords$verifyElementPresent$7.call(Unknown Source)
	at Edit Inventory.run(Edit Inventory:66)
	at com.kms.katalon.core.main.ScriptEngine.run(ScriptEngine.java:194)
	at com.kms.katalon.core.main.ScriptEngine.runScriptAsRawText(ScriptEngine.java:119)
	at com.kms.katalon.core.main.TestCaseExecutor.runScript(TestCaseExecutor.java:448)
	at com.kms.katalon.core.main.TestCaseExecutor.doExecute(TestCaseExecutor.java:439)
	at com.kms.katalon.core.main.TestCaseExecutor.processExecutionPhase(TestCaseExecutor.java:418)
	at com.kms.katalon.core.main.TestCaseExecutor.accessMainPhase(TestCaseExecutor.java:410)
	at com.kms.katalon.core.main.TestCaseExecutor.execute(TestCaseExecutor.java:285)
	at com.kms.katalon.core.common.CommonExecutor.accessTestCaseMainPhase(CommonExecutor.java:65)
	at com.kms.katalon.core.main.TestSuiteExecutor.accessTestSuiteMainPhase(TestSuiteExecutor.java:150)
	at com.kms.katalon.core.main.TestSuiteExecutor.execute(TestSuiteExecutor.java:106)
	at com.kms.katalon.core.main.TestCaseMain.startTestSuite(TestCaseMain.java:180)
	at com.kms.katalon.core.main.TestCaseMain$startTestSuite$0.call(Unknown Source)
	at TempTestSuite1761090809753.run(TempTestSuite1761090809753.groovy:35)
	at java.base/jdk.internal.reflect.NativeMethodAccessorImpl.invoke0(Native Method)
	at java.base/jdk.internal.reflect.NativeMethodAccessorImpl.invoke(NativeMethodAccessorImpl.java:77)
	at java.base/jdk.internal.reflect.DelegatingMethodAccessorImpl.invoke(DelegatingMethodAccessorImpl.java:43)
Caused by: com.kms.katalon.core.exception.StepFailedException: com.kms.katalon.core.webui.exception.WebElementNotFoundException: Web element with id: 'Object Repository/FIM/Sites Page/Inventories/Create/Inventory Created Success Message' located by '/html/body/div[2]/div/div/div/div/div' not found
	at com.kms.katalon.core.webui.keyword.internal.WebUIKeywordMain.stepFailed(WebUIKeywordMain.groovy:117)
	at com.kms.katalon.core.webui.keyword.builtin.VerifyElementPresentKeyword$_verifyElementPresent_closure1.doCall(VerifyElementPresentKeyword.groovy:85)
	at com.kms.katalon.core.webui.keyword.builtin.VerifyElementPresentKeyword$_verifyElementPresent_closure1.call(VerifyElementPresentKeyword.groovy)
	at com.kms.katalon.core.webui.keyword.internal.WebUIKeywordMain.runKeyword(WebUIKeywordMain.groovy:35)
	... 22 more]]></system-err>
      </testcase>
      <testcase name="Test Cases/FIM/UI/Kenan/Admin/Sites Page/Inventories/Edit Inventory Sales" time="27.691" classname="Test Cases/FIM/UI/Kenan/Admin/Sites Page/Inventories/Edit Inventory Sales" status="PASSED">
         <system-out><![CDATA[21-10-2025T21:46:20 - [TEST_CASE][PASSED] - Test Cases/FIM/UI/Kenan/Admin/Sites Page/Inventories/Edit Inventory Sales: Test Cases/FIM/UI/Kenan/Admin/Sites Page/Inventories/Edit Inventory Sales

21-10-2025T21:46:20 - [TEST_STEP][PASSED] - Start listener action : beforeTestCase: null

21-10-2025T21:46:20 - [TEST_STEP][PASSED] - addDefaultPackages(): null

21-10-2025T21:46:20 - [TEST_STEP][PASSED] - openBrowser(""): Browser is opened with url: ''

21-10-2025T21:46:21 - [MESSAGE][WARNING] - A browser is already opened. Closing browser and opening a new one

21-10-2025T21:46:21 - [MESSAGE][INFO] - Starting 'Chrome' driver

21-10-2025T21:46:21 - [MESSAGE][INFO] - User set preference: ['args', '[--no-sandbox, --disable-gpu, --disable-dev-shm-usage]']

21-10-2025T21:46:21 - [MESSAGE][INFO] - Action delay is set to 0 milliseconds

21-10-2025T21:46:22 - [MESSAGE][PASSED] - Browser is opened with url: ''

21-10-2025T21:46:22 - [TEST_STEP][PASSED] - navigateToUrl(TURK104SitesURL): Navigate to 'https://kag-inventory-management-portal.qa.thekag.com/site/TURK104?cg=-1&r=-1&i=i' successfully

21-10-2025T21:46:22 - [MESSAGE][PASSED] - Navigate to 'https://kag-inventory-management-portal.qa.thekag.com/site/TURK104?cg=-1&r=-1&i=i' successfully

21-10-2025T21:46:22 - [TEST_STEP][PASSED] - maximizeWindow(): Current window maximized

21-10-2025T21:46:22 - [MESSAGE][PASSED] - Current window maximized

21-10-2025T21:46:22 - [TEST_STEP][PASSED] - setText(findTestObject("FIM/Username_txt"), "Chris.Sheldon+DES_QA@Thekag.com"): Text 'Chris.Sheldon+DES_QA@Thekag.com' is set on object 'Object Repository/FIM/Username_txt'

21-10-2025T21:46:23 - [MESSAGE][PASSED] - Text 'Chris.Sheldon+DES_QA@Thekag.com' is set on object 'Object Repository/FIM/Username_txt'

21-10-2025T21:46:23 - [TEST_STEP][PASSED] - setText(findTestObject("FIM/Password_txt"), "QATest!2"): Text 'QATest!2' is set on object 'Object Repository/FIM/Password_txt'

21-10-2025T21:46:23 - [MESSAGE][PASSED] - Text 'QATest!2' is set on object 'Object Repository/FIM/Password_txt'

21-10-2025T21:46:23 - [TEST_STEP][PASSED] - click(findTestObject("FIM/Login_btn")): Object: 'Object Repository/FIM/Login_btn' is clicked on

21-10-2025T21:46:23 - [MESSAGE][PASSED] - Object: 'Object Repository/FIM/Login_btn' is clicked on

21-10-2025T21:46:23 - [TEST_STEP][PASSED] - if (verifyElementVisible(findTestObject("FIM/Server_Notification_Close_btn"), OPTIONAL) == true): Web element with id: 'Object Repository/FIM/Server_Notification_Close_btn' located by '/html/body/div/div[1]/button' not found (Root cause: com.kms.katalon.core.exception.StepFailedException: Web element with id: 'Object Repository/FIM/Server_Notification_Close_btn' located by '/html/body/div/div[1]/button' not found
	at com.kms.katalon.core.webui.keyword.internal.WebUIKeywordMain.stepFailed(WebUIKeywordMain.groovy:117)
	at com.kms.katalon.core.webui.keyword.builtin.VerifyElementVisibleKeyword$_verifyElementVisible_closure1.doCall(VerifyElementVisibleKeyword.groovy:89)
	at com.kms.katalon.core.webui.keyword.builtin.VerifyElementVisibleKeyword$_verifyElementVisible_closure1.call(VerifyElementVisibleKeyword.groovy)
	at com.kms.katalon.core.webui.keyword.internal.WebUIKeywordMain.runKeyword(WebUIKeywordMain.groovy:35)
	at com.kms.katalon.core.webui.keyword.builtin.VerifyElementVisibleKeyword.verifyElementVisible(VerifyElementVisibleKeyword.groovy:97)
	at com.kms.katalon.core.webui.keyword.builtin.VerifyElementVisibleKeyword.execute(VerifyElementVisibleKeyword.groovy:67)
	at com.kms.katalon.core.keyword.internal.KeywordExecutor.executeKeywordForPlatform(KeywordExecutor.groovy:74)
	at com.kms.katalon.core.webui.keyword.WebUiBuiltInKeywords.verifyElementVisible(WebUiBuiltInKeywords.groovy:401)
	at com.kms.katalon.core.webui.keyword.WebUiBuiltInKeywords$verifyElementVisible$4.call(Unknown Source)
	at Edit Inventory Sales.run(Edit Inventory Sales:32)
	at com.kms.katalon.core.main.ScriptEngine.run(ScriptEngine.java:194)
	at com.kms.katalon.core.main.ScriptEngine.runScriptAsRawText(ScriptEngine.java:119)
	at com.kms.katalon.core.main.TestCaseExecutor.runScript(TestCaseExecutor.java:448)
	at com.kms.katalon.core.main.TestCaseExecutor.doExecute(TestCaseExecutor.java:439)
	at com.kms.katalon.core.main.TestCaseExecutor.processExecutionPhase(TestCaseExecutor.java:418)
	at com.kms.katalon.core.main.TestCaseExecutor.accessMainPhase(TestCaseExecutor.java:410)
	at com.kms.katalon.core.main.TestCaseExecutor.execute(TestCaseExecutor.java:285)
	at com.kms.katalon.core.common.CommonExecutor.accessTestCaseMainPhase(CommonExecutor.java:65)
	at com.kms.katalon.core.main.TestSuiteExecutor.accessTestSuiteMainPhase(TestSuiteExecutor.java:150)
	at com.kms.katalon.core.main.TestSuiteExecutor.execute(TestSuiteExecutor.java:106)
	at com.kms.katalon.core.main.TestCaseMain.startTestSuite(TestCaseMain.java:180)
	at com.kms.katalon.core.main.TestCaseMain$startTestSuite$0.call(Unknown Source)
	at TempTestSuite1761090809753.run(TempTestSuite1761090809753.groovy:35)
	at java.base/jdk.internal.reflect.NativeMethodAccessorImpl.invoke0(Native Method)
	at java.base/jdk.internal.reflect.NativeMethodAccessorImpl.invoke(NativeMethodAccessorImpl.java:77)
	at java.base/jdk.internal.reflect.DelegatingMethodAccessorImpl.invoke(DelegatingMethodAccessorImpl.java:43)
)

21-10-2025T21:46:39 - [MESSAGE][INFO] - Unable to find the element located by 'By.xpath: /html/body/div/div[1]/button'. Please recheck the objects properties to make sure the desired element is located. 

21-10-2025T21:46:39 - [MESSAGE][WARNING] - [SELF-HEALING] Failed to find element with id 'Object Repository/FIM/Server_Notification_Close_btn'. Try using Self-healing.

21-10-2025T21:46:40 - [MESSAGE][INFO] - [SELF-HEALING] No working XPath is found.

21-10-2025T21:46:42 - [MESSAGE][INFO] - Unable to find the element located by 'By.xpath: '. Please recheck the objects properties to make sure the desired element is located. 

21-10-2025T21:46:42 - [MESSAGE][WARNING] - [SELF-HEALING] Cannot find elements when the selector is null

21-10-2025T21:46:42 - [MESSAGE][WARNING] - Web element with id: 'Object Repository/FIM/Server_Notification_Close_btn' located by '/html/body/div/div[1]/button' not found (Root cause: com.kms.katalon.core.exception.StepFailedException: Web element with id: 'Object Repository/FIM/Server_Notification_Close_btn' located by '/html/body/div/div[1]/button' not found
	at com.kms.katalon.core.webui.keyword.internal.WebUIKeywordMain.stepFailed(WebUIKeywordMain.groovy:117)
	at com.kms.katalon.core.webui.keyword.builtin.VerifyElementVisibleKeyword$_verifyElementVisible_closure1.doCall(VerifyElementVisibleKeyword.groovy:89)
	at com.kms.katalon.core.webui.keyword.builtin.VerifyElementVisibleKeyword$_verifyElementVisible_closure1.call(VerifyElementVisibleKeyword.groovy)
	at com.kms.katalon.core.webui.keyword.internal.WebUIKeywordMain.runKeyword(WebUIKeywordMain.groovy:35)
	at com.kms.katalon.core.webui.keyword.builtin.VerifyElementVisibleKeyword.verifyElementVisible(VerifyElementVisibleKeyword.groovy:97)
	at com.kms.katalon.core.webui.keyword.builtin.VerifyElementVisibleKeyword.execute(VerifyElementVisibleKeyword.groovy:67)
	at com.kms.katalon.core.keyword.internal.KeywordExecutor.executeKeywordForPlatform(KeywordExecutor.groovy:74)
	at com.kms.katalon.core.webui.keyword.WebUiBuiltInKeywords.verifyElementVisible(WebUiBuiltInKeywords.groovy:401)
	at com.kms.katalon.core.webui.keyword.WebUiBuiltInKeywords$verifyElementVisible$4.call(Unknown Source)
	at Edit Inventory Sales.run(Edit Inventory Sales:32)
	at com.kms.katalon.core.main.ScriptEngine.run(ScriptEngine.java:194)
	at com.kms.katalon.core.main.ScriptEngine.runScriptAsRawText(ScriptEngine.java:119)
	at com.kms.katalon.core.main.TestCaseExecutor.runScript(TestCaseExecutor.java:448)
	at com.kms.katalon.core.main.TestCaseExecutor.doExecute(TestCaseExecutor.java:439)
	at com.kms.katalon.core.main.TestCaseExecutor.processExecutionPhase(TestCaseExecutor.java:418)
	at com.kms.katalon.core.main.TestCaseExecutor.accessMainPhase(TestCaseExecutor.java:410)
	at com.kms.katalon.core.main.TestCaseExecutor.execute(TestCaseExecutor.java:285)
	at com.kms.katalon.core.common.CommonExecutor.accessTestCaseMainPhase(CommonExecutor.java:65)
	at com.kms.katalon.core.main.TestSuiteExecutor.accessTestSuiteMainPhase(TestSuiteExecutor.java:150)
	at com.kms.katalon.core.main.TestSuiteExecutor.execute(TestSuiteExecutor.java:106)
	at com.kms.katalon.core.main.TestCaseMain.startTestSuite(TestCaseMain.java:180)
	at com.kms.katalon.core.main.TestCaseMain$startTestSuite$0.call(Unknown Source)
	at TempTestSuite1761090809753.run(TempTestSuite1761090809753.groovy:35)
	at java.base/jdk.internal.reflect.NativeMethodAccessorImpl.invoke0(Native Method)
	at java.base/jdk.internal.reflect.NativeMethodAccessorImpl.invoke(NativeMethodAccessorImpl.java:77)
	at java.base/jdk.internal.reflect.DelegatingMethodAccessorImpl.invoke(DelegatingMethodAccessorImpl.java:43)
)

21-10-2025T21:46:42 - [TEST_STEP][PASSED] - delay(1): Delayed 1 second(s)

21-10-2025T21:46:43 - [MESSAGE][PASSED] - Delayed 1 second(s)

21-10-2025T21:46:43 - [TEST_STEP][PASSED] - waitForElementClickable(findTestObject("FIM/Sites Page/Inventories/Edit/Sales/1st Edit Inventories Sales_btn"), 300): Object 'Object Repository/FIM/Sites Page/Inventories/Edit/Sales/1st Edit Inventories Sales_btn' is clickable

21-10-2025T21:46:43 - [MESSAGE][PASSED] - Object 'Object Repository/FIM/Sites Page/Inventories/Edit/Sales/1st Edit Inventories Sales_btn' is clickable

21-10-2025T21:46:43 - [TEST_STEP][PASSED] - click(findTestObject("FIM/Sites Page/Inventories/Edit/Sales/1st Edit Inventories Sales_btn")): Object: 'Object Repository/FIM/Sites Page/Inventories/Edit/Sales/1st Edit Inventories Sales_btn' is clicked on

21-10-2025T21:46:43 - [MESSAGE][PASSED] - Object: 'Object Repository/FIM/Sites Page/Inventories/Edit/Sales/1st Edit Inventories Sales_btn' is clicked on

21-10-2025T21:46:43 - [TEST_STEP][PASSED] - clearText(findTestObject("FIM/Sites Page/Inventories/Edit/Sales/Edit_Turk101_10UNL_txt")): Text of object 'Object Repository/FIM/Sites Page/Inventories/Edit/Sales/Edit_Turk101_10UNL_txt' is cleared

21-10-2025T21:46:43 - [MESSAGE][PASSED] - Text of object 'Object Repository/FIM/Sites Page/Inventories/Edit/Sales/Edit_Turk101_10UNL_txt' is cleared

21-10-2025T21:46:43 - [TEST_STEP][PASSED] - sendKeys(findTestObject("FIM/Sites Page/Inventories/Edit/Sales/Edit_Turk101_10UNL_txt"), "7588"): Keys '7588' sent to object: 'Object Repository/FIM/Sites Page/Inventories/Edit/Sales/Edit_Turk101_10UNL_txt'

21-10-2025T21:46:44 - [MESSAGE][PASSED] - Keys '7588' sent to object: 'Object Repository/FIM/Sites Page/Inventories/Edit/Sales/Edit_Turk101_10UNL_txt'

21-10-2025T21:46:44 - [TEST_STEP][PASSED] - delay(2): Delayed 2 second(s)

21-10-2025T21:46:46 - [MESSAGE][PASSED] - Delayed 2 second(s)

21-10-2025T21:46:46 - [TEST_STEP][PASSED] - clearText(findTestObject("FIM/Sites Page/Inventories/Edit/Sales/Edit_Turk101_30PRM_txt")): Text of object 'Object Repository/FIM/Sites Page/Inventories/Edit/Sales/Edit_Turk101_30PRM_txt' is cleared

21-10-2025T21:46:46 - [MESSAGE][PASSED] - Text of object 'Object Repository/FIM/Sites Page/Inventories/Edit/Sales/Edit_Turk101_30PRM_txt' is cleared

21-10-2025T21:46:46 - [TEST_STEP][PASSED] - sendKeys(findTestObject("FIM/Sites Page/Inventories/Edit/Sales/Edit_Turk101_30PRM_txt"), "7588"): Keys '7588' sent to object: 'Object Repository/FIM/Sites Page/Inventories/Edit/Sales/Edit_Turk101_30PRM_txt'

21-10-2025T21:46:46 - [MESSAGE][PASSED] - Keys '7588' sent to object: 'Object Repository/FIM/Sites Page/Inventories/Edit/Sales/Edit_Turk101_30PRM_txt'

21-10-2025T21:46:46 - [TEST_STEP][PASSED] - click(findTestObject("FIM/Sites Page/Inventories/Edit/Sales/Edit Save_btn")): Object: 'Object Repository/FIM/Sites Page/Inventories/Edit/Sales/Edit Save_btn' is clicked on

21-10-2025T21:46:46 - [MESSAGE][PASSED] - Object: 'Object Repository/FIM/Sites Page/Inventories/Edit/Sales/Edit Save_btn' is clicked on

21-10-2025T21:46:46 - [TEST_STEP][PASSED] - delay(2): Delayed 2 second(s)

21-10-2025T21:46:48 - [MESSAGE][PASSED] - Delayed 2 second(s)

21-10-2025T21:46:48 - [TEST_STEP][PASSED] - verifyElementPresent(findTestObject("FIM/Sites Page/Inventories/Create/Inventory Created Success Message"), 10): Object 'Object Repository/FIM/Sites Page/Inventories/Create/Inventory Created Success Message' is present

21-10-2025T21:46:48 - [MESSAGE][PASSED] - Object 'Object Repository/FIM/Sites Page/Inventories/Create/Inventory Created Success Message' is present

21-10-2025T21:46:48 - [TEST_STEP][PASSED] - verifyElementText(findTestObject("FIM/Sites Page/Inventories/Create/Inventory Created Success Message"), "Sales updated successfully"): Actual text and expected text of test object 'Object Repository/FIM/Sites Page/Inventories/Create/Inventory Created Success Message' are matched.

21-10-2025T21:46:48 - [MESSAGE][PASSED] - Actual text and expected text of test object 'Object Repository/FIM/Sites Page/Inventories/Create/Inventory Created Success Message' are matched.

21-10-2025T21:46:48 - [TEST_STEP][PASSED] - Start listener action : retryOnDisconnect: null

21-10-2025T21:46:48 - [TEST_STEP][PASSED] - tcId = testCaseContext.getTestCaseId(): null

21-10-2025T21:46:48 - [TEST_STEP][PASSED] - currentRetry = retryCounts.getOrDefault(tcId, 0): null

21-10-2025T21:46:48 - [TEST_STEP][PASSED] - if (testCaseContext.getTestCaseStatus() == "FAILED" && currentRetry < MAX_RETRIES): null]]></system-out>
         <system-err><![CDATA[]]></system-err>
      </testcase>
      <testcase name="Test Cases/FIM/UI/Kenan/Admin/Sites Page/Inventories/Edit Inventory Threshold" time="25.563" classname="Test Cases/FIM/UI/Kenan/Admin/Sites Page/Inventories/Edit Inventory Threshold" status="PASSED">
         <system-out><![CDATA[21-10-2025T21:46:48 - [TEST_CASE][PASSED] - Test Cases/FIM/UI/Kenan/Admin/Sites Page/Inventories/Edit Inventory Threshold: Test Cases/FIM/UI/Kenan/Admin/Sites Page/Inventories/Edit Inventory Threshold

21-10-2025T21:46:48 - [TEST_STEP][PASSED] - Start listener action : beforeTestCase: null

21-10-2025T21:46:48 - [TEST_STEP][PASSED] - addDefaultPackages(): null

21-10-2025T21:46:48 - [TEST_STEP][PASSED] - openBrowser(""): Browser is opened with url: ''

21-10-2025T21:46:48 - [MESSAGE][WARNING] - A browser is already opened. Closing browser and opening a new one

21-10-2025T21:46:48 - [MESSAGE][INFO] - Starting 'Chrome' driver

21-10-2025T21:46:48 - [MESSAGE][INFO] - User set preference: ['args', '[--no-sandbox, --disable-gpu, --disable-dev-shm-usage]']

21-10-2025T21:46:48 - [MESSAGE][INFO] - Action delay is set to 0 milliseconds

21-10-2025T21:46:49 - [MESSAGE][PASSED] - Browser is opened with url: ''

21-10-2025T21:46:49 - [TEST_STEP][PASSED] - navigateToUrl(TURK104SitesURL): Navigate to 'https://kag-inventory-management-portal.qa.thekag.com/site/TURK104?cg=-1&r=-1&i=i' successfully

21-10-2025T21:46:50 - [MESSAGE][PASSED] - Navigate to 'https://kag-inventory-management-portal.qa.thekag.com/site/TURK104?cg=-1&r=-1&i=i' successfully

21-10-2025T21:46:50 - [TEST_STEP][PASSED] - maximizeWindow(): Current window maximized

21-10-2025T21:46:50 - [MESSAGE][PASSED] - Current window maximized

21-10-2025T21:46:50 - [TEST_STEP][PASSED] - setText(findTestObject("FIM/Username_txt"), "Chris.Sheldon+DES_QA@Thekag.com"): Text 'Chris.Sheldon+DES_QA@Thekag.com' is set on object 'Object Repository/FIM/Username_txt'

21-10-2025T21:46:51 - [MESSAGE][PASSED] - Text 'Chris.Sheldon+DES_QA@Thekag.com' is set on object 'Object Repository/FIM/Username_txt'

21-10-2025T21:46:51 - [TEST_STEP][PASSED] - setText(findTestObject("FIM/Password_txt"), "QATest!2"): Text 'QATest!2' is set on object 'Object Repository/FIM/Password_txt'

21-10-2025T21:46:51 - [MESSAGE][PASSED] - Text 'QATest!2' is set on object 'Object Repository/FIM/Password_txt'

21-10-2025T21:46:51 - [TEST_STEP][PASSED] - click(findTestObject("FIM/Login_btn")): Object: 'Object Repository/FIM/Login_btn' is clicked on

21-10-2025T21:46:51 - [MESSAGE][PASSED] - Object: 'Object Repository/FIM/Login_btn' is clicked on

21-10-2025T21:46:51 - [TEST_STEP][PASSED] - if (verifyElementVisible(findTestObject("FIM/Server_Notification_Close_btn"), OPTIONAL) == true): Web element with id: 'Object Repository/FIM/Server_Notification_Close_btn' located by '/html/body/div/div[1]/button' not found (Root cause: com.kms.katalon.core.exception.StepFailedException: Web element with id: 'Object Repository/FIM/Server_Notification_Close_btn' located by '/html/body/div/div[1]/button' not found
	at com.kms.katalon.core.webui.keyword.internal.WebUIKeywordMain.stepFailed(WebUIKeywordMain.groovy:117)
	at com.kms.katalon.core.webui.keyword.builtin.VerifyElementVisibleKeyword$_verifyElementVisible_closure1.doCall(VerifyElementVisibleKeyword.groovy:89)
	at com.kms.katalon.core.webui.keyword.builtin.VerifyElementVisibleKeyword$_verifyElementVisible_closure1.call(VerifyElementVisibleKeyword.groovy)
	at com.kms.katalon.core.webui.keyword.internal.WebUIKeywordMain.runKeyword(WebUIKeywordMain.groovy:35)
	at com.kms.katalon.core.webui.keyword.builtin.VerifyElementVisibleKeyword.verifyElementVisible(VerifyElementVisibleKeyword.groovy:97)
	at com.kms.katalon.core.webui.keyword.builtin.VerifyElementVisibleKeyword.execute(VerifyElementVisibleKeyword.groovy:67)
	at com.kms.katalon.core.keyword.internal.KeywordExecutor.executeKeywordForPlatform(KeywordExecutor.groovy:74)
	at com.kms.katalon.core.webui.keyword.WebUiBuiltInKeywords.verifyElementVisible(WebUiBuiltInKeywords.groovy:401)
	at com.kms.katalon.core.webui.keyword.WebUiBuiltInKeywords$verifyElementVisible$4.call(Unknown Source)
	at Edit Inventory Threshold.run(Edit Inventory Threshold:32)
	at com.kms.katalon.core.main.ScriptEngine.run(ScriptEngine.java:194)
	at com.kms.katalon.core.main.ScriptEngine.runScriptAsRawText(ScriptEngine.java:119)
	at com.kms.katalon.core.main.TestCaseExecutor.runScript(TestCaseExecutor.java:448)
	at com.kms.katalon.core.main.TestCaseExecutor.doExecute(TestCaseExecutor.java:439)
	at com.kms.katalon.core.main.TestCaseExecutor.processExecutionPhase(TestCaseExecutor.java:418)
	at com.kms.katalon.core.main.TestCaseExecutor.accessMainPhase(TestCaseExecutor.java:410)
	at com.kms.katalon.core.main.TestCaseExecutor.execute(TestCaseExecutor.java:285)
	at com.kms.katalon.core.common.CommonExecutor.accessTestCaseMainPhase(CommonExecutor.java:65)
	at com.kms.katalon.core.main.TestSuiteExecutor.accessTestSuiteMainPhase(TestSuiteExecutor.java:150)
	at com.kms.katalon.core.main.TestSuiteExecutor.execute(TestSuiteExecutor.java:106)
	at com.kms.katalon.core.main.TestCaseMain.startTestSuite(TestCaseMain.java:180)
	at com.kms.katalon.core.main.TestCaseMain$startTestSuite$0.call(Unknown Source)
	at TempTestSuite1761090809753.run(TempTestSuite1761090809753.groovy:35)
	at java.base/jdk.internal.reflect.NativeMethodAccessorImpl.invoke0(Native Method)
	at java.base/jdk.internal.reflect.NativeMethodAccessorImpl.invoke(NativeMethodAccessorImpl.java:77)
	at java.base/jdk.internal.reflect.DelegatingMethodAccessorImpl.invoke(DelegatingMethodAccessorImpl.java:43)
)

21-10-2025T21:47:07 - [MESSAGE][INFO] - Unable to find the element located by 'By.xpath: /html/body/div/div[1]/button'. Please recheck the objects properties to make sure the desired element is located. 

21-10-2025T21:47:07 - [MESSAGE][WARNING] - [SELF-HEALING] Failed to find element with id 'Object Repository/FIM/Server_Notification_Close_btn'. Try using Self-healing.

21-10-2025T21:47:08 - [MESSAGE][INFO] - [SELF-HEALING] No working XPath is found.

21-10-2025T21:47:10 - [MESSAGE][INFO] - Unable to find the element located by 'By.xpath: '. Please recheck the objects properties to make sure the desired element is located. 

21-10-2025T21:47:10 - [MESSAGE][WARNING] - [SELF-HEALING] Cannot find elements when the selector is null

21-10-2025T21:47:10 - [MESSAGE][WARNING] - Web element with id: 'Object Repository/FIM/Server_Notification_Close_btn' located by '/html/body/div/div[1]/button' not found (Root cause: com.kms.katalon.core.exception.StepFailedException: Web element with id: 'Object Repository/FIM/Server_Notification_Close_btn' located by '/html/body/div/div[1]/button' not found
	at com.kms.katalon.core.webui.keyword.internal.WebUIKeywordMain.stepFailed(WebUIKeywordMain.groovy:117)
	at com.kms.katalon.core.webui.keyword.builtin.VerifyElementVisibleKeyword$_verifyElementVisible_closure1.doCall(VerifyElementVisibleKeyword.groovy:89)
	at com.kms.katalon.core.webui.keyword.builtin.VerifyElementVisibleKeyword$_verifyElementVisible_closure1.call(VerifyElementVisibleKeyword.groovy)
	at com.kms.katalon.core.webui.keyword.internal.WebUIKeywordMain.runKeyword(WebUIKeywordMain.groovy:35)
	at com.kms.katalon.core.webui.keyword.builtin.VerifyElementVisibleKeyword.verifyElementVisible(VerifyElementVisibleKeyword.groovy:97)
	at com.kms.katalon.core.webui.keyword.builtin.VerifyElementVisibleKeyword.execute(VerifyElementVisibleKeyword.groovy:67)
	at com.kms.katalon.core.keyword.internal.KeywordExecutor.executeKeywordForPlatform(KeywordExecutor.groovy:74)
	at com.kms.katalon.core.webui.keyword.WebUiBuiltInKeywords.verifyElementVisible(WebUiBuiltInKeywords.groovy:401)
	at com.kms.katalon.core.webui.keyword.WebUiBuiltInKeywords$verifyElementVisible$4.call(Unknown Source)
	at Edit Inventory Threshold.run(Edit Inventory Threshold:32)
	at com.kms.katalon.core.main.ScriptEngine.run(ScriptEngine.java:194)
	at com.kms.katalon.core.main.ScriptEngine.runScriptAsRawText(ScriptEngine.java:119)
	at com.kms.katalon.core.main.TestCaseExecutor.runScript(TestCaseExecutor.java:448)
	at com.kms.katalon.core.main.TestCaseExecutor.doExecute(TestCaseExecutor.java:439)
	at com.kms.katalon.core.main.TestCaseExecutor.processExecutionPhase(TestCaseExecutor.java:418)
	at com.kms.katalon.core.main.TestCaseExecutor.accessMainPhase(TestCaseExecutor.java:410)
	at com.kms.katalon.core.main.TestCaseExecutor.execute(TestCaseExecutor.java:285)
	at com.kms.katalon.core.common.CommonExecutor.accessTestCaseMainPhase(CommonExecutor.java:65)
	at com.kms.katalon.core.main.TestSuiteExecutor.accessTestSuiteMainPhase(TestSuiteExecutor.java:150)
	at com.kms.katalon.core.main.TestSuiteExecutor.execute(TestSuiteExecutor.java:106)
	at com.kms.katalon.core.main.TestCaseMain.startTestSuite(TestCaseMain.java:180)
	at com.kms.katalon.core.main.TestCaseMain$startTestSuite$0.call(Unknown Source)
	at TempTestSuite1761090809753.run(TempTestSuite1761090809753.groovy:35)
	at java.base/jdk.internal.reflect.NativeMethodAccessorImpl.invoke0(Native Method)
	at java.base/jdk.internal.reflect.NativeMethodAccessorImpl.invoke(NativeMethodAccessorImpl.java:77)
	at java.base/jdk.internal.reflect.DelegatingMethodAccessorImpl.invoke(DelegatingMethodAccessorImpl.java:43)
)

21-10-2025T21:47:10 - [TEST_STEP][PASSED] - delay(1): Delayed 1 second(s)

21-10-2025T21:47:11 - [MESSAGE][PASSED] - Delayed 1 second(s)

21-10-2025T21:47:11 - [TEST_STEP][PASSED] - waitForElementClickable(findTestObject("FIM/Sites Page/Inventories/Edit/Threshold/Tank Edit Button (Kenan)"), 300): Object 'Object Repository/FIM/Sites Page/Inventories/Edit/Threshold/Tank Edit Button (Kenan)' is clickable

21-10-2025T21:47:11 - [MESSAGE][PASSED] - Object 'Object Repository/FIM/Sites Page/Inventories/Edit/Threshold/Tank Edit Button (Kenan)' is clickable

21-10-2025T21:47:11 - [TEST_STEP][PASSED] - click(findTestObject("FIM/Sites Page/Inventories/Edit/Threshold/Tank Edit Button (Kenan)")): Object: 'Object Repository/FIM/Sites Page/Inventories/Edit/Threshold/Tank Edit Button (Kenan)' is clicked on

21-10-2025T21:47:11 - [MESSAGE][PASSED] - Object: 'Object Repository/FIM/Sites Page/Inventories/Edit/Threshold/Tank Edit Button (Kenan)' is clicked on

21-10-2025T21:47:11 - [TEST_STEP][PASSED] - clearText(findTestObject("FIM/Sites Page/Inventories/Edit/Threshold/Threshold_txt (Kenan)")): Text of object 'Object Repository/FIM/Sites Page/Inventories/Edit/Threshold/Threshold_txt (Kenan)' is cleared

21-10-2025T21:47:11 - [MESSAGE][PASSED] - Text of object 'Object Repository/FIM/Sites Page/Inventories/Edit/Threshold/Threshold_txt (Kenan)' is cleared

21-10-2025T21:47:11 - [TEST_STEP][PASSED] - sendKeys(findTestObject("FIM/Sites Page/Inventories/Edit/Threshold/Threshold_txt (Kenan)"), "4000"): Keys '4000' sent to object: 'Object Repository/FIM/Sites Page/Inventories/Edit/Threshold/Threshold_txt (Kenan)'

21-10-2025T21:47:11 - [MESSAGE][PASSED] - Keys '4000' sent to object: 'Object Repository/FIM/Sites Page/Inventories/Edit/Threshold/Threshold_txt (Kenan)'

21-10-2025T21:47:11 - [TEST_STEP][PASSED] - click(findTestObject("FIM/Sites Page/Inventories/Edit/Sales/Edit Save_btn")): Object: 'Object Repository/FIM/Sites Page/Inventories/Edit/Sales/Edit Save_btn' is clicked on

21-10-2025T21:47:12 - [MESSAGE][PASSED] - Object: 'Object Repository/FIM/Sites Page/Inventories/Edit/Sales/Edit Save_btn' is clicked on

21-10-2025T21:47:12 - [TEST_STEP][PASSED] - delay(2): Delayed 2 second(s)

21-10-2025T21:47:14 - [MESSAGE][PASSED] - Delayed 2 second(s)

21-10-2025T21:47:14 - [TEST_STEP][PASSED] - waitForElementPresent(findTestObject("FIM/Sites Page/Inventories/Edit/Threshold/Edit Threshold Success Message"), 10): Object 'Object Repository/FIM/Sites Page/Inventories/Edit/Threshold/Edit Threshold Success Message' is present

21-10-2025T21:47:14 - [MESSAGE][PASSED] - Object 'Object Repository/FIM/Sites Page/Inventories/Edit/Threshold/Edit Threshold Success Message' is present

21-10-2025T21:47:14 - [TEST_STEP][PASSED] - verifyElementVisible(findTestObject("FIM/Sites Page/Inventories/Edit/Threshold/Edit Threshold Success Message")): Object 'Object Repository/FIM/Sites Page/Inventories/Edit/Threshold/Edit Threshold Success Message' is visible

21-10-2025T21:47:14 - [MESSAGE][PASSED] - Object 'Object Repository/FIM/Sites Page/Inventories/Edit/Threshold/Edit Threshold Success Message' is visible

21-10-2025T21:47:14 - [TEST_STEP][PASSED] - verifyElementText(findTestObject("FIM/Sites Page/Inventories/Edit/Threshold/Edit Threshold Success Message"), "Tank threshold updated successfully"): Actual text and expected text of test object 'Object Repository/FIM/Sites Page/Inventories/Edit/Threshold/Edit Threshold Success Message' are matched.

21-10-2025T21:47:14 - [MESSAGE][PASSED] - Actual text and expected text of test object 'Object Repository/FIM/Sites Page/Inventories/Edit/Threshold/Edit Threshold Success Message' are matched.

21-10-2025T21:47:14 - [TEST_STEP][PASSED] - Start listener action : retryOnDisconnect: null

21-10-2025T21:47:14 - [TEST_STEP][PASSED] - tcId = testCaseContext.getTestCaseId(): null

21-10-2025T21:47:14 - [TEST_STEP][PASSED] - currentRetry = retryCounts.getOrDefault(tcId, 0): null

21-10-2025T21:47:14 - [TEST_STEP][PASSED] - if (testCaseContext.getTestCaseStatus() == "FAILED" && currentRetry < MAX_RETRIES): null]]></system-out>
         <system-err><![CDATA[]]></system-err>
      </testcase>
      <testcase name="Test Cases/FIM/UI/Kenan/Admin/Sites Page/Inventories/Delete Inventory" time="31.806" classname="Test Cases/FIM/UI/Kenan/Admin/Sites Page/Inventories/Delete Inventory" status="PASSED">
         <system-out><![CDATA[21-10-2025T21:47:14 - [TEST_CASE][PASSED] - Test Cases/FIM/UI/Kenan/Admin/Sites Page/Inventories/Delete Inventory: Test Cases/FIM/UI/Kenan/Admin/Sites Page/Inventories/Delete Inventory

21-10-2025T21:47:14 - [TEST_STEP][PASSED] - Start listener action : beforeTestCase: null

21-10-2025T21:47:14 - [TEST_STEP][PASSED] - addDefaultPackages(): null

21-10-2025T21:47:14 - [TEST_STEP][PASSED] - openBrowser(""): Browser is opened with url: ''

21-10-2025T21:47:14 - [MESSAGE][WARNING] - A browser is already opened. Closing browser and opening a new one

21-10-2025T21:47:14 - [MESSAGE][INFO] - Starting 'Chrome' driver

21-10-2025T21:47:14 - [MESSAGE][INFO] - User set preference: ['args', '[--no-sandbox, --disable-gpu, --disable-dev-shm-usage]']

21-10-2025T21:47:14 - [MESSAGE][INFO] - Action delay is set to 0 milliseconds

21-10-2025T21:47:15 - [MESSAGE][PASSED] - Browser is opened with url: ''

21-10-2025T21:47:15 - [TEST_STEP][PASSED] - navigateToUrl(TURK104SitesURL): Navigate to 'https://kag-inventory-management-portal.qa.thekag.com/site/TURK104?cg=-1&r=-1&i=i' successfully

21-10-2025T21:47:15 - [MESSAGE][PASSED] - Navigate to 'https://kag-inventory-management-portal.qa.thekag.com/site/TURK104?cg=-1&r=-1&i=i' successfully

21-10-2025T21:47:15 - [TEST_STEP][PASSED] - maximizeWindow(): Current window maximized

21-10-2025T21:47:15 - [MESSAGE][PASSED] - Current window maximized

21-10-2025T21:47:15 - [TEST_STEP][PASSED] - setText(findTestObject("FIM/Username_txt"), "Chris.Sheldon+DES_QA@Thekag.com"): Text 'Chris.Sheldon+DES_QA@Thekag.com' is set on object 'Object Repository/FIM/Username_txt'

21-10-2025T21:47:16 - [MESSAGE][PASSED] - Text 'Chris.Sheldon+DES_QA@Thekag.com' is set on object 'Object Repository/FIM/Username_txt'

21-10-2025T21:47:16 - [TEST_STEP][PASSED] - setText(findTestObject("FIM/Password_txt"), "QATest!2"): Text 'QATest!2' is set on object 'Object Repository/FIM/Password_txt'

21-10-2025T21:47:16 - [MESSAGE][PASSED] - Text 'QATest!2' is set on object 'Object Repository/FIM/Password_txt'

21-10-2025T21:47:16 - [TEST_STEP][PASSED] - click(findTestObject("FIM/Login_btn")): Object: 'Object Repository/FIM/Login_btn' is clicked on

21-10-2025T21:47:16 - [MESSAGE][PASSED] - Object: 'Object Repository/FIM/Login_btn' is clicked on

21-10-2025T21:47:16 - [TEST_STEP][PASSED] - if (verifyElementVisible(findTestObject("FIM/Server_Notification_Close_btn"), OPTIONAL) == true): Web element with id: 'Object Repository/FIM/Server_Notification_Close_btn' located by '/html/body/div/div[1]/button' not found (Root cause: com.kms.katalon.core.exception.StepFailedException: Web element with id: 'Object Repository/FIM/Server_Notification_Close_btn' located by '/html/body/div/div[1]/button' not found
	at com.kms.katalon.core.webui.keyword.internal.WebUIKeywordMain.stepFailed(WebUIKeywordMain.groovy:117)
	at com.kms.katalon.core.webui.keyword.builtin.VerifyElementVisibleKeyword$_verifyElementVisible_closure1.doCall(VerifyElementVisibleKeyword.groovy:89)
	at com.kms.katalon.core.webui.keyword.builtin.VerifyElementVisibleKeyword$_verifyElementVisible_closure1.call(VerifyElementVisibleKeyword.groovy)
	at com.kms.katalon.core.webui.keyword.internal.WebUIKeywordMain.runKeyword(WebUIKeywordMain.groovy:35)
	at com.kms.katalon.core.webui.keyword.builtin.VerifyElementVisibleKeyword.verifyElementVisible(VerifyElementVisibleKeyword.groovy:97)
	at com.kms.katalon.core.webui.keyword.builtin.VerifyElementVisibleKeyword.execute(VerifyElementVisibleKeyword.groovy:67)
	at com.kms.katalon.core.keyword.internal.KeywordExecutor.executeKeywordForPlatform(KeywordExecutor.groovy:74)
	at com.kms.katalon.core.webui.keyword.WebUiBuiltInKeywords.verifyElementVisible(WebUiBuiltInKeywords.groovy:401)
	at com.kms.katalon.core.webui.keyword.WebUiBuiltInKeywords$verifyElementVisible$4.call(Unknown Source)
	at Delete Inventory.run(Delete Inventory:32)
	at com.kms.katalon.core.main.ScriptEngine.run(ScriptEngine.java:194)
	at com.kms.katalon.core.main.ScriptEngine.runScriptAsRawText(ScriptEngine.java:119)
	at com.kms.katalon.core.main.TestCaseExecutor.runScript(TestCaseExecutor.java:448)
	at com.kms.katalon.core.main.TestCaseExecutor.doExecute(TestCaseExecutor.java:439)
	at com.kms.katalon.core.main.TestCaseExecutor.processExecutionPhase(TestCaseExecutor.java:418)
	at com.kms.katalon.core.main.TestCaseExecutor.accessMainPhase(TestCaseExecutor.java:410)
	at com.kms.katalon.core.main.TestCaseExecutor.execute(TestCaseExecutor.java:285)
	at com.kms.katalon.core.common.CommonExecutor.accessTestCaseMainPhase(CommonExecutor.java:65)
	at com.kms.katalon.core.main.TestSuiteExecutor.accessTestSuiteMainPhase(TestSuiteExecutor.java:150)
	at com.kms.katalon.core.main.TestSuiteExecutor.execute(TestSuiteExecutor.java:106)
	at com.kms.katalon.core.main.TestCaseMain.startTestSuite(TestCaseMain.java:180)
	at com.kms.katalon.core.main.TestCaseMain$startTestSuite$0.call(Unknown Source)
	at TempTestSuite1761090809753.run(TempTestSuite1761090809753.groovy:35)
	at java.base/jdk.internal.reflect.NativeMethodAccessorImpl.invoke0(Native Method)
	at java.base/jdk.internal.reflect.NativeMethodAccessorImpl.invoke(NativeMethodAccessorImpl.java:77)
	at java.base/jdk.internal.reflect.DelegatingMethodAccessorImpl.invoke(DelegatingMethodAccessorImpl.java:43)
)

21-10-2025T21:47:32 - [MESSAGE][INFO] - Unable to find the element located by 'By.xpath: /html/body/div/div[1]/button'. Please recheck the objects properties to make sure the desired element is located. 

21-10-2025T21:47:32 - [MESSAGE][WARNING] - [SELF-HEALING] Failed to find element with id 'Object Repository/FIM/Server_Notification_Close_btn'. Try using Self-healing.

21-10-2025T21:47:33 - [MESSAGE][INFO] - [SELF-HEALING] No working XPath is found.

21-10-2025T21:47:36 - [MESSAGE][INFO] - Unable to find the element located by 'By.xpath: '. Please recheck the objects properties to make sure the desired element is located. 

21-10-2025T21:47:36 - [MESSAGE][WARNING] - [SELF-HEALING] Cannot find elements when the selector is null

21-10-2025T21:47:36 - [MESSAGE][WARNING] - Web element with id: 'Object Repository/FIM/Server_Notification_Close_btn' located by '/html/body/div/div[1]/button' not found (Root cause: com.kms.katalon.core.exception.StepFailedException: Web element with id: 'Object Repository/FIM/Server_Notification_Close_btn' located by '/html/body/div/div[1]/button' not found
	at com.kms.katalon.core.webui.keyword.internal.WebUIKeywordMain.stepFailed(WebUIKeywordMain.groovy:117)
	at com.kms.katalon.core.webui.keyword.builtin.VerifyElementVisibleKeyword$_verifyElementVisible_closure1.doCall(VerifyElementVisibleKeyword.groovy:89)
	at com.kms.katalon.core.webui.keyword.builtin.VerifyElementVisibleKeyword$_verifyElementVisible_closure1.call(VerifyElementVisibleKeyword.groovy)
	at com.kms.katalon.core.webui.keyword.internal.WebUIKeywordMain.runKeyword(WebUIKeywordMain.groovy:35)
	at com.kms.katalon.core.webui.keyword.builtin.VerifyElementVisibleKeyword.verifyElementVisible(VerifyElementVisibleKeyword.groovy:97)
	at com.kms.katalon.core.webui.keyword.builtin.VerifyElementVisibleKeyword.execute(VerifyElementVisibleKeyword.groovy:67)
	at com.kms.katalon.core.keyword.internal.KeywordExecutor.executeKeywordForPlatform(KeywordExecutor.groovy:74)
	at com.kms.katalon.core.webui.keyword.WebUiBuiltInKeywords.verifyElementVisible(WebUiBuiltInKeywords.groovy:401)
	at com.kms.katalon.core.webui.keyword.WebUiBuiltInKeywords$verifyElementVisible$4.call(Unknown Source)
	at Delete Inventory.run(Delete Inventory:32)
	at com.kms.katalon.core.main.ScriptEngine.run(ScriptEngine.java:194)
	at com.kms.katalon.core.main.ScriptEngine.runScriptAsRawText(ScriptEngine.java:119)
	at com.kms.katalon.core.main.TestCaseExecutor.runScript(TestCaseExecutor.java:448)
	at com.kms.katalon.core.main.TestCaseExecutor.doExecute(TestCaseExecutor.java:439)
	at com.kms.katalon.core.main.TestCaseExecutor.processExecutionPhase(TestCaseExecutor.java:418)
	at com.kms.katalon.core.main.TestCaseExecutor.accessMainPhase(TestCaseExecutor.java:410)
	at com.kms.katalon.core.main.TestCaseExecutor.execute(TestCaseExecutor.java:285)
	at com.kms.katalon.core.common.CommonExecutor.accessTestCaseMainPhase(CommonExecutor.java:65)
	at com.kms.katalon.core.main.TestSuiteExecutor.accessTestSuiteMainPhase(TestSuiteExecutor.java:150)
	at com.kms.katalon.core.main.TestSuiteExecutor.execute(TestSuiteExecutor.java:106)
	at com.kms.katalon.core.main.TestCaseMain.startTestSuite(TestCaseMain.java:180)
	at com.kms.katalon.core.main.TestCaseMain$startTestSuite$0.call(Unknown Source)
	at TempTestSuite1761090809753.run(TempTestSuite1761090809753.groovy:35)
	at java.base/jdk.internal.reflect.NativeMethodAccessorImpl.invoke0(Native Method)
	at java.base/jdk.internal.reflect.NativeMethodAccessorImpl.invoke(NativeMethodAccessorImpl.java:77)
	at java.base/jdk.internal.reflect.DelegatingMethodAccessorImpl.invoke(DelegatingMethodAccessorImpl.java:43)
)

21-10-2025T21:47:36 - [TEST_STEP][PASSED] - delay(1): Delayed 1 second(s)

21-10-2025T21:47:37 - [MESSAGE][PASSED] - Delayed 1 second(s)

21-10-2025T21:47:37 - [TEST_STEP][PASSED] - waitForElementVisible(findTestObject("FIM/Sites Page/Inventories/Edit/Inventory History/Inventory History_btn"), 250): Object 'Object Repository/FIM/Sites Page/Inventories/Edit/Inventory History/Inventory History_btn' is visible

21-10-2025T21:47:37 - [MESSAGE][PASSED] - Object 'Object Repository/FIM/Sites Page/Inventories/Edit/Inventory History/Inventory History_btn' is visible

21-10-2025T21:47:37 - [TEST_STEP][PASSED] - click(findTestObject("FIM/Sites Page/Inventories/Edit/Inventory History/Inventory History_btn")): Object: 'Object Repository/FIM/Sites Page/Inventories/Edit/Inventory History/Inventory History_btn' is clicked on

21-10-2025T21:47:37 - [MESSAGE][PASSED] - Object: 'Object Repository/FIM/Sites Page/Inventories/Edit/Inventory History/Inventory History_btn' is clicked on

21-10-2025T21:47:37 - [TEST_STEP][PASSED] - click(findTestObject("FIM/Sites Page/Inventories/Edit/Inventory History/1st Delete Inventory_btn")): Object: 'Object Repository/FIM/Sites Page/Inventories/Edit/Inventory History/1st Delete Inventory_btn' is clicked on

21-10-2025T21:47:37 - [MESSAGE][PASSED] - Object: 'Object Repository/FIM/Sites Page/Inventories/Edit/Inventory History/1st Delete Inventory_btn' is clicked on

21-10-2025T21:47:37 - [TEST_STEP][PASSED] - delay(2): Delayed 2 second(s)

21-10-2025T21:47:39 - [MESSAGE][PASSED] - Delayed 2 second(s)

21-10-2025T21:47:39 - [TEST_STEP][PASSED] - click(findTestObject("FIM/Sites Page/Inventories/Edit/Inventory History/Delete Inventories Confirm_btn")): Object: 'Object Repository/FIM/Sites Page/Inventories/Edit/Inventory History/Delete Inventories Confirm_btn' is clicked on

21-10-2025T21:47:39 - [MESSAGE][PASSED] - Object: 'Object Repository/FIM/Sites Page/Inventories/Edit/Inventory History/Delete Inventories Confirm_btn' is clicked on

21-10-2025T21:47:39 - [TEST_STEP][PASSED] - delay(2): Delayed 2 second(s)

21-10-2025T21:47:41 - [MESSAGE][PASSED] - Delayed 2 second(s)

21-10-2025T21:47:41 - [TEST_STEP][PASSED] - click(findTestObject("FIM/Sites Page/Inventories/Edit/Inventory History/Inventory History Exit_btn")): Object: 'Object Repository/FIM/Sites Page/Inventories/Edit/Inventory History/Inventory History Exit_btn' is clicked on

21-10-2025T21:47:45 - [MESSAGE][PASSED] - Object: 'Object Repository/FIM/Sites Page/Inventories/Edit/Inventory History/Inventory History Exit_btn' is clicked on

21-10-2025T21:47:45 - [TEST_STEP][PASSED] - Start listener action : retryOnDisconnect: null

21-10-2025T21:47:45 - [TEST_STEP][PASSED] - tcId = testCaseContext.getTestCaseId(): null

21-10-2025T21:47:45 - [TEST_STEP][PASSED] - currentRetry = retryCounts.getOrDefault(tcId, 0): null

21-10-2025T21:47:46 - [TEST_STEP][PASSED] - if (testCaseContext.getTestCaseStatus() == "FAILED" && currentRetry < MAX_RETRIES): null]]></system-out>
         <system-err><![CDATA[]]></system-err>
      </testcase>
      <testcase name="Test Cases/FIM/UI/Kenan/Admin/Sites Page/Inventories/Verification of Days of Supply Toggle" time="51.685" classname="Test Cases/FIM/UI/Kenan/Admin/Sites Page/Inventories/Verification of Days of Supply Toggle" status="FAILED">
         <failure type="FAILED" message="Test Cases/FIM/UI/Kenan/Admin/Sites Page/Inventories/Verification of Days of Supply Toggle FAILED.&#xa;Reason:&#xa;com.kms.katalon.core.exception.StepFailedException: Unable to verify object 'Object Repository/FIM/Sites Page/Inventories/Days of Supply_toggle_btn' to be clickable&#xa;	at com.kms.katalon.core.webui.keyword.internal.WebUIKeywordMain.stepFailed(WebUIKeywordMain.groovy:117)&#xa;	at com.kms.katalon.core.webui.keyword.internal.WebUIKeywordMain.runKeyword(WebUIKeywordMain.groovy:43)&#xa;	at com.kms.katalon.core.webui.keyword.builtin.VerifyElementClickableKeyword.verifyElementClickable(VerifyElementClickableKeyword.groovy:96)&#xa;	at com.kms.katalon.core.webui.keyword.builtin.VerifyElementClickableKeyword.execute(VerifyElementClickableKeyword.groovy:67)&#xa;	at com.kms.katalon.core.keyword.internal.KeywordExecutor.executeKeywordForPlatform(KeywordExecutor.groovy:74)&#xa;	at com.kms.katalon.core.webui.keyword.WebUiBuiltInKeywords.verifyElementClickable(WebUiBuiltInKeywords.groovy:605)&#xa;	at com.kms.katalon.core.webui.keyword.WebUiBuiltInKeywords$verifyElementClickable$13.call(Unknown Source)&#xa;	at Verification of Days of Supply Toggle.run(Verification of Days of Supply Toggle:56)&#xa;	at com.kms.katalon.core.main.ScriptEngine.run(ScriptEngine.java:194)&#xa;	at com.kms.katalon.core.main.ScriptEngine.runScriptAsRawText(ScriptEngine.java:119)&#xa;	at com.kms.katalon.core.main.TestCaseExecutor.runScript(TestCaseExecutor.java:448)&#xa;	at com.kms.katalon.core.main.TestCaseExecutor.doExecute(TestCaseExecutor.java:439)&#xa;	at com.kms.katalon.core.main.TestCaseExecutor.processExecutionPhase(TestCaseExecutor.java:418)&#xa;	at com.kms.katalon.core.main.TestCaseExecutor.accessMainPhase(TestCaseExecutor.java:410)&#xa;	at com.kms.katalon.core.main.TestCaseExecutor.execute(TestCaseExecutor.java:285)&#xa;	at com.kms.katalon.core.common.CommonExecutor.accessTestCaseMainPhase(CommonExecutor.java:65)&#xa;	at com.kms.katalon.core.main.TestSuiteExecutor.accessTestSuiteMainPhase(TestSuiteExecutor.java:150)&#xa;	at com.kms.katalon.core.main.TestSuiteExecutor.execute(TestSuiteExecutor.java:106)&#xa;	at com.kms.katalon.core.main.TestCaseMain.startTestSuite(TestCaseMain.java:180)&#xa;	at com.kms.katalon.core.main.TestCaseMain$startTestSuite$0.call(Unknown Source)&#xa;	at TempTestSuite1761090809753.run(TempTestSuite1761090809753.groovy:35)&#xa;	at java.base/jdk.internal.reflect.NativeMethodAccessorImpl.invoke0(Native Method)&#xa;	at java.base/jdk.internal.reflect.NativeMethodAccessorImpl.invoke(NativeMethodAccessorImpl.java:77)&#xa;	at java.base/jdk.internal.reflect.DelegatingMethodAccessorImpl.invoke(DelegatingMethodAccessorImpl.java:43)&#xa;Caused by: com.kms.katalon.core.exception.StepFailedException: Web element with id: 'Object Repository/FIM/Sites Page/Inventories/Days of Supply_toggle_btn' located by '/html/body/div/div[2]/div/div/div[2]/div[4]/fieldset/div/div' not found&#xa;	at com.kms.katalon.core.webui.keyword.internal.WebUIKeywordMain.stepFailed(WebUIKeywordMain.groovy:117)&#xa;	at com.kms.katalon.core.webui.keyword.builtin.VerifyElementClickableKeyword$_verifyElementClickable_closure1.doCall(VerifyElementClickableKeyword.groovy:88)&#xa;	at com.kms.katalon.core.webui.keyword.builtin.VerifyElementClickableKeyword$_verifyElementClickable_closure1.call(VerifyElementClickableKeyword.groovy)&#xa;	at com.kms.katalon.core.webui.keyword.internal.WebUIKeywordMain.runKeyword(WebUIKeywordMain.groovy:35)&#xa;	... 22 more&#xa;"/>
         <system-out><![CDATA[21-10-2025T21:47:46 - [TEST_CASE][FAILED] - Test Cases/FIM/UI/Kenan/Admin/Sites Page/Inventories/Verification of Days of Supply Toggle: Test Cases/FIM/UI/Kenan/Admin/Sites Page/Inventories/Verification of Days of Supply Toggle FAILED.
Reason:
com.kms.katalon.core.exception.StepFailedException: Unable to verify object 'Object Repository/FIM/Sites Page/Inventories/Days of Supply_toggle_btn' to be clickable
	at com.kms.katalon.core.webui.keyword.internal.WebUIKeywordMain.stepFailed(WebUIKeywordMain.groovy:117)
	at com.kms.katalon.core.webui.keyword.internal.WebUIKeywordMain.runKeyword(WebUIKeywordMain.groovy:43)
	at com.kms.katalon.core.webui.keyword.builtin.VerifyElementClickableKeyword.verifyElementClickable(VerifyElementClickableKeyword.groovy:96)
	at com.kms.katalon.core.webui.keyword.builtin.VerifyElementClickableKeyword.execute(VerifyElementClickableKeyword.groovy:67)
	at com.kms.katalon.core.keyword.internal.KeywordExecutor.executeKeywordForPlatform(KeywordExecutor.groovy:74)
	at com.kms.katalon.core.webui.keyword.WebUiBuiltInKeywords.verifyElementClickable(WebUiBuiltInKeywords.groovy:605)
	at com.kms.katalon.core.webui.keyword.WebUiBuiltInKeywords$verifyElementClickable$13.call(Unknown Source)
	at Verification of Days of Supply Toggle.run(Verification of Days of Supply Toggle:56)
	at com.kms.katalon.core.main.ScriptEngine.run(ScriptEngine.java:194)
	at com.kms.katalon.core.main.ScriptEngine.runScriptAsRawText(ScriptEngine.java:119)
	at com.kms.katalon.core.main.TestCaseExecutor.runScript(TestCaseExecutor.java:448)
	at com.kms.katalon.core.main.TestCaseExecutor.doExecute(TestCaseExecutor.java:439)
	at com.kms.katalon.core.main.TestCaseExecutor.processExecutionPhase(TestCaseExecutor.java:418)
	at com.kms.katalon.core.main.TestCaseExecutor.accessMainPhase(TestCaseExecutor.java:410)
	at com.kms.katalon.core.main.TestCaseExecutor.execute(TestCaseExecutor.java:285)
	at com.kms.katalon.core.common.CommonExecutor.accessTestCaseMainPhase(CommonExecutor.java:65)
	at com.kms.katalon.core.main.TestSuiteExecutor.accessTestSuiteMainPhase(TestSuiteExecutor.java:150)
	at com.kms.katalon.core.main.TestSuiteExecutor.execute(TestSuiteExecutor.java:106)
	at com.kms.katalon.core.main.TestCaseMain.startTestSuite(TestCaseMain.java:180)
	at com.kms.katalon.core.main.TestCaseMain$startTestSuite$0.call(Unknown Source)
	at TempTestSuite1761090809753.run(TempTestSuite1761090809753.groovy:35)
	at java.base/jdk.internal.reflect.NativeMethodAccessorImpl.invoke0(Native Method)
	at java.base/jdk.internal.reflect.NativeMethodAccessorImpl.invoke(NativeMethodAccessorImpl.java:77)
	at java.base/jdk.internal.reflect.DelegatingMethodAccessorImpl.invoke(DelegatingMethodAccessorImpl.java:43)
Caused by: com.kms.katalon.core.exception.StepFailedException: Web element with id: 'Object Repository/FIM/Sites Page/Inventories/Days of Supply_toggle_btn' located by '/html/body/div/div[2]/div/div/div[2]/div[4]/fieldset/div/div' not found
	at com.kms.katalon.core.webui.keyword.internal.WebUIKeywordMain.stepFailed(WebUIKeywordMain.groovy:117)
	at com.kms.katalon.core.webui.keyword.builtin.VerifyElementClickableKeyword$_verifyElementClickable_closure1.doCall(VerifyElementClickableKeyword.groovy:88)
	at com.kms.katalon.core.webui.keyword.builtin.VerifyElementClickableKeyword$_verifyElementClickable_closure1.call(VerifyElementClickableKeyword.groovy)
	at com.kms.katalon.core.webui.keyword.internal.WebUIKeywordMain.runKeyword(WebUIKeywordMain.groovy:35)
	... 22 more


21-10-2025T21:47:46 - [TEST_STEP][PASSED] - Start listener action : beforeTestCase: null

21-10-2025T21:47:46 - [TEST_STEP][PASSED] - addDefaultPackages(): null

21-10-2025T21:47:46 - [TEST_STEP][PASSED] - openBrowser(""): Browser is opened with url: ''

21-10-2025T21:47:46 - [MESSAGE][WARNING] - A browser is already opened. Closing browser and opening a new one

21-10-2025T21:47:46 - [MESSAGE][INFO] - Starting 'Chrome' driver

21-10-2025T21:47:46 - [MESSAGE][INFO] - User set preference: ['args', '[--no-sandbox, --disable-gpu, --disable-dev-shm-usage]']

21-10-2025T21:47:46 - [MESSAGE][INFO] - Action delay is set to 0 milliseconds

21-10-2025T21:47:47 - [MESSAGE][PASSED] - Browser is opened with url: ''

21-10-2025T21:47:47 - [TEST_STEP][PASSED] - navigateToUrl(TURK101SitesURL): Navigate to 'https://kag-inventory-management-portal.qa.thekag.com/site/TURK101?cg=-1&r=-1&i=i' successfully

21-10-2025T21:47:47 - [MESSAGE][PASSED] - Navigate to 'https://kag-inventory-management-portal.qa.thekag.com/site/TURK101?cg=-1&r=-1&i=i' successfully

21-10-2025T21:47:47 - [TEST_STEP][PASSED] - maximizeWindow(): Current window maximized

21-10-2025T21:47:47 - [MESSAGE][PASSED] - Current window maximized

21-10-2025T21:47:47 - [TEST_STEP][PASSED] - setText(findTestObject("FIM/Username_txt"), "Chris.Sheldon+DES_QA@Thekag.com"): Text 'Chris.Sheldon+DES_QA@Thekag.com' is set on object 'Object Repository/FIM/Username_txt'

21-10-2025T21:47:48 - [MESSAGE][PASSED] - Text 'Chris.Sheldon+DES_QA@Thekag.com' is set on object 'Object Repository/FIM/Username_txt'

21-10-2025T21:47:48 - [TEST_STEP][PASSED] - setText(findTestObject("FIM/Password_txt"), "QATest!2"): Text 'QATest!2' is set on object 'Object Repository/FIM/Password_txt'

21-10-2025T21:47:48 - [MESSAGE][PASSED] - Text 'QATest!2' is set on object 'Object Repository/FIM/Password_txt'

21-10-2025T21:47:48 - [TEST_STEP][PASSED] - click(findTestObject("FIM/Login_btn")): Object: 'Object Repository/FIM/Login_btn' is clicked on

21-10-2025T21:47:48 - [MESSAGE][PASSED] - Object: 'Object Repository/FIM/Login_btn' is clicked on

21-10-2025T21:47:48 - [TEST_STEP][PASSED] - if (verifyElementVisible(findTestObject("FIM/Server_Notification_Close_btn"), OPTIONAL) == true): Web element with id: 'Object Repository/FIM/Server_Notification_Close_btn' located by '/html/body/div/div[1]/button' not found (Root cause: com.kms.katalon.core.exception.StepFailedException: Web element with id: 'Object Repository/FIM/Server_Notification_Close_btn' located by '/html/body/div/div[1]/button' not found
	at com.kms.katalon.core.webui.keyword.internal.WebUIKeywordMain.stepFailed(WebUIKeywordMain.groovy:117)
	at com.kms.katalon.core.webui.keyword.builtin.VerifyElementVisibleKeyword$_verifyElementVisible_closure1.doCall(VerifyElementVisibleKeyword.groovy:89)
	at com.kms.katalon.core.webui.keyword.builtin.VerifyElementVisibleKeyword$_verifyElementVisible_closure1.call(VerifyElementVisibleKeyword.groovy)
	at com.kms.katalon.core.webui.keyword.internal.WebUIKeywordMain.runKeyword(WebUIKeywordMain.groovy:35)
	at com.kms.katalon.core.webui.keyword.builtin.VerifyElementVisibleKeyword.verifyElementVisible(VerifyElementVisibleKeyword.groovy:97)
	at com.kms.katalon.core.webui.keyword.builtin.VerifyElementVisibleKeyword.execute(VerifyElementVisibleKeyword.groovy:67)
	at com.kms.katalon.core.keyword.internal.KeywordExecutor.executeKeywordForPlatform(KeywordExecutor.groovy:74)
	at com.kms.katalon.core.webui.keyword.WebUiBuiltInKeywords.verifyElementVisible(WebUiBuiltInKeywords.groovy:401)
	at com.kms.katalon.core.webui.keyword.WebUiBuiltInKeywords$verifyElementVisible$4.call(Unknown Source)
	at Verification of Days of Supply Toggle.run(Verification of Days of Supply Toggle:32)
	at com.kms.katalon.core.main.ScriptEngine.run(ScriptEngine.java:194)
	at com.kms.katalon.core.main.ScriptEngine.runScriptAsRawText(ScriptEngine.java:119)
	at com.kms.katalon.core.main.TestCaseExecutor.runScript(TestCaseExecutor.java:448)
	at com.kms.katalon.core.main.TestCaseExecutor.doExecute(TestCaseExecutor.java:439)
	at com.kms.katalon.core.main.TestCaseExecutor.processExecutionPhase(TestCaseExecutor.java:418)
	at com.kms.katalon.core.main.TestCaseExecutor.accessMainPhase(TestCaseExecutor.java:410)
	at com.kms.katalon.core.main.TestCaseExecutor.execute(TestCaseExecutor.java:285)
	at com.kms.katalon.core.common.CommonExecutor.accessTestCaseMainPhase(CommonExecutor.java:65)
	at com.kms.katalon.core.main.TestSuiteExecutor.accessTestSuiteMainPhase(TestSuiteExecutor.java:150)
	at com.kms.katalon.core.main.TestSuiteExecutor.execute(TestSuiteExecutor.java:106)
	at com.kms.katalon.core.main.TestCaseMain.startTestSuite(TestCaseMain.java:180)
	at com.kms.katalon.core.main.TestCaseMain$startTestSuite$0.call(Unknown Source)
	at TempTestSuite1761090809753.run(TempTestSuite1761090809753.groovy:35)
	at java.base/jdk.internal.reflect.NativeMethodAccessorImpl.invoke0(Native Method)
	at java.base/jdk.internal.reflect.NativeMethodAccessorImpl.invoke(NativeMethodAccessorImpl.java:77)
	at java.base/jdk.internal.reflect.DelegatingMethodAccessorImpl.invoke(DelegatingMethodAccessorImpl.java:43)
)

21-10-2025T21:48:04 - [MESSAGE][INFO] - Unable to find the element located by 'By.xpath: /html/body/div/div[1]/button'. Please recheck the objects properties to make sure the desired element is located. 

21-10-2025T21:48:04 - [MESSAGE][WARNING] - [SELF-HEALING] Failed to find element with id 'Object Repository/FIM/Server_Notification_Close_btn'. Try using Self-healing.

21-10-2025T21:48:05 - [MESSAGE][INFO] - [SELF-HEALING] No working XPath is found.

21-10-2025T21:48:07 - [MESSAGE][INFO] - Unable to find the element located by 'By.xpath: '. Please recheck the objects properties to make sure the desired element is located. 

21-10-2025T21:48:07 - [MESSAGE][WARNING] - [SELF-HEALING] Cannot find elements when the selector is null

21-10-2025T21:48:07 - [MESSAGE][WARNING] - Web element with id: 'Object Repository/FIM/Server_Notification_Close_btn' located by '/html/body/div/div[1]/button' not found (Root cause: com.kms.katalon.core.exception.StepFailedException: Web element with id: 'Object Repository/FIM/Server_Notification_Close_btn' located by '/html/body/div/div[1]/button' not found
	at com.kms.katalon.core.webui.keyword.internal.WebUIKeywordMain.stepFailed(WebUIKeywordMain.groovy:117)
	at com.kms.katalon.core.webui.keyword.builtin.VerifyElementVisibleKeyword$_verifyElementVisible_closure1.doCall(VerifyElementVisibleKeyword.groovy:89)
	at com.kms.katalon.core.webui.keyword.builtin.VerifyElementVisibleKeyword$_verifyElementVisible_closure1.call(VerifyElementVisibleKeyword.groovy)
	at com.kms.katalon.core.webui.keyword.internal.WebUIKeywordMain.runKeyword(WebUIKeywordMain.groovy:35)
	at com.kms.katalon.core.webui.keyword.builtin.VerifyElementVisibleKeyword.verifyElementVisible(VerifyElementVisibleKeyword.groovy:97)
	at com.kms.katalon.core.webui.keyword.builtin.VerifyElementVisibleKeyword.execute(VerifyElementVisibleKeyword.groovy:67)
	at com.kms.katalon.core.keyword.internal.KeywordExecutor.executeKeywordForPlatform(KeywordExecutor.groovy:74)
	at com.kms.katalon.core.webui.keyword.WebUiBuiltInKeywords.verifyElementVisible(WebUiBuiltInKeywords.groovy:401)
	at com.kms.katalon.core.webui.keyword.WebUiBuiltInKeywords$verifyElementVisible$4.call(Unknown Source)
	at Verification of Days of Supply Toggle.run(Verification of Days of Supply Toggle:32)
	at com.kms.katalon.core.main.ScriptEngine.run(ScriptEngine.java:194)
	at com.kms.katalon.core.main.ScriptEngine.runScriptAsRawText(ScriptEngine.java:119)
	at com.kms.katalon.core.main.TestCaseExecutor.runScript(TestCaseExecutor.java:448)
	at com.kms.katalon.core.main.TestCaseExecutor.doExecute(TestCaseExecutor.java:439)
	at com.kms.katalon.core.main.TestCaseExecutor.processExecutionPhase(TestCaseExecutor.java:418)
	at com.kms.katalon.core.main.TestCaseExecutor.accessMainPhase(TestCaseExecutor.java:410)
	at com.kms.katalon.core.main.TestCaseExecutor.execute(TestCaseExecutor.java:285)
	at com.kms.katalon.core.common.CommonExecutor.accessTestCaseMainPhase(CommonExecutor.java:65)
	at com.kms.katalon.core.main.TestSuiteExecutor.accessTestSuiteMainPhase(TestSuiteExecutor.java:150)
	at com.kms.katalon.core.main.TestSuiteExecutor.execute(TestSuiteExecutor.java:106)
	at com.kms.katalon.core.main.TestCaseMain.startTestSuite(TestCaseMain.java:180)
	at com.kms.katalon.core.main.TestCaseMain$startTestSuite$0.call(Unknown Source)
	at TempTestSuite1761090809753.run(TempTestSuite1761090809753.groovy:35)
	at java.base/jdk.internal.reflect.NativeMethodAccessorImpl.invoke0(Native Method)
	at java.base/jdk.internal.reflect.NativeMethodAccessorImpl.invoke(NativeMethodAccessorImpl.java:77)
	at java.base/jdk.internal.reflect.DelegatingMethodAccessorImpl.invoke(DelegatingMethodAccessorImpl.java:43)
)

21-10-2025T21:48:07 - [TEST_STEP][PASSED] - delay(1): Delayed 1 second(s)

21-10-2025T21:48:08 - [MESSAGE][PASSED] - Delayed 1 second(s)

21-10-2025T21:48:08 - [TEST_STEP][PASSED] - waitForElementPresent(findTestObject("FIM/Sites Page/Inventories/Days of Supply_toggle_btn"), 300): Object 'Object Repository/FIM/Sites Page/Inventories/Days of Supply_toggle_btn' is present

21-10-2025T21:48:08 - [MESSAGE][PASSED] - Object 'Object Repository/FIM/Sites Page/Inventories/Days of Supply_toggle_btn' is present

21-10-2025T21:48:08 - [TEST_STEP][PASSED] - sendKeys(findTestObject("FIM/Sites Page/Site Filtering/Region Selection_dropdown"), "Denver"): Keys 'Denver' sent to object: 'Object Repository/FIM/Sites Page/Site Filtering/Region Selection_dropdown'

21-10-2025T21:48:08 - [MESSAGE][PASSED] - Keys 'Denver' sent to object: 'Object Repository/FIM/Sites Page/Site Filtering/Region Selection_dropdown'

21-10-2025T21:48:08 - [TEST_STEP][PASSED] - delay(5): Delayed 5 second(s)

21-10-2025T21:48:13 - [MESSAGE][PASSED] - Delayed 5 second(s)

21-10-2025T21:48:13 - [TEST_STEP][PASSED] - sendKeys(findTestObject("FIM/Sites Page/Site Filtering/Custom Group Selection_dropdown"), "7-ELEVEN"): Keys '7-ELEVEN' sent to object: 'Object Repository/FIM/Sites Page/Site Filtering/Custom Group Selection_dropdown'

21-10-2025T21:48:13 - [MESSAGE][PASSED] - Keys '7-ELEVEN' sent to object: 'Object Repository/FIM/Sites Page/Site Filtering/Custom Group Selection_dropdown'

21-10-2025T21:48:13 - [TEST_STEP][PASSED] - delay(5): Delayed 5 second(s)

21-10-2025T21:48:18 - [MESSAGE][PASSED] - Delayed 5 second(s)

21-10-2025T21:48:18 - [TEST_STEP][FAILED] - verifyElementClickable(findTestObject("FIM/Sites Page/Inventories/Days of Supply_toggle_btn")): Unable to verify object 'Object Repository/FIM/Sites Page/Inventories/Days of Supply_toggle_btn' to be clickable (Root cause: com.kms.katalon.core.exception.StepFailedException: Unable to verify object 'Object Repository/FIM/Sites Page/Inventories/Days of Supply_toggle_btn' to be clickable
	at com.kms.katalon.core.webui.keyword.internal.WebUIKeywordMain.stepFailed(WebUIKeywordMain.groovy:117)
	at com.kms.katalon.core.webui.keyword.internal.WebUIKeywordMain.runKeyword(WebUIKeywordMain.groovy:43)
	at com.kms.katalon.core.webui.keyword.builtin.VerifyElementClickableKeyword.verifyElementClickable(VerifyElementClickableKeyword.groovy:96)
	at com.kms.katalon.core.webui.keyword.builtin.VerifyElementClickableKeyword.execute(VerifyElementClickableKeyword.groovy:67)
	at com.kms.katalon.core.keyword.internal.KeywordExecutor.executeKeywordForPlatform(KeywordExecutor.groovy:74)
	at com.kms.katalon.core.webui.keyword.WebUiBuiltInKeywords.verifyElementClickable(WebUiBuiltInKeywords.groovy:605)
	at com.kms.katalon.core.webui.keyword.WebUiBuiltInKeywords$verifyElementClickable$13.call(Unknown Source)
	at Verification of Days of Supply Toggle.run(Verification of Days of Supply Toggle:56)
	at com.kms.katalon.core.main.ScriptEngine.run(ScriptEngine.java:194)
	at com.kms.katalon.core.main.ScriptEngine.runScriptAsRawText(ScriptEngine.java:119)
	at com.kms.katalon.core.main.TestCaseExecutor.runScript(TestCaseExecutor.java:448)
	at com.kms.katalon.core.main.TestCaseExecutor.doExecute(TestCaseExecutor.java:439)
	at com.kms.katalon.core.main.TestCaseExecutor.processExecutionPhase(TestCaseExecutor.java:418)
	at com.kms.katalon.core.main.TestCaseExecutor.accessMainPhase(TestCaseExecutor.java:410)
	at com.kms.katalon.core.main.TestCaseExecutor.execute(TestCaseExecutor.java:285)
	at com.kms.katalon.core.common.CommonExecutor.accessTestCaseMainPhase(CommonExecutor.java:65)
	at com.kms.katalon.core.main.TestSuiteExecutor.accessTestSuiteMainPhase(TestSuiteExecutor.java:150)
	at com.kms.katalon.core.main.TestSuiteExecutor.execute(TestSuiteExecutor.java:106)
	at com.kms.katalon.core.main.TestCaseMain.startTestSuite(TestCaseMain.java:180)
	at com.kms.katalon.core.main.TestCaseMain$startTestSuite$0.call(Unknown Source)
	at TempTestSuite1761090809753.run(TempTestSuite1761090809753.groovy:35)
	at java.base/jdk.internal.reflect.NativeMethodAccessorImpl.invoke0(Native Method)
	at java.base/jdk.internal.reflect.NativeMethodAccessorImpl.invoke(NativeMethodAccessorImpl.java:77)
	at java.base/jdk.internal.reflect.DelegatingMethodAccessorImpl.invoke(DelegatingMethodAccessorImpl.java:43)
Caused by: com.kms.katalon.core.exception.StepFailedException: Web element with id: 'Object Repository/FIM/Sites Page/Inventories/Days of Supply_toggle_btn' located by '/html/body/div/div[2]/div/div/div[2]/div[4]/fieldset/div/div' not found
	at com.kms.katalon.core.webui.keyword.internal.WebUIKeywordMain.stepFailed(WebUIKeywordMain.groovy:117)
	at com.kms.katalon.core.webui.keyword.builtin.VerifyElementClickableKeyword$_verifyElementClickable_closure1.doCall(VerifyElementClickableKeyword.groovy:88)
	at com.kms.katalon.core.webui.keyword.builtin.VerifyElementClickableKeyword$_verifyElementClickable_closure1.call(VerifyElementClickableKeyword.groovy)
	at com.kms.katalon.core.webui.keyword.internal.WebUIKeywordMain.runKeyword(WebUIKeywordMain.groovy:35)
	... 22 more
)

21-10-2025T21:48:34 - [MESSAGE][INFO] - Unable to find the element located by 'By.xpath: /html/body/div/div[2]/div/div/div[2]/div[4]/fieldset/div/div'. Please recheck the objects properties to make sure the desired element is located. 

21-10-2025T21:48:34 - [MESSAGE][WARNING] - [SELF-HEALING] Failed to find element with id 'Object Repository/FIM/Sites Page/Inventories/Days of Supply_toggle_btn'. Try using Self-healing.

21-10-2025T21:48:35 - [MESSAGE][INFO] - [SELF-HEALING] No working XPath is found.

21-10-2025T21:48:37 - [MESSAGE][INFO] - Unable to find the element located by 'By.xpath: '. Please recheck the objects properties to make sure the desired element is located. 

21-10-2025T21:48:37 - [MESSAGE][WARNING] - [SELF-HEALING] Cannot find elements when the selector is null

21-10-2025T21:48:37 - [MESSAGE][FAILED] - Web element with id: 'Object Repository/FIM/Sites Page/Inventories/Days of Supply_toggle_btn' located by '/html/body/div/div[2]/div/div/div[2]/div[4]/fieldset/div/div' not found (Root cause: com.kms.katalon.core.exception.StepFailedException: Web element with id: 'Object Repository/FIM/Sites Page/Inventories/Days of Supply_toggle_btn' located by '/html/body/div/div[2]/div/div/div[2]/div[4]/fieldset/div/div' not found
	at com.kms.katalon.core.webui.keyword.internal.WebUIKeywordMain.stepFailed(WebUIKeywordMain.groovy:117)
	at com.kms.katalon.core.webui.keyword.builtin.VerifyElementClickableKeyword$_verifyElementClickable_closure1.doCall(VerifyElementClickableKeyword.groovy:88)
	at com.kms.katalon.core.webui.keyword.builtin.VerifyElementClickableKeyword$_verifyElementClickable_closure1.call(VerifyElementClickableKeyword.groovy)
	at com.kms.katalon.core.webui.keyword.internal.WebUIKeywordMain.runKeyword(WebUIKeywordMain.groovy:35)
	at com.kms.katalon.core.webui.keyword.builtin.VerifyElementClickableKeyword.verifyElementClickable(VerifyElementClickableKeyword.groovy:96)
	at com.kms.katalon.core.webui.keyword.builtin.VerifyElementClickableKeyword.execute(VerifyElementClickableKeyword.groovy:67)
	at com.kms.katalon.core.keyword.internal.KeywordExecutor.executeKeywordForPlatform(KeywordExecutor.groovy:74)
	at com.kms.katalon.core.webui.keyword.WebUiBuiltInKeywords.verifyElementClickable(WebUiBuiltInKeywords.groovy:605)
	at com.kms.katalon.core.webui.keyword.WebUiBuiltInKeywords$verifyElementClickable$13.call(Unknown Source)
	at Verification of Days of Supply Toggle.run(Verification of Days of Supply Toggle:56)
	at com.kms.katalon.core.main.ScriptEngine.run(ScriptEngine.java:194)
	at com.kms.katalon.core.main.ScriptEngine.runScriptAsRawText(ScriptEngine.java:119)
	at com.kms.katalon.core.main.TestCaseExecutor.runScript(TestCaseExecutor.java:448)
	at com.kms.katalon.core.main.TestCaseExecutor.doExecute(TestCaseExecutor.java:439)
	at com.kms.katalon.core.main.TestCaseExecutor.processExecutionPhase(TestCaseExecutor.java:418)
	at com.kms.katalon.core.main.TestCaseExecutor.accessMainPhase(TestCaseExecutor.java:410)
	at com.kms.katalon.core.main.TestCaseExecutor.execute(TestCaseExecutor.java:285)
	at com.kms.katalon.core.common.CommonExecutor.accessTestCaseMainPhase(CommonExecutor.java:65)
	at com.kms.katalon.core.main.TestSuiteExecutor.accessTestSuiteMainPhase(TestSuiteExecutor.java:150)
	at com.kms.katalon.core.main.TestSuiteExecutor.execute(TestSuiteExecutor.java:106)
	at com.kms.katalon.core.main.TestCaseMain.startTestSuite(TestCaseMain.java:180)
	at com.kms.katalon.core.main.TestCaseMain$startTestSuite$0.call(Unknown Source)
	at TempTestSuite1761090809753.run(TempTestSuite1761090809753.groovy:35)
	at java.base/jdk.internal.reflect.NativeMethodAccessorImpl.invoke0(Native Method)
	at java.base/jdk.internal.reflect.NativeMethodAccessorImpl.invoke(NativeMethodAccessorImpl.java:77)
	at java.base/jdk.internal.reflect.DelegatingMethodAccessorImpl.invoke(DelegatingMethodAccessorImpl.java:43)
)

21-10-2025T21:48:37 - [MESSAGE][FAILED] - Unable to verify object 'Object Repository/FIM/Sites Page/Inventories/Days of Supply_toggle_btn' to be clickable (Root cause: com.kms.katalon.core.exception.StepFailedException: Unable to verify object 'Object Repository/FIM/Sites Page/Inventories/Days of Supply_toggle_btn' to be clickable
	at com.kms.katalon.core.webui.keyword.internal.WebUIKeywordMain.stepFailed(WebUIKeywordMain.groovy:117)
	at com.kms.katalon.core.webui.keyword.internal.WebUIKeywordMain.runKeyword(WebUIKeywordMain.groovy:43)
	at com.kms.katalon.core.webui.keyword.builtin.VerifyElementClickableKeyword.verifyElementClickable(VerifyElementClickableKeyword.groovy:96)
	at com.kms.katalon.core.webui.keyword.builtin.VerifyElementClickableKeyword.execute(VerifyElementClickableKeyword.groovy:67)
	at com.kms.katalon.core.keyword.internal.KeywordExecutor.executeKeywordForPlatform(KeywordExecutor.groovy:74)
	at com.kms.katalon.core.webui.keyword.WebUiBuiltInKeywords.verifyElementClickable(WebUiBuiltInKeywords.groovy:605)
	at com.kms.katalon.core.webui.keyword.WebUiBuiltInKeywords$verifyElementClickable$13.call(Unknown Source)
	at Verification of Days of Supply Toggle.run(Verification of Days of Supply Toggle:56)
	at com.kms.katalon.core.main.ScriptEngine.run(ScriptEngine.java:194)
	at com.kms.katalon.core.main.ScriptEngine.runScriptAsRawText(ScriptEngine.java:119)
	at com.kms.katalon.core.main.TestCaseExecutor.runScript(TestCaseExecutor.java:448)
	at com.kms.katalon.core.main.TestCaseExecutor.doExecute(TestCaseExecutor.java:439)
	at com.kms.katalon.core.main.TestCaseExecutor.processExecutionPhase(TestCaseExecutor.java:418)
	at com.kms.katalon.core.main.TestCaseExecutor.accessMainPhase(TestCaseExecutor.java:410)
	at com.kms.katalon.core.main.TestCaseExecutor.execute(TestCaseExecutor.java:285)
	at com.kms.katalon.core.common.CommonExecutor.accessTestCaseMainPhase(CommonExecutor.java:65)
	at com.kms.katalon.core.main.TestSuiteExecutor.accessTestSuiteMainPhase(TestSuiteExecutor.java:150)
	at com.kms.katalon.core.main.TestSuiteExecutor.execute(TestSuiteExecutor.java:106)
	at com.kms.katalon.core.main.TestCaseMain.startTestSuite(TestCaseMain.java:180)
	at com.kms.katalon.core.main.TestCaseMain$startTestSuite$0.call(Unknown Source)
	at TempTestSuite1761090809753.run(TempTestSuite1761090809753.groovy:35)
	at java.base/jdk.internal.reflect.NativeMethodAccessorImpl.invoke0(Native Method)
	at java.base/jdk.internal.reflect.NativeMethodAccessorImpl.invoke(NativeMethodAccessorImpl.java:77)
	at java.base/jdk.internal.reflect.DelegatingMethodAccessorImpl.invoke(DelegatingMethodAccessorImpl.java:43)
Caused by: com.kms.katalon.core.exception.StepFailedException: Web element with id: 'Object Repository/FIM/Sites Page/Inventories/Days of Supply_toggle_btn' located by '/html/body/div/div[2]/div/div/div[2]/div[4]/fieldset/div/div' not found
	at com.kms.katalon.core.webui.keyword.internal.WebUIKeywordMain.stepFailed(WebUIKeywordMain.groovy:117)
	at com.kms.katalon.core.webui.keyword.builtin.VerifyElementClickableKeyword$_verifyElementClickable_closure1.doCall(VerifyElementClickableKeyword.groovy:88)
	at com.kms.katalon.core.webui.keyword.builtin.VerifyElementClickableKeyword$_verifyElementClickable_closure1.call(VerifyElementClickableKeyword.groovy)
	at com.kms.katalon.core.webui.keyword.internal.WebUIKeywordMain.runKeyword(WebUIKeywordMain.groovy:35)
	... 22 more
)

21-10-2025T21:48:37 - [TEST_STEP][PASSED] - Start listener action : retryOnDisconnect: Current window's url is: 'https://kag-inventory-management-portal.qa.thekag.com/site/SE11079?cg=1&r&i=AllConsignees&sorted=false'

21-10-2025T21:48:37 - [TEST_STEP][PASSED] - tcId = testCaseContext.getTestCaseId(): null

21-10-2025T21:48:37 - [TEST_STEP][PASSED] - currentRetry = retryCounts.getOrDefault(tcId, 0): null

21-10-2025T21:48:37 - [TEST_STEP][PASSED] - if (testCaseContext.getTestCaseStatus() == "FAILED" && currentRetry < MAX_RETRIES): Current window's url is: 'https://kag-inventory-management-portal.qa.thekag.com/site/SE11079?cg=1&r&i=AllConsignees&sorted=false'

21-10-2025T21:48:37 - [TEST_STEP][PASSED] - try: Current window's url is: 'https://kag-inventory-management-portal.qa.thekag.com/site/SE11079?cg=1&r&i=AllConsignees&sorted=false'

21-10-2025T21:48:37 - [TEST_STEP][PASSED] - comment(Checking for WebDriver disconnect for test case: $tcId): Checking for WebDriver disconnect for test case: Test Cases/FIM/UI/Kenan/Admin/Sites Page/Inventories/Verification of Days of Supply Toggle

21-10-2025T21:48:37 - [MESSAGE][INFO] - Checking for WebDriver disconnect for test case: Test Cases/FIM/UI/Kenan/Admin/Sites Page/Inventories/Verification of Days of Supply Toggle

21-10-2025T21:48:37 - [TEST_STEP][PASSED] - getUrl(): Current window's url is: 'https://kag-inventory-management-portal.qa.thekag.com/site/SE11079?cg=1&r&i=AllConsignees&sorted=false'

21-10-2025T21:48:37 - [MESSAGE][PASSED] - Current window's url is: 'https://kag-inventory-management-portal.qa.thekag.com/site/SE11079?cg=1&r&i=AllConsignees&sorted=false']]></system-out>
         <system-err><![CDATA[21-10-2025T21:47:46 - [TEST_CASE][FAILED] - Test Cases/FIM/UI/Kenan/Admin/Sites Page/Inventories/Verification of Days of Supply Toggle: Test Cases/FIM/UI/Kenan/Admin/Sites Page/Inventories/Verification of Days of Supply Toggle FAILED.
Reason:
com.kms.katalon.core.exception.StepFailedException: Unable to verify object 'Object Repository/FIM/Sites Page/Inventories/Days of Supply_toggle_btn' to be clickable
	at com.kms.katalon.core.webui.keyword.internal.WebUIKeywordMain.stepFailed(WebUIKeywordMain.groovy:117)
	at com.kms.katalon.core.webui.keyword.internal.WebUIKeywordMain.runKeyword(WebUIKeywordMain.groovy:43)
	at com.kms.katalon.core.webui.keyword.builtin.VerifyElementClickableKeyword.verifyElementClickable(VerifyElementClickableKeyword.groovy:96)
	at com.kms.katalon.core.webui.keyword.builtin.VerifyElementClickableKeyword.execute(VerifyElementClickableKeyword.groovy:67)
	at com.kms.katalon.core.keyword.internal.KeywordExecutor.executeKeywordForPlatform(KeywordExecutor.groovy:74)
	at com.kms.katalon.core.webui.keyword.WebUiBuiltInKeywords.verifyElementClickable(WebUiBuiltInKeywords.groovy:605)
	at com.kms.katalon.core.webui.keyword.WebUiBuiltInKeywords$verifyElementClickable$13.call(Unknown Source)
	at Verification of Days of Supply Toggle.run(Verification of Days of Supply Toggle:56)
	at com.kms.katalon.core.main.ScriptEngine.run(ScriptEngine.java:194)
	at com.kms.katalon.core.main.ScriptEngine.runScriptAsRawText(ScriptEngine.java:119)
	at com.kms.katalon.core.main.TestCaseExecutor.runScript(TestCaseExecutor.java:448)
	at com.kms.katalon.core.main.TestCaseExecutor.doExecute(TestCaseExecutor.java:439)
	at com.kms.katalon.core.main.TestCaseExecutor.processExecutionPhase(TestCaseExecutor.java:418)
	at com.kms.katalon.core.main.TestCaseExecutor.accessMainPhase(TestCaseExecutor.java:410)
	at com.kms.katalon.core.main.TestCaseExecutor.execute(TestCaseExecutor.java:285)
	at com.kms.katalon.core.common.CommonExecutor.accessTestCaseMainPhase(CommonExecutor.java:65)
	at com.kms.katalon.core.main.TestSuiteExecutor.accessTestSuiteMainPhase(TestSuiteExecutor.java:150)
	at com.kms.katalon.core.main.TestSuiteExecutor.execute(TestSuiteExecutor.java:106)
	at com.kms.katalon.core.main.TestCaseMain.startTestSuite(TestCaseMain.java:180)
	at com.kms.katalon.core.main.TestCaseMain$startTestSuite$0.call(Unknown Source)
	at TempTestSuite1761090809753.run(TempTestSuite1761090809753.groovy:35)
	at java.base/jdk.internal.reflect.NativeMethodAccessorImpl.invoke0(Native Method)
	at java.base/jdk.internal.reflect.NativeMethodAccessorImpl.invoke(NativeMethodAccessorImpl.java:77)
	at java.base/jdk.internal.reflect.DelegatingMethodAccessorImpl.invoke(DelegatingMethodAccessorImpl.java:43)
Caused by: com.kms.katalon.core.exception.StepFailedException: Web element with id: 'Object Repository/FIM/Sites Page/Inventories/Days of Supply_toggle_btn' located by '/html/body/div/div[2]/div/div/div[2]/div[4]/fieldset/div/div' not found
	at com.kms.katalon.core.webui.keyword.internal.WebUIKeywordMain.stepFailed(WebUIKeywordMain.groovy:117)
	at com.kms.katalon.core.webui.keyword.builtin.VerifyElementClickableKeyword$_verifyElementClickable_closure1.doCall(VerifyElementClickableKeyword.groovy:88)
	at com.kms.katalon.core.webui.keyword.builtin.VerifyElementClickableKeyword$_verifyElementClickable_closure1.call(VerifyElementClickableKeyword.groovy)
	at com.kms.katalon.core.webui.keyword.internal.WebUIKeywordMain.runKeyword(WebUIKeywordMain.groovy:35)
	... 22 more]]></system-err>
      </testcase>
      <testcase name="Test Cases/FIM/UI/Kenan/Admin/Sites Page/Inventories/Verify Commodity Code Column Added" time="22.583" classname="Test Cases/FIM/UI/Kenan/Admin/Sites Page/Inventories/Verify Commodity Code Column Added" status="PASSED">
         <system-out><![CDATA[21-10-2025T21:48:37 - [TEST_CASE][PASSED] - Test Cases/FIM/UI/Kenan/Admin/Sites Page/Inventories/Verify Commodity Code Column Added: Test Cases/FIM/UI/Kenan/Admin/Sites Page/Inventories/Verify Commodity Code Column Added

21-10-2025T21:48:37 - [TEST_STEP][PASSED] - Start listener action : beforeTestCase: null

21-10-2025T21:48:37 - [TEST_STEP][PASSED] - addDefaultPackages(): null

21-10-2025T21:48:37 - [TEST_STEP][PASSED] - openBrowser(""): Browser is opened with url: ''

21-10-2025T21:48:37 - [MESSAGE][WARNING] - A browser is already opened. Closing browser and opening a new one

21-10-2025T21:48:37 - [MESSAGE][INFO] - Starting 'Chrome' driver

21-10-2025T21:48:37 - [MESSAGE][INFO] - User set preference: ['args', '[--no-sandbox, --disable-gpu, --disable-dev-shm-usage]']

21-10-2025T21:48:37 - [MESSAGE][INFO] - Action delay is set to 0 milliseconds

21-10-2025T21:48:38 - [MESSAGE][PASSED] - Browser is opened with url: ''

21-10-2025T21:48:38 - [TEST_STEP][PASSED] - navigateToUrl(TURK101SitesURL): Navigate to 'https://kag-inventory-management-portal.qa.thekag.com/site/TURK101?cg=-1&r=-1&i=i' successfully

21-10-2025T21:48:39 - [MESSAGE][PASSED] - Navigate to 'https://kag-inventory-management-portal.qa.thekag.com/site/TURK101?cg=-1&r=-1&i=i' successfully

21-10-2025T21:48:39 - [TEST_STEP][PASSED] - maximizeWindow(): Current window maximized

21-10-2025T21:48:39 - [MESSAGE][PASSED] - Current window maximized

21-10-2025T21:48:39 - [TEST_STEP][PASSED] - setText(findTestObject("FIM/Username_txt"), "Chris.Sheldon+DES_QA@Thekag.com"): Text 'Chris.Sheldon+DES_QA@Thekag.com' is set on object 'Object Repository/FIM/Username_txt'

21-10-2025T21:48:39 - [MESSAGE][PASSED] - Text 'Chris.Sheldon+DES_QA@Thekag.com' is set on object 'Object Repository/FIM/Username_txt'

21-10-2025T21:48:39 - [TEST_STEP][PASSED] - setText(findTestObject("FIM/Password_txt"), "QATest!2"): Text 'QATest!2' is set on object 'Object Repository/FIM/Password_txt'

21-10-2025T21:48:39 - [MESSAGE][PASSED] - Text 'QATest!2' is set on object 'Object Repository/FIM/Password_txt'

21-10-2025T21:48:39 - [TEST_STEP][PASSED] - click(findTestObject("FIM/Login_btn")): Object: 'Object Repository/FIM/Login_btn' is clicked on

21-10-2025T21:48:40 - [MESSAGE][PASSED] - Object: 'Object Repository/FIM/Login_btn' is clicked on

21-10-2025T21:48:40 - [TEST_STEP][PASSED] - if (verifyElementVisible(findTestObject("FIM/Server_Notification_Close_btn"), OPTIONAL) == true): Web element with id: 'Object Repository/FIM/Server_Notification_Close_btn' located by '/html/body/div/div[1]/button' not found (Root cause: com.kms.katalon.core.exception.StepFailedException: Web element with id: 'Object Repository/FIM/Server_Notification_Close_btn' located by '/html/body/div/div[1]/button' not found
	at com.kms.katalon.core.webui.keyword.internal.WebUIKeywordMain.stepFailed(WebUIKeywordMain.groovy:117)
	at com.kms.katalon.core.webui.keyword.builtin.VerifyElementVisibleKeyword$_verifyElementVisible_closure1.doCall(VerifyElementVisibleKeyword.groovy:89)
	at com.kms.katalon.core.webui.keyword.builtin.VerifyElementVisibleKeyword$_verifyElementVisible_closure1.call(VerifyElementVisibleKeyword.groovy)
	at com.kms.katalon.core.webui.keyword.internal.WebUIKeywordMain.runKeyword(WebUIKeywordMain.groovy:35)
	at com.kms.katalon.core.webui.keyword.builtin.VerifyElementVisibleKeyword.verifyElementVisible(VerifyElementVisibleKeyword.groovy:97)
	at com.kms.katalon.core.webui.keyword.builtin.VerifyElementVisibleKeyword.execute(VerifyElementVisibleKeyword.groovy:67)
	at com.kms.katalon.core.keyword.internal.KeywordExecutor.executeKeywordForPlatform(KeywordExecutor.groovy:74)
	at com.kms.katalon.core.webui.keyword.WebUiBuiltInKeywords.verifyElementVisible(WebUiBuiltInKeywords.groovy:401)
	at com.kms.katalon.core.webui.keyword.WebUiBuiltInKeywords$verifyElementVisible$4.call(Unknown Source)
	at Verify Commodity Code Column Added.run(Verify Commodity Code Column Added:32)
	at com.kms.katalon.core.main.ScriptEngine.run(ScriptEngine.java:194)
	at com.kms.katalon.core.main.ScriptEngine.runScriptAsRawText(ScriptEngine.java:119)
	at com.kms.katalon.core.main.TestCaseExecutor.runScript(TestCaseExecutor.java:448)
	at com.kms.katalon.core.main.TestCaseExecutor.doExecute(TestCaseExecutor.java:439)
	at com.kms.katalon.core.main.TestCaseExecutor.processExecutionPhase(TestCaseExecutor.java:418)
	at com.kms.katalon.core.main.TestCaseExecutor.accessMainPhase(TestCaseExecutor.java:410)
	at com.kms.katalon.core.main.TestCaseExecutor.execute(TestCaseExecutor.java:285)
	at com.kms.katalon.core.common.CommonExecutor.accessTestCaseMainPhase(CommonExecutor.java:65)
	at com.kms.katalon.core.main.TestSuiteExecutor.accessTestSuiteMainPhase(TestSuiteExecutor.java:150)
	at com.kms.katalon.core.main.TestSuiteExecutor.execute(TestSuiteExecutor.java:106)
	at com.kms.katalon.core.main.TestCaseMain.startTestSuite(TestCaseMain.java:180)
	at com.kms.katalon.core.main.TestCaseMain$startTestSuite$0.call(Unknown Source)
	at TempTestSuite1761090809753.run(TempTestSuite1761090809753.groovy:35)
	at java.base/jdk.internal.reflect.NativeMethodAccessorImpl.invoke0(Native Method)
	at java.base/jdk.internal.reflect.NativeMethodAccessorImpl.invoke(NativeMethodAccessorImpl.java:77)
	at java.base/jdk.internal.reflect.DelegatingMethodAccessorImpl.invoke(DelegatingMethodAccessorImpl.java:43)
)

21-10-2025T21:48:56 - [MESSAGE][INFO] - Unable to find the element located by 'By.xpath: /html/body/div/div[1]/button'. Please recheck the objects properties to make sure the desired element is located. 

21-10-2025T21:48:56 - [MESSAGE][WARNING] - [SELF-HEALING] Failed to find element with id 'Object Repository/FIM/Server_Notification_Close_btn'. Try using Self-healing.

21-10-2025T21:48:57 - [MESSAGE][INFO] - [SELF-HEALING] No working XPath is found.

21-10-2025T21:48:59 - [MESSAGE][INFO] - Unable to find the element located by 'By.xpath: '. Please recheck the objects properties to make sure the desired element is located. 

21-10-2025T21:48:59 - [MESSAGE][WARNING] - [SELF-HEALING] Cannot find elements when the selector is null

21-10-2025T21:48:59 - [MESSAGE][WARNING] - Web element with id: 'Object Repository/FIM/Server_Notification_Close_btn' located by '/html/body/div/div[1]/button' not found (Root cause: com.kms.katalon.core.exception.StepFailedException: Web element with id: 'Object Repository/FIM/Server_Notification_Close_btn' located by '/html/body/div/div[1]/button' not found
	at com.kms.katalon.core.webui.keyword.internal.WebUIKeywordMain.stepFailed(WebUIKeywordMain.groovy:117)
	at com.kms.katalon.core.webui.keyword.builtin.VerifyElementVisibleKeyword$_verifyElementVisible_closure1.doCall(VerifyElementVisibleKeyword.groovy:89)
	at com.kms.katalon.core.webui.keyword.builtin.VerifyElementVisibleKeyword$_verifyElementVisible_closure1.call(VerifyElementVisibleKeyword.groovy)
	at com.kms.katalon.core.webui.keyword.internal.WebUIKeywordMain.runKeyword(WebUIKeywordMain.groovy:35)
	at com.kms.katalon.core.webui.keyword.builtin.VerifyElementVisibleKeyword.verifyElementVisible(VerifyElementVisibleKeyword.groovy:97)
	at com.kms.katalon.core.webui.keyword.builtin.VerifyElementVisibleKeyword.execute(VerifyElementVisibleKeyword.groovy:67)
	at com.kms.katalon.core.keyword.internal.KeywordExecutor.executeKeywordForPlatform(KeywordExecutor.groovy:74)
	at com.kms.katalon.core.webui.keyword.WebUiBuiltInKeywords.verifyElementVisible(WebUiBuiltInKeywords.groovy:401)
	at com.kms.katalon.core.webui.keyword.WebUiBuiltInKeywords$verifyElementVisible$4.call(Unknown Source)
	at Verify Commodity Code Column Added.run(Verify Commodity Code Column Added:32)
	at com.kms.katalon.core.main.ScriptEngine.run(ScriptEngine.java:194)
	at com.kms.katalon.core.main.ScriptEngine.runScriptAsRawText(ScriptEngine.java:119)
	at com.kms.katalon.core.main.TestCaseExecutor.runScript(TestCaseExecutor.java:448)
	at com.kms.katalon.core.main.TestCaseExecutor.doExecute(TestCaseExecutor.java:439)
	at com.kms.katalon.core.main.TestCaseExecutor.processExecutionPhase(TestCaseExecutor.java:418)
	at com.kms.katalon.core.main.TestCaseExecutor.accessMainPhase(TestCaseExecutor.java:410)
	at com.kms.katalon.core.main.TestCaseExecutor.execute(TestCaseExecutor.java:285)
	at com.kms.katalon.core.common.CommonExecutor.accessTestCaseMainPhase(CommonExecutor.java:65)
	at com.kms.katalon.core.main.TestSuiteExecutor.accessTestSuiteMainPhase(TestSuiteExecutor.java:150)
	at com.kms.katalon.core.main.TestSuiteExecutor.execute(TestSuiteExecutor.java:106)
	at com.kms.katalon.core.main.TestCaseMain.startTestSuite(TestCaseMain.java:180)
	at com.kms.katalon.core.main.TestCaseMain$startTestSuite$0.call(Unknown Source)
	at TempTestSuite1761090809753.run(TempTestSuite1761090809753.groovy:35)
	at java.base/jdk.internal.reflect.NativeMethodAccessorImpl.invoke0(Native Method)
	at java.base/jdk.internal.reflect.NativeMethodAccessorImpl.invoke(NativeMethodAccessorImpl.java:77)
	at java.base/jdk.internal.reflect.DelegatingMethodAccessorImpl.invoke(DelegatingMethodAccessorImpl.java:43)
)

21-10-2025T21:48:59 - [TEST_STEP][PASSED] - delay(1): Delayed 1 second(s)

21-10-2025T21:49:00 - [MESSAGE][PASSED] - Delayed 1 second(s)

21-10-2025T21:49:00 - [TEST_STEP][PASSED] - waitForElementPresent(findTestObject("FIM/Sites Page/Inventories/Commodity Code Column"), 300): Object 'Object Repository/FIM/Sites Page/Inventories/Commodity Code Column' is present

21-10-2025T21:49:00 - [MESSAGE][PASSED] - Object 'Object Repository/FIM/Sites Page/Inventories/Commodity Code Column' is present

21-10-2025T21:49:00 - [TEST_STEP][PASSED] - verifyElementPresent(findTestObject("FIM/Sites Page/Inventories/Commodity Code Column"), 300): Object 'Object Repository/FIM/Sites Page/Inventories/Commodity Code Column' is present

21-10-2025T21:49:00 - [MESSAGE][PASSED] - Object 'Object Repository/FIM/Sites Page/Inventories/Commodity Code Column' is present

21-10-2025T21:49:00 - [TEST_STEP][PASSED] - verifyElementVisible(findTestObject("FIM/Sites Page/Inventories/Commodity Code Column"), STOP_ON_FAILURE): Object 'Object Repository/FIM/Sites Page/Inventories/Commodity Code Column' is visible

21-10-2025T21:49:00 - [MESSAGE][PASSED] - Object 'Object Repository/FIM/Sites Page/Inventories/Commodity Code Column' is visible

21-10-2025T21:49:00 - [TEST_STEP][PASSED] - verifyElementText(findTestObject("FIM/Sites Page/Inventories/Commodity Code Column"), "Commodity Code"): Actual text and expected text of test object 'Object Repository/FIM/Sites Page/Inventories/Commodity Code Column' are matched.

21-10-2025T21:49:00 - [MESSAGE][PASSED] - Actual text and expected text of test object 'Object Repository/FIM/Sites Page/Inventories/Commodity Code Column' are matched.

21-10-2025T21:49:00 - [TEST_STEP][PASSED] - Start listener action : retryOnDisconnect: null

21-10-2025T21:49:00 - [TEST_STEP][PASSED] - tcId = testCaseContext.getTestCaseId(): null

21-10-2025T21:49:00 - [TEST_STEP][PASSED] - currentRetry = retryCounts.getOrDefault(tcId, 0): null

21-10-2025T21:49:00 - [TEST_STEP][PASSED] - if (testCaseContext.getTestCaseStatus() == "FAILED" && currentRetry < MAX_RETRIES): null]]></system-out>
         <system-err><![CDATA[]]></system-err>
      </testcase>
      <system-out><![CDATA[21-10-2025T21:42:37 - [TEST_SUITE][FAILED] - KAG Admin - Inventories: Test Cases/FIM/UI/Kenan/Admin/Sites Page/Inventories/Edit Inventory FAILED.
Reason:
com.kms.katalon.core.exception.StepFailedException: Unable to verify object 'Object Repository/FIM/Sites Page/Inventories/Create/Inventory Created Success Message' is present
	at com.kms.katalon.core.webui.keyword.internal.WebUIKeywordMain.stepFailed(WebUIKeywordMain.groovy:117)
	at com.kms.katalon.core.webui.keyword.internal.WebUIKeywordMain.runKeyword(WebUIKeywordMain.groovy:43)
	at com.kms.katalon.core.webui.keyword.builtin.VerifyElementPresentKeyword.verifyElementPresent(VerifyElementPresentKeyword.groovy:92)
	at com.kms.katalon.core.webui.keyword.builtin.VerifyElementPresentKeyword.execute(VerifyElementPresentKeyword.groovy:68)
	at com.kms.katalon.core.keyword.internal.KeywordExecutor.executeKeywordForPlatform(KeywordExecutor.groovy:74)
	at com.kms.katalon.core.webui.keyword.WebUiBuiltInKeywords.verifyElementPresent(WebUiBuiltInKeywords.groovy:1503)
	at com.kms.katalon.core.webui.keyword.WebUiBuiltInKeywords$verifyElementPresent$7.call(Unknown Source)
	at Edit Inventory.run(Edit Inventory:66)
	at com.kms.katalon.core.main.ScriptEngine.run(ScriptEngine.java:194)
	at com.kms.katalon.core.main.ScriptEngine.runScriptAsRawText(ScriptEngine.java:119)
	at com.kms.katalon.core.main.TestCaseExecutor.runScript(TestCaseExecutor.java:448)
	at com.kms.katalon.core.main.TestCaseExecutor.doExecute(TestCaseExecutor.java:439)
	at com.kms.katalon.core.main.TestCaseExecutor.processExecutionPhase(TestCaseExecutor.java:418)
	at com.kms.katalon.core.main.TestCaseExecutor.accessMainPhase(TestCaseExecutor.java:410)
	at com.kms.katalon.core.main.TestCaseExecutor.execute(TestCaseExecutor.java:285)
	at com.kms.katalon.core.common.CommonExecutor.accessTestCaseMainPhase(CommonExecutor.java:65)
	at com.kms.katalon.core.main.TestSuiteExecutor.accessTestSuiteMainPhase(TestSuiteExecutor.java:150)
	at com.kms.katalon.core.main.TestSuiteExecutor.execute(TestSuiteExecutor.java:106)
	at com.kms.katalon.core.main.TestCaseMain.startTestSuite(TestCaseMain.java:180)
	at com.kms.katalon.core.main.TestCaseMain$startTestSuite$0.call(Unknown Source)
	at TempTestSuite1761090809753.run(TempTestSuite1761090809753.groovy:35)
	at java.base/jdk.internal.reflect.NativeMethodAccessorImpl.invoke0(Native Method)
	at java.base/jdk.internal.reflect.NativeMethodAccessorImpl.invoke(NativeMethodAccessorImpl.java:77)
	at java.base/jdk.internal.reflect.DelegatingMethodAccessorImpl.invoke(DelegatingMethodAccessorImpl.java:43)
Caused by: com.kms.katalon.core.exception.StepFailedException: com.kms.katalon.core.webui.exception.WebElementNotFoundException: Web element with id: 'Object Repository/FIM/Sites Page/Inventories/Create/Inventory Created Success Message' located by '/html/body/div[2]/div/div/div/div/div' not found
	at com.kms.katalon.core.webui.keyword.internal.WebUIKeywordMain.stepFailed(WebUIKeywordMain.groovy:117)
	at com.kms.katalon.core.webui.keyword.builtin.VerifyElementPresentKeyword$_verifyElementPresent_closure1.doCall(VerifyElementPresentKeyword.groovy:85)
	at com.kms.katalon.core.webui.keyword.builtin.VerifyElementPresentKeyword$_verifyElementPresent_closure1.call(VerifyElementPresentKeyword.groovy)
	at com.kms.katalon.core.webui.keyword.internal.WebUIKeywordMain.runKeyword(WebUIKeywordMain.groovy:35)
	... 22 more]]></system-out>
      <system-err><![CDATA[21-10-2025T21:42:37 - [TEST_SUITE][FAILED] - KAG Admin - Inventories: Test Cases/FIM/UI/Kenan/Admin/Sites Page/Inventories/Edit Inventory FAILED.
Reason:
com.kms.katalon.core.exception.StepFailedException: Unable to verify object 'Object Repository/FIM/Sites Page/Inventories/Create/Inventory Created Success Message' is present
	at com.kms.katalon.core.webui.keyword.internal.WebUIKeywordMain.stepFailed(WebUIKeywordMain.groovy:117)
	at com.kms.katalon.core.webui.keyword.internal.WebUIKeywordMain.runKeyword(WebUIKeywordMain.groovy:43)
	at com.kms.katalon.core.webui.keyword.builtin.VerifyElementPresentKeyword.verifyElementPresent(VerifyElementPresentKeyword.groovy:92)
	at com.kms.katalon.core.webui.keyword.builtin.VerifyElementPresentKeyword.execute(VerifyElementPresentKeyword.groovy:68)
	at com.kms.katalon.core.keyword.internal.KeywordExecutor.executeKeywordForPlatform(KeywordExecutor.groovy:74)
	at com.kms.katalon.core.webui.keyword.WebUiBuiltInKeywords.verifyElementPresent(WebUiBuiltInKeywords.groovy:1503)
	at com.kms.katalon.core.webui.keyword.WebUiBuiltInKeywords$verifyElementPresent$7.call(Unknown Source)
	at Edit Inventory.run(Edit Inventory:66)
	at com.kms.katalon.core.main.ScriptEngine.run(ScriptEngine.java:194)
	at com.kms.katalon.core.main.ScriptEngine.runScriptAsRawText(ScriptEngine.java:119)
	at com.kms.katalon.core.main.TestCaseExecutor.runScript(TestCaseExecutor.java:448)
	at com.kms.katalon.core.main.TestCaseExecutor.doExecute(TestCaseExecutor.java:439)
	at com.kms.katalon.core.main.TestCaseExecutor.processExecutionPhase(TestCaseExecutor.java:418)
	at com.kms.katalon.core.main.TestCaseExecutor.accessMainPhase(TestCaseExecutor.java:410)
	at com.kms.katalon.core.main.TestCaseExecutor.execute(TestCaseExecutor.java:285)
	at com.kms.katalon.core.common.CommonExecutor.accessTestCaseMainPhase(CommonExecutor.java:65)
	at com.kms.katalon.core.main.TestSuiteExecutor.accessTestSuiteMainPhase(TestSuiteExecutor.java:150)
	at com.kms.katalon.core.main.TestSuiteExecutor.execute(TestSuiteExecutor.java:106)
	at com.kms.katalon.core.main.TestCaseMain.startTestSuite(TestCaseMain.java:180)
	at com.kms.katalon.core.main.TestCaseMain$startTestSuite$0.call(Unknown Source)
	at TempTestSuite1761090809753.run(TempTestSuite1761090809753.groovy:35)
	at java.base/jdk.internal.reflect.NativeMethodAccessorImpl.invoke0(Native Method)
	at java.base/jdk.internal.reflect.NativeMethodAccessorImpl.invoke(NativeMethodAccessorImpl.java:77)
	at java.base/jdk.internal.reflect.DelegatingMethodAccessorImpl.invoke(DelegatingMethodAccessorImpl.java:43)
Caused by: com.kms.katalon.core.exception.StepFailedException: com.kms.katalon.core.webui.exception.WebElementNotFoundException: Web element with id: 'Object Repository/FIM/Sites Page/Inventories/Create/Inventory Created Success Message' located by '/html/body/div[2]/div/div/div/div/div' not found
	at com.kms.katalon.core.webui.keyword.internal.WebUIKeywordMain.stepFailed(WebUIKeywordMain.groovy:117)
	at com.kms.katalon.core.webui.keyword.builtin.VerifyElementPresentKeyword$_verifyElementPresent_closure1.doCall(VerifyElementPresentKeyword.groovy:85)
	at com.kms.katalon.core.webui.keyword.builtin.VerifyElementPresentKeyword$_verifyElementPresent_closure1.call(VerifyElementPresentKeyword.groovy)
	at com.kms.katalon.core.webui.keyword.internal.WebUIKeywordMain.runKeyword(WebUIKeywordMain.groovy:35)
	... 22 more]]></system-err>
   </testsuite>
</testsuites>
