<?xml version="1.0" encoding="UTF-8"?>
<testsuites name="KAG Admin - Calculator" time="58.08" tests="2" failures="0" errors="0">
   <testsuite name="KAG Admin - Calculator" tests="2" failures="0" errors="0" time="58.08" skipped="0" timestamp="21-10-2025T21:38:07" hostname="DC1ADOBLD01$ - DC1ADOBLD01.thekag.com" id="Test Suites/FIM/Regression/UI/Kenan/Admin Access/KAG Admin - Calculator">
      <properties>
         <property name="deviceName" value=""/>
         <property name="devicePlatform"/>
         <property name="logFolder" value="D:\\ADOagent\\vsts-agent-win-x64-2.217.2\\_work\\892\\s\\Reports\\20251021_195215\\FIM\\Regression\\UI\\Kenan\\Admin Access\\KAG Admin - Calculator\\20251021_195318"/>
         <property name="logFiles" value="D:\\ADOagent\\vsts-agent-win-x64-2.217.2\\_work\\892\\s\\Reports\\20251021_195215\\FIM\\Regression\\UI\\Kenan\\Admin Access\\KAG Admin - Calculator\\20251021_195318\\execution0.log"/>
         <property name="attachments" value=""/>
         <property name="hostName" value="DC1ADOBLD01$ - DC1ADOBLD01.thekag.com"/>
         <property name="os" value="Windows Server 2019 64bit"/>
         <property name="katalonVersion" value="9.7.5.223"/>
         <property name="browser" value="Chrome 141.0.0.0"/>
         <property name="hostAddress" value="10.2.20.71"/>
         <property name="sessionId" value="578dfa27bc35977f806223487531efda"/>
         <property name="seleniumVersion" value="3.141.59"/>
         <property name="proxyInformation" value="ProxyInformation { proxyOption=NO_PROXY, proxyServerType=HTTP, username=, password=********, proxyServerAddress=, proxyServerPort=0, executionList=&quot;&quot;, isApplyToDesiredCapabilities=true }"/>
         <property name="platform" value="Windows Server 2019"/>
      </properties>
      <testcase name="Test Cases/FIM/UI/Kenan/Admin/Sites Page/Calculator/Edit Sales via Calculator" time="27.429" classname="Test Cases/FIM/UI/Kenan/Admin/Sites Page/Calculator/Edit Sales via Calculator" status="PASSED">
         <system-out><![CDATA[21-10-2025T21:38:07 - [TEST_CASE][PASSED] - Test Cases/FIM/UI/Kenan/Admin/Sites Page/Calculator/Edit Sales via Calculator: Test Cases/FIM/UI/Kenan/Admin/Sites Page/Calculator/Edit Sales via Calculator

21-10-2025T21:38:07 - [TEST_STEP][PASSED] - Start listener action : beforeTestCase: null

21-10-2025T21:38:07 - [TEST_STEP][PASSED] - addDefaultPackages(): null

21-10-2025T21:38:07 - [TEST_STEP][PASSED] - openBrowser(""): Browser is opened with url: ''

21-10-2025T21:38:08 - [MESSAGE][INFO] - Starting 'Chrome' driver

21-10-2025T21:38:08 - [MESSAGE][INFO] - User set preference: ['args', '[--no-sandbox, --disable-gpu, --disable-dev-shm-usage]']

21-10-2025T21:38:08 - [MESSAGE][INFO] - Action delay is set to 0 milliseconds

21-10-2025T21:38:10 - [MESSAGE][PASSED] - Browser is opened with url: ''

21-10-2025T21:38:10 - [TEST_STEP][PASSED] - navigateToUrl(TURK124SitesURL): Navigate to 'https://kag-inventory-management-portal.qa.thekag.com/site/TURK124?cg=-1&r&i=AllConsignees&sorted=false' successfully

21-10-2025T21:38:12 - [MESSAGE][PASSED] - Navigate to 'https://kag-inventory-management-portal.qa.thekag.com/site/TURK124?cg=-1&r&i=AllConsignees&sorted=false' successfully

21-10-2025T21:38:12 - [TEST_STEP][PASSED] - maximizeWindow(): Current window maximized

21-10-2025T21:38:12 - [MESSAGE][PASSED] - Current window maximized

21-10-2025T21:38:12 - [TEST_STEP][PASSED] - setText(findTestObject("FIM/Username_txt"), "Chris.Sheldon+DES_QA@Thekag.com"): Text 'Chris.Sheldon+DES_QA@Thekag.com' is set on object 'Object Repository/FIM/Username_txt'

21-10-2025T21:38:12 - [MESSAGE][PASSED] - Text 'Chris.Sheldon+DES_QA@Thekag.com' is set on object 'Object Repository/FIM/Username_txt'

21-10-2025T21:38:12 - [TEST_STEP][PASSED] - setText(findTestObject("FIM/Password_txt"), "QATest!2"): Text 'QATest!2' is set on object 'Object Repository/FIM/Password_txt'

21-10-2025T21:38:12 - [MESSAGE][PASSED] - Text 'QATest!2' is set on object 'Object Repository/FIM/Password_txt'

21-10-2025T21:38:12 - [TEST_STEP][PASSED] - click(findTestObject("FIM/Login_btn")): Object: 'Object Repository/FIM/Login_btn' is clicked on

21-10-2025T21:38:12 - [MESSAGE][PASSED] - Object: 'Object Repository/FIM/Login_btn' is clicked on

21-10-2025T21:38:12 - [TEST_STEP][PASSED] - if (verifyElementVisible(findTestObject("FIM/Server_Notification_Close_btn"), OPTIONAL) == true): Web element with id: 'Object Repository/FIM/Server_Notification_Close_btn' located by '/html/body/div/div[1]/button' not found (Root cause: com.kms.katalon.core.exception.StepFailedException: Web element with id: 'Object Repository/FIM/Server_Notification_Close_btn' located by '/html/body/div/div[1]/button' not found
	at com.kms.katalon.core.webui.keyword.internal.WebUIKeywordMain.stepFailed(WebUIKeywordMain.groovy:117)
	at com.kms.katalon.core.webui.keyword.builtin.VerifyElementVisibleKeyword$_verifyElementVisible_closure1.doCall(VerifyElementVisibleKeyword.groovy:89)
	at com.kms.katalon.core.webui.keyword.builtin.VerifyElementVisibleKeyword$_verifyElementVisible_closure1.call(VerifyElementVisibleKeyword.groovy)
	at com.kms.katalon.core.webui.keyword.internal.WebUIKeywordMain.runKeyword(WebUIKeywordMain.groovy:35)
	at com.kms.katalon.core.webui.keyword.builtin.VerifyElementVisibleKeyword.verifyElementVisible(VerifyElementVisibleKeyword.groovy:97)
	at com.kms.katalon.core.webui.keyword.builtin.VerifyElementVisibleKeyword.execute(VerifyElementVisibleKeyword.groovy:67)
	at com.kms.katalon.core.keyword.internal.KeywordExecutor.executeKeywordForPlatform(KeywordExecutor.groovy:74)
	at com.kms.katalon.core.webui.keyword.WebUiBuiltInKeywords.verifyElementVisible(WebUiBuiltInKeywords.groovy:401)
	at com.kms.katalon.core.webui.keyword.WebUiBuiltInKeywords$verifyElementVisible$4.call(Unknown Source)
	at Edit Sales via Calculator.run(Edit Sales via Calculator:32)
	at com.kms.katalon.core.main.ScriptEngine.run(ScriptEngine.java:194)
	at com.kms.katalon.core.main.ScriptEngine.runScriptAsRawText(ScriptEngine.java:119)
	at com.kms.katalon.core.main.TestCaseExecutor.runScript(TestCaseExecutor.java:448)
	at com.kms.katalon.core.main.TestCaseExecutor.doExecute(TestCaseExecutor.java:439)
	at com.kms.katalon.core.main.TestCaseExecutor.processExecutionPhase(TestCaseExecutor.java:418)
	at com.kms.katalon.core.main.TestCaseExecutor.accessMainPhase(TestCaseExecutor.java:410)
	at com.kms.katalon.core.main.TestCaseExecutor.execute(TestCaseExecutor.java:285)
	at com.kms.katalon.core.common.CommonExecutor.accessTestCaseMainPhase(CommonExecutor.java:65)
	at com.kms.katalon.core.main.TestSuiteExecutor.accessTestSuiteMainPhase(TestSuiteExecutor.java:150)
	at com.kms.katalon.core.main.TestSuiteExecutor.execute(TestSuiteExecutor.java:106)
	at com.kms.katalon.core.main.TestCaseMain.startTestSuite(TestCaseMain.java:180)
	at com.kms.katalon.core.main.TestCaseMain$startTestSuite$0.call(Unknown Source)
	at TempTestSuite1761090798548.run(TempTestSuite1761090798548.groovy:35)
	at java.base/jdk.internal.reflect.NativeMethodAccessorImpl.invoke0(Native Method)
	at java.base/jdk.internal.reflect.NativeMethodAccessorImpl.invoke(NativeMethodAccessorImpl.java:77)
	at java.base/jdk.internal.reflect.DelegatingMethodAccessorImpl.invoke(DelegatingMethodAccessorImpl.java:43)
)

21-10-2025T21:38:28 - [MESSAGE][INFO] - Unable to find the element located by 'By.xpath: /html/body/div/div[1]/button'. Please recheck the objects properties to make sure the desired element is located. 

21-10-2025T21:38:28 - [MESSAGE][WARNING] - [SELF-HEALING] Failed to find element with id 'Object Repository/FIM/Server_Notification_Close_btn'. Try using Self-healing.

21-10-2025T21:38:29 - [MESSAGE][INFO] - [SELF-HEALING] No working XPath is found.

21-10-2025T21:38:31 - [MESSAGE][INFO] - Unable to find the element located by 'By.xpath: '. Please recheck the objects properties to make sure the desired element is located. 

21-10-2025T21:38:31 - [MESSAGE][WARNING] - [SELF-HEALING] Cannot find elements when the selector is null

21-10-2025T21:38:31 - [MESSAGE][WARNING] - Web element with id: 'Object Repository/FIM/Server_Notification_Close_btn' located by '/html/body/div/div[1]/button' not found (Root cause: com.kms.katalon.core.exception.StepFailedException: Web element with id: 'Object Repository/FIM/Server_Notification_Close_btn' located by '/html/body/div/div[1]/button' not found
	at com.kms.katalon.core.webui.keyword.internal.WebUIKeywordMain.stepFailed(WebUIKeywordMain.groovy:117)
	at com.kms.katalon.core.webui.keyword.builtin.VerifyElementVisibleKeyword$_verifyElementVisible_closure1.doCall(VerifyElementVisibleKeyword.groovy:89)
	at com.kms.katalon.core.webui.keyword.builtin.VerifyElementVisibleKeyword$_verifyElementVisible_closure1.call(VerifyElementVisibleKeyword.groovy)
	at com.kms.katalon.core.webui.keyword.internal.WebUIKeywordMain.runKeyword(WebUIKeywordMain.groovy:35)
	at com.kms.katalon.core.webui.keyword.builtin.VerifyElementVisibleKeyword.verifyElementVisible(VerifyElementVisibleKeyword.groovy:97)
	at com.kms.katalon.core.webui.keyword.builtin.VerifyElementVisibleKeyword.execute(VerifyElementVisibleKeyword.groovy:67)
	at com.kms.katalon.core.keyword.internal.KeywordExecutor.executeKeywordForPlatform(KeywordExecutor.groovy:74)
	at com.kms.katalon.core.webui.keyword.WebUiBuiltInKeywords.verifyElementVisible(WebUiBuiltInKeywords.groovy:401)
	at com.kms.katalon.core.webui.keyword.WebUiBuiltInKeywords$verifyElementVisible$4.call(Unknown Source)
	at Edit Sales via Calculator.run(Edit Sales via Calculator:32)
	at com.kms.katalon.core.main.ScriptEngine.run(ScriptEngine.java:194)
	at com.kms.katalon.core.main.ScriptEngine.runScriptAsRawText(ScriptEngine.java:119)
	at com.kms.katalon.core.main.TestCaseExecutor.runScript(TestCaseExecutor.java:448)
	at com.kms.katalon.core.main.TestCaseExecutor.doExecute(TestCaseExecutor.java:439)
	at com.kms.katalon.core.main.TestCaseExecutor.processExecutionPhase(TestCaseExecutor.java:418)
	at com.kms.katalon.core.main.TestCaseExecutor.accessMainPhase(TestCaseExecutor.java:410)
	at com.kms.katalon.core.main.TestCaseExecutor.execute(TestCaseExecutor.java:285)
	at com.kms.katalon.core.common.CommonExecutor.accessTestCaseMainPhase(CommonExecutor.java:65)
	at com.kms.katalon.core.main.TestSuiteExecutor.accessTestSuiteMainPhase(TestSuiteExecutor.java:150)
	at com.kms.katalon.core.main.TestSuiteExecutor.execute(TestSuiteExecutor.java:106)
	at com.kms.katalon.core.main.TestCaseMain.startTestSuite(TestCaseMain.java:180)
	at com.kms.katalon.core.main.TestCaseMain$startTestSuite$0.call(Unknown Source)
	at TempTestSuite1761090798548.run(TempTestSuite1761090798548.groovy:35)
	at java.base/jdk.internal.reflect.NativeMethodAccessorImpl.invoke0(Native Method)
	at java.base/jdk.internal.reflect.NativeMethodAccessorImpl.invoke(NativeMethodAccessorImpl.java:77)
	at java.base/jdk.internal.reflect.DelegatingMethodAccessorImpl.invoke(DelegatingMethodAccessorImpl.java:43)
)

21-10-2025T21:38:31 - [TEST_STEP][PASSED] - delay(1): Delayed 1 second(s)

21-10-2025T21:38:32 - [MESSAGE][PASSED] - Delayed 1 second(s)

21-10-2025T21:38:32 - [TEST_STEP][PASSED] - waitForElementPresent(findTestObject("FIM/Sites Page/Calculator/Calculator Tab"), 300): Object 'Object Repository/FIM/Sites Page/Calculator/Calculator Tab' is present

21-10-2025T21:38:32 - [MESSAGE][PASSED] - Object 'Object Repository/FIM/Sites Page/Calculator/Calculator Tab' is present

21-10-2025T21:38:32 - [TEST_STEP][PASSED] - click(findTestObject("FIM/Sites Page/Calculator/Calculator Tab")): Object: 'Object Repository/FIM/Sites Page/Calculator/Calculator Tab' is clicked on

21-10-2025T21:38:33 - [MESSAGE][PASSED] - Object: 'Object Repository/FIM/Sites Page/Calculator/Calculator Tab' is clicked on

21-10-2025T21:38:33 - [TEST_STEP][PASSED] - delay(1): Delayed 1 second(s)

21-10-2025T21:38:34 - [MESSAGE][PASSED] - Delayed 1 second(s)

21-10-2025T21:38:34 - [TEST_STEP][PASSED] - setText(findTestObject("FIM/Sites Page/Calculator/Tank 1 Sales_txt"), "4070"): Text '4070' is set on object 'Object Repository/FIM/Sites Page/Calculator/Tank 1 Sales_txt'

21-10-2025T21:38:34 - [MESSAGE][PASSED] - Text '4070' is set on object 'Object Repository/FIM/Sites Page/Calculator/Tank 1 Sales_txt'

21-10-2025T21:38:34 - [TEST_STEP][PASSED] - setText(findTestObject("FIM/Sites Page/Calculator/Tank 2 Sales_txt"), "4050"): Text '4050' is set on object 'Object Repository/FIM/Sites Page/Calculator/Tank 2 Sales_txt'

21-10-2025T21:38:34 - [MESSAGE][PASSED] - Text '4050' is set on object 'Object Repository/FIM/Sites Page/Calculator/Tank 2 Sales_txt'

21-10-2025T21:38:34 - [TEST_STEP][PASSED] - click(findTestObject("FIM/Sites Page/Calculator/Calculate_btn")): Object: 'Object Repository/FIM/Sites Page/Calculator/Calculate_btn' is clicked on

21-10-2025T21:38:34 - [MESSAGE][PASSED] - Object: 'Object Repository/FIM/Sites Page/Calculator/Calculate_btn' is clicked on

21-10-2025T21:38:34 - [TEST_STEP][PASSED] - Start listener action : retryOnDisconnect: null

21-10-2025T21:38:34 - [TEST_STEP][PASSED] - tcId = testCaseContext.getTestCaseId(): null

21-10-2025T21:38:34 - [TEST_STEP][PASSED] - currentRetry = retryCounts.getOrDefault(tcId, 0): null

21-10-2025T21:38:34 - [TEST_STEP][PASSED] - if (testCaseContext.getTestCaseStatus() == "FAILED" && currentRetry < MAX_RETRIES): null]]></system-out>
         <system-err><![CDATA[]]></system-err>
      </testcase>
      <testcase name="Test Cases/FIM/UI/Kenan/Admin/Sites Page/Calculator/Verify Calculator Updates With New Inventory" time="30.454" classname="Test Cases/FIM/UI/Kenan/Admin/Sites Page/Calculator/Verify Calculator Updates With New Inventory" status="PASSED">
         <system-out><![CDATA[21-10-2025T21:38:34 - [TEST_CASE][PASSED] - Test Cases/FIM/UI/Kenan/Admin/Sites Page/Calculator/Verify Calculator Updates With New Inventory: Test Cases/FIM/UI/Kenan/Admin/Sites Page/Calculator/Verify Calculator Updates With New Inventory

21-10-2025T21:38:34 - [TEST_STEP][PASSED] - Start listener action : beforeTestCase: null

21-10-2025T21:38:34 - [TEST_STEP][PASSED] - addDefaultPackages(): null

21-10-2025T21:38:34 - [TEST_STEP][PASSED] - openBrowser(""): Browser is opened with url: ''

21-10-2025T21:38:34 - [MESSAGE][WARNING] - A browser is already opened. Closing browser and opening a new one

21-10-2025T21:38:35 - [MESSAGE][INFO] - Starting 'Chrome' driver

21-10-2025T21:38:35 - [MESSAGE][INFO] - User set preference: ['args', '[--no-sandbox, --disable-gpu, --disable-dev-shm-usage]']

21-10-2025T21:38:35 - [MESSAGE][INFO] - Action delay is set to 0 milliseconds

21-10-2025T21:38:35 - [MESSAGE][PASSED] - Browser is opened with url: ''

21-10-2025T21:38:35 - [TEST_STEP][PASSED] - navigateToUrl(TURK124SitesURL): Navigate to 'https://kag-inventory-management-portal.qa.thekag.com/site/TURK124?cg=-1&r&i=AllConsignees&sorted=false' successfully

21-10-2025T21:38:36 - [MESSAGE][PASSED] - Navigate to 'https://kag-inventory-management-portal.qa.thekag.com/site/TURK124?cg=-1&r&i=AllConsignees&sorted=false' successfully

21-10-2025T21:38:36 - [TEST_STEP][PASSED] - maximizeWindow(): Current window maximized

21-10-2025T21:38:37 - [MESSAGE][PASSED] - Current window maximized

21-10-2025T21:38:37 - [TEST_STEP][PASSED] - setText(findTestObject("FIM/Username_txt"), "Chris.Sheldon+DES_QA@Thekag.com"): Text 'Chris.Sheldon+DES_QA@Thekag.com' is set on object 'Object Repository/FIM/Username_txt'

21-10-2025T21:38:37 - [MESSAGE][PASSED] - Text 'Chris.Sheldon+DES_QA@Thekag.com' is set on object 'Object Repository/FIM/Username_txt'

21-10-2025T21:38:37 - [TEST_STEP][PASSED] - setText(findTestObject("FIM/Password_txt"), "QATest!2"): Text 'QATest!2' is set on object 'Object Repository/FIM/Password_txt'

21-10-2025T21:38:37 - [MESSAGE][PASSED] - Text 'QATest!2' is set on object 'Object Repository/FIM/Password_txt'

21-10-2025T21:38:37 - [TEST_STEP][PASSED] - click(findTestObject("FIM/Login_btn")): Object: 'Object Repository/FIM/Login_btn' is clicked on

21-10-2025T21:38:37 - [MESSAGE][PASSED] - Object: 'Object Repository/FIM/Login_btn' is clicked on

21-10-2025T21:38:37 - [TEST_STEP][PASSED] - if (verifyElementVisible(findTestObject("FIM/Server_Notification_Close_btn"), OPTIONAL) == true): Web element with id: 'Object Repository/FIM/Server_Notification_Close_btn' located by '/html/body/div/div[1]/button' not found (Root cause: com.kms.katalon.core.exception.StepFailedException: Web element with id: 'Object Repository/FIM/Server_Notification_Close_btn' located by '/html/body/div/div[1]/button' not found
	at com.kms.katalon.core.webui.keyword.internal.WebUIKeywordMain.stepFailed(WebUIKeywordMain.groovy:117)
	at com.kms.katalon.core.webui.keyword.builtin.VerifyElementVisibleKeyword$_verifyElementVisible_closure1.doCall(VerifyElementVisibleKeyword.groovy:89)
	at com.kms.katalon.core.webui.keyword.builtin.VerifyElementVisibleKeyword$_verifyElementVisible_closure1.call(VerifyElementVisibleKeyword.groovy)
	at com.kms.katalon.core.webui.keyword.internal.WebUIKeywordMain.runKeyword(WebUIKeywordMain.groovy:35)
	at com.kms.katalon.core.webui.keyword.builtin.VerifyElementVisibleKeyword.verifyElementVisible(VerifyElementVisibleKeyword.groovy:97)
	at com.kms.katalon.core.webui.keyword.builtin.VerifyElementVisibleKeyword.execute(VerifyElementVisibleKeyword.groovy:67)
	at com.kms.katalon.core.keyword.internal.KeywordExecutor.executeKeywordForPlatform(KeywordExecutor.groovy:74)
	at com.kms.katalon.core.webui.keyword.WebUiBuiltInKeywords.verifyElementVisible(WebUiBuiltInKeywords.groovy:401)
	at com.kms.katalon.core.webui.keyword.WebUiBuiltInKeywords$verifyElementVisible$4.call(Unknown Source)
	at Verify Calculator Updates With New Inventory.run(Verify Calculator Updates With New Inventory:32)
	at com.kms.katalon.core.main.ScriptEngine.run(ScriptEngine.java:194)
	at com.kms.katalon.core.main.ScriptEngine.runScriptAsRawText(ScriptEngine.java:119)
	at com.kms.katalon.core.main.TestCaseExecutor.runScript(TestCaseExecutor.java:448)
	at com.kms.katalon.core.main.TestCaseExecutor.doExecute(TestCaseExecutor.java:439)
	at com.kms.katalon.core.main.TestCaseExecutor.processExecutionPhase(TestCaseExecutor.java:418)
	at com.kms.katalon.core.main.TestCaseExecutor.accessMainPhase(TestCaseExecutor.java:410)
	at com.kms.katalon.core.main.TestCaseExecutor.execute(TestCaseExecutor.java:285)
	at com.kms.katalon.core.common.CommonExecutor.accessTestCaseMainPhase(CommonExecutor.java:65)
	at com.kms.katalon.core.main.TestSuiteExecutor.accessTestSuiteMainPhase(TestSuiteExecutor.java:150)
	at com.kms.katalon.core.main.TestSuiteExecutor.execute(TestSuiteExecutor.java:106)
	at com.kms.katalon.core.main.TestCaseMain.startTestSuite(TestCaseMain.java:180)
	at com.kms.katalon.core.main.TestCaseMain$startTestSuite$0.call(Unknown Source)
	at TempTestSuite1761090798548.run(TempTestSuite1761090798548.groovy:35)
	at java.base/jdk.internal.reflect.NativeMethodAccessorImpl.invoke0(Native Method)
	at java.base/jdk.internal.reflect.NativeMethodAccessorImpl.invoke(NativeMethodAccessorImpl.java:77)
	at java.base/jdk.internal.reflect.DelegatingMethodAccessorImpl.invoke(DelegatingMethodAccessorImpl.java:43)
)

21-10-2025T21:38:53 - [MESSAGE][INFO] - Unable to find the element located by 'By.xpath: /html/body/div/div[1]/button'. Please recheck the objects properties to make sure the desired element is located. 

21-10-2025T21:38:53 - [MESSAGE][WARNING] - [SELF-HEALING] Failed to find element with id 'Object Repository/FIM/Server_Notification_Close_btn'. Try using Self-healing.

21-10-2025T21:38:54 - [MESSAGE][INFO] - [SELF-HEALING] No working XPath is found.

21-10-2025T21:38:56 - [MESSAGE][INFO] - Unable to find the element located by 'By.xpath: '. Please recheck the objects properties to make sure the desired element is located. 

21-10-2025T21:38:56 - [MESSAGE][WARNING] - [SELF-HEALING] Cannot find elements when the selector is null

21-10-2025T21:38:56 - [MESSAGE][WARNING] - Web element with id: 'Object Repository/FIM/Server_Notification_Close_btn' located by '/html/body/div/div[1]/button' not found (Root cause: com.kms.katalon.core.exception.StepFailedException: Web element with id: 'Object Repository/FIM/Server_Notification_Close_btn' located by '/html/body/div/div[1]/button' not found
	at com.kms.katalon.core.webui.keyword.internal.WebUIKeywordMain.stepFailed(WebUIKeywordMain.groovy:117)
	at com.kms.katalon.core.webui.keyword.builtin.VerifyElementVisibleKeyword$_verifyElementVisible_closure1.doCall(VerifyElementVisibleKeyword.groovy:89)
	at com.kms.katalon.core.webui.keyword.builtin.VerifyElementVisibleKeyword$_verifyElementVisible_closure1.call(VerifyElementVisibleKeyword.groovy)
	at com.kms.katalon.core.webui.keyword.internal.WebUIKeywordMain.runKeyword(WebUIKeywordMain.groovy:35)
	at com.kms.katalon.core.webui.keyword.builtin.VerifyElementVisibleKeyword.verifyElementVisible(VerifyElementVisibleKeyword.groovy:97)
	at com.kms.katalon.core.webui.keyword.builtin.VerifyElementVisibleKeyword.execute(VerifyElementVisibleKeyword.groovy:67)
	at com.kms.katalon.core.keyword.internal.KeywordExecutor.executeKeywordForPlatform(KeywordExecutor.groovy:74)
	at com.kms.katalon.core.webui.keyword.WebUiBuiltInKeywords.verifyElementVisible(WebUiBuiltInKeywords.groovy:401)
	at com.kms.katalon.core.webui.keyword.WebUiBuiltInKeywords$verifyElementVisible$4.call(Unknown Source)
	at Verify Calculator Updates With New Inventory.run(Verify Calculator Updates With New Inventory:32)
	at com.kms.katalon.core.main.ScriptEngine.run(ScriptEngine.java:194)
	at com.kms.katalon.core.main.ScriptEngine.runScriptAsRawText(ScriptEngine.java:119)
	at com.kms.katalon.core.main.TestCaseExecutor.runScript(TestCaseExecutor.java:448)
	at com.kms.katalon.core.main.TestCaseExecutor.doExecute(TestCaseExecutor.java:439)
	at com.kms.katalon.core.main.TestCaseExecutor.processExecutionPhase(TestCaseExecutor.java:418)
	at com.kms.katalon.core.main.TestCaseExecutor.accessMainPhase(TestCaseExecutor.java:410)
	at com.kms.katalon.core.main.TestCaseExecutor.execute(TestCaseExecutor.java:285)
	at com.kms.katalon.core.common.CommonExecutor.accessTestCaseMainPhase(CommonExecutor.java:65)
	at com.kms.katalon.core.main.TestSuiteExecutor.accessTestSuiteMainPhase(TestSuiteExecutor.java:150)
	at com.kms.katalon.core.main.TestSuiteExecutor.execute(TestSuiteExecutor.java:106)
	at com.kms.katalon.core.main.TestCaseMain.startTestSuite(TestCaseMain.java:180)
	at com.kms.katalon.core.main.TestCaseMain$startTestSuite$0.call(Unknown Source)
	at TempTestSuite1761090798548.run(TempTestSuite1761090798548.groovy:35)
	at java.base/jdk.internal.reflect.NativeMethodAccessorImpl.invoke0(Native Method)
	at java.base/jdk.internal.reflect.NativeMethodAccessorImpl.invoke(NativeMethodAccessorImpl.java:77)
	at java.base/jdk.internal.reflect.DelegatingMethodAccessorImpl.invoke(DelegatingMethodAccessorImpl.java:43)
)

21-10-2025T21:38:56 - [TEST_STEP][PASSED] - delay(1): Delayed 1 second(s)

21-10-2025T21:38:57 - [MESSAGE][PASSED] - Delayed 1 second(s)

21-10-2025T21:38:57 - [TEST_STEP][PASSED] - waitForElementClickable(findTestObject("FIM/Sites Page/Inventories/Create/Add Inventories_btn"), 300): Object 'Object Repository/FIM/Sites Page/Inventories/Create/Add Inventories_btn' is clickable

21-10-2025T21:38:57 - [MESSAGE][PASSED] - Object 'Object Repository/FIM/Sites Page/Inventories/Create/Add Inventories_btn' is clickable

21-10-2025T21:38:57 - [TEST_STEP][PASSED] - click(findTestObject("FIM/Sites Page/Calculator/Calculator Tab")): Object: 'Object Repository/FIM/Sites Page/Calculator/Calculator Tab' is clicked on

21-10-2025T21:38:58 - [MESSAGE][PASSED] - Object: 'Object Repository/FIM/Sites Page/Calculator/Calculator Tab' is clicked on

21-10-2025T21:38:58 - [TEST_STEP][PASSED] - click(findTestObject("FIM/Sites Page/Inventories/Create/Add Inventories_btn")): Object: 'Object Repository/FIM/Sites Page/Inventories/Create/Add Inventories_btn' is clicked on

21-10-2025T21:38:58 - [MESSAGE][PASSED] - Object: 'Object Repository/FIM/Sites Page/Inventories/Create/Add Inventories_btn' is clicked on

21-10-2025T21:38:58 - [TEST_STEP][PASSED] - delay(2): Delayed 2 second(s)

21-10-2025T21:39:00 - [MESSAGE][PASSED] - Delayed 2 second(s)

21-10-2025T21:39:00 - [TEST_STEP][PASSED] - sendKeys(findTestObject("FIM/Sites Page/Inventories/Create/Tank_1_txt"), "8070"): Keys '8070' sent to object: 'Object Repository/FIM/Sites Page/Inventories/Create/Tank_1_txt'

21-10-2025T21:39:00 - [MESSAGE][PASSED] - Keys '8070' sent to object: 'Object Repository/FIM/Sites Page/Inventories/Create/Tank_1_txt'

21-10-2025T21:39:00 - [TEST_STEP][PASSED] - delay(2): Delayed 2 second(s)

21-10-2025T21:39:02 - [MESSAGE][PASSED] - Delayed 2 second(s)

21-10-2025T21:39:02 - [TEST_STEP][PASSED] - sendKeys(findTestObject("FIM/Sites Page/Inventories/Create/Tank_2_txt"), "8000"): Keys '8000' sent to object: 'Object Repository/FIM/Sites Page/Inventories/Create/Tank_2_txt'

21-10-2025T21:39:03 - [MESSAGE][PASSED] - Keys '8000' sent to object: 'Object Repository/FIM/Sites Page/Inventories/Create/Tank_2_txt'

21-10-2025T21:39:03 - [TEST_STEP][PASSED] - delay(2): Delayed 2 second(s)

21-10-2025T21:39:05 - [MESSAGE][PASSED] - Delayed 2 second(s)

21-10-2025T21:39:05 - [TEST_STEP][PASSED] - click(findTestObject("FIM/Sites Page/Inventories/Create/Save Inventories_btn")): Object: 'Object Repository/FIM/Sites Page/Inventories/Create/Save Inventories_btn' is clicked on

21-10-2025T21:39:05 - [MESSAGE][PASSED] - Object: 'Object Repository/FIM/Sites Page/Inventories/Create/Save Inventories_btn' is clicked on

21-10-2025T21:39:05 - [TEST_STEP][PASSED] - verifyMatch("8070", "8070", true): Actual text '8070' and expected text '8070' are matched  using regular expression

21-10-2025T21:39:05 - [MESSAGE][PASSED] - Actual text '8070' and expected text '8070' are matched  using regular expression

21-10-2025T21:39:05 - [TEST_STEP][PASSED] - verifyMatch("5578", "5578", true): Actual text '5578' and expected text '5578' are matched  using regular expression

21-10-2025T21:39:05 - [MESSAGE][PASSED] - Actual text '5578' and expected text '5578' are matched  using regular expression

21-10-2025T21:39:05 - [TEST_STEP][PASSED] - verifyMatch("8000", "8000", true): Actual text '8000' and expected text '8000' are matched  using regular expression

21-10-2025T21:39:05 - [MESSAGE][PASSED] - Actual text '8000' and expected text '8000' are matched  using regular expression

21-10-2025T21:39:05 - [TEST_STEP][PASSED] - verifyMatch("5648", "5648", true): Actual text '5648' and expected text '5648' are matched  using regular expression

21-10-2025T21:39:05 - [MESSAGE][PASSED] - Actual text '5648' and expected text '5648' are matched  using regular expression

21-10-2025T21:39:05 - [TEST_STEP][PASSED] - Start listener action : retryOnDisconnect: null

21-10-2025T21:39:05 - [TEST_STEP][PASSED] - tcId = testCaseContext.getTestCaseId(): null

21-10-2025T21:39:05 - [TEST_STEP][PASSED] - currentRetry = retryCounts.getOrDefault(tcId, 0): null

21-10-2025T21:39:05 - [TEST_STEP][PASSED] - if (testCaseContext.getTestCaseStatus() == "FAILED" && currentRetry < MAX_RETRIES): null]]></system-out>
         <system-err><![CDATA[]]></system-err>
      </testcase>
      <system-out><![CDATA[21-10-2025T21:38:07 - [TEST_SUITE][PASSED] - KAG Admin - Calculator: Test Cases/FIM/UI/Kenan/Admin/Sites Page/Calculator/Verify Calculator Updates With New Inventory]]></system-out>
      <system-err><![CDATA[]]></system-err>
   </testsuite>
</testsuites>
