<?xml version="1.0" encoding="UTF-8"?>
<testsuites name="Orders Activity Page" time="287.344" tests="10" failures="2" errors="0">
   <testsuite name="Orders Activity Page" tests="10" failures="2" errors="0" time="287.344" skipped="0" timestamp="21-10-2025T18:20:02" hostname="DC1ADOBLD01$ - DC1ADOBLD01.thekag.com" id="Test Suites/DES/Orders Activity Page">
      <properties>
         <property name="deviceName" value=""/>
         <property name="devicePlatform"/>
         <property name="logFolder" value="D:\\ADOagent\\vsts-agent-win-x64-2.217.2\\_work\\819\\s\\Reports\\20251021_180125\\DES\\Orders Activity Page\\20251021_180150"/>
         <property name="logFiles" value="D:\\ADOagent\\vsts-agent-win-x64-2.217.2\\_work\\819\\s\\Reports\\20251021_180125\\DES\\Orders Activity Page\\20251021_180150\\execution0.log"/>
         <property name="attachments" value=""/>
         <property name="hostName" value="DC1ADOBLD01$ - DC1ADOBLD01.thekag.com"/>
         <property name="os" value="Windows Server 2019 64bit"/>
         <property name="katalonVersion" value="9.7.5.223"/>
         <property name="browser" value="Chrome 141.0.0.0"/>
         <property name="hostAddress" value="10.2.20.71"/>
         <property name="sessionId" value="5e526bb9e4ff534cafb7f19c20487eb1"/>
         <property name="seleniumVersion" value="3.141.59"/>
         <property name="proxyInformation" value="ProxyInformation { proxyOption=NO_PROXY, proxyServerType=HTTP, username=, password=********, proxyServerAddress=, proxyServerPort=0, executionList=&quot;&quot;, isApplyToDesiredCapabilities=true }"/>
         <property name="platform" value="Windows Server 2019"/>
      </properties>
      <testcase name="Test Cases/DES/Orders Activity Page/AccessAndFilterOrdersDashboard" time="31.814" classname="Test Cases/DES/Orders Activity Page/AccessAndFilterOrdersDashboard" status="PASSED">
         <system-out><![CDATA[21-10-2025T18:20:02 - [TEST_CASE][PASSED] - Test Cases/DES/Orders Activity Page/AccessAndFilterOrdersDashboard: Test Cases/DES/Orders Activity Page/AccessAndFilterOrdersDashboard

21-10-2025T18:20:02 - [TEST_STEP][PASSED] - Start listener action : beforeTestCase: null

21-10-2025T18:20:02 - [TEST_STEP][PASSED] - addDefaultPackages(): null

21-10-2025T18:20:02 - [TEST_STEP][PASSED] - callTestCase(findTestCase("DES/DES Login"), [:], STOP_ON_FAILURE): Call Test Case 'Test Cases/DES/DES Login' successfully

21-10-2025T18:20:02 - [TEST_CASE][PASSED] - Test Cases/DES/DES Login: Test Cases/DES/DES Login

21-10-2025T18:20:02 - [TEST_STEP][PASSED] - openBrowser(""): Browser is opened with url: ''

21-10-2025T18:20:03 - [MESSAGE][INFO] - Starting 'Chrome' driver

21-10-2025T18:20:03 - [MESSAGE][INFO] - User set preference: ['args', '[--no-sandbox, --disable-gpu, --disable-dev-shm-usage]']

21-10-2025T18:20:03 - [MESSAGE][INFO] - Action delay is set to 0 milliseconds

21-10-2025T18:20:05 - [MESSAGE][PASSED] - Browser is opened with url: ''

21-10-2025T18:20:05 - [TEST_STEP][PASSED] - maximizeWindow(): Current window maximized

21-10-2025T18:20:05 - [MESSAGE][PASSED] - Current window maximized

21-10-2025T18:20:05 - [TEST_STEP][PASSED] - delay(10): Delayed 10 second(s)

21-10-2025T18:20:15 - [MESSAGE][PASSED] - Delayed 10 second(s)

21-10-2025T18:20:15 - [TEST_STEP][PASSED] - navigateToUrl("https://dx-portal.qa.thekag.com/"): Navigate to 'https://dx-portal.qa.thekag.com/' successfully

21-10-2025T18:20:15 - [MESSAGE][PASSED] - Navigate to 'https://dx-portal.qa.thekag.com/' successfully

21-10-2025T18:20:15 - [TEST_STEP][PASSED] - delay(5): Delayed 5 second(s)

21-10-2025T18:20:20 - [MESSAGE][PASSED] - Delayed 5 second(s)

21-10-2025T18:20:20 - [TEST_STEP][PASSED] - setText(findTestObject("Object Repository/Page_IdentityServer4/input_Username (e.g. email address)_Username"), "Chris.Sheldon+DES_QA@Thekag.com"): Text 'Chris.Sheldon+DES_QA@Thekag.com' is set on object 'Object Repository/Page_IdentityServer4/input_Username (e.g. email address)_Username'

21-10-2025T18:20:20 - [MESSAGE][PASSED] - Text 'Chris.Sheldon+DES_QA@Thekag.com' is set on object 'Object Repository/Page_IdentityServer4/input_Username (e.g. email address)_Username'

21-10-2025T18:20:20 - [TEST_STEP][PASSED] - setEncryptedText(findTestObject("Page_IdentityServer4/input_Password_Password"), "BtpyPJuZxPz9EFo3Zi2c4Q=="): Text ****** has been set on object 'Object Repository/Page_IdentityServer4/input_Password_Password'

21-10-2025T18:20:21 - [MESSAGE][PASSED] - Text ****** has been set on object 'Object Repository/Page_IdentityServer4/input_Password_Password'

21-10-2025T18:20:21 - [TEST_STEP][PASSED] - click(findTestObject("Object Repository/Page_IdentityServer4/button_Login")): Object: 'Object Repository/Page_IdentityServer4/button_Login' is clicked on

21-10-2025T18:20:21 - [MESSAGE][PASSED] - Object: 'Object Repository/Page_IdentityServer4/button_Login' is clicked on

21-10-2025T18:20:21 - [TEST_STEP][PASSED] - delay(5): Delayed 5 second(s)

21-10-2025T18:20:26 - [MESSAGE][PASSED] - Delayed 5 second(s)

21-10-2025T18:20:26 - [MESSAGE][PASSED] - Call Test Case 'Test Cases/DES/DES Login' successfully

21-10-2025T18:20:26 - [TEST_STEP][PASSED] - navigateToUrl(OrdersPageURL): Navigate to 'https://dx-portal.qa.thekag.com/admin/ordersdashboard' successfully

21-10-2025T18:20:27 - [MESSAGE][PASSED] - Navigate to 'https://dx-portal.qa.thekag.com/admin/ordersdashboard' successfully

21-10-2025T18:20:27 - [TEST_STEP][PASSED] - waitForElementClickable(findTestObject("DES/Orders Page/Divisions_dropdown"), 20): Object 'Object Repository/DES/Orders Page/Divisions_dropdown' is clickable

21-10-2025T18:20:27 - [MESSAGE][PASSED] - Object 'Object Repository/DES/Orders Page/Divisions_dropdown' is clickable

21-10-2025T18:20:27 - [TEST_STEP][PASSED] - click(findTestObject("Object Repository/DES/Orders Page/Divisions_dropdown")): Object: 'Object Repository/DES/Orders Page/Divisions_dropdown' is clicked on

21-10-2025T18:20:27 - [MESSAGE][PASSED] - Object: 'Object Repository/DES/Orders Page/Divisions_dropdown' is clicked on

21-10-2025T18:20:27 - [TEST_STEP][PASSED] - delay(3): Delayed 3 second(s)

21-10-2025T18:20:30 - [MESSAGE][PASSED] - Delayed 3 second(s)

21-10-2025T18:20:30 - [TEST_STEP][PASSED] - click(findTestObject("DES/Orders Page/Division_FDG"), STOP_ON_FAILURE): Object: 'Object Repository/DES/Orders Page/Division_FDG' is clicked on

21-10-2025T18:20:30 - [MESSAGE][PASSED] - Object: 'Object Repository/DES/Orders Page/Division_FDG' is clicked on

21-10-2025T18:20:30 - [TEST_STEP][PASSED] - click(findTestObject("DES/Orders Page/BillTo Codes_dropdown"), STOP_ON_FAILURE): Object: 'Object Repository/DES/Orders Page/BillTo Codes_dropdown' is clicked on

21-10-2025T18:20:30 - [MESSAGE][PASSED] - Object: 'Object Repository/DES/Orders Page/BillTo Codes_dropdown' is clicked on

21-10-2025T18:20:30 - [TEST_STEP][PASSED] - click(findTestObject("Object Repository/DES/Orders Page/Order Status_dropdown")): Object: 'Object Repository/DES/Orders Page/Order Status_dropdown' is clicked on

21-10-2025T18:20:30 - [MESSAGE][PASSED] - Object: 'Object Repository/DES/Orders Page/Order Status_dropdown' is clicked on

21-10-2025T18:20:30 - [TEST_STEP][PASSED] - click(findTestObject("Object Repository/DES/Orders Page/Order Status Options/Order Status_Available_option")): Object: 'Object Repository/DES/Orders Page/Order Status Options/Order Status_Available_option' is clicked on

21-10-2025T18:20:31 - [MESSAGE][PASSED] - Object: 'Object Repository/DES/Orders Page/Order Status Options/Order Status_Available_option' is clicked on

21-10-2025T18:20:31 - [TEST_STEP][PASSED] - click(findTestObject("Object Repository/DES/Orders Page/Order Search_btn")): Object: 'Object Repository/DES/Orders Page/Order Search_btn' is clicked on

21-10-2025T18:20:31 - [MESSAGE][PASSED] - Object: 'Object Repository/DES/Orders Page/Order Search_btn' is clicked on

21-10-2025T18:20:31 - [TEST_STEP][PASSED] - delay(3): Delayed 3 second(s)

21-10-2025T18:20:34 - [MESSAGE][PASSED] - Delayed 3 second(s)

21-10-2025T18:20:34 - [TEST_STEP][PASSED] - verifyElementText(findTestObject("Object Repository/DES/Orders Page/Dispatcher Status Search Results_AVL"), "AVL"): Actual text and expected text of test object 'Object Repository/DES/Orders Page/Dispatcher Status Search Results_AVL' are matched.

21-10-2025T18:20:34 - [MESSAGE][PASSED] - Actual text and expected text of test object 'Object Repository/DES/Orders Page/Dispatcher Status Search Results_AVL' are matched.

21-10-2025T18:20:34 - [TEST_STEP][PASSED] - closeBrowser(): Browser is closed

21-10-2025T18:20:34 - [MESSAGE][PASSED] - Browser is closed

21-10-2025T18:20:34 - [TEST_STEP][PASSED] - Start listener action : retryOnDisconnect: null

21-10-2025T18:20:34 - [TEST_STEP][PASSED] - tcId = testCaseContext.getTestCaseId(): null

21-10-2025T18:20:34 - [TEST_STEP][PASSED] - currentRetry = retryCounts.getOrDefault(tcId, 0): null

21-10-2025T18:20:34 - [TEST_STEP][PASSED] - if (testCaseContext.getTestCaseStatus() == "FAILED" && currentRetry < MAX_RETRIES): null]]></system-out>
         <system-err><![CDATA[]]></system-err>
      </testcase>
      <testcase name="Test Cases/DES/Orders Activity Page/Can Not Search With Only Division" time="22.804" classname="Test Cases/DES/Orders Activity Page/Can Not Search With Only Division" status="PASSED">
         <system-out><![CDATA[21-10-2025T18:20:34 - [TEST_CASE][PASSED] - Test Cases/DES/Orders Activity Page/Can Not Search With Only Division: Test Cases/DES/Orders Activity Page/Can Not Search With Only Division

21-10-2025T18:20:34 - [TEST_STEP][PASSED] - Start listener action : beforeTestCase: null

21-10-2025T18:20:34 - [TEST_STEP][PASSED] - addDefaultPackages(): null

21-10-2025T18:20:34 - [TEST_STEP][PASSED] - callTestCase(findTestCase("DES/DES Login"), [:], STOP_ON_FAILURE): Call Test Case 'Test Cases/DES/DES Login' successfully

21-10-2025T18:20:34 - [TEST_CASE][PASSED] - Test Cases/DES/DES Login: Test Cases/DES/DES Login

21-10-2025T18:20:34 - [TEST_STEP][PASSED] - openBrowser(""): Browser is opened with url: ''

21-10-2025T18:20:34 - [MESSAGE][INFO] - Starting 'Chrome' driver

21-10-2025T18:20:34 - [MESSAGE][INFO] - User set preference: ['args', '[--no-sandbox, --disable-gpu, --disable-dev-shm-usage]']

21-10-2025T18:20:34 - [MESSAGE][INFO] - Action delay is set to 0 milliseconds

21-10-2025T18:20:35 - [MESSAGE][PASSED] - Browser is opened with url: ''

21-10-2025T18:20:35 - [TEST_STEP][PASSED] - maximizeWindow(): Current window maximized

21-10-2025T18:20:35 - [MESSAGE][PASSED] - Current window maximized

21-10-2025T18:20:35 - [TEST_STEP][PASSED] - delay(10): Delayed 10 second(s)

21-10-2025T18:20:45 - [MESSAGE][PASSED] - Delayed 10 second(s)

21-10-2025T18:20:45 - [TEST_STEP][PASSED] - navigateToUrl("https://dx-portal.qa.thekag.com/"): Navigate to 'https://dx-portal.qa.thekag.com/' successfully

21-10-2025T18:20:45 - [MESSAGE][PASSED] - Navigate to 'https://dx-portal.qa.thekag.com/' successfully

21-10-2025T18:20:45 - [TEST_STEP][PASSED] - delay(5): Delayed 5 second(s)

21-10-2025T18:20:50 - [MESSAGE][PASSED] - Delayed 5 second(s)

21-10-2025T18:20:50 - [TEST_STEP][PASSED] - setText(findTestObject("Object Repository/Page_IdentityServer4/input_Username (e.g. email address)_Username"), "Chris.Sheldon+DES_QA@Thekag.com"): Text 'Chris.Sheldon+DES_QA@Thekag.com' is set on object 'Object Repository/Page_IdentityServer4/input_Username (e.g. email address)_Username'

21-10-2025T18:20:51 - [MESSAGE][PASSED] - Text 'Chris.Sheldon+DES_QA@Thekag.com' is set on object 'Object Repository/Page_IdentityServer4/input_Username (e.g. email address)_Username'

21-10-2025T18:20:51 - [TEST_STEP][PASSED] - setEncryptedText(findTestObject("Page_IdentityServer4/input_Password_Password"), "BtpyPJuZxPz9EFo3Zi2c4Q=="): Text ****** has been set on object 'Object Repository/Page_IdentityServer4/input_Password_Password'

21-10-2025T18:20:51 - [MESSAGE][PASSED] - Text ****** has been set on object 'Object Repository/Page_IdentityServer4/input_Password_Password'

21-10-2025T18:20:51 - [TEST_STEP][PASSED] - click(findTestObject("Object Repository/Page_IdentityServer4/button_Login")): Object: 'Object Repository/Page_IdentityServer4/button_Login' is clicked on

21-10-2025T18:20:51 - [MESSAGE][PASSED] - Object: 'Object Repository/Page_IdentityServer4/button_Login' is clicked on

21-10-2025T18:20:51 - [TEST_STEP][PASSED] - delay(5): Delayed 5 second(s)

21-10-2025T18:20:56 - [MESSAGE][PASSED] - Delayed 5 second(s)

21-10-2025T18:20:56 - [MESSAGE][PASSED] - Call Test Case 'Test Cases/DES/DES Login' successfully

21-10-2025T18:20:56 - [TEST_STEP][PASSED] - navigateToUrl(OrdersPageURL): Navigate to 'https://dx-portal.qa.thekag.com/admin/ordersdashboard' successfully

21-10-2025T18:20:56 - [MESSAGE][PASSED] - Navigate to 'https://dx-portal.qa.thekag.com/admin/ordersdashboard' successfully

21-10-2025T18:20:56 - [TEST_STEP][PASSED] - waitForElementClickable(findTestObject("DES/Orders Page/Divisions_dropdown"), 20): Object 'Object Repository/DES/Orders Page/Divisions_dropdown' is clickable

21-10-2025T18:20:56 - [MESSAGE][PASSED] - Object 'Object Repository/DES/Orders Page/Divisions_dropdown' is clickable

21-10-2025T18:20:56 - [TEST_STEP][PASSED] - click(findTestObject("Object Repository/DES/Orders Page/Divisions_dropdown")): Object: 'Object Repository/DES/Orders Page/Divisions_dropdown' is clicked on

21-10-2025T18:20:56 - [MESSAGE][PASSED] - Object: 'Object Repository/DES/Orders Page/Divisions_dropdown' is clicked on

21-10-2025T18:20:56 - [TEST_STEP][PASSED] - sendKeys(findTestObject("DES/Orders Page/Divisions_Input_txt"), " FDG - Fuels Delivery Group"): Keys ' FDG - Fuels Delivery Group' sent to object: 'Object Repository/DES/Orders Page/Divisions_Input_txt'

21-10-2025T18:20:56 - [MESSAGE][PASSED] - Keys ' FDG - Fuels Delivery Group' sent to object: 'Object Repository/DES/Orders Page/Divisions_Input_txt'

21-10-2025T18:20:56 - [TEST_STEP][PASSED] - sendKeys(findTestObject("DES/Orders Page/Divisions_Input_txt"), Keys.chord(ENTER)): Keys 'ENTER + ' sent to object: 'Object Repository/DES/Orders Page/Divisions_Input_txt'

21-10-2025T18:20:56 - [MESSAGE][PASSED] - Keys 'ENTER + ' sent to object: 'Object Repository/DES/Orders Page/Divisions_Input_txt'

21-10-2025T18:20:56 - [TEST_STEP][PASSED] - verifyElementNotClickable(findTestObject("DES/Orders Page/Order Search_btn")): Object 'Object Repository/DES/Orders Page/Order Search_btn' is NOT clickable

21-10-2025T18:20:57 - [MESSAGE][PASSED] - Object 'Object Repository/DES/Orders Page/Order Search_btn' is NOT clickable

21-10-2025T18:20:57 - [TEST_STEP][PASSED] - closeBrowser(): Browser is closed

21-10-2025T18:20:57 - [MESSAGE][PASSED] - Browser is closed

21-10-2025T18:20:57 - [TEST_STEP][PASSED] - Start listener action : retryOnDisconnect: null

21-10-2025T18:20:57 - [TEST_STEP][PASSED] - tcId = testCaseContext.getTestCaseId(): null

21-10-2025T18:20:57 - [TEST_STEP][PASSED] - currentRetry = retryCounts.getOrDefault(tcId, 0): null

21-10-2025T18:20:57 - [TEST_STEP][PASSED] - if (testCaseContext.getTestCaseStatus() == "FAILED" && currentRetry < MAX_RETRIES): null]]></system-out>
         <system-err><![CDATA[]]></system-err>
      </testcase>
      <testcase name="Test Cases/DES/Orders Activity Page/Can Not Select Bill To Without Division" time="22.578" classname="Test Cases/DES/Orders Activity Page/Can Not Select Bill To Without Division" status="PASSED">
         <system-out><![CDATA[21-10-2025T18:20:57 - [TEST_CASE][PASSED] - Test Cases/DES/Orders Activity Page/Can Not Select Bill To Without Division: Test Cases/DES/Orders Activity Page/Can Not Select Bill To Without Division

21-10-2025T18:20:57 - [TEST_STEP][PASSED] - Start listener action : beforeTestCase: null

21-10-2025T18:20:57 - [TEST_STEP][PASSED] - addDefaultPackages(): null

21-10-2025T18:20:57 - [TEST_STEP][PASSED] - callTestCase(findTestCase("DES/DES Login"), [:], STOP_ON_FAILURE): Call Test Case 'Test Cases/DES/DES Login' successfully

21-10-2025T18:20:57 - [TEST_CASE][PASSED] - Test Cases/DES/DES Login: Test Cases/DES/DES Login

21-10-2025T18:20:57 - [TEST_STEP][PASSED] - openBrowser(""): Browser is opened with url: ''

21-10-2025T18:20:57 - [MESSAGE][INFO] - Starting 'Chrome' driver

21-10-2025T18:20:57 - [MESSAGE][INFO] - User set preference: ['args', '[--no-sandbox, --disable-gpu, --disable-dev-shm-usage]']

21-10-2025T18:20:57 - [MESSAGE][INFO] - Action delay is set to 0 milliseconds

21-10-2025T18:20:58 - [MESSAGE][PASSED] - Browser is opened with url: ''

21-10-2025T18:20:58 - [TEST_STEP][PASSED] - maximizeWindow(): Current window maximized

21-10-2025T18:20:58 - [MESSAGE][PASSED] - Current window maximized

21-10-2025T18:20:58 - [TEST_STEP][PASSED] - delay(10): Delayed 10 second(s)

21-10-2025T18:21:08 - [MESSAGE][PASSED] - Delayed 10 second(s)

21-10-2025T18:21:08 - [TEST_STEP][PASSED] - navigateToUrl("https://dx-portal.qa.thekag.com/"): Navigate to 'https://dx-portal.qa.thekag.com/' successfully

21-10-2025T18:21:08 - [MESSAGE][PASSED] - Navigate to 'https://dx-portal.qa.thekag.com/' successfully

21-10-2025T18:21:08 - [TEST_STEP][PASSED] - delay(5): Delayed 5 second(s)

21-10-2025T18:21:13 - [MESSAGE][PASSED] - Delayed 5 second(s)

21-10-2025T18:21:13 - [TEST_STEP][PASSED] - setText(findTestObject("Object Repository/Page_IdentityServer4/input_Username (e.g. email address)_Username"), "Chris.Sheldon+DES_QA@Thekag.com"): Text 'Chris.Sheldon+DES_QA@Thekag.com' is set on object 'Object Repository/Page_IdentityServer4/input_Username (e.g. email address)_Username'

21-10-2025T18:21:13 - [MESSAGE][PASSED] - Text 'Chris.Sheldon+DES_QA@Thekag.com' is set on object 'Object Repository/Page_IdentityServer4/input_Username (e.g. email address)_Username'

21-10-2025T18:21:13 - [TEST_STEP][PASSED] - setEncryptedText(findTestObject("Page_IdentityServer4/input_Password_Password"), "BtpyPJuZxPz9EFo3Zi2c4Q=="): Text ****** has been set on object 'Object Repository/Page_IdentityServer4/input_Password_Password'

21-10-2025T18:21:13 - [MESSAGE][PASSED] - Text ****** has been set on object 'Object Repository/Page_IdentityServer4/input_Password_Password'

21-10-2025T18:21:13 - [TEST_STEP][PASSED] - click(findTestObject("Object Repository/Page_IdentityServer4/button_Login")): Object: 'Object Repository/Page_IdentityServer4/button_Login' is clicked on

21-10-2025T18:21:14 - [MESSAGE][PASSED] - Object: 'Object Repository/Page_IdentityServer4/button_Login' is clicked on

21-10-2025T18:21:14 - [TEST_STEP][PASSED] - delay(5): Delayed 5 second(s)

21-10-2025T18:21:19 - [MESSAGE][PASSED] - Delayed 5 second(s)

21-10-2025T18:21:19 - [MESSAGE][PASSED] - Call Test Case 'Test Cases/DES/DES Login' successfully

21-10-2025T18:21:19 - [TEST_STEP][PASSED] - navigateToUrl(OrdersPageURL): Navigate to 'https://dx-portal.qa.thekag.com/admin/ordersdashboard' successfully

21-10-2025T18:21:19 - [MESSAGE][PASSED] - Navigate to 'https://dx-portal.qa.thekag.com/admin/ordersdashboard' successfully

21-10-2025T18:21:19 - [TEST_STEP][PASSED] - waitForElementClickable(findTestObject("DES/Orders Page/Divisions_dropdown"), 20): Object 'Object Repository/DES/Orders Page/Divisions_dropdown' is clickable

21-10-2025T18:21:19 - [MESSAGE][PASSED] - Object 'Object Repository/DES/Orders Page/Divisions_dropdown' is clickable

21-10-2025T18:21:19 - [TEST_STEP][PASSED] - verifyElementNotClickable(findTestObject("DES/Orders Page/BillTo Codes_Input_txt")): Object 'Object Repository/DES/Orders Page/BillTo Codes_Input_txt' is NOT clickable

21-10-2025T18:21:19 - [MESSAGE][PASSED] - Object 'Object Repository/DES/Orders Page/BillTo Codes_Input_txt' is NOT clickable

21-10-2025T18:21:19 - [TEST_STEP][PASSED] - verifyElementNotClickable(findTestObject("DES/Orders Page/Order Search_btn")): Object 'Object Repository/DES/Orders Page/Order Search_btn' is NOT clickable

21-10-2025T18:21:19 - [MESSAGE][PASSED] - Object 'Object Repository/DES/Orders Page/Order Search_btn' is NOT clickable

21-10-2025T18:21:19 - [TEST_STEP][PASSED] - closeBrowser(): Browser is closed

21-10-2025T18:21:19 - [MESSAGE][PASSED] - Browser is closed

21-10-2025T18:21:19 - [TEST_STEP][PASSED] - Start listener action : retryOnDisconnect: null

21-10-2025T18:21:19 - [TEST_STEP][PASSED] - tcId = testCaseContext.getTestCaseId(): null

21-10-2025T18:21:19 - [TEST_STEP][PASSED] - currentRetry = retryCounts.getOrDefault(tcId, 0): null

21-10-2025T18:21:19 - [TEST_STEP][PASSED] - if (testCaseContext.getTestCaseStatus() == "FAILED" && currentRetry < MAX_RETRIES): null]]></system-out>
         <system-err><![CDATA[]]></system-err>
      </testcase>
      <testcase name="Test Cases/DES/Orders Activity Page/FDG/Search FDG and 1 Bill To Code" time="31.092" classname="Test Cases/DES/Orders Activity Page/FDG/Search FDG and 1 Bill To Code" status="PASSED">
         <system-out><![CDATA[21-10-2025T18:21:19 - [TEST_CASE][PASSED] - Test Cases/DES/Orders Activity Page/FDG/Search FDG and 1 Bill To Code: Test Cases/DES/Orders Activity Page/FDG/Search FDG and 1 Bill To Code

21-10-2025T18:21:19 - [TEST_STEP][PASSED] - Start listener action : beforeTestCase: null

21-10-2025T18:21:19 - [TEST_STEP][PASSED] - addDefaultPackages(): null

21-10-2025T18:21:19 - [TEST_STEP][PASSED] - callTestCase(findTestCase("DES/DES Login"), [:], STOP_ON_FAILURE): Call Test Case 'Test Cases/DES/DES Login' successfully

21-10-2025T18:21:19 - [TEST_CASE][PASSED] - Test Cases/DES/DES Login: Test Cases/DES/DES Login

21-10-2025T18:21:19 - [TEST_STEP][PASSED] - openBrowser(""): Browser is opened with url: ''

21-10-2025T18:21:19 - [MESSAGE][INFO] - Starting 'Chrome' driver

21-10-2025T18:21:19 - [MESSAGE][INFO] - User set preference: ['args', '[--no-sandbox, --disable-gpu, --disable-dev-shm-usage]']

21-10-2025T18:21:19 - [MESSAGE][INFO] - Action delay is set to 0 milliseconds

21-10-2025T18:21:20 - [MESSAGE][PASSED] - Browser is opened with url: ''

21-10-2025T18:21:20 - [TEST_STEP][PASSED] - maximizeWindow(): Current window maximized

21-10-2025T18:21:20 - [MESSAGE][PASSED] - Current window maximized

21-10-2025T18:21:20 - [TEST_STEP][PASSED] - delay(10): Delayed 10 second(s)

21-10-2025T18:21:30 - [MESSAGE][PASSED] - Delayed 10 second(s)

21-10-2025T18:21:30 - [TEST_STEP][PASSED] - navigateToUrl("https://dx-portal.qa.thekag.com/"): Navigate to 'https://dx-portal.qa.thekag.com/' successfully

21-10-2025T18:21:31 - [MESSAGE][PASSED] - Navigate to 'https://dx-portal.qa.thekag.com/' successfully

21-10-2025T18:21:31 - [TEST_STEP][PASSED] - delay(5): Delayed 5 second(s)

21-10-2025T18:21:36 - [MESSAGE][PASSED] - Delayed 5 second(s)

21-10-2025T18:21:36 - [TEST_STEP][PASSED] - setText(findTestObject("Object Repository/Page_IdentityServer4/input_Username (e.g. email address)_Username"), "Chris.Sheldon+DES_QA@Thekag.com"): Text 'Chris.Sheldon+DES_QA@Thekag.com' is set on object 'Object Repository/Page_IdentityServer4/input_Username (e.g. email address)_Username'

21-10-2025T18:21:36 - [MESSAGE][PASSED] - Text 'Chris.Sheldon+DES_QA@Thekag.com' is set on object 'Object Repository/Page_IdentityServer4/input_Username (e.g. email address)_Username'

21-10-2025T18:21:36 - [TEST_STEP][PASSED] - setEncryptedText(findTestObject("Page_IdentityServer4/input_Password_Password"), "BtpyPJuZxPz9EFo3Zi2c4Q=="): Text ****** has been set on object 'Object Repository/Page_IdentityServer4/input_Password_Password'

21-10-2025T18:21:36 - [MESSAGE][PASSED] - Text ****** has been set on object 'Object Repository/Page_IdentityServer4/input_Password_Password'

21-10-2025T18:21:36 - [TEST_STEP][PASSED] - click(findTestObject("Object Repository/Page_IdentityServer4/button_Login")): Object: 'Object Repository/Page_IdentityServer4/button_Login' is clicked on

21-10-2025T18:21:36 - [MESSAGE][PASSED] - Object: 'Object Repository/Page_IdentityServer4/button_Login' is clicked on

21-10-2025T18:21:36 - [TEST_STEP][PASSED] - delay(5): Delayed 5 second(s)

21-10-2025T18:21:41 - [MESSAGE][PASSED] - Delayed 5 second(s)

21-10-2025T18:21:41 - [MESSAGE][PASSED] - Call Test Case 'Test Cases/DES/DES Login' successfully

21-10-2025T18:21:41 - [TEST_STEP][PASSED] - navigateToUrl(OrdersPageURL): Navigate to 'https://dx-portal.qa.thekag.com/admin/ordersdashboard' successfully

21-10-2025T18:21:42 - [MESSAGE][PASSED] - Navigate to 'https://dx-portal.qa.thekag.com/admin/ordersdashboard' successfully

21-10-2025T18:21:42 - [TEST_STEP][PASSED] - waitForElementClickable(findTestObject("Object Repository/DES/Orders Page/Divisions_dropdown"), 20): Object 'Object Repository/DES/Orders Page/Divisions_dropdown' is clickable

21-10-2025T18:21:42 - [MESSAGE][PASSED] - Object 'Object Repository/DES/Orders Page/Divisions_dropdown' is clickable

21-10-2025T18:21:42 - [TEST_STEP][PASSED] - click(findTestObject("Object Repository/DES/Orders Page/Divisions_dropdown")): Object: 'Object Repository/DES/Orders Page/Divisions_dropdown' is clicked on

21-10-2025T18:21:42 - [MESSAGE][PASSED] - Object: 'Object Repository/DES/Orders Page/Divisions_dropdown' is clicked on

21-10-2025T18:21:42 - [TEST_STEP][PASSED] - sendKeys(findTestObject("Object Repository/DES/Orders Page/Divisions_Input_txt"), " FDG - Fuels Delivery Group"): Keys ' FDG - Fuels Delivery Group' sent to object: 'Object Repository/DES/Orders Page/Divisions_Input_txt'

21-10-2025T18:21:42 - [MESSAGE][PASSED] - Keys ' FDG - Fuels Delivery Group' sent to object: 'Object Repository/DES/Orders Page/Divisions_Input_txt'

21-10-2025T18:21:42 - [TEST_STEP][PASSED] - delay(2): Delayed 2 second(s)

21-10-2025T18:21:44 - [MESSAGE][PASSED] - Delayed 2 second(s)

21-10-2025T18:21:44 - [TEST_STEP][PASSED] - sendKeys(findTestObject("Object Repository/DES/Orders Page/Divisions_Input_txt"), Keys.chord(ENTER)): Keys 'ENTER + ' sent to object: 'Object Repository/DES/Orders Page/Divisions_Input_txt'

21-10-2025T18:21:44 - [MESSAGE][PASSED] - Keys 'ENTER + ' sent to object: 'Object Repository/DES/Orders Page/Divisions_Input_txt'

21-10-2025T18:21:44 - [TEST_STEP][PASSED] - delay(2): Delayed 2 second(s)

21-10-2025T18:21:46 - [MESSAGE][PASSED] - Delayed 2 second(s)

21-10-2025T18:21:46 - [TEST_STEP][PASSED] - click(findTestObject("Object Repository/DES/Orders Page/BillTo Codes_dropdown"), STOP_ON_FAILURE): Object: 'Object Repository/DES/Orders Page/BillTo Codes_dropdown' is clicked on

21-10-2025T18:21:46 - [MESSAGE][PASSED] - Object: 'Object Repository/DES/Orders Page/BillTo Codes_dropdown' is clicked on

21-10-2025T18:21:46 - [TEST_STEP][PASSED] - setText(findTestObject("Object Repository/DES/Orders Page/Page_data-exchange/input_List is empty_multiselect__input"), "kroger"): Text 'kroger' is set on object 'Object Repository/DES/Orders Page/Page_data-exchange/input_List is empty_multiselect__input'

21-10-2025T18:21:46 - [MESSAGE][PASSED] - Text 'kroger' is set on object 'Object Repository/DES/Orders Page/Page_data-exchange/input_List is empty_multiselect__input'

21-10-2025T18:21:46 - [TEST_STEP][PASSED] - delay(2): Delayed 2 second(s)

21-10-2025T18:21:48 - [MESSAGE][PASSED] - Delayed 2 second(s)

21-10-2025T18:21:48 - [TEST_STEP][PASSED] - sendKeys(findTestObject("Object Repository/DES/Orders Page/Page_data-exchange/input_List is empty_multiselect__input"), Keys.chord(ENTER)): Keys 'ENTER + ' sent to object: 'Object Repository/DES/Orders Page/Page_data-exchange/input_List is empty_multiselect__input'

21-10-2025T18:21:48 - [MESSAGE][PASSED] - Keys 'ENTER + ' sent to object: 'Object Repository/DES/Orders Page/Page_data-exchange/input_List is empty_multiselect__input'

21-10-2025T18:21:48 - [TEST_STEP][PASSED] - delay(1): Delayed 1 second(s)

21-10-2025T18:21:49 - [MESSAGE][PASSED] - Delayed 1 second(s)

21-10-2025T18:21:49 - [TEST_STEP][PASSED] - click(findTestObject("Object Repository/DES/Orders Page/Order Search_btn")): Object: 'Object Repository/DES/Orders Page/Order Search_btn' is clicked on

21-10-2025T18:21:49 - [MESSAGE][PASSED] - Object: 'Object Repository/DES/Orders Page/Order Search_btn' is clicked on

21-10-2025T18:21:49 - [TEST_STEP][PASSED] - delay(1): Delayed 1 second(s)

21-10-2025T18:21:50 - [MESSAGE][PASSED] - Delayed 1 second(s)

21-10-2025T18:21:50 - [TEST_STEP][PASSED] - closeBrowser(): Browser is closed

21-10-2025T18:21:50 - [MESSAGE][PASSED] - Browser is closed

21-10-2025T18:21:50 - [TEST_STEP][PASSED] - Start listener action : retryOnDisconnect: null

21-10-2025T18:21:50 - [TEST_STEP][PASSED] - tcId = testCaseContext.getTestCaseId(): null

21-10-2025T18:21:50 - [TEST_STEP][PASSED] - currentRetry = retryCounts.getOrDefault(tcId, 0): null

21-10-2025T18:21:50 - [TEST_STEP][PASSED] - if (testCaseContext.getTestCaseStatus() == "FAILED" && currentRetry < MAX_RETRIES): null]]></system-out>
         <system-err><![CDATA[]]></system-err>
      </testcase>
      <testcase name="Test Cases/DES/Orders Activity Page/FDG/Search FDG and Data Type" time="25.159" classname="Test Cases/DES/Orders Activity Page/FDG/Search FDG and Data Type" status="PASSED">
         <system-out><![CDATA[21-10-2025T18:21:50 - [TEST_CASE][PASSED] - Test Cases/DES/Orders Activity Page/FDG/Search FDG and Data Type: Test Cases/DES/Orders Activity Page/FDG/Search FDG and Data Type

21-10-2025T18:21:50 - [TEST_STEP][PASSED] - Start listener action : beforeTestCase: null

21-10-2025T18:21:50 - [TEST_STEP][PASSED] - addDefaultPackages(): null

21-10-2025T18:21:50 - [TEST_STEP][PASSED] - callTestCase(findTestCase("DES/DES Login"), [:], STOP_ON_FAILURE): Call Test Case 'Test Cases/DES/DES Login' successfully

21-10-2025T18:21:50 - [TEST_CASE][PASSED] - Test Cases/DES/DES Login: Test Cases/DES/DES Login

21-10-2025T18:21:50 - [TEST_STEP][PASSED] - openBrowser(""): Browser is opened with url: ''

21-10-2025T18:21:50 - [MESSAGE][INFO] - Starting 'Chrome' driver

21-10-2025T18:21:50 - [MESSAGE][INFO] - User set preference: ['args', '[--no-sandbox, --disable-gpu, --disable-dev-shm-usage]']

21-10-2025T18:21:50 - [MESSAGE][INFO] - Action delay is set to 0 milliseconds

21-10-2025T18:21:51 - [MESSAGE][PASSED] - Browser is opened with url: ''

21-10-2025T18:21:51 - [TEST_STEP][PASSED] - maximizeWindow(): Current window maximized

21-10-2025T18:21:51 - [MESSAGE][PASSED] - Current window maximized

21-10-2025T18:21:51 - [TEST_STEP][PASSED] - delay(10): Delayed 10 second(s)

21-10-2025T18:22:01 - [MESSAGE][PASSED] - Delayed 10 second(s)

21-10-2025T18:22:01 - [TEST_STEP][PASSED] - navigateToUrl("https://dx-portal.qa.thekag.com/"): Navigate to 'https://dx-portal.qa.thekag.com/' successfully

21-10-2025T18:22:02 - [MESSAGE][PASSED] - Navigate to 'https://dx-portal.qa.thekag.com/' successfully

21-10-2025T18:22:02 - [TEST_STEP][PASSED] - delay(5): Delayed 5 second(s)

21-10-2025T18:22:07 - [MESSAGE][PASSED] - Delayed 5 second(s)

21-10-2025T18:22:07 - [TEST_STEP][PASSED] - setText(findTestObject("Object Repository/Page_IdentityServer4/input_Username (e.g. email address)_Username"), "Chris.Sheldon+DES_QA@Thekag.com"): Text 'Chris.Sheldon+DES_QA@Thekag.com' is set on object 'Object Repository/Page_IdentityServer4/input_Username (e.g. email address)_Username'

21-10-2025T18:22:07 - [MESSAGE][PASSED] - Text 'Chris.Sheldon+DES_QA@Thekag.com' is set on object 'Object Repository/Page_IdentityServer4/input_Username (e.g. email address)_Username'

21-10-2025T18:22:07 - [TEST_STEP][PASSED] - setEncryptedText(findTestObject("Page_IdentityServer4/input_Password_Password"), "BtpyPJuZxPz9EFo3Zi2c4Q=="): Text ****** has been set on object 'Object Repository/Page_IdentityServer4/input_Password_Password'

21-10-2025T18:22:07 - [MESSAGE][PASSED] - Text ****** has been set on object 'Object Repository/Page_IdentityServer4/input_Password_Password'

21-10-2025T18:22:07 - [TEST_STEP][PASSED] - click(findTestObject("Object Repository/Page_IdentityServer4/button_Login")): Object: 'Object Repository/Page_IdentityServer4/button_Login' is clicked on

21-10-2025T18:22:07 - [MESSAGE][PASSED] - Object: 'Object Repository/Page_IdentityServer4/button_Login' is clicked on

21-10-2025T18:22:07 - [TEST_STEP][PASSED] - delay(5): Delayed 5 second(s)

21-10-2025T18:22:12 - [MESSAGE][PASSED] - Delayed 5 second(s)

21-10-2025T18:22:12 - [MESSAGE][PASSED] - Call Test Case 'Test Cases/DES/DES Login' successfully

21-10-2025T18:22:12 - [TEST_STEP][PASSED] - navigateToUrl(OrdersPageURL): Navigate to 'https://dx-portal.qa.thekag.com/admin/ordersdashboard' successfully

21-10-2025T18:22:13 - [MESSAGE][PASSED] - Navigate to 'https://dx-portal.qa.thekag.com/admin/ordersdashboard' successfully

21-10-2025T18:22:13 - [TEST_STEP][PASSED] - waitForElementClickable(findTestObject("DES/Orders Page/Divisions_dropdown"), 20): Object 'Object Repository/DES/Orders Page/Divisions_dropdown' is clickable

21-10-2025T18:22:13 - [MESSAGE][PASSED] - Object 'Object Repository/DES/Orders Page/Divisions_dropdown' is clickable

21-10-2025T18:22:13 - [TEST_STEP][PASSED] - click(findTestObject("Object Repository/DES/Orders Page/Divisions_dropdown")): Object: 'Object Repository/DES/Orders Page/Divisions_dropdown' is clicked on

21-10-2025T18:22:13 - [MESSAGE][PASSED] - Object: 'Object Repository/DES/Orders Page/Divisions_dropdown' is clicked on

21-10-2025T18:22:13 - [TEST_STEP][PASSED] - sendKeys(findTestObject("DES/Orders Page/Divisions_Input_txt"), " FDG - Fuels Delivery Group"): Keys ' FDG - Fuels Delivery Group' sent to object: 'Object Repository/DES/Orders Page/Divisions_Input_txt'

21-10-2025T18:22:13 - [MESSAGE][PASSED] - Keys ' FDG - Fuels Delivery Group' sent to object: 'Object Repository/DES/Orders Page/Divisions_Input_txt'

21-10-2025T18:22:13 - [TEST_STEP][PASSED] - sendKeys(findTestObject("DES/Orders Page/Divisions_Input_txt"), Keys.chord(ENTER)): Keys 'ENTER + ' sent to object: 'Object Repository/DES/Orders Page/Divisions_Input_txt'

21-10-2025T18:22:13 - [MESSAGE][PASSED] - Keys 'ENTER + ' sent to object: 'Object Repository/DES/Orders Page/Divisions_Input_txt'

21-10-2025T18:22:13 - [TEST_STEP][PASSED] - delay(2): Delayed 2 second(s)

21-10-2025T18:22:15 - [MESSAGE][PASSED] - Delayed 2 second(s)

21-10-2025T18:22:15 - [TEST_STEP][PASSED] - verifyElementNotClickable(findTestObject("DES/Orders Page/From_Date_input")): Object 'Object Repository/DES/Orders Page/From_Date_input' is NOT clickable

21-10-2025T18:22:15 - [MESSAGE][PASSED] - Object 'Object Repository/DES/Orders Page/From_Date_input' is NOT clickable

21-10-2025T18:22:15 - [TEST_STEP][PASSED] - verifyElementNotClickable(findTestObject("DES/Orders Page/From_Time_input"), STOP_ON_FAILURE): Object 'Object Repository/DES/Orders Page/From_Time_input' is NOT clickable

21-10-2025T18:22:15 - [MESSAGE][PASSED] - Object 'Object Repository/DES/Orders Page/From_Time_input' is NOT clickable

21-10-2025T18:22:15 - [TEST_STEP][PASSED] - sendKeys(findTestObject("DES/Orders Page/Data Type_Input_txt"), "Completed"): Keys 'Completed' sent to object: 'Object Repository/DES/Orders Page/Data Type_Input_txt'

21-10-2025T18:22:15 - [MESSAGE][PASSED] - Keys 'Completed' sent to object: 'Object Repository/DES/Orders Page/Data Type_Input_txt'

21-10-2025T18:22:15 - [TEST_STEP][PASSED] - verifyElementClickable(findTestObject("DES/Orders Page/From_Date_input")): Object 'Object Repository/DES/Orders Page/From_Date_input' is clickable

21-10-2025T18:22:15 - [MESSAGE][PASSED] - Object 'Object Repository/DES/Orders Page/From_Date_input' is clickable

21-10-2025T18:22:15 - [TEST_STEP][PASSED] - verifyElementClickable(findTestObject("DES/Orders Page/From_Time_input")): Object 'Object Repository/DES/Orders Page/From_Time_input' is clickable

21-10-2025T18:22:15 - [MESSAGE][PASSED] - Object 'Object Repository/DES/Orders Page/From_Time_input' is clickable

21-10-2025T18:22:15 - [TEST_STEP][PASSED] - clearText(findTestObject("DES/Orders Page/From_Date_input")): Text of object 'Object Repository/DES/Orders Page/From_Date_input' is cleared

21-10-2025T18:22:15 - [MESSAGE][PASSED] - Text of object 'Object Repository/DES/Orders Page/From_Date_input' is cleared

21-10-2025T18:22:15 - [TEST_STEP][PASSED] - sendKeys(findTestObject("DES/Orders Page/From_Date_input"), "April 1, 2023"): Keys 'April 1, 2023' sent to object: 'Object Repository/DES/Orders Page/From_Date_input'

21-10-2025T18:22:15 - [MESSAGE][PASSED] - Keys 'April 1, 2023' sent to object: 'Object Repository/DES/Orders Page/From_Date_input'

21-10-2025T18:22:15 - [TEST_STEP][PASSED] - click(findTestObject("DES/Orders Page/Order Search_btn")): Object: 'Object Repository/DES/Orders Page/Order Search_btn' is clicked on

21-10-2025T18:22:15 - [MESSAGE][PASSED] - Object: 'Object Repository/DES/Orders Page/Order Search_btn' is clicked on

21-10-2025T18:22:15 - [TEST_STEP][PASSED] - closeBrowser(): Browser is closed

21-10-2025T18:22:15 - [MESSAGE][PASSED] - Browser is closed

21-10-2025T18:22:15 - [TEST_STEP][PASSED] - Start listener action : retryOnDisconnect: null

21-10-2025T18:22:15 - [TEST_STEP][PASSED] - tcId = testCaseContext.getTestCaseId(): null

21-10-2025T18:22:15 - [TEST_STEP][PASSED] - currentRetry = retryCounts.getOrDefault(tcId, 0): null

21-10-2025T18:22:15 - [TEST_STEP][PASSED] - if (testCaseContext.getTestCaseStatus() == "FAILED" && currentRetry < MAX_RETRIES): null]]></system-out>
         <system-err><![CDATA[]]></system-err>
      </testcase>
      <testcase name="Test Cases/DES/Orders Activity Page/FDG/Search FDG and Multiple Bill Tos" time="28.518" classname="Test Cases/DES/Orders Activity Page/FDG/Search FDG and Multiple Bill Tos" status="PASSED">
         <system-out><![CDATA[21-10-2025T18:22:16 - [TEST_CASE][PASSED] - Test Cases/DES/Orders Activity Page/FDG/Search FDG and Multiple Bill Tos: Test Cases/DES/Orders Activity Page/FDG/Search FDG and Multiple Bill Tos

21-10-2025T18:22:16 - [TEST_STEP][PASSED] - Start listener action : beforeTestCase: null

21-10-2025T18:22:16 - [TEST_STEP][PASSED] - addDefaultPackages(): null

21-10-2025T18:22:16 - [TEST_STEP][PASSED] - callTestCase(findTestCase("DES/DES Login"), [:], STOP_ON_FAILURE): Call Test Case 'Test Cases/DES/DES Login' successfully

21-10-2025T18:22:16 - [TEST_CASE][PASSED] - Test Cases/DES/DES Login: Test Cases/DES/DES Login

21-10-2025T18:22:16 - [TEST_STEP][PASSED] - openBrowser(""): Browser is opened with url: ''

21-10-2025T18:22:16 - [MESSAGE][INFO] - Starting 'Chrome' driver

21-10-2025T18:22:16 - [MESSAGE][INFO] - User set preference: ['args', '[--no-sandbox, --disable-gpu, --disable-dev-shm-usage]']

21-10-2025T18:22:16 - [MESSAGE][INFO] - Action delay is set to 0 milliseconds

21-10-2025T18:22:16 - [MESSAGE][PASSED] - Browser is opened with url: ''

21-10-2025T18:22:16 - [TEST_STEP][PASSED] - maximizeWindow(): Current window maximized

21-10-2025T18:22:16 - [MESSAGE][PASSED] - Current window maximized

21-10-2025T18:22:16 - [TEST_STEP][PASSED] - delay(10): Delayed 10 second(s)

21-10-2025T18:22:27 - [MESSAGE][PASSED] - Delayed 10 second(s)

21-10-2025T18:22:27 - [TEST_STEP][PASSED] - navigateToUrl("https://dx-portal.qa.thekag.com/"): Navigate to 'https://dx-portal.qa.thekag.com/' successfully

21-10-2025T18:22:27 - [MESSAGE][PASSED] - Navigate to 'https://dx-portal.qa.thekag.com/' successfully

21-10-2025T18:22:27 - [TEST_STEP][PASSED] - delay(5): Delayed 5 second(s)

21-10-2025T18:22:32 - [MESSAGE][PASSED] - Delayed 5 second(s)

21-10-2025T18:22:32 - [TEST_STEP][PASSED] - setText(findTestObject("Object Repository/Page_IdentityServer4/input_Username (e.g. email address)_Username"), "Chris.Sheldon+DES_QA@Thekag.com"): Text 'Chris.Sheldon+DES_QA@Thekag.com' is set on object 'Object Repository/Page_IdentityServer4/input_Username (e.g. email address)_Username'

21-10-2025T18:22:32 - [MESSAGE][PASSED] - Text 'Chris.Sheldon+DES_QA@Thekag.com' is set on object 'Object Repository/Page_IdentityServer4/input_Username (e.g. email address)_Username'

21-10-2025T18:22:32 - [TEST_STEP][PASSED] - setEncryptedText(findTestObject("Page_IdentityServer4/input_Password_Password"), "BtpyPJuZxPz9EFo3Zi2c4Q=="): Text ****** has been set on object 'Object Repository/Page_IdentityServer4/input_Password_Password'

21-10-2025T18:22:32 - [MESSAGE][PASSED] - Text ****** has been set on object 'Object Repository/Page_IdentityServer4/input_Password_Password'

21-10-2025T18:22:32 - [TEST_STEP][PASSED] - click(findTestObject("Object Repository/Page_IdentityServer4/button_Login")): Object: 'Object Repository/Page_IdentityServer4/button_Login' is clicked on

21-10-2025T18:22:32 - [MESSAGE][PASSED] - Object: 'Object Repository/Page_IdentityServer4/button_Login' is clicked on

21-10-2025T18:22:32 - [TEST_STEP][PASSED] - delay(5): Delayed 5 second(s)

21-10-2025T18:22:38 - [MESSAGE][PASSED] - Delayed 5 second(s)

21-10-2025T18:22:38 - [MESSAGE][PASSED] - Call Test Case 'Test Cases/DES/DES Login' successfully

21-10-2025T18:22:38 - [TEST_STEP][PASSED] - navigateToUrl(OrdersPageURL): Navigate to 'https://dx-portal.qa.thekag.com/admin/ordersdashboard' successfully

21-10-2025T18:22:38 - [MESSAGE][PASSED] - Navigate to 'https://dx-portal.qa.thekag.com/admin/ordersdashboard' successfully

21-10-2025T18:22:38 - [TEST_STEP][PASSED] - waitForElementClickable(findTestObject("Object Repository/DES/Orders Page/Divisions_dropdown"), 20): Object 'Object Repository/DES/Orders Page/Divisions_dropdown' is clickable

21-10-2025T18:22:38 - [MESSAGE][PASSED] - Object 'Object Repository/DES/Orders Page/Divisions_dropdown' is clickable

21-10-2025T18:22:38 - [TEST_STEP][PASSED] - click(findTestObject("Object Repository/DES/Orders Page/Divisions_dropdown")): Object: 'Object Repository/DES/Orders Page/Divisions_dropdown' is clicked on

21-10-2025T18:22:38 - [MESSAGE][PASSED] - Object: 'Object Repository/DES/Orders Page/Divisions_dropdown' is clicked on

21-10-2025T18:22:38 - [TEST_STEP][PASSED] - sendKeys(findTestObject("Object Repository/DES/Orders Page/Divisions_Input_txt"), " FDG - Fuels Delivery Group"): Keys ' FDG - Fuels Delivery Group' sent to object: 'Object Repository/DES/Orders Page/Divisions_Input_txt'

21-10-2025T18:22:38 - [MESSAGE][PASSED] - Keys ' FDG - Fuels Delivery Group' sent to object: 'Object Repository/DES/Orders Page/Divisions_Input_txt'

21-10-2025T18:22:38 - [TEST_STEP][PASSED] - delay(2): Delayed 2 second(s)

21-10-2025T18:22:40 - [MESSAGE][PASSED] - Delayed 2 second(s)

21-10-2025T18:22:40 - [TEST_STEP][PASSED] - sendKeys(findTestObject("Object Repository/DES/Orders Page/Divisions_Input_txt"), Keys.chord(ENTER)): Keys 'ENTER + ' sent to object: 'Object Repository/DES/Orders Page/Divisions_Input_txt'

21-10-2025T18:22:40 - [MESSAGE][PASSED] - Keys 'ENTER + ' sent to object: 'Object Repository/DES/Orders Page/Divisions_Input_txt'

21-10-2025T18:22:40 - [TEST_STEP][PASSED] - delay(2): Delayed 2 second(s)

21-10-2025T18:22:42 - [MESSAGE][PASSED] - Delayed 2 second(s)

21-10-2025T18:22:42 - [TEST_STEP][PASSED] - click(findTestObject("Object Repository/DES/Orders Page/BillTo Codes_dropdown"), STOP_ON_FAILURE): Object: 'Object Repository/DES/Orders Page/BillTo Codes_dropdown' is clicked on

21-10-2025T18:22:42 - [MESSAGE][PASSED] - Object: 'Object Repository/DES/Orders Page/BillTo Codes_dropdown' is clicked on

21-10-2025T18:22:42 - [TEST_STEP][PASSED] - sendKeys(findTestObject("Object Repository/DES/Orders Page/BillTo Codes_Input_txt"), "KROGER"): Keys 'KROGER' sent to object: 'Object Repository/DES/Orders Page/BillTo Codes_Input_txt'

21-10-2025T18:22:42 - [MESSAGE][PASSED] - Keys 'KROGER' sent to object: 'Object Repository/DES/Orders Page/BillTo Codes_Input_txt'

21-10-2025T18:22:42 - [TEST_STEP][PASSED] - sendKeys(findTestObject("Object Repository/DES/Orders Page/BillTo Codes_Input_txt"), Keys.chord(ENTER)): Keys 'ENTER + ' sent to object: 'Object Repository/DES/Orders Page/BillTo Codes_Input_txt'

21-10-2025T18:22:42 - [MESSAGE][PASSED] - Keys 'ENTER + ' sent to object: 'Object Repository/DES/Orders Page/BillTo Codes_Input_txt'

21-10-2025T18:22:42 - [TEST_STEP][PASSED] - sendKeys(findTestObject("DES/Orders Page/BillTo Codes_Input_txt"), Keys.chord(BACK_SPACE)): Keys 'BACK_SPACE + ' sent to object: 'Object Repository/DES/Orders Page/BillTo Codes_Input_txt'

21-10-2025T18:22:42 - [MESSAGE][PASSED] - Keys 'BACK_SPACE + ' sent to object: 'Object Repository/DES/Orders Page/BillTo Codes_Input_txt'

21-10-2025T18:22:42 - [TEST_STEP][PASSED] - sendKeys(findTestObject("DES/Orders Page/BillTo Codes_Input_txt"), Keys.chord(BACK_SPACE)): Keys 'BACK_SPACE + ' sent to object: 'Object Repository/DES/Orders Page/BillTo Codes_Input_txt'

21-10-2025T18:22:42 - [MESSAGE][PASSED] - Keys 'BACK_SPACE + ' sent to object: 'Object Repository/DES/Orders Page/BillTo Codes_Input_txt'

21-10-2025T18:22:42 - [TEST_STEP][PASSED] - sendKeys(findTestObject("DES/Orders Page/BillTo Codes_Input_txt"), Keys.chord(BACK_SPACE)): Keys 'BACK_SPACE + ' sent to object: 'Object Repository/DES/Orders Page/BillTo Codes_Input_txt'

21-10-2025T18:22:43 - [MESSAGE][PASSED] - Keys 'BACK_SPACE + ' sent to object: 'Object Repository/DES/Orders Page/BillTo Codes_Input_txt'

21-10-2025T18:22:43 - [TEST_STEP][PASSED] - sendKeys(findTestObject("DES/Orders Page/BillTo Codes_Input_txt"), Keys.chord(BACK_SPACE)): Keys 'BACK_SPACE + ' sent to object: 'Object Repository/DES/Orders Page/BillTo Codes_Input_txt'

21-10-2025T18:22:43 - [MESSAGE][PASSED] - Keys 'BACK_SPACE + ' sent to object: 'Object Repository/DES/Orders Page/BillTo Codes_Input_txt'

21-10-2025T18:22:43 - [TEST_STEP][PASSED] - sendKeys(findTestObject("DES/Orders Page/BillTo Codes_Input_txt"), Keys.chord(BACK_SPACE)): Keys 'BACK_SPACE + ' sent to object: 'Object Repository/DES/Orders Page/BillTo Codes_Input_txt'

21-10-2025T18:22:43 - [MESSAGE][PASSED] - Keys 'BACK_SPACE + ' sent to object: 'Object Repository/DES/Orders Page/BillTo Codes_Input_txt'

21-10-2025T18:22:43 - [TEST_STEP][PASSED] - sendKeys(findTestObject("DES/Orders Page/BillTo Codes_Input_txt"), Keys.chord(BACK_SPACE)): Keys 'BACK_SPACE + ' sent to object: 'Object Repository/DES/Orders Page/BillTo Codes_Input_txt'

21-10-2025T18:22:43 - [MESSAGE][PASSED] - Keys 'BACK_SPACE + ' sent to object: 'Object Repository/DES/Orders Page/BillTo Codes_Input_txt'

21-10-2025T18:22:43 - [TEST_STEP][PASSED] - sendKeys(findTestObject("Object Repository/DES/Orders Page/BillTo Codes_Input_txt"), "TurkeyHi"): Keys 'TurkeyHi' sent to object: 'Object Repository/DES/Orders Page/BillTo Codes_Input_txt'

21-10-2025T18:22:43 - [MESSAGE][PASSED] - Keys 'TurkeyHi' sent to object: 'Object Repository/DES/Orders Page/BillTo Codes_Input_txt'

21-10-2025T18:22:43 - [TEST_STEP][PASSED] - delay(1): Delayed 1 second(s)

21-10-2025T18:22:44 - [MESSAGE][PASSED] - Delayed 1 second(s)

21-10-2025T18:22:44 - [TEST_STEP][PASSED] - sendKeys(findTestObject("Object Repository/DES/Orders Page/BillTo Codes_Input_txt"), Keys.chord(ENTER)): Keys 'ENTER + ' sent to object: 'Object Repository/DES/Orders Page/BillTo Codes_Input_txt'

21-10-2025T18:22:44 - [MESSAGE][PASSED] - Keys 'ENTER + ' sent to object: 'Object Repository/DES/Orders Page/BillTo Codes_Input_txt'

21-10-2025T18:22:44 - [TEST_STEP][PASSED] - click(findTestObject("Object Repository/DES/Orders Page/Order Search_btn")): Object: 'Object Repository/DES/Orders Page/Order Search_btn' is clicked on

21-10-2025T18:22:44 - [MESSAGE][PASSED] - Object: 'Object Repository/DES/Orders Page/Order Search_btn' is clicked on

21-10-2025T18:22:44 - [TEST_STEP][PASSED] - closeBrowser(): Browser is closed

21-10-2025T18:22:44 - [MESSAGE][PASSED] - Browser is closed

21-10-2025T18:22:44 - [TEST_STEP][PASSED] - Start listener action : retryOnDisconnect: null

21-10-2025T18:22:44 - [TEST_STEP][PASSED] - tcId = testCaseContext.getTestCaseId(): null

21-10-2025T18:22:44 - [TEST_STEP][PASSED] - currentRetry = retryCounts.getOrDefault(tcId, 0): null

21-10-2025T18:22:44 - [TEST_STEP][PASSED] - if (testCaseContext.getTestCaseStatus() == "FAILED" && currentRetry < MAX_RETRIES): null]]></system-out>
         <system-err><![CDATA[]]></system-err>
      </testcase>
      <testcase name="Test Cases/DES/Orders Activity Page/FDG/Search FDG and Order Source" time="22.804" classname="Test Cases/DES/Orders Activity Page/FDG/Search FDG and Order Source" status="PASSED">
         <system-out><![CDATA[21-10-2025T18:22:44 - [TEST_CASE][PASSED] - Test Cases/DES/Orders Activity Page/FDG/Search FDG and Order Source: Test Cases/DES/Orders Activity Page/FDG/Search FDG and Order Source

21-10-2025T18:22:44 - [TEST_STEP][PASSED] - Start listener action : beforeTestCase: null

21-10-2025T18:22:44 - [TEST_STEP][PASSED] - addDefaultPackages(): null

21-10-2025T18:22:44 - [TEST_STEP][PASSED] - callTestCase(findTestCase("DES/DES Login"), [:], STOP_ON_FAILURE): Call Test Case 'Test Cases/DES/DES Login' successfully

21-10-2025T18:22:44 - [TEST_CASE][PASSED] - Test Cases/DES/DES Login: Test Cases/DES/DES Login

21-10-2025T18:22:44 - [TEST_STEP][PASSED] - openBrowser(""): Browser is opened with url: ''

21-10-2025T18:22:44 - [MESSAGE][INFO] - Starting 'Chrome' driver

21-10-2025T18:22:44 - [MESSAGE][INFO] - User set preference: ['args', '[--no-sandbox, --disable-gpu, --disable-dev-shm-usage]']

21-10-2025T18:22:44 - [MESSAGE][INFO] - Action delay is set to 0 milliseconds

21-10-2025T18:22:45 - [MESSAGE][PASSED] - Browser is opened with url: ''

21-10-2025T18:22:45 - [TEST_STEP][PASSED] - maximizeWindow(): Current window maximized

21-10-2025T18:22:45 - [MESSAGE][PASSED] - Current window maximized

21-10-2025T18:22:45 - [TEST_STEP][PASSED] - delay(10): Delayed 10 second(s)

21-10-2025T18:22:55 - [MESSAGE][PASSED] - Delayed 10 second(s)

21-10-2025T18:22:55 - [TEST_STEP][PASSED] - navigateToUrl("https://dx-portal.qa.thekag.com/"): Navigate to 'https://dx-portal.qa.thekag.com/' successfully

21-10-2025T18:22:56 - [MESSAGE][PASSED] - Navigate to 'https://dx-portal.qa.thekag.com/' successfully

21-10-2025T18:22:56 - [TEST_STEP][PASSED] - delay(5): Delayed 5 second(s)

21-10-2025T18:23:01 - [MESSAGE][PASSED] - Delayed 5 second(s)

21-10-2025T18:23:01 - [TEST_STEP][PASSED] - setText(findTestObject("Object Repository/Page_IdentityServer4/input_Username (e.g. email address)_Username"), "Chris.Sheldon+DES_QA@Thekag.com"): Text 'Chris.Sheldon+DES_QA@Thekag.com' is set on object 'Object Repository/Page_IdentityServer4/input_Username (e.g. email address)_Username'

21-10-2025T18:23:01 - [MESSAGE][PASSED] - Text 'Chris.Sheldon+DES_QA@Thekag.com' is set on object 'Object Repository/Page_IdentityServer4/input_Username (e.g. email address)_Username'

21-10-2025T18:23:01 - [TEST_STEP][PASSED] - setEncryptedText(findTestObject("Page_IdentityServer4/input_Password_Password"), "BtpyPJuZxPz9EFo3Zi2c4Q=="): Text ****** has been set on object 'Object Repository/Page_IdentityServer4/input_Password_Password'

21-10-2025T18:23:01 - [MESSAGE][PASSED] - Text ****** has been set on object 'Object Repository/Page_IdentityServer4/input_Password_Password'

21-10-2025T18:23:01 - [TEST_STEP][PASSED] - click(findTestObject("Object Repository/Page_IdentityServer4/button_Login")): Object: 'Object Repository/Page_IdentityServer4/button_Login' is clicked on

21-10-2025T18:23:01 - [MESSAGE][PASSED] - Object: 'Object Repository/Page_IdentityServer4/button_Login' is clicked on

21-10-2025T18:23:01 - [TEST_STEP][PASSED] - delay(5): Delayed 5 second(s)

21-10-2025T18:23:06 - [MESSAGE][PASSED] - Delayed 5 second(s)

21-10-2025T18:23:06 - [MESSAGE][PASSED] - Call Test Case 'Test Cases/DES/DES Login' successfully

21-10-2025T18:23:06 - [TEST_STEP][PASSED] - navigateToUrl(OrdersPageURL): Navigate to 'https://dx-portal.qa.thekag.com/admin/ordersdashboard' successfully

21-10-2025T18:23:06 - [MESSAGE][PASSED] - Navigate to 'https://dx-portal.qa.thekag.com/admin/ordersdashboard' successfully

21-10-2025T18:23:06 - [TEST_STEP][PASSED] - waitForElementClickable(findTestObject("DES/Orders Page/Divisions_dropdown"), 20): Object 'Object Repository/DES/Orders Page/Divisions_dropdown' is clickable

21-10-2025T18:23:06 - [MESSAGE][PASSED] - Object 'Object Repository/DES/Orders Page/Divisions_dropdown' is clickable

21-10-2025T18:23:06 - [TEST_STEP][PASSED] - click(findTestObject("Object Repository/DES/Orders Page/Divisions_dropdown")): Object: 'Object Repository/DES/Orders Page/Divisions_dropdown' is clicked on

21-10-2025T18:23:06 - [MESSAGE][PASSED] - Object: 'Object Repository/DES/Orders Page/Divisions_dropdown' is clicked on

21-10-2025T18:23:06 - [TEST_STEP][PASSED] - sendKeys(findTestObject("DES/Orders Page/Divisions_Input_txt"), " FDG - Fuels Delivery Group"): Keys ' FDG - Fuels Delivery Group' sent to object: 'Object Repository/DES/Orders Page/Divisions_Input_txt'

21-10-2025T18:23:06 - [MESSAGE][PASSED] - Keys ' FDG - Fuels Delivery Group' sent to object: 'Object Repository/DES/Orders Page/Divisions_Input_txt'

21-10-2025T18:23:06 - [TEST_STEP][PASSED] - sendKeys(findTestObject("DES/Orders Page/Divisions_Input_txt"), Keys.chord(ENTER)): Keys 'ENTER + ' sent to object: 'Object Repository/DES/Orders Page/Divisions_Input_txt'

21-10-2025T18:23:06 - [MESSAGE][PASSED] - Keys 'ENTER + ' sent to object: 'Object Repository/DES/Orders Page/Divisions_Input_txt'

21-10-2025T18:23:06 - [TEST_STEP][PASSED] - sendKeys(findTestObject("DES/Orders Page/Order Source_input_txt"), "FIM"): Keys 'FIM' sent to object: 'Object Repository/DES/Orders Page/Order Source_input_txt'

21-10-2025T18:23:07 - [MESSAGE][PASSED] - Keys 'FIM' sent to object: 'Object Repository/DES/Orders Page/Order Source_input_txt'

21-10-2025T18:23:07 - [TEST_STEP][PASSED] - click(findTestObject("DES/Orders Page/Order Search_btn")): Object: 'Object Repository/DES/Orders Page/Order Search_btn' is clicked on

21-10-2025T18:23:07 - [MESSAGE][PASSED] - Object: 'Object Repository/DES/Orders Page/Order Search_btn' is clicked on

21-10-2025T18:23:07 - [TEST_STEP][PASSED] - closeBrowser(): Browser is closed

21-10-2025T18:23:07 - [MESSAGE][PASSED] - Browser is closed

21-10-2025T18:23:07 - [TEST_STEP][PASSED] - Start listener action : retryOnDisconnect: null

21-10-2025T18:23:07 - [TEST_STEP][PASSED] - tcId = testCaseContext.getTestCaseId(): null

21-10-2025T18:23:07 - [TEST_STEP][PASSED] - currentRetry = retryCounts.getOrDefault(tcId, 0): null

21-10-2025T18:23:07 - [TEST_STEP][PASSED] - if (testCaseContext.getTestCaseStatus() == "FAILED" && currentRetry < MAX_RETRIES): null]]></system-out>
         <system-err><![CDATA[]]></system-err>
      </testcase>
      <testcase name="Test Cases/DES/Orders Activity Page/FDG/Search FDG With Order Number" time="23.134" classname="Test Cases/DES/Orders Activity Page/FDG/Search FDG With Order Number" status="PASSED">
         <system-out><![CDATA[21-10-2025T18:23:07 - [TEST_CASE][PASSED] - Test Cases/DES/Orders Activity Page/FDG/Search FDG With Order Number: Test Cases/DES/Orders Activity Page/FDG/Search FDG With Order Number

21-10-2025T18:23:07 - [TEST_STEP][PASSED] - Start listener action : beforeTestCase: null

21-10-2025T18:23:07 - [TEST_STEP][PASSED] - addDefaultPackages(): null

21-10-2025T18:23:07 - [TEST_STEP][PASSED] - callTestCase(findTestCase("DES/DES Login"), [:], STOP_ON_FAILURE): Call Test Case 'Test Cases/DES/DES Login' successfully

21-10-2025T18:23:07 - [TEST_CASE][PASSED] - Test Cases/DES/DES Login: Test Cases/DES/DES Login

21-10-2025T18:23:07 - [TEST_STEP][PASSED] - openBrowser(""): Browser is opened with url: ''

21-10-2025T18:23:07 - [MESSAGE][INFO] - Starting 'Chrome' driver

21-10-2025T18:23:07 - [MESSAGE][INFO] - User set preference: ['args', '[--no-sandbox, --disable-gpu, --disable-dev-shm-usage]']

21-10-2025T18:23:07 - [MESSAGE][INFO] - Action delay is set to 0 milliseconds

21-10-2025T18:23:08 - [MESSAGE][PASSED] - Browser is opened with url: ''

21-10-2025T18:23:08 - [TEST_STEP][PASSED] - maximizeWindow(): Current window maximized

21-10-2025T18:23:08 - [MESSAGE][PASSED] - Current window maximized

21-10-2025T18:23:08 - [TEST_STEP][PASSED] - delay(10): Delayed 10 second(s)

21-10-2025T18:23:18 - [MESSAGE][PASSED] - Delayed 10 second(s)

21-10-2025T18:23:18 - [TEST_STEP][PASSED] - navigateToUrl("https://dx-portal.qa.thekag.com/"): Navigate to 'https://dx-portal.qa.thekag.com/' successfully

21-10-2025T18:23:18 - [MESSAGE][PASSED] - Navigate to 'https://dx-portal.qa.thekag.com/' successfully

21-10-2025T18:23:18 - [TEST_STEP][PASSED] - delay(5): Delayed 5 second(s)

21-10-2025T18:23:23 - [MESSAGE][PASSED] - Delayed 5 second(s)

21-10-2025T18:23:23 - [TEST_STEP][PASSED] - setText(findTestObject("Object Repository/Page_IdentityServer4/input_Username (e.g. email address)_Username"), "Chris.Sheldon+DES_QA@Thekag.com"): Text 'Chris.Sheldon+DES_QA@Thekag.com' is set on object 'Object Repository/Page_IdentityServer4/input_Username (e.g. email address)_Username'

21-10-2025T18:23:23 - [MESSAGE][PASSED] - Text 'Chris.Sheldon+DES_QA@Thekag.com' is set on object 'Object Repository/Page_IdentityServer4/input_Username (e.g. email address)_Username'

21-10-2025T18:23:23 - [TEST_STEP][PASSED] - setEncryptedText(findTestObject("Page_IdentityServer4/input_Password_Password"), "BtpyPJuZxPz9EFo3Zi2c4Q=="): Text ****** has been set on object 'Object Repository/Page_IdentityServer4/input_Password_Password'

21-10-2025T18:23:24 - [MESSAGE][PASSED] - Text ****** has been set on object 'Object Repository/Page_IdentityServer4/input_Password_Password'

21-10-2025T18:23:24 - [TEST_STEP][PASSED] - click(findTestObject("Object Repository/Page_IdentityServer4/button_Login")): Object: 'Object Repository/Page_IdentityServer4/button_Login' is clicked on

21-10-2025T18:23:24 - [MESSAGE][PASSED] - Object: 'Object Repository/Page_IdentityServer4/button_Login' is clicked on

21-10-2025T18:23:24 - [TEST_STEP][PASSED] - delay(5): Delayed 5 second(s)

21-10-2025T18:23:29 - [MESSAGE][PASSED] - Delayed 5 second(s)

21-10-2025T18:23:29 - [MESSAGE][PASSED] - Call Test Case 'Test Cases/DES/DES Login' successfully

21-10-2025T18:23:29 - [TEST_STEP][PASSED] - navigateToUrl(OrdersPageURL): Navigate to 'https://dx-portal.qa.thekag.com/admin/ordersdashboard' successfully

21-10-2025T18:23:29 - [MESSAGE][PASSED] - Navigate to 'https://dx-portal.qa.thekag.com/admin/ordersdashboard' successfully

21-10-2025T18:23:29 - [TEST_STEP][PASSED] - waitForElementClickable(findTestObject("DES/Orders Page/Divisions_dropdown"), 20): Object 'Object Repository/DES/Orders Page/Divisions_dropdown' is clickable

21-10-2025T18:23:29 - [MESSAGE][PASSED] - Object 'Object Repository/DES/Orders Page/Divisions_dropdown' is clickable

21-10-2025T18:23:29 - [TEST_STEP][PASSED] - click(findTestObject("Object Repository/DES/Orders Page/Divisions_dropdown")): Object: 'Object Repository/DES/Orders Page/Divisions_dropdown' is clicked on

21-10-2025T18:23:29 - [MESSAGE][PASSED] - Object: 'Object Repository/DES/Orders Page/Divisions_dropdown' is clicked on

21-10-2025T18:23:29 - [TEST_STEP][PASSED] - sendKeys(findTestObject("DES/Orders Page/Divisions_Input_txt"), " FDG - Fuels Delivery Group"): Keys ' FDG - Fuels Delivery Group' sent to object: 'Object Repository/DES/Orders Page/Divisions_Input_txt'

21-10-2025T18:23:29 - [MESSAGE][PASSED] - Keys ' FDG - Fuels Delivery Group' sent to object: 'Object Repository/DES/Orders Page/Divisions_Input_txt'

21-10-2025T18:23:29 - [TEST_STEP][PASSED] - sendKeys(findTestObject("DES/Orders Page/Divisions_Input_txt"), Keys.chord(ENTER)): Keys 'ENTER + ' sent to object: 'Object Repository/DES/Orders Page/Divisions_Input_txt'

21-10-2025T18:23:30 - [MESSAGE][PASSED] - Keys 'ENTER + ' sent to object: 'Object Repository/DES/Orders Page/Divisions_Input_txt'

21-10-2025T18:23:30 - [TEST_STEP][PASSED] - sendKeys(findTestObject("DES/Orders Page/Order Number_input_txt"), "34853439"): Keys '34853439' sent to object: 'Object Repository/DES/Orders Page/Order Number_input_txt'

21-10-2025T18:23:30 - [MESSAGE][PASSED] - Keys '34853439' sent to object: 'Object Repository/DES/Orders Page/Order Number_input_txt'

21-10-2025T18:23:30 - [TEST_STEP][PASSED] - click(findTestObject("DES/Orders Page/Order Search_btn")): Object: 'Object Repository/DES/Orders Page/Order Search_btn' is clicked on

21-10-2025T18:23:30 - [MESSAGE][PASSED] - Object: 'Object Repository/DES/Orders Page/Order Search_btn' is clicked on

21-10-2025T18:23:30 - [TEST_STEP][PASSED] - closeBrowser(): Browser is closed

21-10-2025T18:23:30 - [MESSAGE][PASSED] - Browser is closed

21-10-2025T18:23:30 - [TEST_STEP][PASSED] - Start listener action : retryOnDisconnect: null

21-10-2025T18:23:30 - [TEST_STEP][PASSED] - tcId = testCaseContext.getTestCaseId(): null

21-10-2025T18:23:30 - [TEST_STEP][PASSED] - currentRetry = retryCounts.getOrDefault(tcId, 0): null

21-10-2025T18:23:30 - [TEST_STEP][PASSED] - if (testCaseContext.getTestCaseStatus() == "FAILED" && currentRetry < MAX_RETRIES): null]]></system-out>
         <system-err><![CDATA[]]></system-err>
      </testcase>
      <testcase name="Test Cases/DES/Orders Activity Page/Reprocessing An Order" time="52.047" classname="Test Cases/DES/Orders Activity Page/Reprocessing An Order" status="FAILED">
         <failure type="FAILED" message="Test Cases/DES/Orders Activity Page/Reprocessing An Order FAILED.&#xa;Reason:&#xa;com.kms.katalon.core.exception.StepFailedException: Unable to click on object 'Object Repository/DES/Orders Page/Reprocess span'&#xa;	at com.kms.katalon.core.webui.keyword.internal.WebUIKeywordMain.stepFailed(WebUIKeywordMain.groovy:117)&#xa;	at com.kms.katalon.core.webui.keyword.internal.WebUIKeywordMain.runKeyword(WebUIKeywordMain.groovy:43)&#xa;	at com.kms.katalon.core.webui.keyword.builtin.EnhancedClickKeyword.click(EnhancedClickKeyword.groovy:94)&#xa;	at com.kms.katalon.core.webui.keyword.builtin.EnhancedClickKeyword.execute(EnhancedClickKeyword.groovy:42)&#xa;	at com.kms.katalon.core.keyword.internal.KeywordExecutor.executeKeywordForPlatform(KeywordExecutor.groovy:74)&#xa;	at com.kms.katalon.core.webui.keyword.WebUiBuiltInKeywords.enhancedClick(WebUiBuiltInKeywords.groovy:685)&#xa;	at com.kms.katalon.core.webui.keyword.WebUiBuiltInKeywords$enhancedClick$14.call(Unknown Source)&#xa;	at Reprocessing An Order.run(Reprocessing An Order:41)&#xa;	at com.kms.katalon.core.main.ScriptEngine.run(ScriptEngine.java:194)&#xa;	at com.kms.katalon.core.main.ScriptEngine.runScriptAsRawText(ScriptEngine.java:119)&#xa;	at com.kms.katalon.core.main.TestCaseExecutor.runScript(TestCaseExecutor.java:448)&#xa;	at com.kms.katalon.core.main.TestCaseExecutor.doExecute(TestCaseExecutor.java:439)&#xa;	at com.kms.katalon.core.main.TestCaseExecutor.processExecutionPhase(TestCaseExecutor.java:418)&#xa;	at com.kms.katalon.core.main.TestCaseExecutor.accessMainPhase(TestCaseExecutor.java:410)&#xa;	at com.kms.katalon.core.main.TestCaseExecutor.execute(TestCaseExecutor.java:285)&#xa;	at com.kms.katalon.core.common.CommonExecutor.accessTestCaseMainPhase(CommonExecutor.java:65)&#xa;	at com.kms.katalon.core.main.TestSuiteExecutor.accessTestSuiteMainPhase(TestSuiteExecutor.java:150)&#xa;	at com.kms.katalon.core.main.TestSuiteExecutor.execute(TestSuiteExecutor.java:106)&#xa;	at com.kms.katalon.core.main.TestCaseMain.startTestSuite(TestCaseMain.java:180)&#xa;	at com.kms.katalon.core.main.TestCaseMain$startTestSuite$0.call(Unknown Source)&#xa;	at TempTestSuite1761084110643.run(TempTestSuite1761084110643.groovy:35)&#xa;	at java.base/jdk.internal.reflect.NativeMethodAccessorImpl.invoke0(Native Method)&#xa;	at java.base/jdk.internal.reflect.NativeMethodAccessorImpl.invoke(NativeMethodAccessorImpl.java:77)&#xa;	at java.base/jdk.internal.reflect.DelegatingMethodAccessorImpl.invoke(DelegatingMethodAccessorImpl.java:43)&#xa;Caused by: com.kms.katalon.core.webui.exception.WebElementNotFoundException: Web element with id: 'Object Repository/DES/Orders Page/Reprocess span' located by '//a[contains(@href, 'ordersdashboard') and contains(text(), 'Reprocess')]&#xa;&#xa;&#xa;' not found&#xa;	at com.kms.katalon.core.webui.common.WebUiCommonHelper.findWebElement(WebUiCommonHelper.java:1423)&#xa;	at com.kms.katalon.core.webui.keyword.internal.WebUIAbstractKeyword.findWebElement(WebUIAbstractKeyword.groovy:27)&#xa;	at com.kms.katalon.core.webui.keyword.internal.WebUIAbstractKeyword.findWebElement(WebUIAbstractKeyword.groovy:26)&#xa;	at com.kms.katalon.core.webui.keyword.builtin.EnhancedClickKeyword$_click_closure1.doCall(EnhancedClickKeyword.groovy:66)&#xa;	at com.kms.katalon.core.webui.keyword.builtin.EnhancedClickKeyword$_click_closure1.call(EnhancedClickKeyword.groovy)&#xa;	at com.kms.katalon.core.webui.keyword.internal.WebUIKeywordMain.runKeyword(WebUIKeywordMain.groovy:35)&#xa;	... 22 more&#xa;"/>
         <system-out><![CDATA[21-10-2025T18:23:30 - [TEST_CASE][FAILED] - Test Cases/DES/Orders Activity Page/Reprocessing An Order: Test Cases/DES/Orders Activity Page/Reprocessing An Order FAILED.
Reason:
com.kms.katalon.core.exception.StepFailedException: Unable to click on object 'Object Repository/DES/Orders Page/Reprocess span'
	at com.kms.katalon.core.webui.keyword.internal.WebUIKeywordMain.stepFailed(WebUIKeywordMain.groovy:117)
	at com.kms.katalon.core.webui.keyword.internal.WebUIKeywordMain.runKeyword(WebUIKeywordMain.groovy:43)
	at com.kms.katalon.core.webui.keyword.builtin.EnhancedClickKeyword.click(EnhancedClickKeyword.groovy:94)
	at com.kms.katalon.core.webui.keyword.builtin.EnhancedClickKeyword.execute(EnhancedClickKeyword.groovy:42)
	at com.kms.katalon.core.keyword.internal.KeywordExecutor.executeKeywordForPlatform(KeywordExecutor.groovy:74)
	at com.kms.katalon.core.webui.keyword.WebUiBuiltInKeywords.enhancedClick(WebUiBuiltInKeywords.groovy:685)
	at com.kms.katalon.core.webui.keyword.WebUiBuiltInKeywords$enhancedClick$14.call(Unknown Source)
	at Reprocessing An Order.run(Reprocessing An Order:41)
	at com.kms.katalon.core.main.ScriptEngine.run(ScriptEngine.java:194)
	at com.kms.katalon.core.main.ScriptEngine.runScriptAsRawText(ScriptEngine.java:119)
	at com.kms.katalon.core.main.TestCaseExecutor.runScript(TestCaseExecutor.java:448)
	at com.kms.katalon.core.main.TestCaseExecutor.doExecute(TestCaseExecutor.java:439)
	at com.kms.katalon.core.main.TestCaseExecutor.processExecutionPhase(TestCaseExecutor.java:418)
	at com.kms.katalon.core.main.TestCaseExecutor.accessMainPhase(TestCaseExecutor.java:410)
	at com.kms.katalon.core.main.TestCaseExecutor.execute(TestCaseExecutor.java:285)
	at com.kms.katalon.core.common.CommonExecutor.accessTestCaseMainPhase(CommonExecutor.java:65)
	at com.kms.katalon.core.main.TestSuiteExecutor.accessTestSuiteMainPhase(TestSuiteExecutor.java:150)
	at com.kms.katalon.core.main.TestSuiteExecutor.execute(TestSuiteExecutor.java:106)
	at com.kms.katalon.core.main.TestCaseMain.startTestSuite(TestCaseMain.java:180)
	at com.kms.katalon.core.main.TestCaseMain$startTestSuite$0.call(Unknown Source)
	at TempTestSuite1761084110643.run(TempTestSuite1761084110643.groovy:35)
	at java.base/jdk.internal.reflect.NativeMethodAccessorImpl.invoke0(Native Method)
	at java.base/jdk.internal.reflect.NativeMethodAccessorImpl.invoke(NativeMethodAccessorImpl.java:77)
	at java.base/jdk.internal.reflect.DelegatingMethodAccessorImpl.invoke(DelegatingMethodAccessorImpl.java:43)
Caused by: com.kms.katalon.core.webui.exception.WebElementNotFoundException: Web element with id: 'Object Repository/DES/Orders Page/Reprocess span' located by '//a[contains(@href, 'ordersdashboard') and contains(text(), 'Reprocess')]


' not found
	at com.kms.katalon.core.webui.common.WebUiCommonHelper.findWebElement(WebUiCommonHelper.java:1423)
	at com.kms.katalon.core.webui.keyword.internal.WebUIAbstractKeyword.findWebElement(WebUIAbstractKeyword.groovy:27)
	at com.kms.katalon.core.webui.keyword.internal.WebUIAbstractKeyword.findWebElement(WebUIAbstractKeyword.groovy:26)
	at com.kms.katalon.core.webui.keyword.builtin.EnhancedClickKeyword$_click_closure1.doCall(EnhancedClickKeyword.groovy:66)
	at com.kms.katalon.core.webui.keyword.builtin.EnhancedClickKeyword$_click_closure1.call(EnhancedClickKeyword.groovy)
	at com.kms.katalon.core.webui.keyword.internal.WebUIKeywordMain.runKeyword(WebUIKeywordMain.groovy:35)
	... 22 more


21-10-2025T18:23:30 - [TEST_STEP][PASSED] - Start listener action : beforeTestCase: null

21-10-2025T18:23:30 - [TEST_STEP][PASSED] - addDefaultPackages(): null

21-10-2025T18:23:30 - [TEST_STEP][PASSED] - callTestCase(findTestCase("DES/DES Login"), [:], STOP_ON_FAILURE): Call Test Case 'Test Cases/DES/DES Login' successfully

21-10-2025T18:23:30 - [TEST_CASE][PASSED] - Test Cases/DES/DES Login: Test Cases/DES/DES Login

21-10-2025T18:23:30 - [TEST_STEP][PASSED] - openBrowser(""): Browser is opened with url: ''

21-10-2025T18:23:30 - [MESSAGE][INFO] - Starting 'Chrome' driver

21-10-2025T18:23:30 - [MESSAGE][INFO] - User set preference: ['args', '[--no-sandbox, --disable-gpu, --disable-dev-shm-usage]']

21-10-2025T18:23:30 - [MESSAGE][INFO] - Action delay is set to 0 milliseconds

21-10-2025T18:23:31 - [MESSAGE][PASSED] - Browser is opened with url: ''

21-10-2025T18:23:31 - [TEST_STEP][PASSED] - maximizeWindow(): Current window maximized

21-10-2025T18:23:31 - [MESSAGE][PASSED] - Current window maximized

21-10-2025T18:23:31 - [TEST_STEP][PASSED] - delay(10): Delayed 10 second(s)

21-10-2025T18:23:41 - [MESSAGE][PASSED] - Delayed 10 second(s)

21-10-2025T18:23:41 - [TEST_STEP][PASSED] - navigateToUrl("https://dx-portal.qa.thekag.com/"): Navigate to 'https://dx-portal.qa.thekag.com/' successfully

21-10-2025T18:23:41 - [MESSAGE][PASSED] - Navigate to 'https://dx-portal.qa.thekag.com/' successfully

21-10-2025T18:23:41 - [TEST_STEP][PASSED] - delay(5): Delayed 5 second(s)

21-10-2025T18:23:46 - [MESSAGE][PASSED] - Delayed 5 second(s)

21-10-2025T18:23:46 - [TEST_STEP][PASSED] - setText(findTestObject("Object Repository/Page_IdentityServer4/input_Username (e.g. email address)_Username"), "Chris.Sheldon+DES_QA@Thekag.com"): Text 'Chris.Sheldon+DES_QA@Thekag.com' is set on object 'Object Repository/Page_IdentityServer4/input_Username (e.g. email address)_Username'

21-10-2025T18:23:47 - [MESSAGE][PASSED] - Text 'Chris.Sheldon+DES_QA@Thekag.com' is set on object 'Object Repository/Page_IdentityServer4/input_Username (e.g. email address)_Username'

21-10-2025T18:23:47 - [TEST_STEP][PASSED] - setEncryptedText(findTestObject("Page_IdentityServer4/input_Password_Password"), "BtpyPJuZxPz9EFo3Zi2c4Q=="): Text ****** has been set on object 'Object Repository/Page_IdentityServer4/input_Password_Password'

21-10-2025T18:23:47 - [MESSAGE][PASSED] - Text ****** has been set on object 'Object Repository/Page_IdentityServer4/input_Password_Password'

21-10-2025T18:23:47 - [TEST_STEP][PASSED] - click(findTestObject("Object Repository/Page_IdentityServer4/button_Login")): Object: 'Object Repository/Page_IdentityServer4/button_Login' is clicked on

21-10-2025T18:23:47 - [MESSAGE][PASSED] - Object: 'Object Repository/Page_IdentityServer4/button_Login' is clicked on

21-10-2025T18:23:47 - [TEST_STEP][PASSED] - delay(5): Delayed 5 second(s)

21-10-2025T18:23:52 - [MESSAGE][PASSED] - Delayed 5 second(s)

21-10-2025T18:23:52 - [MESSAGE][PASSED] - Call Test Case 'Test Cases/DES/DES Login' successfully

21-10-2025T18:23:52 - [TEST_STEP][PASSED] - navigateToUrl(OrdersPageURL): Navigate to 'https://dx-portal.qa.thekag.com/admin/ordersdashboard' successfully

21-10-2025T18:23:52 - [MESSAGE][PASSED] - Navigate to 'https://dx-portal.qa.thekag.com/admin/ordersdashboard' successfully

21-10-2025T18:23:52 - [TEST_STEP][PASSED] - waitForElementClickable(findTestObject("Object Repository/DES/Orders Page/Divisions_dropdown"), 20): Object 'Object Repository/DES/Orders Page/Divisions_dropdown' is clickable

21-10-2025T18:23:52 - [MESSAGE][PASSED] - Object 'Object Repository/DES/Orders Page/Divisions_dropdown' is clickable

21-10-2025T18:23:52 - [TEST_STEP][PASSED] - click(findTestObject("Object Repository/DES/Orders Page/Divisions_dropdown")): Object: 'Object Repository/DES/Orders Page/Divisions_dropdown' is clicked on

21-10-2025T18:23:52 - [MESSAGE][PASSED] - Object: 'Object Repository/DES/Orders Page/Divisions_dropdown' is clicked on

21-10-2025T18:23:52 - [TEST_STEP][PASSED] - click(findTestObject("Object Repository/DES/Orders Page/Division_FDG"), STOP_ON_FAILURE): Object: 'Object Repository/DES/Orders Page/Division_FDG' is clicked on

21-10-2025T18:23:52 - [MESSAGE][PASSED] - Object: 'Object Repository/DES/Orders Page/Division_FDG' is clicked on

21-10-2025T18:23:52 - [TEST_STEP][PASSED] - sendKeys(findTestObject("Object Repository/DES/Orders Page/Order Number_input_txt"), "56117934"): Keys '56117934' sent to object: 'Object Repository/DES/Orders Page/Order Number_input_txt'

21-10-2025T18:23:53 - [MESSAGE][PASSED] - Keys '56117934' sent to object: 'Object Repository/DES/Orders Page/Order Number_input_txt'

21-10-2025T18:23:53 - [TEST_STEP][PASSED] - click(findTestObject("Object Repository/DES/Orders Page/Order Search_btn")): Object: 'Object Repository/DES/Orders Page/Order Search_btn' is clicked on

21-10-2025T18:23:53 - [MESSAGE][PASSED] - Object: 'Object Repository/DES/Orders Page/Order Search_btn' is clicked on

21-10-2025T18:23:53 - [TEST_STEP][PASSED] - delay(5): Delayed 5 second(s)

21-10-2025T18:23:58 - [MESSAGE][PASSED] - Delayed 5 second(s)

21-10-2025T18:23:58 - [TEST_STEP][PASSED] - verifyElementNotClickable(findTestObject("Object Repository/DES/Orders Page/Reprocess_btn")): Object 'Object Repository/DES/Orders Page/Reprocess_btn' is NOT clickable

21-10-2025T18:23:58 - [MESSAGE][PASSED] - Object 'Object Repository/DES/Orders Page/Reprocess_btn' is NOT clickable

21-10-2025T18:23:58 - [TEST_STEP][PASSED] - delay(2): Delayed 2 second(s)

21-10-2025T18:24:00 - [MESSAGE][PASSED] - Delayed 2 second(s)

21-10-2025T18:24:00 - [TEST_STEP][FAILED] - enhancedClick(findTestObject("Object Repository/DES/Orders Page/Reprocess span")): Unable to click on object 'Object Repository/DES/Orders Page/Reprocess span' (Root cause: com.kms.katalon.core.exception.StepFailedException: Unable to click on object 'Object Repository/DES/Orders Page/Reprocess span'
	at com.kms.katalon.core.webui.keyword.internal.WebUIKeywordMain.stepFailed(WebUIKeywordMain.groovy:117)
	at com.kms.katalon.core.webui.keyword.internal.WebUIKeywordMain.runKeyword(WebUIKeywordMain.groovy:43)
	at com.kms.katalon.core.webui.keyword.builtin.EnhancedClickKeyword.click(EnhancedClickKeyword.groovy:94)
	at com.kms.katalon.core.webui.keyword.builtin.EnhancedClickKeyword.execute(EnhancedClickKeyword.groovy:42)
	at com.kms.katalon.core.keyword.internal.KeywordExecutor.executeKeywordForPlatform(KeywordExecutor.groovy:74)
	at com.kms.katalon.core.webui.keyword.WebUiBuiltInKeywords.enhancedClick(WebUiBuiltInKeywords.groovy:685)
	at com.kms.katalon.core.webui.keyword.WebUiBuiltInKeywords$enhancedClick$14.call(Unknown Source)
	at Reprocessing An Order.run(Reprocessing An Order:41)
	at com.kms.katalon.core.main.ScriptEngine.run(ScriptEngine.java:194)
	at com.kms.katalon.core.main.ScriptEngine.runScriptAsRawText(ScriptEngine.java:119)
	at com.kms.katalon.core.main.TestCaseExecutor.runScript(TestCaseExecutor.java:448)
	at com.kms.katalon.core.main.TestCaseExecutor.doExecute(TestCaseExecutor.java:439)
	at com.kms.katalon.core.main.TestCaseExecutor.processExecutionPhase(TestCaseExecutor.java:418)
	at com.kms.katalon.core.main.TestCaseExecutor.accessMainPhase(TestCaseExecutor.java:410)
	at com.kms.katalon.core.main.TestCaseExecutor.execute(TestCaseExecutor.java:285)
	at com.kms.katalon.core.common.CommonExecutor.accessTestCaseMainPhase(CommonExecutor.java:65)
	at com.kms.katalon.core.main.TestSuiteExecutor.accessTestSuiteMainPhase(TestSuiteExecutor.java:150)
	at com.kms.katalon.core.main.TestSuiteExecutor.execute(TestSuiteExecutor.java:106)
	at com.kms.katalon.core.main.TestCaseMain.startTestSuite(TestCaseMain.java:180)
	at com.kms.katalon.core.main.TestCaseMain$startTestSuite$0.call(Unknown Source)
	at TempTestSuite1761084110643.run(TempTestSuite1761084110643.groovy:35)
	at java.base/jdk.internal.reflect.NativeMethodAccessorImpl.invoke0(Native Method)
	at java.base/jdk.internal.reflect.NativeMethodAccessorImpl.invoke(NativeMethodAccessorImpl.java:77)
	at java.base/jdk.internal.reflect.DelegatingMethodAccessorImpl.invoke(DelegatingMethodAccessorImpl.java:43)
Caused by: com.kms.katalon.core.webui.exception.WebElementNotFoundException: Web element with id: 'Object Repository/DES/Orders Page/Reprocess span' located by '//a[contains(@href, 'ordersdashboard') and contains(text(), 'Reprocess')]


' not found
	at com.kms.katalon.core.webui.common.WebUiCommonHelper.findWebElement(WebUiCommonHelper.java:1423)
	at com.kms.katalon.core.webui.keyword.internal.WebUIAbstractKeyword.findWebElement(WebUIAbstractKeyword.groovy:27)
	at com.kms.katalon.core.webui.keyword.internal.WebUIAbstractKeyword.findWebElement(WebUIAbstractKeyword.groovy:26)
	at com.kms.katalon.core.webui.keyword.builtin.EnhancedClickKeyword$_click_closure1.doCall(EnhancedClickKeyword.groovy:66)
	at com.kms.katalon.core.webui.keyword.builtin.EnhancedClickKeyword$_click_closure1.call(EnhancedClickKeyword.groovy)
	at com.kms.katalon.core.webui.keyword.internal.WebUIKeywordMain.runKeyword(WebUIKeywordMain.groovy:35)
	at com.kms.katalon.core.webui.keyword.builtin.EnhancedClickKeyword.click(EnhancedClickKeyword.groovy:94)
	at com.kms.katalon.core.webui.keyword.builtin.EnhancedClickKeyword.execute(EnhancedClickKeyword.groovy:42)
	at com.kms.katalon.core.keyword.internal.KeywordExecutor.executeKeywordForPlatform(KeywordExecutor.groovy:74)
	at com.kms.katalon.core.webui.keyword.WebUiBuiltInKeywords.enhancedClick(WebUiBuiltInKeywords.groovy:685)
	at com.kms.katalon.core.webui.keyword.WebUiBuiltInKeywords$enhancedClick$14.call(Unknown Source)
	at Script1683647077149.run(Script1683647077149.groovy:41)
	... 16 more
)

21-10-2025T18:24:16 - [MESSAGE][INFO] - Unable to find the element located by 'By.xpath: //a[contains(@href, 'ordersdashboard') and contains(text(), 'Reprocess')]


'. Please recheck the objects properties to make sure the desired element is located. 

21-10-2025T18:24:16 - [MESSAGE][WARNING] - [SELF-HEALING] Failed to find element with id 'Object Repository/DES/Orders Page/Reprocess span'. Try using Self-healing.

21-10-2025T18:24:16 - [MESSAGE][INFO] - [SELF-HEALING] Working Locator: '//*[@id="chkbx0"]/div/label'.

21-10-2025T18:24:16 - [MESSAGE][WARNING] - [SELF-HEALING] Cannot invoke "String.split(String)" because the return value of "com.kms.katalon.core.testobject.TestObjectXpath.getName()" is null

21-10-2025T18:24:18 - [MESSAGE][INFO] - Unable to find the element located by 'By.xpath: //*[@label = 'custom-control-label']'. Please recheck the objects properties to make sure the desired element is located. 

21-10-2025T18:24:19 - [MESSAGE][INFO] - Unable to find the element located by 'By.cssSelector: '. Please recheck the objects properties to make sure the desired element is located. 

21-10-2025T18:24:19 - [MESSAGE][INFO] - Attempting to find element by its screenshot !

21-10-2025T18:24:21 - [MESSAGE][FAILED] - Unable to click on object 'Object Repository/DES/Orders Page/Reprocess span' (Root cause: com.kms.katalon.core.exception.StepFailedException: Unable to click on object 'Object Repository/DES/Orders Page/Reprocess span'
	at com.kms.katalon.core.webui.keyword.internal.WebUIKeywordMain.stepFailed(WebUIKeywordMain.groovy:117)
	at com.kms.katalon.core.webui.keyword.internal.WebUIKeywordMain.runKeyword(WebUIKeywordMain.groovy:43)
	at com.kms.katalon.core.webui.keyword.builtin.EnhancedClickKeyword.click(EnhancedClickKeyword.groovy:94)
	at com.kms.katalon.core.webui.keyword.builtin.EnhancedClickKeyword.execute(EnhancedClickKeyword.groovy:42)
	at com.kms.katalon.core.keyword.internal.KeywordExecutor.executeKeywordForPlatform(KeywordExecutor.groovy:74)
	at com.kms.katalon.core.webui.keyword.WebUiBuiltInKeywords.enhancedClick(WebUiBuiltInKeywords.groovy:685)
	at com.kms.katalon.core.webui.keyword.WebUiBuiltInKeywords$enhancedClick$14.call(Unknown Source)
	at Reprocessing An Order.run(Reprocessing An Order:41)
	at com.kms.katalon.core.main.ScriptEngine.run(ScriptEngine.java:194)
	at com.kms.katalon.core.main.ScriptEngine.runScriptAsRawText(ScriptEngine.java:119)
	at com.kms.katalon.core.main.TestCaseExecutor.runScript(TestCaseExecutor.java:448)
	at com.kms.katalon.core.main.TestCaseExecutor.doExecute(TestCaseExecutor.java:439)
	at com.kms.katalon.core.main.TestCaseExecutor.processExecutionPhase(TestCaseExecutor.java:418)
	at com.kms.katalon.core.main.TestCaseExecutor.accessMainPhase(TestCaseExecutor.java:410)
	at com.kms.katalon.core.main.TestCaseExecutor.execute(TestCaseExecutor.java:285)
	at com.kms.katalon.core.common.CommonExecutor.accessTestCaseMainPhase(CommonExecutor.java:65)
	at com.kms.katalon.core.main.TestSuiteExecutor.accessTestSuiteMainPhase(TestSuiteExecutor.java:150)
	at com.kms.katalon.core.main.TestSuiteExecutor.execute(TestSuiteExecutor.java:106)
	at com.kms.katalon.core.main.TestCaseMain.startTestSuite(TestCaseMain.java:180)
	at com.kms.katalon.core.main.TestCaseMain$startTestSuite$0.call(Unknown Source)
	at TempTestSuite1761084110643.run(TempTestSuite1761084110643.groovy:35)
	at java.base/jdk.internal.reflect.NativeMethodAccessorImpl.invoke0(Native Method)
	at java.base/jdk.internal.reflect.NativeMethodAccessorImpl.invoke(NativeMethodAccessorImpl.java:77)
	at java.base/jdk.internal.reflect.DelegatingMethodAccessorImpl.invoke(DelegatingMethodAccessorImpl.java:43)
Caused by: com.kms.katalon.core.webui.exception.WebElementNotFoundException: Web element with id: 'Object Repository/DES/Orders Page/Reprocess span' located by '//a[contains(@href, 'ordersdashboard') and contains(text(), 'Reprocess')]


' not found
	at com.kms.katalon.core.webui.common.WebUiCommonHelper.findWebElement(WebUiCommonHelper.java:1423)
	at com.kms.katalon.core.webui.keyword.internal.WebUIAbstractKeyword.findWebElement(WebUIAbstractKeyword.groovy:27)
	at com.kms.katalon.core.webui.keyword.internal.WebUIAbstractKeyword.findWebElement(WebUIAbstractKeyword.groovy:26)
	at com.kms.katalon.core.webui.keyword.builtin.EnhancedClickKeyword$_click_closure1.doCall(EnhancedClickKeyword.groovy:66)
	at com.kms.katalon.core.webui.keyword.builtin.EnhancedClickKeyword$_click_closure1.call(EnhancedClickKeyword.groovy)
	at com.kms.katalon.core.webui.keyword.internal.WebUIKeywordMain.runKeyword(WebUIKeywordMain.groovy:35)
	at com.kms.katalon.core.webui.keyword.builtin.EnhancedClickKeyword.click(EnhancedClickKeyword.groovy:94)
	at com.kms.katalon.core.webui.keyword.builtin.EnhancedClickKeyword.execute(EnhancedClickKeyword.groovy:42)
	at com.kms.katalon.core.keyword.internal.KeywordExecutor.executeKeywordForPlatform(KeywordExecutor.groovy:74)
	at com.kms.katalon.core.webui.keyword.WebUiBuiltInKeywords.enhancedClick(WebUiBuiltInKeywords.groovy:685)
	at com.kms.katalon.core.webui.keyword.WebUiBuiltInKeywords$enhancedClick$14.call(Unknown Source)
	at Script1683647077149.run(Script1683647077149.groovy:41)
	... 16 more
)

21-10-2025T18:24:22 - [TEST_STEP][PASSED] - Start listener action : retryOnDisconnect: Current window's url is: 'https://dx-portal.qa.thekag.com/admin/ordersdashboard'

21-10-2025T18:24:22 - [TEST_STEP][PASSED] - tcId = testCaseContext.getTestCaseId(): null

21-10-2025T18:24:22 - [TEST_STEP][PASSED] - currentRetry = retryCounts.getOrDefault(tcId, 0): null

21-10-2025T18:24:22 - [TEST_STEP][PASSED] - if (testCaseContext.getTestCaseStatus() == "FAILED" && currentRetry < MAX_RETRIES): Current window's url is: 'https://dx-portal.qa.thekag.com/admin/ordersdashboard'

21-10-2025T18:24:22 - [TEST_STEP][PASSED] - try: Current window's url is: 'https://dx-portal.qa.thekag.com/admin/ordersdashboard'

21-10-2025T18:24:22 - [TEST_STEP][PASSED] - comment(Checking for WebDriver disconnect for test case: $tcId): Checking for WebDriver disconnect for test case: Test Cases/DES/Orders Activity Page/Reprocessing An Order

21-10-2025T18:24:22 - [MESSAGE][INFO] - Checking for WebDriver disconnect for test case: Test Cases/DES/Orders Activity Page/Reprocessing An Order

21-10-2025T18:24:22 - [TEST_STEP][PASSED] - getUrl(): Current window's url is: 'https://dx-portal.qa.thekag.com/admin/ordersdashboard'

21-10-2025T18:24:22 - [MESSAGE][PASSED] - Current window's url is: 'https://dx-portal.qa.thekag.com/admin/ordersdashboard']]></system-out>
         <system-err><![CDATA[21-10-2025T18:23:30 - [TEST_CASE][FAILED] - Test Cases/DES/Orders Activity Page/Reprocessing An Order: Test Cases/DES/Orders Activity Page/Reprocessing An Order FAILED.
Reason:
com.kms.katalon.core.exception.StepFailedException: Unable to click on object 'Object Repository/DES/Orders Page/Reprocess span'
	at com.kms.katalon.core.webui.keyword.internal.WebUIKeywordMain.stepFailed(WebUIKeywordMain.groovy:117)
	at com.kms.katalon.core.webui.keyword.internal.WebUIKeywordMain.runKeyword(WebUIKeywordMain.groovy:43)
	at com.kms.katalon.core.webui.keyword.builtin.EnhancedClickKeyword.click(EnhancedClickKeyword.groovy:94)
	at com.kms.katalon.core.webui.keyword.builtin.EnhancedClickKeyword.execute(EnhancedClickKeyword.groovy:42)
	at com.kms.katalon.core.keyword.internal.KeywordExecutor.executeKeywordForPlatform(KeywordExecutor.groovy:74)
	at com.kms.katalon.core.webui.keyword.WebUiBuiltInKeywords.enhancedClick(WebUiBuiltInKeywords.groovy:685)
	at com.kms.katalon.core.webui.keyword.WebUiBuiltInKeywords$enhancedClick$14.call(Unknown Source)
	at Reprocessing An Order.run(Reprocessing An Order:41)
	at com.kms.katalon.core.main.ScriptEngine.run(ScriptEngine.java:194)
	at com.kms.katalon.core.main.ScriptEngine.runScriptAsRawText(ScriptEngine.java:119)
	at com.kms.katalon.core.main.TestCaseExecutor.runScript(TestCaseExecutor.java:448)
	at com.kms.katalon.core.main.TestCaseExecutor.doExecute(TestCaseExecutor.java:439)
	at com.kms.katalon.core.main.TestCaseExecutor.processExecutionPhase(TestCaseExecutor.java:418)
	at com.kms.katalon.core.main.TestCaseExecutor.accessMainPhase(TestCaseExecutor.java:410)
	at com.kms.katalon.core.main.TestCaseExecutor.execute(TestCaseExecutor.java:285)
	at com.kms.katalon.core.common.CommonExecutor.accessTestCaseMainPhase(CommonExecutor.java:65)
	at com.kms.katalon.core.main.TestSuiteExecutor.accessTestSuiteMainPhase(TestSuiteExecutor.java:150)
	at com.kms.katalon.core.main.TestSuiteExecutor.execute(TestSuiteExecutor.java:106)
	at com.kms.katalon.core.main.TestCaseMain.startTestSuite(TestCaseMain.java:180)
	at com.kms.katalon.core.main.TestCaseMain$startTestSuite$0.call(Unknown Source)
	at TempTestSuite1761084110643.run(TempTestSuite1761084110643.groovy:35)
	at java.base/jdk.internal.reflect.NativeMethodAccessorImpl.invoke0(Native Method)
	at java.base/jdk.internal.reflect.NativeMethodAccessorImpl.invoke(NativeMethodAccessorImpl.java:77)
	at java.base/jdk.internal.reflect.DelegatingMethodAccessorImpl.invoke(DelegatingMethodAccessorImpl.java:43)
Caused by: com.kms.katalon.core.webui.exception.WebElementNotFoundException: Web element with id: 'Object Repository/DES/Orders Page/Reprocess span' located by '//a[contains(@href, 'ordersdashboard') and contains(text(), 'Reprocess')]


' not found
	at com.kms.katalon.core.webui.common.WebUiCommonHelper.findWebElement(WebUiCommonHelper.java:1423)
	at com.kms.katalon.core.webui.keyword.internal.WebUIAbstractKeyword.findWebElement(WebUIAbstractKeyword.groovy:27)
	at com.kms.katalon.core.webui.keyword.internal.WebUIAbstractKeyword.findWebElement(WebUIAbstractKeyword.groovy:26)
	at com.kms.katalon.core.webui.keyword.builtin.EnhancedClickKeyword$_click_closure1.doCall(EnhancedClickKeyword.groovy:66)
	at com.kms.katalon.core.webui.keyword.builtin.EnhancedClickKeyword$_click_closure1.call(EnhancedClickKeyword.groovy)
	at com.kms.katalon.core.webui.keyword.internal.WebUIKeywordMain.runKeyword(WebUIKeywordMain.groovy:35)
	... 22 more]]></system-err>
      </testcase>
      <testcase name="Test Cases/DES/Orders Activity Page/Search Orders from Multiple Divisions" time="27.183" classname="Test Cases/DES/Orders Activity Page/Search Orders from Multiple Divisions" status="FAILED">
         <failure type="FAILED" message="Test Cases/DES/Orders Activity Page/Search Orders from Multiple Divisions FAILED.&#xa;Reason:&#xa;com.kms.katalon.core.exception.StepFailedException: Unable to verify object 'Object Repository/DES/Orders Page/Order Search_btn' to be clickable&#xa;	at com.kms.katalon.core.webui.keyword.internal.WebUIKeywordMain.stepFailed(WebUIKeywordMain.groovy:117)&#xa;	at com.kms.katalon.core.webui.keyword.internal.WebUIKeywordMain.runKeyword(WebUIKeywordMain.groovy:43)&#xa;	at com.kms.katalon.core.webui.keyword.builtin.VerifyElementClickableKeyword.verifyElementClickable(VerifyElementClickableKeyword.groovy:96)&#xa;	at com.kms.katalon.core.webui.keyword.builtin.VerifyElementClickableKeyword.execute(VerifyElementClickableKeyword.groovy:67)&#xa;	at com.kms.katalon.core.keyword.internal.KeywordExecutor.executeKeywordForPlatform(KeywordExecutor.groovy:74)&#xa;	at com.kms.katalon.core.webui.keyword.WebUiBuiltInKeywords.verifyElementClickable(WebUiBuiltInKeywords.groovy:605)&#xa;	at com.kms.katalon.core.webui.keyword.WebUiBuiltInKeywords$verifyElementClickable$12.call(Unknown Source)&#xa;	at Search Orders from Multiple Divisions.run(Search Orders from Multiple Divisions:52)&#xa;	at com.kms.katalon.core.main.ScriptEngine.run(ScriptEngine.java:194)&#xa;	at com.kms.katalon.core.main.ScriptEngine.runScriptAsRawText(ScriptEngine.java:119)&#xa;	at com.kms.katalon.core.main.TestCaseExecutor.runScript(TestCaseExecutor.java:448)&#xa;	at com.kms.katalon.core.main.TestCaseExecutor.doExecute(TestCaseExecutor.java:439)&#xa;	at com.kms.katalon.core.main.TestCaseExecutor.processExecutionPhase(TestCaseExecutor.java:418)&#xa;	at com.kms.katalon.core.main.TestCaseExecutor.accessMainPhase(TestCaseExecutor.java:410)&#xa;	at com.kms.katalon.core.main.TestCaseExecutor.execute(TestCaseExecutor.java:285)&#xa;	at com.kms.katalon.core.common.CommonExecutor.accessTestCaseMainPhase(CommonExecutor.java:65)&#xa;	at com.kms.katalon.core.main.TestSuiteExecutor.accessTestSuiteMainPhase(TestSuiteExecutor.java:150)&#xa;	at com.kms.katalon.core.main.TestSuiteExecutor.execute(TestSuiteExecutor.java:106)&#xa;	at com.kms.katalon.core.main.TestCaseMain.startTestSuite(TestCaseMain.java:180)&#xa;	at com.kms.katalon.core.main.TestCaseMain$startTestSuite$0.call(Unknown Source)&#xa;	at TempTestSuite1761084110643.run(TempTestSuite1761084110643.groovy:35)&#xa;	at java.base/jdk.internal.reflect.NativeMethodAccessorImpl.invoke0(Native Method)&#xa;	at java.base/jdk.internal.reflect.NativeMethodAccessorImpl.invoke(NativeMethodAccessorImpl.java:77)&#xa;	at java.base/jdk.internal.reflect.DelegatingMethodAccessorImpl.invoke(DelegatingMethodAccessorImpl.java:43)&#xa;Caused by: com.kms.katalon.core.exception.StepFailedException: Object 'Object Repository/DES/Orders Page/Order Search_btn' is NOT clickable&#xa;	at com.kms.katalon.core.webui.keyword.internal.WebUIKeywordMain.stepFailed(WebUIKeywordMain.groovy:117)&#xa;	at com.kms.katalon.core.webui.keyword.builtin.VerifyElementClickableKeyword$_verifyElementClickable_closure1.doCall(VerifyElementClickableKeyword.groovy:83)&#xa;	at com.kms.katalon.core.webui.keyword.builtin.VerifyElementClickableKeyword$_verifyElementClickable_closure1.call(VerifyElementClickableKeyword.groovy)&#xa;	at com.kms.katalon.core.webui.keyword.internal.WebUIKeywordMain.runKeyword(WebUIKeywordMain.groovy:35)&#xa;	... 22 more&#xa;"/>
         <system-out><![CDATA[21-10-2025T18:24:22 - [TEST_CASE][FAILED] - Test Cases/DES/Orders Activity Page/Search Orders from Multiple Divisions: Test Cases/DES/Orders Activity Page/Search Orders from Multiple Divisions FAILED.
Reason:
com.kms.katalon.core.exception.StepFailedException: Unable to verify object 'Object Repository/DES/Orders Page/Order Search_btn' to be clickable
	at com.kms.katalon.core.webui.keyword.internal.WebUIKeywordMain.stepFailed(WebUIKeywordMain.groovy:117)
	at com.kms.katalon.core.webui.keyword.internal.WebUIKeywordMain.runKeyword(WebUIKeywordMain.groovy:43)
	at com.kms.katalon.core.webui.keyword.builtin.VerifyElementClickableKeyword.verifyElementClickable(VerifyElementClickableKeyword.groovy:96)
	at com.kms.katalon.core.webui.keyword.builtin.VerifyElementClickableKeyword.execute(VerifyElementClickableKeyword.groovy:67)
	at com.kms.katalon.core.keyword.internal.KeywordExecutor.executeKeywordForPlatform(KeywordExecutor.groovy:74)
	at com.kms.katalon.core.webui.keyword.WebUiBuiltInKeywords.verifyElementClickable(WebUiBuiltInKeywords.groovy:605)
	at com.kms.katalon.core.webui.keyword.WebUiBuiltInKeywords$verifyElementClickable$12.call(Unknown Source)
	at Search Orders from Multiple Divisions.run(Search Orders from Multiple Divisions:52)
	at com.kms.katalon.core.main.ScriptEngine.run(ScriptEngine.java:194)
	at com.kms.katalon.core.main.ScriptEngine.runScriptAsRawText(ScriptEngine.java:119)
	at com.kms.katalon.core.main.TestCaseExecutor.runScript(TestCaseExecutor.java:448)
	at com.kms.katalon.core.main.TestCaseExecutor.doExecute(TestCaseExecutor.java:439)
	at com.kms.katalon.core.main.TestCaseExecutor.processExecutionPhase(TestCaseExecutor.java:418)
	at com.kms.katalon.core.main.TestCaseExecutor.accessMainPhase(TestCaseExecutor.java:410)
	at com.kms.katalon.core.main.TestCaseExecutor.execute(TestCaseExecutor.java:285)
	at com.kms.katalon.core.common.CommonExecutor.accessTestCaseMainPhase(CommonExecutor.java:65)
	at com.kms.katalon.core.main.TestSuiteExecutor.accessTestSuiteMainPhase(TestSuiteExecutor.java:150)
	at com.kms.katalon.core.main.TestSuiteExecutor.execute(TestSuiteExecutor.java:106)
	at com.kms.katalon.core.main.TestCaseMain.startTestSuite(TestCaseMain.java:180)
	at com.kms.katalon.core.main.TestCaseMain$startTestSuite$0.call(Unknown Source)
	at TempTestSuite1761084110643.run(TempTestSuite1761084110643.groovy:35)
	at java.base/jdk.internal.reflect.NativeMethodAccessorImpl.invoke0(Native Method)
	at java.base/jdk.internal.reflect.NativeMethodAccessorImpl.invoke(NativeMethodAccessorImpl.java:77)
	at java.base/jdk.internal.reflect.DelegatingMethodAccessorImpl.invoke(DelegatingMethodAccessorImpl.java:43)
Caused by: com.kms.katalon.core.exception.StepFailedException: Object 'Object Repository/DES/Orders Page/Order Search_btn' is NOT clickable
	at com.kms.katalon.core.webui.keyword.internal.WebUIKeywordMain.stepFailed(WebUIKeywordMain.groovy:117)
	at com.kms.katalon.core.webui.keyword.builtin.VerifyElementClickableKeyword$_verifyElementClickable_closure1.doCall(VerifyElementClickableKeyword.groovy:83)
	at com.kms.katalon.core.webui.keyword.builtin.VerifyElementClickableKeyword$_verifyElementClickable_closure1.call(VerifyElementClickableKeyword.groovy)
	at com.kms.katalon.core.webui.keyword.internal.WebUIKeywordMain.runKeyword(WebUIKeywordMain.groovy:35)
	... 22 more


21-10-2025T18:24:22 - [TEST_STEP][PASSED] - Start listener action : beforeTestCase: null

21-10-2025T18:24:22 - [TEST_STEP][PASSED] - addDefaultPackages(): null

21-10-2025T18:24:22 - [TEST_STEP][PASSED] - callTestCase(findTestCase("DES/DES Login"), [:], STOP_ON_FAILURE): Call Test Case 'Test Cases/DES/DES Login' successfully

21-10-2025T18:24:22 - [TEST_CASE][PASSED] - Test Cases/DES/DES Login: Test Cases/DES/DES Login

21-10-2025T18:24:22 - [TEST_STEP][PASSED] - openBrowser(""): Browser is opened with url: ''

21-10-2025T18:24:22 - [MESSAGE][WARNING] - A browser is already opened. Closing browser and opening a new one

21-10-2025T18:24:22 - [MESSAGE][INFO] - Starting 'Chrome' driver

21-10-2025T18:24:22 - [MESSAGE][INFO] - User set preference: ['args', '[--no-sandbox, --disable-gpu, --disable-dev-shm-usage]']

21-10-2025T18:24:22 - [MESSAGE][INFO] - Action delay is set to 0 milliseconds

21-10-2025T18:24:23 - [MESSAGE][PASSED] - Browser is opened with url: ''

21-10-2025T18:24:23 - [TEST_STEP][PASSED] - maximizeWindow(): Current window maximized

21-10-2025T18:24:23 - [MESSAGE][PASSED] - Current window maximized

21-10-2025T18:24:23 - [TEST_STEP][PASSED] - delay(10): Delayed 10 second(s)

21-10-2025T18:24:33 - [MESSAGE][PASSED] - Delayed 10 second(s)

21-10-2025T18:24:33 - [TEST_STEP][PASSED] - navigateToUrl("https://dx-portal.qa.thekag.com/"): Navigate to 'https://dx-portal.qa.thekag.com/' successfully

21-10-2025T18:24:34 - [MESSAGE][PASSED] - Navigate to 'https://dx-portal.qa.thekag.com/' successfully

21-10-2025T18:24:34 - [TEST_STEP][PASSED] - delay(5): Delayed 5 second(s)

21-10-2025T18:24:39 - [MESSAGE][PASSED] - Delayed 5 second(s)

21-10-2025T18:24:39 - [TEST_STEP][PASSED] - setText(findTestObject("Object Repository/Page_IdentityServer4/input_Username (e.g. email address)_Username"), "Chris.Sheldon+DES_QA@Thekag.com"): Text 'Chris.Sheldon+DES_QA@Thekag.com' is set on object 'Object Repository/Page_IdentityServer4/input_Username (e.g. email address)_Username'

21-10-2025T18:24:39 - [MESSAGE][PASSED] - Text 'Chris.Sheldon+DES_QA@Thekag.com' is set on object 'Object Repository/Page_IdentityServer4/input_Username (e.g. email address)_Username'

21-10-2025T18:24:39 - [TEST_STEP][PASSED] - setEncryptedText(findTestObject("Page_IdentityServer4/input_Password_Password"), "BtpyPJuZxPz9EFo3Zi2c4Q=="): Text ****** has been set on object 'Object Repository/Page_IdentityServer4/input_Password_Password'

21-10-2025T18:24:39 - [MESSAGE][PASSED] - Text ****** has been set on object 'Object Repository/Page_IdentityServer4/input_Password_Password'

21-10-2025T18:24:39 - [TEST_STEP][PASSED] - click(findTestObject("Object Repository/Page_IdentityServer4/button_Login")): Object: 'Object Repository/Page_IdentityServer4/button_Login' is clicked on

21-10-2025T18:24:39 - [MESSAGE][PASSED] - Object: 'Object Repository/Page_IdentityServer4/button_Login' is clicked on

21-10-2025T18:24:39 - [TEST_STEP][PASSED] - delay(5): Delayed 5 second(s)

21-10-2025T18:24:44 - [MESSAGE][PASSED] - Delayed 5 second(s)

21-10-2025T18:24:44 - [MESSAGE][PASSED] - Call Test Case 'Test Cases/DES/DES Login' successfully

21-10-2025T18:24:44 - [TEST_STEP][PASSED] - navigateToUrl(OrdersPageURL): Navigate to 'https://dx-portal.qa.thekag.com/admin/ordersdashboard' successfully

21-10-2025T18:24:44 - [MESSAGE][PASSED] - Navigate to 'https://dx-portal.qa.thekag.com/admin/ordersdashboard' successfully

21-10-2025T18:24:44 - [TEST_STEP][PASSED] - waitForElementClickable(findTestObject("DES/Orders Page/Divisions_dropdown"), 20): Object 'Object Repository/DES/Orders Page/Divisions_dropdown' is clickable

21-10-2025T18:24:44 - [MESSAGE][PASSED] - Object 'Object Repository/DES/Orders Page/Divisions_dropdown' is clickable

21-10-2025T18:24:44 - [TEST_STEP][PASSED] - click(findTestObject("Object Repository/DES/Orders Page/Divisions_dropdown")): Object: 'Object Repository/DES/Orders Page/Divisions_dropdown' is clicked on

21-10-2025T18:24:44 - [MESSAGE][PASSED] - Object: 'Object Repository/DES/Orders Page/Divisions_dropdown' is clicked on

21-10-2025T18:24:44 - [TEST_STEP][PASSED] - sendKeys(findTestObject("DES/Orders Page/Divisions_Input_txt"), "SPG - Special Products Group"): Keys 'SPG - Special Products Group' sent to object: 'Object Repository/DES/Orders Page/Divisions_Input_txt'

21-10-2025T18:24:45 - [MESSAGE][PASSED] - Keys 'SPG - Special Products Group' sent to object: 'Object Repository/DES/Orders Page/Divisions_Input_txt'

21-10-2025T18:24:45 - [TEST_STEP][PASSED] - sendKeys(findTestObject("DES/Orders Page/Divisions_Input_txt"), Keys.chord(ENTER)): Keys 'ENTER + ' sent to object: 'Object Repository/DES/Orders Page/Divisions_Input_txt'

21-10-2025T18:24:45 - [MESSAGE][PASSED] - Keys 'ENTER + ' sent to object: 'Object Repository/DES/Orders Page/Divisions_Input_txt'

21-10-2025T18:24:45 - [TEST_STEP][PASSED] - clearText(findTestObject("DES/Orders Page/Divisions_Input_txt")): Text of object 'Object Repository/DES/Orders Page/Divisions_Input_txt' is cleared

21-10-2025T18:24:45 - [MESSAGE][PASSED] - Text of object 'Object Repository/DES/Orders Page/Divisions_Input_txt' is cleared

21-10-2025T18:24:45 - [TEST_STEP][PASSED] - click(findTestObject("Object Repository/DES/Orders Page/Divisions_dropdown")): Object: 'Object Repository/DES/Orders Page/Divisions_dropdown' is clicked on

21-10-2025T18:24:45 - [MESSAGE][PASSED] - Object: 'Object Repository/DES/Orders Page/Divisions_dropdown' is clicked on

21-10-2025T18:24:45 - [TEST_STEP][PASSED] - sendKeys(findTestObject("DES/Orders Page/Divisions_Input_txt"), " FDG - Fuels Delivery Group"): Keys ' FDG - Fuels Delivery Group' sent to object: 'Object Repository/DES/Orders Page/Divisions_Input_txt'

21-10-2025T18:24:45 - [MESSAGE][PASSED] - Keys ' FDG - Fuels Delivery Group' sent to object: 'Object Repository/DES/Orders Page/Divisions_Input_txt'

21-10-2025T18:24:45 - [TEST_STEP][PASSED] - sendKeys(findTestObject("DES/Orders Page/Divisions_Input_txt"), Keys.chord(ENTER)): Keys 'ENTER + ' sent to object: 'Object Repository/DES/Orders Page/Divisions_Input_txt'

21-10-2025T18:24:45 - [MESSAGE][PASSED] - Keys 'ENTER + ' sent to object: 'Object Repository/DES/Orders Page/Divisions_Input_txt'

21-10-2025T18:24:45 - [TEST_STEP][PASSED] - delay(2): Delayed 2 second(s)

21-10-2025T18:24:47 - [MESSAGE][PASSED] - Delayed 2 second(s)

21-10-2025T18:24:47 - [TEST_STEP][PASSED] - click(findTestObject("DES/Orders Page/BillTo Codes_dropdown"), STOP_ON_FAILURE): Object: 'Object Repository/DES/Orders Page/BillTo Codes_dropdown' is clicked on

21-10-2025T18:24:47 - [MESSAGE][PASSED] - Object: 'Object Repository/DES/Orders Page/BillTo Codes_dropdown' is clicked on

21-10-2025T18:24:47 - [TEST_STEP][PASSED] - sendKeys(findTestObject("Object Repository/DES/Orders Page/BillTo Codes_Input_txt"), "KROGER"): Keys 'KROGER' sent to object: 'Object Repository/DES/Orders Page/BillTo Codes_Input_txt'

21-10-2025T18:24:47 - [MESSAGE][PASSED] - Keys 'KROGER' sent to object: 'Object Repository/DES/Orders Page/BillTo Codes_Input_txt'

21-10-2025T18:24:47 - [TEST_STEP][PASSED] - delay(1): Delayed 1 second(s)

21-10-2025T18:24:48 - [MESSAGE][PASSED] - Delayed 1 second(s)

21-10-2025T18:24:48 - [TEST_STEP][PASSED] - sendKeys(findTestObject("DES/Orders Page/BillTo Codes_Input_txt"), Keys.chord(ENTER)): Keys 'ENTER + ' sent to object: 'Object Repository/DES/Orders Page/BillTo Codes_Input_txt'

21-10-2025T18:24:48 - [MESSAGE][PASSED] - Keys 'ENTER + ' sent to object: 'Object Repository/DES/Orders Page/BillTo Codes_Input_txt'

21-10-2025T18:24:48 - [TEST_STEP][PASSED] - delay(1): Delayed 1 second(s)

21-10-2025T18:24:49 - [MESSAGE][PASSED] - Delayed 1 second(s)

21-10-2025T18:24:49 - [TEST_STEP][FAILED] - verifyElementClickable(findTestObject("DES/Orders Page/Order Search_btn")): Unable to verify object 'Object Repository/DES/Orders Page/Order Search_btn' to be clickable (Root cause: com.kms.katalon.core.exception.StepFailedException: Unable to verify object 'Object Repository/DES/Orders Page/Order Search_btn' to be clickable
	at com.kms.katalon.core.webui.keyword.internal.WebUIKeywordMain.stepFailed(WebUIKeywordMain.groovy:117)
	at com.kms.katalon.core.webui.keyword.internal.WebUIKeywordMain.runKeyword(WebUIKeywordMain.groovy:43)
	at com.kms.katalon.core.webui.keyword.builtin.VerifyElementClickableKeyword.verifyElementClickable(VerifyElementClickableKeyword.groovy:96)
	at com.kms.katalon.core.webui.keyword.builtin.VerifyElementClickableKeyword.execute(VerifyElementClickableKeyword.groovy:67)
	at com.kms.katalon.core.keyword.internal.KeywordExecutor.executeKeywordForPlatform(KeywordExecutor.groovy:74)
	at com.kms.katalon.core.webui.keyword.WebUiBuiltInKeywords.verifyElementClickable(WebUiBuiltInKeywords.groovy:605)
	at com.kms.katalon.core.webui.keyword.WebUiBuiltInKeywords$verifyElementClickable$12.call(Unknown Source)
	at Search Orders from Multiple Divisions.run(Search Orders from Multiple Divisions:52)
	at com.kms.katalon.core.main.ScriptEngine.run(ScriptEngine.java:194)
	at com.kms.katalon.core.main.ScriptEngine.runScriptAsRawText(ScriptEngine.java:119)
	at com.kms.katalon.core.main.TestCaseExecutor.runScript(TestCaseExecutor.java:448)
	at com.kms.katalon.core.main.TestCaseExecutor.doExecute(TestCaseExecutor.java:439)
	at com.kms.katalon.core.main.TestCaseExecutor.processExecutionPhase(TestCaseExecutor.java:418)
	at com.kms.katalon.core.main.TestCaseExecutor.accessMainPhase(TestCaseExecutor.java:410)
	at com.kms.katalon.core.main.TestCaseExecutor.execute(TestCaseExecutor.java:285)
	at com.kms.katalon.core.common.CommonExecutor.accessTestCaseMainPhase(CommonExecutor.java:65)
	at com.kms.katalon.core.main.TestSuiteExecutor.accessTestSuiteMainPhase(TestSuiteExecutor.java:150)
	at com.kms.katalon.core.main.TestSuiteExecutor.execute(TestSuiteExecutor.java:106)
	at com.kms.katalon.core.main.TestCaseMain.startTestSuite(TestCaseMain.java:180)
	at com.kms.katalon.core.main.TestCaseMain$startTestSuite$0.call(Unknown Source)
	at TempTestSuite1761084110643.run(TempTestSuite1761084110643.groovy:35)
	at java.base/jdk.internal.reflect.NativeMethodAccessorImpl.invoke0(Native Method)
	at java.base/jdk.internal.reflect.NativeMethodAccessorImpl.invoke(NativeMethodAccessorImpl.java:77)
	at java.base/jdk.internal.reflect.DelegatingMethodAccessorImpl.invoke(DelegatingMethodAccessorImpl.java:43)
Caused by: com.kms.katalon.core.exception.StepFailedException: Object 'Object Repository/DES/Orders Page/Order Search_btn' is NOT clickable
	at com.kms.katalon.core.webui.keyword.internal.WebUIKeywordMain.stepFailed(WebUIKeywordMain.groovy:117)
	at com.kms.katalon.core.webui.keyword.builtin.VerifyElementClickableKeyword$_verifyElementClickable_closure1.doCall(VerifyElementClickableKeyword.groovy:83)
	at com.kms.katalon.core.webui.keyword.builtin.VerifyElementClickableKeyword$_verifyElementClickable_closure1.call(VerifyElementClickableKeyword.groovy)
	at com.kms.katalon.core.webui.keyword.internal.WebUIKeywordMain.runKeyword(WebUIKeywordMain.groovy:35)
	... 22 more
)

21-10-2025T18:24:49 - [MESSAGE][FAILED] - Object 'Object Repository/DES/Orders Page/Order Search_btn' is NOT clickable (Root cause: com.kms.katalon.core.exception.StepFailedException: Object 'Object Repository/DES/Orders Page/Order Search_btn' is NOT clickable
	at com.kms.katalon.core.webui.keyword.internal.WebUIKeywordMain.stepFailed(WebUIKeywordMain.groovy:117)
	at com.kms.katalon.core.webui.keyword.builtin.VerifyElementClickableKeyword$_verifyElementClickable_closure1.doCall(VerifyElementClickableKeyword.groovy:83)
	at com.kms.katalon.core.webui.keyword.builtin.VerifyElementClickableKeyword$_verifyElementClickable_closure1.call(VerifyElementClickableKeyword.groovy)
	at com.kms.katalon.core.webui.keyword.internal.WebUIKeywordMain.runKeyword(WebUIKeywordMain.groovy:35)
	at com.kms.katalon.core.webui.keyword.builtin.VerifyElementClickableKeyword.verifyElementClickable(VerifyElementClickableKeyword.groovy:96)
	at com.kms.katalon.core.webui.keyword.builtin.VerifyElementClickableKeyword.execute(VerifyElementClickableKeyword.groovy:67)
	at com.kms.katalon.core.keyword.internal.KeywordExecutor.executeKeywordForPlatform(KeywordExecutor.groovy:74)
	at com.kms.katalon.core.webui.keyword.WebUiBuiltInKeywords.verifyElementClickable(WebUiBuiltInKeywords.groovy:605)
	at com.kms.katalon.core.webui.keyword.WebUiBuiltInKeywords$verifyElementClickable$12.call(Unknown Source)
	at Search Orders from Multiple Divisions.run(Search Orders from Multiple Divisions:52)
	at com.kms.katalon.core.main.ScriptEngine.run(ScriptEngine.java:194)
	at com.kms.katalon.core.main.ScriptEngine.runScriptAsRawText(ScriptEngine.java:119)
	at com.kms.katalon.core.main.TestCaseExecutor.runScript(TestCaseExecutor.java:448)
	at com.kms.katalon.core.main.TestCaseExecutor.doExecute(TestCaseExecutor.java:439)
	at com.kms.katalon.core.main.TestCaseExecutor.processExecutionPhase(TestCaseExecutor.java:418)
	at com.kms.katalon.core.main.TestCaseExecutor.accessMainPhase(TestCaseExecutor.java:410)
	at com.kms.katalon.core.main.TestCaseExecutor.execute(TestCaseExecutor.java:285)
	at com.kms.katalon.core.common.CommonExecutor.accessTestCaseMainPhase(CommonExecutor.java:65)
	at com.kms.katalon.core.main.TestSuiteExecutor.accessTestSuiteMainPhase(TestSuiteExecutor.java:150)
	at com.kms.katalon.core.main.TestSuiteExecutor.execute(TestSuiteExecutor.java:106)
	at com.kms.katalon.core.main.TestCaseMain.startTestSuite(TestCaseMain.java:180)
	at com.kms.katalon.core.main.TestCaseMain$startTestSuite$0.call(Unknown Source)
	at TempTestSuite1761084110643.run(TempTestSuite1761084110643.groovy:35)
	at java.base/jdk.internal.reflect.NativeMethodAccessorImpl.invoke0(Native Method)
	at java.base/jdk.internal.reflect.NativeMethodAccessorImpl.invoke(NativeMethodAccessorImpl.java:77)
	at java.base/jdk.internal.reflect.DelegatingMethodAccessorImpl.invoke(DelegatingMethodAccessorImpl.java:43)
)

21-10-2025T18:24:49 - [MESSAGE][FAILED] - Unable to verify object 'Object Repository/DES/Orders Page/Order Search_btn' to be clickable (Root cause: com.kms.katalon.core.exception.StepFailedException: Unable to verify object 'Object Repository/DES/Orders Page/Order Search_btn' to be clickable
	at com.kms.katalon.core.webui.keyword.internal.WebUIKeywordMain.stepFailed(WebUIKeywordMain.groovy:117)
	at com.kms.katalon.core.webui.keyword.internal.WebUIKeywordMain.runKeyword(WebUIKeywordMain.groovy:43)
	at com.kms.katalon.core.webui.keyword.builtin.VerifyElementClickableKeyword.verifyElementClickable(VerifyElementClickableKeyword.groovy:96)
	at com.kms.katalon.core.webui.keyword.builtin.VerifyElementClickableKeyword.execute(VerifyElementClickableKeyword.groovy:67)
	at com.kms.katalon.core.keyword.internal.KeywordExecutor.executeKeywordForPlatform(KeywordExecutor.groovy:74)
	at com.kms.katalon.core.webui.keyword.WebUiBuiltInKeywords.verifyElementClickable(WebUiBuiltInKeywords.groovy:605)
	at com.kms.katalon.core.webui.keyword.WebUiBuiltInKeywords$verifyElementClickable$12.call(Unknown Source)
	at Search Orders from Multiple Divisions.run(Search Orders from Multiple Divisions:52)
	at com.kms.katalon.core.main.ScriptEngine.run(ScriptEngine.java:194)
	at com.kms.katalon.core.main.ScriptEngine.runScriptAsRawText(ScriptEngine.java:119)
	at com.kms.katalon.core.main.TestCaseExecutor.runScript(TestCaseExecutor.java:448)
	at com.kms.katalon.core.main.TestCaseExecutor.doExecute(TestCaseExecutor.java:439)
	at com.kms.katalon.core.main.TestCaseExecutor.processExecutionPhase(TestCaseExecutor.java:418)
	at com.kms.katalon.core.main.TestCaseExecutor.accessMainPhase(TestCaseExecutor.java:410)
	at com.kms.katalon.core.main.TestCaseExecutor.execute(TestCaseExecutor.java:285)
	at com.kms.katalon.core.common.CommonExecutor.accessTestCaseMainPhase(CommonExecutor.java:65)
	at com.kms.katalon.core.main.TestSuiteExecutor.accessTestSuiteMainPhase(TestSuiteExecutor.java:150)
	at com.kms.katalon.core.main.TestSuiteExecutor.execute(TestSuiteExecutor.java:106)
	at com.kms.katalon.core.main.TestCaseMain.startTestSuite(TestCaseMain.java:180)
	at com.kms.katalon.core.main.TestCaseMain$startTestSuite$0.call(Unknown Source)
	at TempTestSuite1761084110643.run(TempTestSuite1761084110643.groovy:35)
	at java.base/jdk.internal.reflect.NativeMethodAccessorImpl.invoke0(Native Method)
	at java.base/jdk.internal.reflect.NativeMethodAccessorImpl.invoke(NativeMethodAccessorImpl.java:77)
	at java.base/jdk.internal.reflect.DelegatingMethodAccessorImpl.invoke(DelegatingMethodAccessorImpl.java:43)
Caused by: com.kms.katalon.core.exception.StepFailedException: Object 'Object Repository/DES/Orders Page/Order Search_btn' is NOT clickable
	at com.kms.katalon.core.webui.keyword.internal.WebUIKeywordMain.stepFailed(WebUIKeywordMain.groovy:117)
	at com.kms.katalon.core.webui.keyword.builtin.VerifyElementClickableKeyword$_verifyElementClickable_closure1.doCall(VerifyElementClickableKeyword.groovy:83)
	at com.kms.katalon.core.webui.keyword.builtin.VerifyElementClickableKeyword$_verifyElementClickable_closure1.call(VerifyElementClickableKeyword.groovy)
	at com.kms.katalon.core.webui.keyword.internal.WebUIKeywordMain.runKeyword(WebUIKeywordMain.groovy:35)
	... 22 more
)

21-10-2025T18:24:49 - [TEST_STEP][PASSED] - Start listener action : retryOnDisconnect: Current window's url is: 'https://dx-portal.qa.thekag.com/admin/ordersdashboard'

21-10-2025T18:24:49 - [TEST_STEP][PASSED] - tcId = testCaseContext.getTestCaseId(): null

21-10-2025T18:24:49 - [TEST_STEP][PASSED] - currentRetry = retryCounts.getOrDefault(tcId, 0): null

21-10-2025T18:24:49 - [TEST_STEP][PASSED] - if (testCaseContext.getTestCaseStatus() == "FAILED" && currentRetry < MAX_RETRIES): Current window's url is: 'https://dx-portal.qa.thekag.com/admin/ordersdashboard'

21-10-2025T18:24:49 - [TEST_STEP][PASSED] - try: Current window's url is: 'https://dx-portal.qa.thekag.com/admin/ordersdashboard'

21-10-2025T18:24:49 - [TEST_STEP][PASSED] - comment(Checking for WebDriver disconnect for test case: $tcId): Checking for WebDriver disconnect for test case: Test Cases/DES/Orders Activity Page/Search Orders from Multiple Divisions

21-10-2025T18:24:49 - [MESSAGE][INFO] - Checking for WebDriver disconnect for test case: Test Cases/DES/Orders Activity Page/Search Orders from Multiple Divisions

21-10-2025T18:24:49 - [TEST_STEP][PASSED] - getUrl(): Current window's url is: 'https://dx-portal.qa.thekag.com/admin/ordersdashboard'

21-10-2025T18:24:49 - [MESSAGE][PASSED] - Current window's url is: 'https://dx-portal.qa.thekag.com/admin/ordersdashboard']]></system-out>
         <system-err><![CDATA[21-10-2025T18:24:22 - [TEST_CASE][FAILED] - Test Cases/DES/Orders Activity Page/Search Orders from Multiple Divisions: Test Cases/DES/Orders Activity Page/Search Orders from Multiple Divisions FAILED.
Reason:
com.kms.katalon.core.exception.StepFailedException: Unable to verify object 'Object Repository/DES/Orders Page/Order Search_btn' to be clickable
	at com.kms.katalon.core.webui.keyword.internal.WebUIKeywordMain.stepFailed(WebUIKeywordMain.groovy:117)
	at com.kms.katalon.core.webui.keyword.internal.WebUIKeywordMain.runKeyword(WebUIKeywordMain.groovy:43)
	at com.kms.katalon.core.webui.keyword.builtin.VerifyElementClickableKeyword.verifyElementClickable(VerifyElementClickableKeyword.groovy:96)
	at com.kms.katalon.core.webui.keyword.builtin.VerifyElementClickableKeyword.execute(VerifyElementClickableKeyword.groovy:67)
	at com.kms.katalon.core.keyword.internal.KeywordExecutor.executeKeywordForPlatform(KeywordExecutor.groovy:74)
	at com.kms.katalon.core.webui.keyword.WebUiBuiltInKeywords.verifyElementClickable(WebUiBuiltInKeywords.groovy:605)
	at com.kms.katalon.core.webui.keyword.WebUiBuiltInKeywords$verifyElementClickable$12.call(Unknown Source)
	at Search Orders from Multiple Divisions.run(Search Orders from Multiple Divisions:52)
	at com.kms.katalon.core.main.ScriptEngine.run(ScriptEngine.java:194)
	at com.kms.katalon.core.main.ScriptEngine.runScriptAsRawText(ScriptEngine.java:119)
	at com.kms.katalon.core.main.TestCaseExecutor.runScript(TestCaseExecutor.java:448)
	at com.kms.katalon.core.main.TestCaseExecutor.doExecute(TestCaseExecutor.java:439)
	at com.kms.katalon.core.main.TestCaseExecutor.processExecutionPhase(TestCaseExecutor.java:418)
	at com.kms.katalon.core.main.TestCaseExecutor.accessMainPhase(TestCaseExecutor.java:410)
	at com.kms.katalon.core.main.TestCaseExecutor.execute(TestCaseExecutor.java:285)
	at com.kms.katalon.core.common.CommonExecutor.accessTestCaseMainPhase(CommonExecutor.java:65)
	at com.kms.katalon.core.main.TestSuiteExecutor.accessTestSuiteMainPhase(TestSuiteExecutor.java:150)
	at com.kms.katalon.core.main.TestSuiteExecutor.execute(TestSuiteExecutor.java:106)
	at com.kms.katalon.core.main.TestCaseMain.startTestSuite(TestCaseMain.java:180)
	at com.kms.katalon.core.main.TestCaseMain$startTestSuite$0.call(Unknown Source)
	at TempTestSuite1761084110643.run(TempTestSuite1761084110643.groovy:35)
	at java.base/jdk.internal.reflect.NativeMethodAccessorImpl.invoke0(Native Method)
	at java.base/jdk.internal.reflect.NativeMethodAccessorImpl.invoke(NativeMethodAccessorImpl.java:77)
	at java.base/jdk.internal.reflect.DelegatingMethodAccessorImpl.invoke(DelegatingMethodAccessorImpl.java:43)
Caused by: com.kms.katalon.core.exception.StepFailedException: Object 'Object Repository/DES/Orders Page/Order Search_btn' is NOT clickable
	at com.kms.katalon.core.webui.keyword.internal.WebUIKeywordMain.stepFailed(WebUIKeywordMain.groovy:117)
	at com.kms.katalon.core.webui.keyword.builtin.VerifyElementClickableKeyword$_verifyElementClickable_closure1.doCall(VerifyElementClickableKeyword.groovy:83)
	at com.kms.katalon.core.webui.keyword.builtin.VerifyElementClickableKeyword$_verifyElementClickable_closure1.call(VerifyElementClickableKeyword.groovy)
	at com.kms.katalon.core.webui.keyword.internal.WebUIKeywordMain.runKeyword(WebUIKeywordMain.groovy:35)
	... 22 more]]></system-err>
      </testcase>
      <system-out><![CDATA[21-10-2025T18:20:02 - [TEST_SUITE][FAILED] - Orders Activity Page: Test Cases/DES/Orders Activity Page/Reprocessing An Order FAILED.
Reason:
com.kms.katalon.core.exception.StepFailedException: Unable to click on object 'Object Repository/DES/Orders Page/Reprocess span'
	at com.kms.katalon.core.webui.keyword.internal.WebUIKeywordMain.stepFailed(WebUIKeywordMain.groovy:117)
	at com.kms.katalon.core.webui.keyword.internal.WebUIKeywordMain.runKeyword(WebUIKeywordMain.groovy:43)
	at com.kms.katalon.core.webui.keyword.builtin.EnhancedClickKeyword.click(EnhancedClickKeyword.groovy:94)
	at com.kms.katalon.core.webui.keyword.builtin.EnhancedClickKeyword.execute(EnhancedClickKeyword.groovy:42)
	at com.kms.katalon.core.keyword.internal.KeywordExecutor.executeKeywordForPlatform(KeywordExecutor.groovy:74)
	at com.kms.katalon.core.webui.keyword.WebUiBuiltInKeywords.enhancedClick(WebUiBuiltInKeywords.groovy:685)
	at com.kms.katalon.core.webui.keyword.WebUiBuiltInKeywords$enhancedClick$14.call(Unknown Source)
	at Reprocessing An Order.run(Reprocessing An Order:41)
	at com.kms.katalon.core.main.ScriptEngine.run(ScriptEngine.java:194)
	at com.kms.katalon.core.main.ScriptEngine.runScriptAsRawText(ScriptEngine.java:119)
	at com.kms.katalon.core.main.TestCaseExecutor.runScript(TestCaseExecutor.java:448)
	at com.kms.katalon.core.main.TestCaseExecutor.doExecute(TestCaseExecutor.java:439)
	at com.kms.katalon.core.main.TestCaseExecutor.processExecutionPhase(TestCaseExecutor.java:418)
	at com.kms.katalon.core.main.TestCaseExecutor.accessMainPhase(TestCaseExecutor.java:410)
	at com.kms.katalon.core.main.TestCaseExecutor.execute(TestCaseExecutor.java:285)
	at com.kms.katalon.core.common.CommonExecutor.accessTestCaseMainPhase(CommonExecutor.java:65)
	at com.kms.katalon.core.main.TestSuiteExecutor.accessTestSuiteMainPhase(TestSuiteExecutor.java:150)
	at com.kms.katalon.core.main.TestSuiteExecutor.execute(TestSuiteExecutor.java:106)
	at com.kms.katalon.core.main.TestCaseMain.startTestSuite(TestCaseMain.java:180)
	at com.kms.katalon.core.main.TestCaseMain$startTestSuite$0.call(Unknown Source)
	at TempTestSuite1761084110643.run(TempTestSuite1761084110643.groovy:35)
	at java.base/jdk.internal.reflect.NativeMethodAccessorImpl.invoke0(Native Method)
	at java.base/jdk.internal.reflect.NativeMethodAccessorImpl.invoke(NativeMethodAccessorImpl.java:77)
	at java.base/jdk.internal.reflect.DelegatingMethodAccessorImpl.invoke(DelegatingMethodAccessorImpl.java:43)
Caused by: com.kms.katalon.core.webui.exception.WebElementNotFoundException: Web element with id: 'Object Repository/DES/Orders Page/Reprocess span' located by '//a[contains(@href, 'ordersdashboard') and contains(text(), 'Reprocess')]


' not found
	at com.kms.katalon.core.webui.common.WebUiCommonHelper.findWebElement(WebUiCommonHelper.java:1423)
	at com.kms.katalon.core.webui.keyword.internal.WebUIAbstractKeyword.findWebElement(WebUIAbstractKeyword.groovy:27)
	at com.kms.katalon.core.webui.keyword.internal.WebUIAbstractKeyword.findWebElement(WebUIAbstractKeyword.groovy:26)
	at com.kms.katalon.core.webui.keyword.builtin.EnhancedClickKeyword$_click_closure1.doCall(EnhancedClickKeyword.groovy:66)
	at com.kms.katalon.core.webui.keyword.builtin.EnhancedClickKeyword$_click_closure1.call(EnhancedClickKeyword.groovy)
	at com.kms.katalon.core.webui.keyword.internal.WebUIKeywordMain.runKeyword(WebUIKeywordMain.groovy:35)
	... 22 more]]></system-out>
      <system-err><![CDATA[21-10-2025T18:20:02 - [TEST_SUITE][FAILED] - Orders Activity Page: Test Cases/DES/Orders Activity Page/Reprocessing An Order FAILED.
Reason:
com.kms.katalon.core.exception.StepFailedException: Unable to click on object 'Object Repository/DES/Orders Page/Reprocess span'
	at com.kms.katalon.core.webui.keyword.internal.WebUIKeywordMain.stepFailed(WebUIKeywordMain.groovy:117)
	at com.kms.katalon.core.webui.keyword.internal.WebUIKeywordMain.runKeyword(WebUIKeywordMain.groovy:43)
	at com.kms.katalon.core.webui.keyword.builtin.EnhancedClickKeyword.click(EnhancedClickKeyword.groovy:94)
	at com.kms.katalon.core.webui.keyword.builtin.EnhancedClickKeyword.execute(EnhancedClickKeyword.groovy:42)
	at com.kms.katalon.core.keyword.internal.KeywordExecutor.executeKeywordForPlatform(KeywordExecutor.groovy:74)
	at com.kms.katalon.core.webui.keyword.WebUiBuiltInKeywords.enhancedClick(WebUiBuiltInKeywords.groovy:685)
	at com.kms.katalon.core.webui.keyword.WebUiBuiltInKeywords$enhancedClick$14.call(Unknown Source)
	at Reprocessing An Order.run(Reprocessing An Order:41)
	at com.kms.katalon.core.main.ScriptEngine.run(ScriptEngine.java:194)
	at com.kms.katalon.core.main.ScriptEngine.runScriptAsRawText(ScriptEngine.java:119)
	at com.kms.katalon.core.main.TestCaseExecutor.runScript(TestCaseExecutor.java:448)
	at com.kms.katalon.core.main.TestCaseExecutor.doExecute(TestCaseExecutor.java:439)
	at com.kms.katalon.core.main.TestCaseExecutor.processExecutionPhase(TestCaseExecutor.java:418)
	at com.kms.katalon.core.main.TestCaseExecutor.accessMainPhase(TestCaseExecutor.java:410)
	at com.kms.katalon.core.main.TestCaseExecutor.execute(TestCaseExecutor.java:285)
	at com.kms.katalon.core.common.CommonExecutor.accessTestCaseMainPhase(CommonExecutor.java:65)
	at com.kms.katalon.core.main.TestSuiteExecutor.accessTestSuiteMainPhase(TestSuiteExecutor.java:150)
	at com.kms.katalon.core.main.TestSuiteExecutor.execute(TestSuiteExecutor.java:106)
	at com.kms.katalon.core.main.TestCaseMain.startTestSuite(TestCaseMain.java:180)
	at com.kms.katalon.core.main.TestCaseMain$startTestSuite$0.call(Unknown Source)
	at TempTestSuite1761084110643.run(TempTestSuite1761084110643.groovy:35)
	at java.base/jdk.internal.reflect.NativeMethodAccessorImpl.invoke0(Native Method)
	at java.base/jdk.internal.reflect.NativeMethodAccessorImpl.invoke(NativeMethodAccessorImpl.java:77)
	at java.base/jdk.internal.reflect.DelegatingMethodAccessorImpl.invoke(DelegatingMethodAccessorImpl.java:43)
Caused by: com.kms.katalon.core.webui.exception.WebElementNotFoundException: Web element with id: 'Object Repository/DES/Orders Page/Reprocess span' located by '//a[contains(@href, 'ordersdashboard') and contains(text(), 'Reprocess')]


' not found
	at com.kms.katalon.core.webui.common.WebUiCommonHelper.findWebElement(WebUiCommonHelper.java:1423)
	at com.kms.katalon.core.webui.keyword.internal.WebUIAbstractKeyword.findWebElement(WebUIAbstractKeyword.groovy:27)
	at com.kms.katalon.core.webui.keyword.internal.WebUIAbstractKeyword.findWebElement(WebUIAbstractKeyword.groovy:26)
	at com.kms.katalon.core.webui.keyword.builtin.EnhancedClickKeyword$_click_closure1.doCall(EnhancedClickKeyword.groovy:66)
	at com.kms.katalon.core.webui.keyword.builtin.EnhancedClickKeyword$_click_closure1.call(EnhancedClickKeyword.groovy)
	at com.kms.katalon.core.webui.keyword.internal.WebUIKeywordMain.runKeyword(WebUIKeywordMain.groovy:35)
	... 22 more]]></system-err>
   </testsuite>
</testsuites>
